DEBUG:    Initializing...
DEBUG:    Initializing Main_Info...
DEBUG:    Found querty option.
DEBUG:    Getting video modes...
DEBUG:    Creating window with resolution of 1366x768...
DEBUG:    Loading images...
DEBUG:    Initializing Status_Menu...
DEBUG:    Starting window render loop...
DEBUG:    Starting window event loop...
INFO:     Initialization Finished
DEBUG:    Set FPS to 30
WARNING:  Render update is behind -10606 microseconds! Current FPS: 23
WARNING:  Render update is behind -5696 microseconds! Current FPS: 26
WARNING:  Render update is behind -2875 microseconds! Current FPS: 28
WARNING:  Render update is behind -9466 microseconds! Current FPS: 23
WARNING:  Render update is behind -6095 microseconds! Current FPS: 25
WARNING:  Render update is behind -8713 microseconds! Current FPS: 24
WARNING:  Render update is behind -3897 microseconds! Current FPS: 27
WARNING:  Render update is behind -698 microseconds! Current FPS: 29
WARNING:  Render update is behind -35 microseconds! Current FPS: 30
INFO:     Cleaning up...
