DEBUG:    Initializing...
DEBUG:    Initializing Main_Info...
DEBUG:    Found querty option.
DEBUG:    Getting video modes...
DEBUG:    Creating window with resolution of 1366x768...
DEBUG:    Loading images...
DEBUG:    Initializing Status_Menu...
DEBUG:    Starting window render loop...
DEBUG:    Starting window event loop...
INFO:     Initialization Finished
DEBUG:    Set FPS to 30
DEBUG:    0.000000  0.000000   0.000000
WARNING:  Render update is behind -85038 microseconds! Current FPS: 8
DEBUG:    0.000000  0.000000   0.000000
WARNING:  Render update is behind -22812 microseconds! Current FPS: 18
DEBUG:    0.000000  0.000000   0.000000
WARNING:  Render update is behind -24861 microseconds! Current FPS: 17
DEBUG:    0.000000  0.000000   0.000000
WARNING:  Render update is behind -10026 microseconds! Current FPS: 23
DEBUG:    0.000000  0.000000   0.000000
DEBUG:    0.000000  0.000000   0.000000
WARNING:  Render update is behind -3478 microseconds! Current FPS: 27
DEBUG:    0.000000  0.000000   0.000000
DEBUG:    0.000000  0.000000   0.000000
DEBUG:    0.000000  0.000000   0.000000
DEBUG:    0.000000  0.000000   0.000000
DEBUG:    0.000000  0.000000   0.000000
DEBUG:    0.000000  0.000000   0.000000
DEBUG:    0.000000  0.000000   0.000000
DEBUG:    0.000000  0.000000   0.000000
DEBUG:    0.000000  0.000000   0.000000
DEBUG:    0.000000  0.000000   0.000000
DEBUG:    0.000000  0.000000   0.000000
DEBUG:    0.000000  0.000000   0.000000
DEBUG:    0.000000  0.000000   0.000000
DEBUG:    0.000000  0.000000   0.000000
DEBUG:    0.000000  0.000000   0.000000
DEBUG:    0.000000  0.000000   0.000000
DEBUG:    0.000000  0.000000   0.000000
DEBUG:    0.000000  -1.000000   0.000000
DEBUG:    0.000000  -2.000000   0.000000
DEBUG:    0.000000  -3.000000   0.000000
DEBUG:    0.000000  -4.000000   0.000000
DEBUG:    0.000000  -5.000000   0.000000
DEBUG:    0.000000  -6.000000   0.000000
DEBUG:    0.000000  -7.000000   0.000000
DEBUG:    0.000000  -8.000000   0.000000
DEBUG:    0.000000  -8.000000   0.000000
DEBUG:    0.000000  -8.000000   0.000000
DEBUG:    0.000000  -8.000000   0.000000
DEBUG:    0.000000  -8.000000   0.000000
DEBUG:    0.000000  -8.000000   0.000000
DEBUG:    0.000000  -8.000000   0.000000
DEBUG:    0.000000  -8.000000   0.000000
DEBUG:    0.000000  -8.000000   0.000000
DEBUG:    0.000000  -8.000000   0.000000
DEBUG:    0.000000  -8.000000   0.000000
DEBUG:    0.000000  -8.000000   0.000000
DEBUG:    0.000000  -8.000000   0.000000
DEBUG:    0.000000  -8.000000   0.000000
DEBUG:    -1.000000  -8.000000   0.000000
DEBUG:    -2.000000  -8.000000   0.000000
DEBUG:    -3.000000  -8.000000   0.000000
DEBUG:    -4.000000  -8.000000   0.000000
WARNING:  Render update is behind -3582 microseconds! Current FPS: 27
DEBUG:    -5.000000  -8.000000   0.000000
DEBUG:    -6.000000  -8.000000   0.000000
DEBUG:    -7.000000  -8.000000   0.000000
DEBUG:    -7.000000  -8.000000   0.000000
DEBUG:    -7.000000  -8.000000   0.000000
DEBUG:    -7.000000  -8.000000   0.000000
DEBUG:    -7.000000  -8.000000   0.000000
DEBUG:    -7.000000  -8.000000   0.000000
DEBUG:    -7.000000  -8.000000   0.000000
DEBUG:    -7.000000  -8.000000   0.000000
DEBUG:    -7.000000  -8.000000   0.000000
DEBUG:    -7.000000  -9.000000   0.000000
DEBUG:    -7.000000  -10.000000   0.000000
DEBUG:    -7.000000  -11.000000   0.000000
DEBUG:    -7.000000  -12.000000   0.000000
DEBUG:    -7.000000  -13.000000   0.000000
DEBUG:    -7.000000  -14.000000   0.000000
DEBUG:    -7.000000  -15.000000   0.000000
DEBUG:    -7.000000  -16.000000   0.000000
DEBUG:    -7.000000  -17.000000   0.000000
DEBUG:    -7.000000  -18.000000   0.000000
DEBUG:    -7.000000  -19.000000   0.000000
DEBUG:    -7.000000  -20.000000   0.000000
DEBUG:    -7.000000  -20.000000   0.000000
DEBUG:    -7.000000  -20.000000   0.000000
DEBUG:    -7.000000  -20.000000   0.000000
DEBUG:    -7.000000  -20.000000   0.000000
DEBUG:    -7.000000  -20.000000   359.000000
WARNING:  Render update is behind -1381 microseconds! Current FPS: 29
DEBUG:    -7.000000  -20.000000   357.000000
DEBUG:    -7.000000  -20.000000   354.000000
WARNING:  Render update is behind -2658 microseconds! Current FPS: 28
DEBUG:    -7.000000  -20.000000   350.000000
DEBUG:    -7.000000  -20.000000   345.000000
DEBUG:    -7.000000  -20.000000   339.000000
DEBUG:    -7.000000  -20.000000   332.000000
DEBUG:    -7.000000  -20.000000   324.000000
DEBUG:    -7.000000  -20.000000   316.000000
DEBUG:    -7.000000  -21.000000   308.000000
DEBUG:    -7.000000  -22.000000   300.000000
DEBUG:    -7.000000  -23.000000   292.000000
DEBUG:    -7.000000  -24.000000   284.000000
DEBUG:    -7.000000  -25.000000   276.000000
DEBUG:    -7.000000  -26.000000   268.000000
DEBUG:    -7.000000  -27.000000   260.000000
WARNING:  Render update is behind -5987 microseconds! Current FPS: 25
DEBUG:    -7.000000  -28.000000   253.000000
WARNING:  Render update is behind -5407 microseconds! Current FPS: 26
DEBUG:    -7.000000  -29.000000   247.000000
WARNING:  Render update is behind -2318 microseconds! Current FPS: 28
DEBUG:    -7.000000  -30.000000   242.000000
DEBUG:    -7.000000  -31.000000   238.000000
DEBUG:    -7.000000  -32.000000   235.000000
DEBUG:    -7.000000  -33.000000   233.000000
DEBUG:    -7.000000  -34.000000   231.000000
DEBUG:    -7.000000  -35.000000   229.000000
DEBUG:    -7.000000  -36.000000   227.000000
DEBUG:    -7.000000  -37.000000   225.000000
DEBUG:    -7.000000  -38.000000   223.000000
DEBUG:    -7.000000  -39.000000   221.000000
DEBUG:    -7.000000  -40.000000   219.000000
DEBUG:    -7.000000  -41.000000   217.000000
DEBUG:    -7.000000  -42.000000   215.000000
DEBUG:    -7.000000  -43.000000   213.000000
DEBUG:    -7.000000  -44.000000   211.000000
DEBUG:    -7.000000  -45.000000   210.000000
DEBUG:    -7.000000  -46.000000   210.000000
DEBUG:    -7.000000  -47.000000   211.000000
DEBUG:    -7.000000  -48.000000   213.000000
DEBUG:    -7.000000  -49.000000   216.000000
DEBUG:    -7.000000  -50.000000   219.000000
DEBUG:    -7.000000  -51.000000   222.000000
DEBUG:    -7.000000  -52.000000   225.000000
DEBUG:    -7.000000  -53.000000   228.000000
DEBUG:    -7.000000  -53.000000   231.000000
DEBUG:    -7.000000  -53.000000   234.000000
DEBUG:    -7.000000  -53.000000   237.000000
DEBUG:    -5.833333  -44.166668   239.500000
DEBUG:    -4.861111  -36.805557   241.583328
DEBUG:    -4.050926  -30.671297   243.319443
DEBUG:    -3.375772  -25.559414   244.766205
DEBUG:    -2.813143  -21.299511   245.971832
DEBUG:    -2.344286  -17.749592   246.976532
DEBUG:    -1.953572  -14.791327   247.813782
DEBUG:    -1.627976  -12.326105   248.511490
DEBUG:    -1.356647  -10.271754   249.092911
DEBUG:    -1.130539  -8.559795   249.577423
DEBUG:    -0.942116  -7.133163   249.981186
DEBUG:    -0.785097  -5.944303   250.317657
DEBUG:    -0.654247  -4.953586   250.598053
DEBUG:    -0.545206  -4.127988   250.831711
DEBUG:    -0.454338  -3.439990   251.026428
DEBUG:    -0.378615  -2.866658   251.188690
DEBUG:    -0.315513  -2.388882   251.323914
DEBUG:    -0.262927  -1.990735   251.436600
DEBUG:    -0.219106  -1.658946   251.530502
DEBUG:    -0.182588  -1.382455   251.608749
DEBUG:    -0.152157  -1.152046   251.673965
DEBUG:    -0.126797  -0.960038   251.728302
DEBUG:    -0.105665  -0.800032   251.773590
DEBUG:    -0.088054  -0.666693   251.811325
DEBUG:    -0.073378  -0.555578   251.842773
DEBUG:    -0.061148  -0.462981   251.868973
DEBUG:    -0.050957  -0.385818   251.890808
DEBUG:    -0.042464  -0.321515   251.909012
DEBUG:    -0.035387  -0.267929   251.924179
DEBUG:    -0.029489  -0.223274   251.936813
DEBUG:    -0.029489  -0.223274   251.949448
DEBUG:    -0.029489  -0.223274   251.962082
DEBUG:    -0.029489  -0.223274   251.974716
DEBUG:    -0.029489  -0.223274   251.987350
DEBUG:    -0.029489  -0.223274   251.999985
DEBUG:    -0.029489  -0.223274   252.012619
DEBUG:    -0.029489  -0.223274   252.025253
DEBUG:    -0.029489  -0.223274   252.037888
DEBUG:    -1.029489  -0.223274   252.050522
DEBUG:    -2.029489  -0.223274   252.063156
DEBUG:    -3.029489  -0.223274   252.075790
DEBUG:    -4.029489  -0.223274   252.088425
DEBUG:    -5.029489  -0.223274   252.101059
DEBUG:    -6.029489  -0.223274   252.113693
DEBUG:    -7.029489  -0.223274   252.126328
DEBUG:    -8.029490  -0.223274   252.138962
DEBUG:    -9.029490  -0.223274   252.151596
DEBUG:    -10.029490  -0.223274   252.164230
WARNING:  Render update is behind -2133 microseconds! Current FPS: 28
DEBUG:    -11.029490  -0.223274   252.176865
DEBUG:    -12.029490  -0.223274   252.189499
DEBUG:    -13.029490  -0.223274   252.202133
DEBUG:    -14.029490  -0.223274   252.214767
DEBUG:    -15.029490  -0.223274   252.227402
DEBUG:    -16.029490  -0.223274   252.240036
DEBUG:    -17.029490  -0.223274   252.252670
DEBUG:    -18.029490  -0.223274   252.265305
DEBUG:    -19.029490  -0.223274   252.277939
DEBUG:    -20.029490  -0.223274   252.290573
DEBUG:    -21.029490  -0.223274   252.303207
DEBUG:    -22.029490  -0.223274   252.315842
DEBUG:    -23.029490  -0.223274   252.328476
DEBUG:    -24.029490  -0.223274   252.341110
DEBUG:    -24.029490  -0.223274   252.353745
DEBUG:    -24.029490  -0.223274   252.366379
DEBUG:    -24.029490  -0.223274   252.379013
DEBUG:    -24.029490  -0.223274   252.391647
DEBUG:    -24.029490  -0.223274   252.404282
DEBUG:    -24.029490  -0.223274   252.416916
DEBUG:    -24.029490  -0.223274   252.429550
DEBUG:    -24.029490  -0.223274   252.442184
DEBUG:    -24.029490  -0.223274   252.454819
DEBUG:    -24.029490  -0.223274   252.467453
DEBUG:    -23.029490  -0.223274   252.480087
DEBUG:    -22.029490  -0.223274   252.492722
DEBUG:    -21.029490  -0.223274   252.505356
DEBUG:    -20.029490  -0.223274   252.517990
DEBUG:    -19.029490  -0.223274   252.530624
DEBUG:    -18.029490  -0.223274   252.543259
DEBUG:    -17.029490  -0.223274   252.555893
DEBUG:    -16.029490  -0.223274   252.568527
DEBUG:    -15.029490  -0.223274   252.581161
DEBUG:    -14.029490  -0.223274   252.593796
DEBUG:    -13.029490  -0.223274   252.606430
DEBUG:    -12.029490  -0.223274   252.619064
DEBUG:    -11.029490  -0.223274   252.631699
DEBUG:    -10.029490  -0.223274   252.644333
DEBUG:    -9.029490  -0.223274   252.656967
DEBUG:    -8.029490  -0.223274   252.669601
DEBUG:    -7.029490  -0.223274   252.682236
DEBUG:    -6.029490  -0.223274   252.694870
DEBUG:    -5.029490  -0.223274   252.707504
DEBUG:    -4.029490  -0.223274   252.720139
DEBUG:    -3.029490  -0.223274   252.732773
DEBUG:    -2.029490  -0.223274   252.745407
DEBUG:    -1.029490  -0.223274   252.758041
DEBUG:    -0.029490  -0.223274   252.770676
DEBUG:    0.970510  -0.223274   252.783310
DEBUG:    1.970510  -0.223274   252.795944
DEBUG:    2.970510  -0.223274   252.808578
DEBUG:    3.970510  -0.223274   252.821213
DEBUG:    4.970510  -0.223274   252.833847
DEBUG:    5.970510  -0.223274   252.846481
DEBUG:    6.970510  -0.223274   252.859116
DEBUG:    7.970510  -0.223274   252.871750
DEBUG:    8.970510  -0.223274   252.884384
DEBUG:    9.970510  -0.223274   252.897018
DEBUG:    10.970510  -0.223274   252.909653
DEBUG:    11.970510  -0.223274   252.922287
DEBUG:    12.970510  -0.223274   252.934921
DEBUG:    13.970510  -0.223274   252.947556
DEBUG:    14.970510  -0.223274   252.960190
DEBUG:    15.970510  -0.223274   252.972824
DEBUG:    16.970510  -0.223274   252.985458
DEBUG:    17.970510  -0.223274   252.998093
DEBUG:    18.970510  -0.223274   253.010727
DEBUG:    19.970510  -0.223274   253.023361
DEBUG:    20.970510  -0.223274   253.035995
DEBUG:    21.970510  -0.223274   253.048630
DEBUG:    22.970510  -0.223274   253.061264
DEBUG:    23.970510  -0.223274   253.073898
DEBUG:    24.970510  -0.223274   253.086533
DEBUG:    25.970510  -0.223274   253.099167
DEBUG:    26.970510  -0.223274   253.111801
DEBUG:    27.970510  -0.223274   253.124435
DEBUG:    28.970510  -0.223274   253.137070
DEBUG:    29.970510  -0.223274   253.149704
DEBUG:    30.970510  -0.223274   253.162338
DEBUG:    31.970510  -0.223274   253.174973
DEBUG:    32.970512  -0.223274   253.187607
DEBUG:    33.970512  -0.223274   253.200241
DEBUG:    34.970512  -0.223274   253.212875
DEBUG:    35.970512  -0.223274   253.225510
DEBUG:    36.970512  -0.223274   253.238144
DEBUG:    37.970512  -0.223274   253.250778
DEBUG:    38.970512  -0.223274   253.263412
DEBUG:    39.970512  -0.223274   253.276047
DEBUG:    40.970512  -0.223274   253.288681
DEBUG:    41.970512  -0.223274   253.301315
DEBUG:    42.970512  -0.223274   253.313950
DEBUG:    43.970512  -0.223274   253.326584
DEBUG:    44.970512  -0.223274   253.339218
DEBUG:    45.970512  -0.223274   253.351852
DEBUG:    46.970512  -0.223274   253.364487
DEBUG:    47.970512  -0.223274   253.377121
DEBUG:    48.970512  -0.223274   253.389755
DEBUG:    49.970512  -0.223274   253.402390
WARNING:  Render update is behind -9282 microseconds! Current FPS: 23
DEBUG:    50.970512  -0.223274   253.415024
DEBUG:    51.970512  -0.223274   253.427658
DEBUG:    52.970512  -0.223274   253.440292
DEBUG:    53.970512  -0.223274   253.452927
DEBUG:    53.970512  -0.223274   253.465561
DEBUG:    53.970512  -0.223274   253.478195
DEBUG:    53.970512  -0.223274   253.490829
DEBUG:    53.970512  -0.223274   253.503464
DEBUG:    53.970512  -0.223274   253.516098
DEBUG:    53.970512  -1.223274   253.528732
DEBUG:    53.970512  -2.223274   253.541367
DEBUG:    53.970512  -3.223274   253.554001
DEBUG:    53.970512  -4.223274   253.566635
DEBUG:    53.970512  -5.223274   253.579269
DEBUG:    53.970512  -6.223274   253.591904
DEBUG:    53.970512  -7.223274   253.604538
DEBUG:    53.970512  -8.223274   253.617172
DEBUG:    53.970512  -9.223274   253.629807
DEBUG:    53.970512  -10.223274   253.642441
DEBUG:    53.970512  -11.223274   253.655075
DEBUG:    53.970512  -12.223274   253.667709
DEBUG:    53.970512  -13.223274   253.680344
DEBUG:    53.970512  -14.223274   253.692978
DEBUG:    53.970512  -15.223274   253.705612
DEBUG:    53.970512  -16.223274   253.718246
DEBUG:    53.970512  -17.223274   253.730881
DEBUG:    53.970512  -18.223274   253.743515
DEBUG:    53.970512  -19.223274   253.756149
DEBUG:    53.970512  -20.223274   253.768784
DEBUG:    53.970512  -21.223274   253.781418
DEBUG:    53.970512  -22.223274   253.794052
DEBUG:    53.970512  -23.223274   253.806686
DEBUG:    53.970512  -24.223274   253.819321
DEBUG:    53.970512  -25.223274   253.831955
DEBUG:    44.975426  -21.019396   253.842484
DEBUG:    37.479523  -17.516163   253.851257
DEBUG:    31.232935  -14.596803   253.858566
DEBUG:    26.027447  -12.164002   253.864655
DEBUG:    21.689539  -10.136669   253.869736
DEBUG:    18.074615  -8.447225   253.873962
DEBUG:    15.062180  -7.039354   253.877487
DEBUG:    12.551816  -5.866128   253.880432
DEBUG:    10.459846  -4.888440   253.882889
DEBUG:    8.716538  -4.073700   253.884933
DEBUG:    7.263782  -3.394750   253.886627
DEBUG:    6.053152  -2.828958   253.888046
DEBUG:    5.044293  -2.357465   253.889221
DEBUG:    4.203578  -1.964554   253.890213
DEBUG:    3.502981  -1.637129   253.891037
DEBUG:    2.919151  -1.364274   253.891724
DEBUG:    2.432626  -1.136895   253.892288
DEBUG:    2.027188  -0.947412   253.892761
DEBUG:    1.689323  -0.789510   253.893158
DEBUG:    1.407770  -0.657925   253.893494
DEBUG:    1.173141  -0.548271   253.893768
DEBUG:    0.977618  -0.456893   253.893997
DEBUG:    0.814681  -0.380744   253.894196
DEBUG:    0.678901  -0.317286   253.894348
DEBUG:    0.565751  -0.264405   253.894485
DEBUG:    0.565751  -0.264405   253.894623
DEBUG:    0.565751  -0.264405   253.894760
DEBUG:    0.565751  -0.264405   253.894897
INFO:     Cleaning up...
