DEBUG:    Initializing...
DEBUG:    Initializing Main_Info...
DEBUG:    Found querty option.
DEBUG:    Getting video modes...
DEBUG:    Creating window with resolution of 1366x768...
DEBUG:    Loading images...
DEBUG:    Initializing Status_Menu...
DEBUG:    Starting window render loop...
DEBUG:    Starting window event loop...
INFO:     Initialization Finished
DEBUG:    Set FPS to 30
DEBUG:    360.000000
WARNING:  Render update is behind -66445 microseconds! Current FPS: 10
DEBUG:    360.000000
DEBUG:    360.000000
DEBUG:    360.000000
WARNING:  Render update is behind -4104 microseconds! Current FPS: 27
DEBUG:    360.000000
WARNING:  Render update is behind -7421 microseconds! Current FPS: 25
DEBUG:    360.000000
DEBUG:    360.000000
DEBUG:    360.000000
DEBUG:    360.000000
DEBUG:    360.000000
DEBUG:    360.000000
DEBUG:    360.000000
WARNING:  Render update is behind -38556 microseconds! Current FPS: 14
DEBUG:    360.000000
DEBUG:    360.000000
DEBUG:    360.000000
DEBUG:    360.000000
DEBUG:    360.000000
DEBUG:    360.000000
DEBUG:    360.000000
DEBUG:    360.000000
WARNING:  Render update is behind -5227 microseconds! Current FPS: 26
DEBUG:    360.000000
DEBUG:    360.000000
DEBUG:    360.000000
WARNING:  Render update is behind -1614 microseconds! Current FPS: 29
DEBUG:    360.000000
DEBUG:    360.000000
DEBUG:    360.000000
DEBUG:    360.000000
DEBUG:    360.000000
DEBUG:    360.000000
DEBUG:    360.000000
DEBUG:    360.000000
WARNING:  Render update is behind -1677 microseconds! Current FPS: 29
DEBUG:    360.000000
DEBUG:    360.000000
DEBUG:    360.000000
WARNING:  Render update is behind -3420 microseconds! Current FPS: 27
DEBUG:    360.000000
WARNING:  Render update is behind -17 microseconds! Current FPS: 30
DEBUG:    360.000000
WARNING:  Render update is behind -12186 microseconds! Current FPS: 22
DEBUG:    360.000000
WARNING:  Render update is behind -3834 microseconds! Current FPS: 27
DEBUG:    360.000000
DEBUG:    360.000000
DEBUG:    360.000000
DEBUG:    360.000000
DEBUG:    360.000000
WARNING:  Render update is behind -10360 microseconds! Current FPS: 23
DEBUG:    360.000000
DEBUG:    360.000000
DEBUG:    360.000000
DEBUG:    360.000000
DEBUG:    360.000000
DEBUG:    360.000000
DEBUG:    360.000000
WARNING:  Render update is behind -570 microseconds! Current FPS: 29
DEBUG:    360.000000
DEBUG:    359.305542
DEBUG:    358.148163
WARNING:  Render update is behind -490 microseconds! Current FPS: 30
DEBUG:    356.701385
DEBUG:    355.093872
DEBUG:    353.419403
DEBUG:    351.744904
DEBUG:    350.116913
DEBUG:    348.566467
DEBUG:    347.112915
DEBUG:    345.767029
DEBUG:    344.533325
DEBUG:    343.411743
DEBUG:    342.399231
DEBUG:    341.490540
DEBUG:    340.679230
DEBUG:    339.958069
DEBUG:    339.319519
DEBUG:    338.756104
WARNING:  Render update is behind -6222 microseconds! Current FPS: 25
DEBUG:    338.260498
DEBUG:    337.825775
DEBUG:    337.445374
DEBUG:    337.113281
DEBUG:    336.823975
DEBUG:    336.572388
DEBUG:    336.354004
DEBUG:    336.164734
DEBUG:    336.000946
DEBUG:    335.859406
DEBUG:    335.737213
DEBUG:    335.631897
DEBUG:    336.235657
DEBUG:    337.315063
DEBUG:    338.694763
DEBUG:    340.244720
DEBUG:    341.869843
DEBUG:    343.501984
DEBUG:    345.093719
DEBUG:    346.613159
DEBUG:    348.040161
DEBUG:    349.363373
WARNING:  Render update is behind -12591 microseconds! Current FPS: 22
DEBUG:    350.577728
DEBUG:    351.682739
DEBUG:    352.681152
DEBUG:    353.577820
DEBUG:    354.378876
DEBUG:    355.091309
DEBUG:    355.722412
DEBUG:    356.279510
DEBUG:    357.464142
DEBUG:    359.051727
DEBUG:    0.875000
DEBUG:    2.811279
DEBUG:    4.772278
DEBUG:    6.695953
DEBUG:    8.540283
DEBUG:    10.278290
DEBUG:    11.894165
DEBUG:    13.380371
WARNING:  Render update is behind -7081 microseconds! Current FPS: 25
DEBUG:    14.735199
DEBUG:    15.961212
DEBUG:    17.063660
DEBUG:    18.049713
DEBUG:    18.927551
DEBUG:    19.705841
DEBUG:    20.393372
DEBUG:    20.998779
DEBUG:    21.530365
DEBUG:    21.995911
DEBUG:    22.402618
DEBUG:    22.757202
DEBUG:    23.065735
DEBUG:    23.333740
DEBUG:    23.566132
DEBUG:    23.767334
DEBUG:    23.941315
DEBUG:    24.091553
DEBUG:    24.221130
DEBUG:    24.332733
DEBUG:    24.428772
DEBUG:    24.511353
DEBUG:    24.582275
DEBUG:    24.643127
DEBUG:    24.695282
DEBUG:    24.739960
DEBUG:    24.778198
DEBUG:    24.810913
DEBUG:    24.838898
DEBUG:    24.862793
DEBUG:    24.883209
DEBUG:    24.900635
DEBUG:    24.915497
DEBUG:    24.928162
DEBUG:    24.938965
DEBUG:    24.948151
DEBUG:    24.955994
DEBUG:    24.962646
DEBUG:    24.968323
WARNING:  Render update is behind -13556 microseconds! Current FPS: 21
DEBUG:    24.973114
DEBUG:    24.977173
DEBUG:    24.980652
DEBUG:    24.983582
DEBUG:    24.986084
DEBUG:    24.988190
DEBUG:    24.989990
DEBUG:    24.991516
DEBUG:    24.992828
DEBUG:    24.993927
DEBUG:    24.994873
DEBUG:    24.995667
DEBUG:    24.996338
DEBUG:    24.996887
WARNING:  Render update is behind -4576 microseconds! Current FPS: 26
DEBUG:    24.997375
DEBUG:    24.997803
DEBUG:    24.998138
DEBUG:    24.998413
DEBUG:    24.998657
WARNING:  Render update is behind -7391 microseconds! Current FPS: 25
DEBUG:    24.998840
DEBUG:    24.304565
DEBUG:    23.147308
WARNING:  Render update is behind -1031 microseconds! Current FPS: 29
DEBUG:    21.700684
DEBUG:    20.093292
DEBUG:    18.418884
DEBUG:    16.744446
DEBUG:    15.116547
DEBUG:    13.566162
WARNING:  Render update is behind -7281 microseconds! Current FPS: 25
DEBUG:    12.112671
DEBUG:    10.766846
DEBUG:    9.533142
DEBUG:    8.411621
DEBUG:    6.704651
DEBUG:    4.638611
DEBUG:    2.380554
DEBUG:    0.051880
DEBUG:    357.738861
DEBUG:    355.500946
DEBUG:    353.377380
DEBUG:    351.392212
DEBUG:    349.558258
DEBUG:    347.880310
DEBUG:    346.357269
WARNING:  Render update is behind -13738 microseconds! Current FPS: 21
DEBUG:    344.984131
DEBUG:    343.753204
DEBUG:    342.655273
DEBUG:    341.680176
DEBUG:    340.817444
DEBUG:    340.056732
DEBUG:    339.388000
DEBUG:    338.801727
DEBUG:    338.288971
DEBUG:    337.841522
DEBUG:    337.451874
DEBUG:    337.113190
WARNING:  Render update is behind -5090 microseconds! Current FPS: 26
DEBUG:    336.819275
DEBUG:    336.564636
DEBUG:    336.344360
DEBUG:    336.154022
WARNING:  Render update is behind -4132 microseconds! Current FPS: 27
DEBUG:    335.989807
WARNING:  Render update is behind -7246 microseconds! Current FPS: 25
DEBUG:    336.542694
DEBUG:    337.578247
DEBUG:    339.614655
DEBUG:    342.289520
DEBUG:    345.333496
DEBUG:    348.549194
DEBUG:    351.794830
DEBUG:    354.971130
DEBUG:    358.011017
DEBUG:    0.871765
DEBUG:    3.528625
DEBUG:    5.970093
DEBUG:    8.194153
DEBUG:    10.205444
DEBUG:    12.013153
DEBUG:    13.629242
DEBUG:    15.067383
DEBUG:    16.342010
DEBUG:    17.467651
DEBUG:    18.458588
DEBUG:    19.328430
DEBUG:    20.090057
DEBUG:    24.906403
DEBUG:    30.722748
WARNING:  Render update is behind -13441 microseconds! Current FPS: 21
DEBUG:    37.539093
WARNING:  Render update is behind -2508 microseconds! Current FPS: 28
DEBUG:    45.355438
DEBUG:    54.171783
DEBUG:    63.988129
DEBUG:    74.804474
DEBUG:    86.620819
DEBUG:    99.437164
DEBUG:    113.253510
DEBUG:    128.069855
DEBUG:    143.886200
DEBUG:    160.702545
DEBUG:    178.518890
DEBUG:    197.335236
DEBUG:    217.151581
DEBUG:    237.967926
DEBUG:    276.486908
DEBUG:    305.556000
DEBUG:    327.255188
DEBUG:    343.233673
DEBUG:    354.795563
DEBUG:    2.969208
DEBUG:    8.562866
DEBUG:    12.209503
DEBUG:    14.402740
DEBUG:    15.525757
DEBUG:    15.874359
WARNING:  Render update is behind -6320 microseconds! Current FPS: 25
DEBUG:    15.675476
WARNING:  Render update is behind -3755 microseconds! Current FPS: 27
DEBUG:    15.101929
WARNING:  Render update is behind -3578 microseconds! Current FPS: 27
DEBUG:    14.284119
DEBUG:    13.319427
DEBUG:    12.279541
DEBUG:    11.216278
DEBUG:    10.166351
DEBUG:    9.154846
DEBUG:    8.198090
DEBUG:    7.305969
WARNING:  Render update is behind -6289 microseconds! Current FPS: 25
DEBUG:    6.483490
DEBUG:    5.732208
DEBUG:    5.051270
DEBUG:    4.438110
DEBUG:    3.889008
DEBUG:    3.399658
WARNING:  Render update is behind -8661 microseconds! Current FPS: 24
DEBUG:    2.965393
WARNING:  Render update is behind -1591 microseconds! Current FPS: 29
DEBUG:    2.581451
DEBUG:    2.243103
DEBUG:    1.945862
DEBUG:    1.685394
DEBUG:    1.457672
DEBUG:    1.259064
DEBUG:    1.086151
DEBUG:    0.935913
DEBUG:    0.805603
DEBUG:    0.692688
DEBUG:    0.595032
DEBUG:    0.510712
DEBUG:    0.437958
WARNING:  Render update is behind -679 microseconds! Current FPS: 29
DEBUG:    0.375275
DEBUG:    0.321320
DEBUG:    0.274902
DEBUG:    0.235046
DEBUG:    0.200836
DEBUG:    0.171509
DEBUG:    0.146393
DEBUG:    0.124878
DEBUG:    0.127747
DEBUG:    0.130615
DEBUG:    0.133484
DEBUG:    0.136353
DEBUG:    1.139221
DEBUG:    3.142090
DEBUG:    6.144958
DEBUG:    10.147827
DEBUG:    15.150696
DEBUG:    21.153564
WARNING:  Render update is behind -1585 microseconds! Current FPS: 29
DEBUG:    28.156433
DEBUG:    36.159302
DEBUG:    45.162170
DEBUG:    55.165039
DEBUG:    66.167908
DEBUG:    78.170776
DEBUG:    91.173645
DEBUG:    105.176514
DEBUG:    120.179382
DEBUG:    136.182251
DEBUG:    153.185120
DEBUG:    171.187988
DEBUG:    190.190857
DEBUG:    210.193726
DEBUG:    231.196594
WARNING:  Render update is behind -12952 microseconds! Current FPS: 22
DEBUG:    253.199463
DEBUG:    276.202332
DEBUG:    300.205231
DEBUG:    325.208099
DEBUG:    351.210968
DEBUG:    18.213867
DEBUG:    46.216736
DEBUG:    75.219604
DEBUG:    105.222473
DEBUG:    136.225342
DEBUG:    168.228210
DEBUG:    201.231079
DEBUG:    235.233948
DEBUG:    270.236816
DEBUG:    315.199768
DEBUG:    348.362915
WARNING:  Render update is behind -7595 microseconds! Current FPS: 24
DEBUG:    11.716125
WARNING:  Render update is behind -8873 microseconds! Current FPS: 24
DEBUG:    27.608185
DEBUG:    37.877441
DEBUG:    43.956726
DEBUG:    46.957428
DEBUG:    47.736877
DEBUG:    46.952148
DEBUG:    45.102966
DEBUG:    42.565948
DEBUG:    39.621735
DEBUG:    36.476532
DEBUG:    33.279144
DEBUG:    30.134308
DEBUG:    27.113342
DEBUG:    24.262299
DEBUG:    21.608459
DEBUG:    19.165283
DEBUG:    16.936279
DEBUG:    14.917877
DEBUG:    13.101837
DEBUG:    11.476746
DEBUG:    10.029419
DEBUG:    8.745728
DEBUG:    7.611328
DEBUG:    6.612152
DEBUG:    5.734619
DEBUG:    4.965881
DEBUG:    4.294128
DEBUG:    3.708344
DEBUG:    3.198547
DEBUG:    2.755676
DEBUG:    2.371582
DEBUG:    2.038940
DEBUG:    1.751343
DEBUG:    1.502960
DEBUG:    1.288727
DEBUG:    1.104156
DEBUG:    0.945312
DEBUG:    0.808746
DEBUG:    0.691437
DEBUG:    0.590759
DEBUG:    0.504425
DEBUG:    0.430481
DEBUG:    0.367188
DEBUG:    0.313019
WARNING:  Render update is behind -3542 microseconds! Current FPS: 27
DEBUG:    0.266693
WARNING:  Render update is behind -747 microseconds! Current FPS: 29
DEBUG:    0.227112
DEBUG:    0.193329
DEBUG:    0.164490
DEBUG:    0.139893
DEBUG:    0.118958
DEBUG:    0.101074
DEBUG:    0.085846
WARNING:  Render update is behind -833 microseconds! Current FPS: 29
DEBUG:    0.087494
DEBUG:    0.089142
DEBUG:    0.090790
DEBUG:    0.092438
DEBUG:    0.094086
DEBUG:    0.095734
DEBUG:    0.097382
INFO:     Cleaning up...
