DEBUG:    Initializing...
DEBUG:    Initializing Main_Info...
DEBUG:    Found querty option.
DEBUG:    Getting video modes...
DEBUG:    Creating window with resolution of 1366x768...
DEBUG:    Loading images...
DEBUG:    Initializing Status_Menu...
DEBUG:    Starting window render loop...
DEBUG:    Starting window event loop...
INFO:     Initialization Finished
DEBUG:    Set FPS to 30
WARNING:  Render update is behind -58473 microseconds! Current FPS: 11
WARNING:  Render update is behind -9988 microseconds! Current FPS: 23
WARNING:  Render update is behind -3891 microseconds! Current FPS: 27
WARNING:  Render update is behind -4901 microseconds! Current FPS: 26
WARNING:  Render update is behind -3164 microseconds! Current FPS: 27
WARNING:  Render update is behind -1907 microseconds! Current FPS: 28
WARNING:  Render update is behind -1290 microseconds! Current FPS: 29
WARNING:  Render update is behind -1109 microseconds! Current FPS: 29
WARNING:  Render update is behind -3157 microseconds! Current FPS: 27
WARNING:  Render update is behind -6970 microseconds! Current FPS: 25
WARNING:  Render update is behind -2867 microseconds! Current FPS: 28
WARNING:  Render update is behind -6055 microseconds! Current FPS: 25
WARNING:  Render update is behind -37848 microseconds! Current FPS: 14
WARNING:  Render update is behind -8950 microseconds! Current FPS: 24
WARNING:  Render update is behind -6165 microseconds! Current FPS: 25
INFO:     Cleaning up...
