DEBUG:    Initializing...
DEBUG:    Initializing Main_Info...
DEBUG:    Found querty option.
DEBUG:    Getting video modes...
DEBUG:    Creating window with resolution of 1366x768...
DEBUG:    Loading images...
DEBUG:    Initializing Status_Menu...
DEBUG:    Starting window render loop...
DEBUG:    Starting window event loop...
INFO:     Initialization Finished
DEBUG:    Set FPS to 30
WARNING:  Render update is behind -22310 microseconds! Current FPS: 18
WARNING:  Render update is behind -19381 microseconds! Current FPS: 19
WARNING:  Render update is behind -3544 microseconds! Current FPS: 27
WARNING:  Render update is behind -851 microseconds! Current FPS: 29
WARNING:  Render update is behind -13817 microseconds! Current FPS: 21
WARNING:  Render update is behind -328 microseconds! Current FPS: 30
WARNING:  Render update is behind -15697 microseconds! Current FPS: 20
WARNING:  Render update is behind -563 microseconds! Current FPS: 30
WARNING:  Render update is behind -3274 microseconds! Current FPS: 27
WARNING:  Render update is behind -5466 microseconds! Current FPS: 26
WARNING:  Render update is behind -1246 microseconds! Current FPS: 29
WARNING:  Render update is behind -9467 microseconds! Current FPS: 23
INFO:     Cleaning up...
