DEBUG:    Initializing...
DEBUG:    Getting video modes...
DEBUG:    Creating window with resolution of 1366x768...
DEBUG:    Loading images...
DEBUG:    Initializing Status_Menu...
DEBUG:    Starting window render loop...
DEBUG:    Starting window event loop...
INFO:     Initialization Finished
DEBUG:    FPS: 10
WARNING:  Render update is behind -77533 microseconds!
DEBUG:    FPS: 25
WARNING:  Render update is behind -22783 microseconds!
DEBUG:    FPS: 41
WARNING:  Render update is behind -10702 microseconds!
DEBUG:    FPS: 23
WARNING:  Render update is behind -32363 microseconds!
DEBUG:    FPS: 148
DEBUG:    FPS: 17
WARNING:  Render update is behind -40893 microseconds!
DEBUG:    FPS: 216
DEBUG:    FPS: 74
DEBUG:    FPS: 59
WARNING:  Render update is behind -113 microseconds!
DEBUG:    FPS: 27
WARNING:  Render update is behind -19312 microseconds!
DEBUG:    FPS: 71
DEBUG:    FPS: 35
WARNING:  Render update is behind -11772 microseconds!
DEBUG:    FPS: 146
DEBUG:    FPS: 37
WARNING:  Render update is behind -10262 microseconds!
DEBUG:    FPS: 176
DEBUG:    FPS: 36
WARNING:  Render update is behind -10644 microseconds!
DEBUG:    FPS: 181
DEBUG:    FPS: 33
WARNING:  Render update is behind -13427 microseconds!
DEBUG:    FPS: 129
DEBUG:    FPS: 83
DEBUG:    FPS: 59
WARNING:  Render update is behind -308 microseconds!
DEBUG:    FPS: 35
WARNING:  Render update is behind -11433 microseconds!
DEBUG:    FPS: 127
DEBUG:    FPS: 38
WARNING:  Render update is behind -9043 microseconds!
DEBUG:    FPS: 29
WARNING:  Render update is behind -17005 microseconds!
DEBUG:    FPS: 199
DEBUG:    FPS: 32
WARNING:  Render update is behind -13899 microseconds!
DEBUG:    FPS: 189
DEBUG:    FPS: 35
WARNING:  Render update is behind -11564 microseconds!
DEBUG:    FPS: 174
DEBUG:    FPS: 33
WARNING:  Render update is behind -13630 microseconds!
DEBUG:    FPS: 60
WARNING:  Render update is behind -61 microseconds!
DEBUG:    FPS: 59
WARNING:  Render update is behind -186 microseconds!
DEBUG:    FPS: 35
WARNING:  Render update is behind -11861 microseconds!
DEBUG:    FPS: 214
DEBUG:    FPS: 32
WARNING:  Render update is behind -14134 microseconds!
DEBUG:    FPS: 189
DEBUG:    FPS: 34
WARNING:  Render update is behind -17151 microseconds!
DEBUG:    FPS: 39
WARNING:  Render update is behind -8617 microseconds!
DEBUG:    FPS: 188
DEBUG:    FPS: 32
WARNING:  Render update is behind -14243 microseconds!
DEBUG:    FPS: 138
DEBUG:    FPS: 39
WARNING:  Render update is behind -8980 microseconds!
DEBUG:    FPS: 131
DEBUG:    FPS: 36
WARNING:  Render update is behind -10702 microseconds!
DEBUG:    FPS: 117
DEBUG:    FPS: 37
WARNING:  Render update is behind -9870 microseconds!
DEBUG:    FPS: 60
DEBUG:    FPS: 58
WARNING:  Render update is behind -2768 microseconds!
DEBUG:    FPS: 40
WARNING:  Render update is behind -8008 microseconds!
DEBUG:    FPS: 163
DEBUG:    FPS: 33
WARNING:  Render update is behind -12942 microseconds!
DEBUG:    FPS: 201
DEBUG:    FPS: 35
WARNING:  Render update is behind -11684 microseconds!
DEBUG:    FPS: 190
DEBUG:    FPS: 31
WARNING:  Render update is behind -15361 microseconds!
DEBUG:    FPS: 37
WARNING:  Render update is behind -10031 microseconds!
DEBUG:    FPS: 171
DEBUG:    FPS: 32
WARNING:  Render update is behind -14147 microseconds!
DEBUG:    FPS: 32
WARNING:  Render update is behind -13843 microseconds!
DEBUG:    FPS: 179
DEBUG:    FPS: 32
WARNING:  Render update is behind -14060 microseconds!
DEBUG:    FPS: 203
DEBUG:    FPS: 40
WARNING:  Render update is behind -7987 microseconds!
DEBUG:    FPS: 119
DEBUG:    FPS: 37
WARNING:  Render update is behind -10102 microseconds!
DEBUG:    FPS: 58
WARNING:  Render update is behind -502 microseconds!
DEBUG:    FPS: 59
WARNING:  Render update is behind -210 microseconds!
DEBUG:    FPS: 32
WARNING:  Render update is behind -13984 microseconds!
DEBUG:    FPS: 181
DEBUG:    FPS: 34
WARNING:  Render update is behind -16158 microseconds!
DEBUG:    FPS: 33
WARNING:  Render update is behind -13093 microseconds!
DEBUG:    FPS: 352
DEBUG:    FPS: 29
WARNING:  Render update is behind -17621 microseconds!
DEBUG:    FPS: 65
DEBUG:    FPS: 31
WARNING:  Render update is behind -15472 microseconds!
DEBUG:    FPS: 59
WARNING:  Render update is behind -302 microseconds!
DEBUG:    FPS: 58
WARNING:  Render update is behind -513 microseconds!
DEBUG:    FPS: 32
WARNING:  Render update is behind -14237 microseconds!
DEBUG:    FPS: 189
DEBUG:    FPS: 36
WARNING:  Render update is behind -10983 microseconds!
DEBUG:    FPS: 192
DEBUG:    FPS: 34
WARNING:  Render update is behind -12275 microseconds!
DEBUG:    FPS: 201
DEBUG:    FPS: 36
WARNING:  Render update is behind -11056 microseconds!
DEBUG:    FPS: 186
DEBUG:    FPS: 35
WARNING:  Render update is behind -11902 microseconds!
DEBUG:    FPS: 132
DEBUG:    FPS: 38
WARNING:  Render update is behind -9165 microseconds!
DEBUG:    FPS: 33
WARNING:  Render update is behind -13864 microseconds!
DEBUG:    FPS: 182
DEBUG:    FPS: 32
WARNING:  Render update is behind -13723 microseconds!
DEBUG:    FPS: 176
DEBUG:    FPS: 33
WARNING:  Render update is behind -13671 microseconds!
DEBUG:    FPS: 59
WARNING:  Render update is behind -145 microseconds!
DEBUG:    FPS: 58
WARNING:  Render update is behind -384 microseconds!
DEBUG:    FPS: 35
WARNING:  Render update is behind -11951 microseconds!
DEBUG:    FPS: 186
DEBUG:    FPS: 32
WARNING:  Render update is behind -14437 microseconds!
DEBUG:    FPS: 192
DEBUG:    FPS: 36
WARNING:  Render update is behind -11143 microseconds!
DEBUG:    FPS: 23
WARNING:  Render update is behind -25050 microseconds!
DEBUG:    FPS: 95
DEBUG:    FPS: 35
WARNING:  Render update is behind -11602 microseconds!
DEBUG:    FPS: 186
DEBUG:    FPS: 35
WARNING:  Render update is behind -11676 microseconds!
DEBUG:    FPS: 189
DEBUG:    FPS: 30
WARNING:  Render update is behind -16012 microseconds!
DEBUG:    FPS: 38
WARNING:  Render update is behind -9512 microseconds!
DEBUG:    FPS: 182
DEBUG:    FPS: 32
WARNING:  Render update is behind -14044 microseconds!
DEBUG:    FPS: 194
DEBUG:    FPS: 35
WARNING:  Render update is behind -11867 microseconds!
DEBUG:    FPS: 32
WARNING:  Render update is behind -13741 microseconds!
DEBUG:    FPS: 178
DEBUG:    FPS: 35
WARNING:  Render update is behind -11265 microseconds!
DEBUG:    FPS: 135
DEBUG:    FPS: 39
WARNING:  Render update is behind -9095 microseconds!
DEBUG:    FPS: 201
DEBUG:    FPS: 36
WARNING:  Render update is behind -11182 microseconds!
DEBUG:    FPS: 31
WARNING:  Render update is behind -15218 microseconds!
DEBUG:    FPS: 28
WARNING:  Render update is behind -18139 microseconds!
DEBUG:    FPS: 324
DEBUG:    FPS: 34
WARNING:  Render update is behind -12166 microseconds!
DEBUG:    FPS: 193
DEBUG:    FPS: 33
WARNING:  Render update is behind -13196 microseconds!
DEBUG:    FPS: 192
DEBUG:    FPS: 35
WARNING:  Render update is behind -11858 microseconds!
DEBUG:    FPS: 191
DEBUG:    FPS: 35
WARNING:  Render update is behind -11386 microseconds!
DEBUG:    FPS: 190
DEBUG:    FPS: 35
WARNING:  Render update is behind -11842 microseconds!
DEBUG:    FPS: 33
WARNING:  Render update is behind -13562 microseconds!
DEBUG:    FPS: 170
DEBUG:    FPS: 32
WARNING:  Render update is behind -13953 microseconds!
DEBUG:    FPS: 187
DEBUG:    FPS: 35
WARNING:  Render update is behind -11255 microseconds!
DEBUG:    FPS: 32
WARNING:  Render update is behind -14214 microseconds!
DEBUG:    FPS: 164
DEBUG:    FPS: 37
WARNING:  Render update is behind -10365 microseconds!
DEBUG:    FPS: 168
DEBUG:    FPS: 35
WARNING:  Render update is behind -11522 microseconds!
DEBUG:    FPS: 190
DEBUG:    FPS: 36
WARNING:  Render update is behind -10989 microseconds!
DEBUG:    FPS: 173
DEBUG:    FPS: 32
WARNING:  Render update is behind -14140 microseconds!
DEBUG:    FPS: 189
DEBUG:    FPS: 34
WARNING:  Render update is behind -12247 microseconds!
DEBUG:    FPS: 211
DEBUG:    FPS: 35
WARNING:  Render update is behind -11602 microseconds!
DEBUG:    FPS: 143
INFO:     Cleaning up...
