DEBUG:    Initializing...
DEBUG:    Initializing Main_Info...
DEBUG:    Found querty option.
DEBUG:    Getting video modes...
DEBUG:    Creating window with resolution of 1366x768...
DEBUG:    Loading images...
DEBUG:    Initializing Status_Menu...
DEBUG:    Starting window render loop...
DEBUG:    Starting window event loop...
INFO:     Initialization Finished
DEBUG:    Set FPS to 30
WARNING:  Render update is behind -27046 microseconds! Current FPS: 17
WARNING:  Render update is behind -18340 microseconds! Current FPS: 19
WARNING:  Render update is behind -14947 microseconds! Current FPS: 21
WARNING:  Render update is behind -7519 microseconds! Current FPS: 24
WARNING:  Render update is behind -25792 microseconds! Current FPS: 17
WARNING:  Render update is behind -21642 microseconds! Current FPS: 18
WARNING:  Render update is behind -6821 microseconds! Current FPS: 25
WARNING:  Render update is behind -16292 microseconds! Current FPS: 20
INFO:     Cleaning up...
