DEBUG:    Initializing...
DEBUG:    Initializing Main_Info...
DEBUG:    Found querty option.
DEBUG:    Getting video modes...
DEBUG:    Creating window with resolution of 1366x768...
DEBUG:    Loading images...
DEBUG:    Initializing Status_Menu...
DEBUG:    Starting window render loop...
DEBUG:    Starting window event loop...
INFO:     Initialization Finished
DEBUG:    Set FPS to 30
WARNING:  Render update is behind -37359 microseconds! Current FPS: 14
WARNING:  Render update is behind -20347 microseconds! Current FPS: 19
WARNING:  Render update is behind -11227 microseconds! Current FPS: 22
WARNING:  Render update is behind -11260 microseconds! Current FPS: 22
WARNING:  Render update is behind -12721 microseconds! Current FPS: 22
WARNING:  Render update is behind -6312 microseconds! Current FPS: 25
WARNING:  Render update is behind -710 microseconds! Current FPS: 29
WARNING:  Render update is behind -9562 microseconds! Current FPS: 23
INFO:     Cleaning up...
