DEBUG:    Initializing...
DEBUG:    Initializing Main_Info...
DEBUG:    Found querty option.
DEBUG:    Getting video modes...
DEBUG:    Creating window with resolution of 1366x768...
DEBUG:    Loading images...
DEBUG:    Initializing Status_Menu...
DEBUG:    Starting window render loop...
INFO:     Initialization Finished
DEBUG:    FPS: 38
DEBUG:    FPS: 33
DEBUG:    FPS: 32
DEBUG:    FPS: 32
DEBUG:    FPS: 33
DEBUG:    FPS: 31
DEBUG:    FPS: 33
DEBUG:    FPS: 32
DEBUG:    FPS: 33
DEBUG:    FPS: 33
DEBUG:    FPS: 33
DEBUG:    FPS: 34
DEBUG:    FPS: 33
DEBUG:    FPS: 32
DEBUG:    FPS: 32
DEBUG:    FPS: 32
DEBUG:    FPS: 33
DEBUG:    FPS: 32
DEBUG:    FPS: 31
DEBUG:    FPS: 32
DEBUG:    FPS: 32
DEBUG:    FPS: 33
DEBUG:    FPS: 32
DEBUG:    FPS: 30
DEBUG:    FPS: 32
DEBUG:    FPS: 33
DEBUG:    FPS: 33
DEBUG:    FPS: 33
DEBUG:    FPS: 33
DEBUG:    FPS: 32
DEBUG:    FPS: 34
DEBUG:    FPS: 31
DEBUG:    FPS: 33
DEBUG:    FPS: 33
DEBUG:    FPS: 36
DEBUG:    FPS: 36
DEBUG:    FPS: 36
DEBUG:    FPS: 34
DEBUG:    FPS: 33
DEBUG:    FPS: 32
DEBUG:    FPS: 33
DEBUG:    FPS: 33
DEBUG:    FPS: 33
DEBUG:    FPS: 32
DEBUG:    FPS: 33
DEBUG:    FPS: 32
DEBUG:    FPS: 33
DEBUG:    FPS: 33
DEBUG:    FPS: 34
DEBUG:    FPS: 33
DEBUG:    FPS: 34
DEBUG:    FPS: 33
DEBUG:    FPS: 32
DEBUG:    FPS: 32
DEBUG:    FPS: 33
DEBUG:    FPS: 31
DEBUG:    FPS: 33
DEBUG:    FPS: 32
DEBUG:    FPS: 32
DEBUG:    FPS: 33
DEBUG:    FPS: 34
DEBUG:    FPS: 32
DEBUG:    FPS: 31
DEBUG:    FPS: 32
DEBUG:    FPS: 32
DEBUG:    FPS: 32
DEBUG:    FPS: 35
INFO:     Cleaning up...
