DEBUG:    Initializing...
DEBUG:    Initializing Main_Info...
DEBUG:    Found querty option.
DEBUG:    Getting video modes...
DEBUG:    Creating window with resolution of 1366x768...
DEBUG:    Loading images...
DEBUG:    Initializing Status_Menu...
DEBUG:    Starting window render loop...
INFO:     Initialization Finished
DEBUG:    FPS: 38   Correcting: 22
DEBUG:    FPS: 34   Correcting: 26
DEBUG:    FPS: 36   Correcting: 24
DEBUG:    FPS: 35   Correcting: 25
DEBUG:    FPS: 37   Correcting: 23
DEBUG:    FPS: 36   Correcting: 24
DEBUG:    FPS: 35   Correcting: 25
DEBUG:    FPS: 36   Correcting: 24
DEBUG:    FPS: 40   Correcting: 20
DEBUG:    FPS: 17   Correcting: 43
DEBUG:    FPS: 36   Correcting: 24
DEBUG:    FPS: 37   Correcting: 23
INFO:     Cleaning up...
