DEBUG:    Initializing...
DEBUG:    Initializing Main_Info...
DEBUG:    Found querty option.
DEBUG:    Getting video modes...
DEBUG:    Creating window with resolution of 1366x768...
DEBUG:    Loading images...
DEBUG:    Initializing Status_Menu...
DEBUG:    Starting window render loop...
INFO:     Initialization Finished
DEBUG:    0.000000
DEBUG:    0.000000
DEBUG:    0.000000
DEBUG:    0.000000
DEBUG:    0.000000
DEBUG:    0.000000
DEBUG:    0.000000
DEBUG:    0.000000
DEBUG:    0.000000
DEBUG:    0.000000
DEBUG:    0.000000
DEBUG:    0.000000
DEBUG:    0.000000
DEBUG:    0.000000
DEBUG:    0.000000
DEBUG:    0.000000
DEBUG:    0.000000
DEBUG:    0.000000
DEBUG:    0.000000
DEBUG:    0.000000
DEBUG:    0.000000
DEBUG:    0.000000
DEBUG:    0.000000
DEBUG:    0.000000
DEBUG:    0.000000
DEBUG:    0.000000
DEBUG:    0.000000
DEBUG:    0.000000
DEBUG:    0.000000
DEBUG:    0.000000
DEBUG:    0.000000
DEBUG:    0.000000
DEBUG:    0.000000
DEBUG:    0.000000
DEBUG:    0.000000
DEBUG:    0.000000
DEBUG:    0.000000
DEBUG:    0.000000
DEBUG:    0.000000
DEBUG:    0.000000
DEBUG:    0.000000
DEBUG:    0.000000
DEBUG:    0.000000
DEBUG:    0.000000
DEBUG:    0.000000
DEBUG:    0.000000
DEBUG:    0.000000
DEBUG:    0.000000
DEBUG:    0.000000
DEBUG:    0.000000
DEBUG:    0.000000
DEBUG:    0.000000
DEBUG:    0.000000
DEBUG:    0.000000
DEBUG:    0.000000
DEBUG:    0.000000
DEBUG:    0.000000
DEBUG:    0.000000
DEBUG:    0.000000
DEBUG:    0.000000
DEBUG:    0.000000
DEBUG:    0.000000
DEBUG:    0.000000
DEBUG:    0.000000
DEBUG:    0.000000
DEBUG:    0.000000
DEBUG:    0.000000
DEBUG:    0.000000
DEBUG:    0.000000
DEBUG:    0.000000
DEBUG:    0.000000
DEBUG:    0.000000
DEBUG:    0.000000
DEBUG:    0.000000
DEBUG:    0.000000
DEBUG:    0.000000
DEBUG:    0.000000
DEBUG:    0.000000
DEBUG:    0.000000
DEBUG:    0.000000
DEBUG:    0.000000
DEBUG:    0.000000
DEBUG:    0.000000
DEBUG:    0.000000
DEBUG:    0.000000
DEBUG:    0.000000
DEBUG:    0.000000
DEBUG:    0.000000
DEBUG:    0.000000
DEBUG:    0.000000
DEBUG:    0.000000
DEBUG:    0.000000
DEBUG:    0.000000
DEBUG:    0.000000
DEBUG:    0.000000
DEBUG:    0.000000
DEBUG:    0.000000
DEBUG:    0.000000
DEBUG:    0.000000
DEBUG:    0.000000
DEBUG:    FPS: 34
DEBUG:    0.000000
DEBUG:    0.000000
DEBUG:    0.000000
DEBUG:    0.000000
DEBUG:    0.000000
DEBUG:    0.000000
DEBUG:    0.000000
DEBUG:    0.000000
DEBUG:    0.000000
DEBUG:    0.000000
DEBUG:    0.000000
DEBUG:    0.000000
DEBUG:    0.000000
DEBUG:    0.000000
DEBUG:    0.000000
DEBUG:    0.000000
DEBUG:    0.000000
DEBUG:    0.000000
DEBUG:    0.000000
DEBUG:    0.000000
DEBUG:    0.000000
DEBUG:    0.000000
DEBUG:    0.000000
DEBUG:    0.000000
DEBUG:    0.000000
DEBUG:    0.000000
DEBUG:    0.000000
DEBUG:    0.000000
DEBUG:    0.000000
DEBUG:    0.000000
DEBUG:    0.000000
DEBUG:    0.000000
DEBUG:    0.000000
DEBUG:    0.000000
DEBUG:    0.000000
DEBUG:    0.000000
DEBUG:    0.000000
DEBUG:    0.000000
DEBUG:    0.000000
DEBUG:    0.000000
DEBUG:    0.000000
DEBUG:    0.000000
DEBUG:    0.000000
DEBUG:    0.000000
DEBUG:    a
DEBUG:    move
DEBUG:    0.000000
DEBUG:    a
DEBUG:    move
DEBUG:    0.000000
DEBUG:    a
DEBUG:    move
DEBUG:    0.000000
DEBUG:    a
DEBUG:    move
DEBUG:    0.000000
DEBUG:    a
DEBUG:    move
DEBUG:    0.000000
DEBUG:    a
DEBUG:    move
DEBUG:    0.000000
DEBUG:    a
DEBUG:    move
DEBUG:    0.000000
DEBUG:    a
DEBUG:    move
DEBUG:    0.000000
DEBUG:    a
DEBUG:    move
DEBUG:    0.000000
DEBUG:    a
DEBUG:    move
DEBUG:    0.000000
DEBUG:    a
DEBUG:    move
DEBUG:    0.000000
DEBUG:    a
DEBUG:    move
DEBUG:    0.000000
DEBUG:    a
DEBUG:    move
DEBUG:    0.000000
DEBUG:    a
DEBUG:    move
DEBUG:    0.000000
DEBUG:    a
DEBUG:    move
DEBUG:    0.000000
DEBUG:    a
DEBUG:    move
DEBUG:    0.000000
DEBUG:    a
DEBUG:    move
DEBUG:    0.000000
DEBUG:    a
DEBUG:    move
DEBUG:    0.000000
DEBUG:    a
DEBUG:    move
DEBUG:    0.000000
DEBUG:    a
DEBUG:    move
DEBUG:    0.000000
DEBUG:    a
DEBUG:    move
DEBUG:    0.000000
DEBUG:    a
DEBUG:    move
DEBUG:    0.000000
DEBUG:    a
DEBUG:    move
DEBUG:    0.000000
DEBUG:    a
DEBUG:    move
DEBUG:    0.000000
DEBUG:    a
DEBUG:    move
DEBUG:    0.000000
DEBUG:    a
DEBUG:    move
DEBUG:    0.000000
DEBUG:    a
DEBUG:    move
DEBUG:    0.000000
DEBUG:    a
DEBUG:    move
DEBUG:    0.000000
DEBUG:    a
DEBUG:    move
DEBUG:    0.000000
DEBUG:    a
DEBUG:    move
DEBUG:    0.000000
DEBUG:    a
DEBUG:    move
DEBUG:    0.000000
DEBUG:    a
DEBUG:    move
DEBUG:    0.000000
DEBUG:    a
DEBUG:    move
DEBUG:    0.000000
DEBUG:    a
DEBUG:    move
DEBUG:    0.000000
DEBUG:    a
DEBUG:    move
DEBUG:    0.000000
DEBUG:    a
DEBUG:    move
DEBUG:    0.000000
DEBUG:    a
DEBUG:    move
DEBUG:    0.000000
DEBUG:    a
DEBUG:    move
DEBUG:    0.000000
DEBUG:    a
DEBUG:    move
DEBUG:    0.000000
DEBUG:    a
DEBUG:    move
DEBUG:    0.000000
DEBUG:    a
DEBUG:    move
DEBUG:    0.000000
DEBUG:    a
DEBUG:    move
DEBUG:    0.000000
DEBUG:    a
DEBUG:    move
DEBUG:    0.000000
DEBUG:    a
DEBUG:    move
DEBUG:    0.000000
DEBUG:    a
DEBUG:    move
DEBUG:    0.000000
DEBUG:    a
DEBUG:    move
DEBUG:    0.000000
DEBUG:    a
DEBUG:    move
DEBUG:    0.000000
DEBUG:    a
DEBUG:    move
DEBUG:    0.000000
DEBUG:    a
DEBUG:    move
DEBUG:    0.000000
DEBUG:    a
DEBUG:    move
DEBUG:    0.000000
DEBUG:    a
DEBUG:    move
DEBUG:    0.000000
DEBUG:    a
DEBUG:    move
DEBUG:    0.000000
DEBUG:    a
DEBUG:    move
DEBUG:    0.000000
DEBUG:    a
DEBUG:    move
DEBUG:    0.000000
DEBUG:    a
DEBUG:    move
DEBUG:    0.000000
DEBUG:    a
DEBUG:    move
DEBUG:    0.000000
DEBUG:    a
DEBUG:    move
DEBUG:    FPS: 35
DEBUG:    0.000000
DEBUG:    a
DEBUG:    move
DEBUG:    0.000000
DEBUG:    a
DEBUG:    move
DEBUG:    0.000000
DEBUG:    a
DEBUG:    move
DEBUG:    0.000000
DEBUG:    a
DEBUG:    move
DEBUG:    0.000000
DEBUG:    a
DEBUG:    move
DEBUG:    0.000000
DEBUG:    a
DEBUG:    move
DEBUG:    0.000000
DEBUG:    a
DEBUG:    move
DEBUG:    0.000000
DEBUG:    a
DEBUG:    move
DEBUG:    0.000000
DEBUG:    a
DEBUG:    move
DEBUG:    0.000000
DEBUG:    a
DEBUG:    move
DEBUG:    0.000000
DEBUG:    a
DEBUG:    move
DEBUG:    0.000000
DEBUG:    a
DEBUG:    move
DEBUG:    0.000000
DEBUG:    a
DEBUG:    move
DEBUG:    0.000000
DEBUG:    a
DEBUG:    move
DEBUG:    0.000000
DEBUG:    a
DEBUG:    move
DEBUG:    0.000000
DEBUG:    a
DEBUG:    move
DEBUG:    0.000000
DEBUG:    a
DEBUG:    move
DEBUG:    0.000000
DEBUG:    a
DEBUG:    move
DEBUG:    0.000000
DEBUG:    a
DEBUG:    move
DEBUG:    0.000000
DEBUG:    a
DEBUG:    move
DEBUG:    0.000000
DEBUG:    a
DEBUG:    move
DEBUG:    0.000000
DEBUG:    a
DEBUG:    move
DEBUG:    0.000000
DEBUG:    a
DEBUG:    move
DEBUG:    0.000000
DEBUG:    a
DEBUG:    move
DEBUG:    0.000000
DEBUG:    a
DEBUG:    move
DEBUG:    0.000000
DEBUG:    a
DEBUG:    move
DEBUG:    0.000000
DEBUG:    a
DEBUG:    move
DEBUG:    0.000000
DEBUG:    a
DEBUG:    move
DEBUG:    0.000000
DEBUG:    a
DEBUG:    move
DEBUG:    0.000000
DEBUG:    a
DEBUG:    move
DEBUG:    0.000000
DEBUG:    a
DEBUG:    move
DEBUG:    0.000000
DEBUG:    a
DEBUG:    move
DEBUG:    0.000000
DEBUG:    a
DEBUG:    move
DEBUG:    0.000000
DEBUG:    a
DEBUG:    move
DEBUG:    0.000000
DEBUG:    a
DEBUG:    move
DEBUG:    0.000000
DEBUG:    a
DEBUG:    move
DEBUG:    0.000000
DEBUG:    a
DEBUG:    move
DEBUG:    0.000000
DEBUG:    a
DEBUG:    move
DEBUG:    0.000000
DEBUG:    a
DEBUG:    move
DEBUG:    0.000000
DEBUG:    a
DEBUG:    move
DEBUG:    0.000000
DEBUG:    a
DEBUG:    move
DEBUG:    0.000000
DEBUG:    a
DEBUG:    move
DEBUG:    0.000000
DEBUG:    a
DEBUG:    move
DEBUG:    0.000000
DEBUG:    a
DEBUG:    move
DEBUG:    0.000000
DEBUG:    a
DEBUG:    move
DEBUG:    0.000000
DEBUG:    a
DEBUG:    move
DEBUG:    0.000000
DEBUG:    a
DEBUG:    move
DEBUG:    0.000000
DEBUG:    a
DEBUG:    move
DEBUG:    0.000000
DEBUG:    a
DEBUG:    move
DEBUG:    0.000000
DEBUG:    a
DEBUG:    move
DEBUG:    0.000000
DEBUG:    a
DEBUG:    move
DEBUG:    0.000000
DEBUG:    a
DEBUG:    move
DEBUG:    0.000000
DEBUG:    a
DEBUG:    move
DEBUG:    0.000000
DEBUG:    a
DEBUG:    move
DEBUG:    0.000000
DEBUG:    a
DEBUG:    move
DEBUG:    0.000000
DEBUG:    a
DEBUG:    move
DEBUG:    0.000000
DEBUG:    a
DEBUG:    move
DEBUG:    0.000000
DEBUG:    a
DEBUG:    move
DEBUG:    0.000000
DEBUG:    a
DEBUG:    move
DEBUG:    0.000000
DEBUG:    a
DEBUG:    move
DEBUG:    0.000000
DEBUG:    a
DEBUG:    move
DEBUG:    0.000000
DEBUG:    a
DEBUG:    move
DEBUG:    0.000000
DEBUG:    a
DEBUG:    move
DEBUG:    0.000000
DEBUG:    a
DEBUG:    move
DEBUG:    0.000000
DEBUG:    a
DEBUG:    move
DEBUG:    0.000000
DEBUG:    a
DEBUG:    move
DEBUG:    0.000000
DEBUG:    a
DEBUG:    move
DEBUG:    0.000000
DEBUG:    a
DEBUG:    move
DEBUG:    0.000000
DEBUG:    a
DEBUG:    move
DEBUG:    0.000000
DEBUG:    a
DEBUG:    move
DEBUG:    0.000000
DEBUG:    a
DEBUG:    move
DEBUG:    0.000000
DEBUG:    a
DEBUG:    move
DEBUG:    0.000000
DEBUG:    a
DEBUG:    move
DEBUG:    0.000000
DEBUG:    a
DEBUG:    move
DEBUG:    0.000000
DEBUG:    a
DEBUG:    move
DEBUG:    0.000000
DEBUG:    a
DEBUG:    move
DEBUG:    0.000000
DEBUG:    a
DEBUG:    move
DEBUG:    0.000000
DEBUG:    a
DEBUG:    move
DEBUG:    0.000000
DEBUG:    a
DEBUG:    move
DEBUG:    0.000000
DEBUG:    a
DEBUG:    move
DEBUG:    0.000000
DEBUG:    a
DEBUG:    move
DEBUG:    0.000000
DEBUG:    a
DEBUG:    move
DEBUG:    0.000000
DEBUG:    a
DEBUG:    move
DEBUG:    0.000000
DEBUG:    a
DEBUG:    move
DEBUG:    0.000000
DEBUG:    a
DEBUG:    move
DEBUG:    0.000000
DEBUG:    a
DEBUG:    move
DEBUG:    0.000000
DEBUG:    a
DEBUG:    move
DEBUG:    0.000000
DEBUG:    a
DEBUG:    move
DEBUG:    0.000000
DEBUG:    a
DEBUG:    move
DEBUG:    0.000000
DEBUG:    a
DEBUG:    move
DEBUG:    0.000000
DEBUG:    a
DEBUG:    move
DEBUG:    0.000000
DEBUG:    a
DEBUG:    move
DEBUG:    0.000000
DEBUG:    a
DEBUG:    move
DEBUG:    0.000000
DEBUG:    a
DEBUG:    move
DEBUG:    0.000000
DEBUG:    a
DEBUG:    move
DEBUG:    0.000000
DEBUG:    a
DEBUG:    move
DEBUG:    0.000000
DEBUG:    a
DEBUG:    move
DEBUG:    0.000000
DEBUG:    a
DEBUG:    move
DEBUG:    0.000000
DEBUG:    a
DEBUG:    move
DEBUG:    0.000000
DEBUG:    a
DEBUG:    move
DEBUG:    FPS: 37
DEBUG:    0.000000
DEBUG:    a
DEBUG:    move
DEBUG:    0.000000
DEBUG:    a
DEBUG:    move
DEBUG:    0.000000
DEBUG:    a
DEBUG:    move
DEBUG:    0.000000
DEBUG:    a
DEBUG:    move
DEBUG:    0.000000
DEBUG:    a
DEBUG:    move
DEBUG:    0.000000
DEBUG:    a
DEBUG:    move
DEBUG:    0.000000
DEBUG:    a
DEBUG:    move
DEBUG:    0.000000
DEBUG:    a
DEBUG:    move
DEBUG:    0.000000
DEBUG:    a
DEBUG:    move
DEBUG:    0.000000
DEBUG:    a
DEBUG:    move
DEBUG:    0.000000
DEBUG:    a
DEBUG:    move
DEBUG:    0.000000
DEBUG:    a
DEBUG:    move
DEBUG:    0.000000
DEBUG:    a
DEBUG:    move
DEBUG:    0.000000
DEBUG:    a
DEBUG:    move
DEBUG:    0.000000
DEBUG:    a
DEBUG:    move
DEBUG:    0.000000
DEBUG:    a
DEBUG:    move
DEBUG:    0.000000
DEBUG:    a
DEBUG:    move
DEBUG:    0.000000
DEBUG:    a
DEBUG:    move
DEBUG:    0.000000
DEBUG:    a
DEBUG:    move
DEBUG:    0.000000
DEBUG:    a
DEBUG:    move
DEBUG:    0.000000
DEBUG:    a
DEBUG:    move
DEBUG:    0.000000
DEBUG:    a
DEBUG:    move
DEBUG:    0.000000
DEBUG:    a
DEBUG:    move
DEBUG:    0.000000
DEBUG:    a
DEBUG:    move
DEBUG:    0.000000
DEBUG:    a
DEBUG:    move
DEBUG:    0.000000
DEBUG:    a
DEBUG:    move
DEBUG:    0.000000
DEBUG:    a
DEBUG:    move
DEBUG:    0.000000
DEBUG:    a
DEBUG:    move
DEBUG:    0.000000
DEBUG:    a
DEBUG:    move
DEBUG:    0.000000
DEBUG:    a
DEBUG:    move
DEBUG:    0.000000
DEBUG:    a
DEBUG:    move
DEBUG:    0.000000
DEBUG:    a
DEBUG:    move
DEBUG:    0.000000
DEBUG:    a
DEBUG:    move
DEBUG:    0.000000
DEBUG:    a
DEBUG:    move
DEBUG:    0.000000
DEBUG:    a
DEBUG:    move
DEBUG:    0.000000
DEBUG:    a
DEBUG:    move
DEBUG:    0.000000
DEBUG:    a
DEBUG:    move
DEBUG:    0.000000
DEBUG:    a
DEBUG:    move
DEBUG:    0.000000
DEBUG:    a
DEBUG:    move
DEBUG:    0.000000
DEBUG:    a
DEBUG:    move
DEBUG:    0.000000
DEBUG:    a
DEBUG:    move
DEBUG:    0.000000
DEBUG:    a
DEBUG:    move
DEBUG:    0.000000
DEBUG:    a
DEBUG:    move
DEBUG:    0.000000
DEBUG:    a
DEBUG:    move
DEBUG:    0.000000
DEBUG:    a
DEBUG:    move
DEBUG:    0.000000
DEBUG:    a
DEBUG:    move
DEBUG:    0.000000
DEBUG:    a
DEBUG:    move
DEBUG:    0.000000
DEBUG:    a
DEBUG:    move
DEBUG:    0.000000
DEBUG:    a
DEBUG:    move
DEBUG:    0.000000
DEBUG:    a
DEBUG:    move
DEBUG:    0.000000
DEBUG:    a
DEBUG:    move
DEBUG:    0.000000
DEBUG:    a
DEBUG:    move
DEBUG:    0.000000
DEBUG:    a
DEBUG:    move
DEBUG:    0.000000
DEBUG:    a
DEBUG:    move
DEBUG:    0.000000
DEBUG:    a
DEBUG:    move
DEBUG:    0.000000
DEBUG:    a
DEBUG:    move
DEBUG:    0.000000
DEBUG:    a
DEBUG:    move
DEBUG:    0.000000
DEBUG:    a
DEBUG:    move
DEBUG:    0.000000
DEBUG:    a
DEBUG:    move
DEBUG:    0.000000
DEBUG:    a
DEBUG:    move
DEBUG:    0.000000
DEBUG:    a
DEBUG:    move
DEBUG:    0.000000
DEBUG:    a
DEBUG:    move
DEBUG:    0.000000
DEBUG:    a
DEBUG:    move
DEBUG:    0.000000
DEBUG:    a
DEBUG:    move
DEBUG:    0.000000
DEBUG:    a
DEBUG:    move
DEBUG:    0.000000
DEBUG:    a
DEBUG:    move
DEBUG:    0.000000
DEBUG:    a
DEBUG:    move
DEBUG:    0.000000
DEBUG:    a
DEBUG:    move
DEBUG:    0.000000
DEBUG:    a
DEBUG:    move
DEBUG:    0.000000
DEBUG:    a
DEBUG:    move
DEBUG:    0.000000
DEBUG:    a
DEBUG:    move
DEBUG:    0.000000
DEBUG:    a
DEBUG:    move
DEBUG:    0.000000
DEBUG:    a
DEBUG:    move
DEBUG:    0.000000
DEBUG:    a
DEBUG:    move
DEBUG:    0.000000
DEBUG:    a
DEBUG:    move
DEBUG:    0.000000
DEBUG:    a
DEBUG:    move
DEBUG:    0.000000
DEBUG:    a
DEBUG:    move
DEBUG:    0.000000
DEBUG:    a
DEBUG:    move
DEBUG:    0.000000
DEBUG:    a
DEBUG:    move
DEBUG:    0.000000
DEBUG:    a
DEBUG:    move
DEBUG:    0.000000
DEBUG:    a
DEBUG:    move
DEBUG:    0.000000
DEBUG:    a
DEBUG:    move
DEBUG:    0.000000
DEBUG:    a
DEBUG:    move
DEBUG:    0.000000
DEBUG:    a
DEBUG:    move
DEBUG:    0.000000
DEBUG:    a
DEBUG:    move
DEBUG:    0.000000
DEBUG:    a
DEBUG:    move
DEBUG:    0.000000
DEBUG:    a
DEBUG:    move
DEBUG:    0.000000
DEBUG:    a
DEBUG:    move
DEBUG:    0.000000
DEBUG:    a
DEBUG:    move
DEBUG:    0.000000
DEBUG:    a
DEBUG:    move
DEBUG:    0.000000
DEBUG:    a
DEBUG:    move
DEBUG:    2.000000
DEBUG:    a
DEBUG:    move
DEBUG:    4.000000
DEBUG:    a
DEBUG:    move
DEBUG:    6.000000
DEBUG:    a
DEBUG:    move
DEBUG:    8.000000
DEBUG:    a
DEBUG:    move
DEBUG:    9.000000
DEBUG:    a
DEBUG:    move
DEBUG:    10.000000
DEBUG:    a
DEBUG:    move
DEBUG:    11.000000
DEBUG:    a
DEBUG:    move
DEBUG:    12.000000
DEBUG:    a
DEBUG:    move
DEBUG:    13.000000
DEBUG:    a
DEBUG:    move
DEBUG:    FPS: 37
DEBUG:    14.000000
DEBUG:    a
DEBUG:    move
DEBUG:    15.000000
DEBUG:    a
DEBUG:    move
DEBUG:    16.000000
DEBUG:    a
DEBUG:    move
DEBUG:    17.000000
DEBUG:    a
DEBUG:    move
DEBUG:    18.000000
DEBUG:    a
DEBUG:    move
DEBUG:    19.000000
DEBUG:    a
DEBUG:    move
DEBUG:    20.000000
DEBUG:    a
DEBUG:    move
DEBUG:    21.000000
DEBUG:    a
DEBUG:    move
DEBUG:    22.000000
DEBUG:    a
DEBUG:    move
DEBUG:    23.000000
DEBUG:    a
DEBUG:    move
DEBUG:    24.000000
DEBUG:    a
DEBUG:    move
DEBUG:    25.000000
DEBUG:    a
DEBUG:    move
DEBUG:    26.000000
DEBUG:    a
DEBUG:    move
DEBUG:    27.000000
DEBUG:    a
DEBUG:    move
DEBUG:    28.000000
DEBUG:    a
DEBUG:    move
DEBUG:    29.000000
DEBUG:    a
DEBUG:    move
DEBUG:    30.000000
DEBUG:    a
DEBUG:    move
DEBUG:    31.000000
DEBUG:    a
DEBUG:    move
DEBUG:    32.000000
DEBUG:    a
DEBUG:    move
DEBUG:    33.000000
DEBUG:    a
DEBUG:    move
DEBUG:    34.000000
DEBUG:    a
DEBUG:    move
DEBUG:    35.000000
DEBUG:    a
DEBUG:    move
DEBUG:    36.000000
DEBUG:    a
DEBUG:    move
DEBUG:    37.000000
DEBUG:    a
DEBUG:    move
DEBUG:    38.000000
DEBUG:    a
DEBUG:    move
DEBUG:    39.000000
DEBUG:    a
DEBUG:    move
DEBUG:    40.000000
DEBUG:    a
DEBUG:    move
DEBUG:    41.000000
DEBUG:    a
DEBUG:    move
DEBUG:    42.000000
DEBUG:    a
DEBUG:    move
DEBUG:    43.000000
DEBUG:    a
DEBUG:    move
DEBUG:    44.000000
DEBUG:    a
DEBUG:    move
DEBUG:    45.000000
DEBUG:    a
DEBUG:    move
DEBUG:    46.000000
DEBUG:    a
DEBUG:    move
DEBUG:    47.000000
DEBUG:    a
DEBUG:    move
DEBUG:    48.000000
DEBUG:    a
DEBUG:    move
DEBUG:    49.000000
DEBUG:    a
DEBUG:    move
DEBUG:    50.000000
DEBUG:    a
DEBUG:    move
DEBUG:    51.000000
DEBUG:    a
DEBUG:    move
DEBUG:    52.000000
DEBUG:    a
DEBUG:    move
DEBUG:    53.000000
DEBUG:    a
DEBUG:    move
DEBUG:    54.000000
DEBUG:    a
DEBUG:    move
DEBUG:    55.000000
DEBUG:    a
DEBUG:    move
DEBUG:    56.000000
DEBUG:    a
DEBUG:    move
DEBUG:    57.000000
DEBUG:    a
DEBUG:    move
DEBUG:    58.000000
DEBUG:    a
DEBUG:    move
DEBUG:    59.000000
DEBUG:    a
DEBUG:    move
DEBUG:    60.000000
DEBUG:    a
DEBUG:    move
DEBUG:    61.000000
DEBUG:    a
DEBUG:    move
DEBUG:    62.000000
DEBUG:    a
DEBUG:    move
DEBUG:    63.000000
DEBUG:    a
DEBUG:    move
DEBUG:    64.000000
DEBUG:    a
DEBUG:    move
DEBUG:    65.000000
DEBUG:    a
DEBUG:    move
DEBUG:    66.000000
DEBUG:    a
DEBUG:    move
DEBUG:    67.000000
DEBUG:    a
DEBUG:    move
DEBUG:    68.000000
DEBUG:    a
DEBUG:    move
DEBUG:    69.000000
DEBUG:    a
DEBUG:    70.000000
DEBUG:    a
DEBUG:    move
DEBUG:    71.000000
DEBUG:    a
DEBUG:    move
DEBUG:    72.000000
DEBUG:    a
DEBUG:    move
DEBUG:    73.000000
DEBUG:    a
DEBUG:    move
DEBUG:    74.000000
DEBUG:    a
DEBUG:    move
DEBUG:    75.000000
DEBUG:    a
DEBUG:    move
DEBUG:    76.000000
DEBUG:    a
DEBUG:    move
DEBUG:    77.000000
DEBUG:    a
DEBUG:    move
DEBUG:    78.000000
DEBUG:    a
DEBUG:    move
DEBUG:    79.000000
DEBUG:    a
DEBUG:    move
DEBUG:    80.000000
DEBUG:    a
DEBUG:    move
DEBUG:    81.000000
DEBUG:    a
DEBUG:    move
DEBUG:    82.000000
DEBUG:    a
DEBUG:    move
DEBUG:    83.000000
DEBUG:    a
DEBUG:    move
DEBUG:    84.000000
DEBUG:    a
DEBUG:    move
DEBUG:    85.000000
DEBUG:    a
DEBUG:    move
DEBUG:    86.000000
DEBUG:    a
DEBUG:    move
DEBUG:    87.000000
DEBUG:    a
DEBUG:    move
DEBUG:    88.000000
DEBUG:    a
DEBUG:    move
DEBUG:    89.000000
DEBUG:    a
DEBUG:    move
DEBUG:    90.000000
DEBUG:    a
DEBUG:    move
DEBUG:    91.000000
DEBUG:    a
DEBUG:    move
DEBUG:    92.000000
DEBUG:    a
DEBUG:    move
DEBUG:    93.000000
DEBUG:    a
DEBUG:    move
DEBUG:    94.000000
DEBUG:    a
DEBUG:    move
DEBUG:    95.000000
DEBUG:    a
DEBUG:    move
DEBUG:    96.000000
DEBUG:    a
DEBUG:    move
DEBUG:    97.000000
DEBUG:    a
DEBUG:    move
DEBUG:    98.000000
DEBUG:    a
DEBUG:    move
DEBUG:    99.000000
DEBUG:    a
DEBUG:    move
DEBUG:    100.000000
DEBUG:    b
DEBUG:    move
DEBUG:    space
DEBUG:    100.000000
DEBUG:    b
DEBUG:    move
DEBUG:    space
DEBUG:    100.000000
DEBUG:    b
DEBUG:    move
DEBUG:    space
DEBUG:    100.000000
DEBUG:    b
DEBUG:    move
DEBUG:    space
DEBUG:    100.000000
DEBUG:    b
DEBUG:    move
DEBUG:    space
DEBUG:    100.000000
DEBUG:    b
DEBUG:    move
DEBUG:    space
DEBUG:    100.000000
DEBUG:    b
DEBUG:    move
DEBUG:    space
DEBUG:    100.000000
DEBUG:    b
DEBUG:    move
DEBUG:    space
DEBUG:    100.000000
DEBUG:    b
DEBUG:    move
DEBUG:    space
DEBUG:    100.000000
DEBUG:    b
DEBUG:    move
DEBUG:    space
DEBUG:    100.000000
DEBUG:    b
DEBUG:    move
DEBUG:    space
DEBUG:    100.000000
DEBUG:    b
DEBUG:    move
DEBUG:    space
DEBUG:    100.000000
DEBUG:    b
DEBUG:    move
DEBUG:    space
DEBUG:    100.000000
DEBUG:    b
DEBUG:    move
DEBUG:    space
DEBUG:    FPS: 36
DEBUG:    100.000000
DEBUG:    b
DEBUG:    move
DEBUG:    space
DEBUG:    100.000000
DEBUG:    b
DEBUG:    move
DEBUG:    space
DEBUG:    100.000000
DEBUG:    b
DEBUG:    move
DEBUG:    space
DEBUG:    100.000000
DEBUG:    b
DEBUG:    move
DEBUG:    space
DEBUG:    100.000000
DEBUG:    b
DEBUG:    move
DEBUG:    space
DEBUG:    100.000000
DEBUG:    b
DEBUG:    move
DEBUG:    space
DEBUG:    100.000000
DEBUG:    b
DEBUG:    move
DEBUG:    space
DEBUG:    100.000000
DEBUG:    b
DEBUG:    move
DEBUG:    space
DEBUG:    100.000000
DEBUG:    b
DEBUG:    move
DEBUG:    space
DEBUG:    100.000000
DEBUG:    b
DEBUG:    move
DEBUG:    space
DEBUG:    100.000000
DEBUG:    b
DEBUG:    move
DEBUG:    space
DEBUG:    100.000000
DEBUG:    b
DEBUG:    move
DEBUG:    space
DEBUG:    100.000000
DEBUG:    b
DEBUG:    move
DEBUG:    space
DEBUG:    100.000000
DEBUG:    b
DEBUG:    move
DEBUG:    space
DEBUG:    100.000000
DEBUG:    b
DEBUG:    move
DEBUG:    space
DEBUG:    100.000000
DEBUG:    b
DEBUG:    move
DEBUG:    space
DEBUG:    100.000000
DEBUG:    b
DEBUG:    move
DEBUG:    space
DEBUG:    100.000000
DEBUG:    b
DEBUG:    move
DEBUG:    space
DEBUG:    100.000000
DEBUG:    b
DEBUG:    move
DEBUG:    space
DEBUG:    100.000000
DEBUG:    b
DEBUG:    move
DEBUG:    space
DEBUG:    100.000000
DEBUG:    b
DEBUG:    move
DEBUG:    space
DEBUG:    100.000000
DEBUG:    b
DEBUG:    move
DEBUG:    space
DEBUG:    100.000000
DEBUG:    b
DEBUG:    move
DEBUG:    space
DEBUG:    100.000000
DEBUG:    b
DEBUG:    move
DEBUG:    space
DEBUG:    100.000000
DEBUG:    b
DEBUG:    move
DEBUG:    space
DEBUG:    100.000000
DEBUG:    b
DEBUG:    move
DEBUG:    space
DEBUG:    100.000000
DEBUG:    b
DEBUG:    move
DEBUG:    space
DEBUG:    100.000000
DEBUG:    b
DEBUG:    move
DEBUG:    space
DEBUG:    100.000000
DEBUG:    b
DEBUG:    move
DEBUG:    space
DEBUG:    100.000000
DEBUG:    b
DEBUG:    move
DEBUG:    space
DEBUG:    100.000000
DEBUG:    b
DEBUG:    move
DEBUG:    space
DEBUG:    100.000000
DEBUG:    b
DEBUG:    move
DEBUG:    space
DEBUG:    100.000000
DEBUG:    b
DEBUG:    move
DEBUG:    space
DEBUG:    100.000000
DEBUG:    b
DEBUG:    move
DEBUG:    space
DEBUG:    100.000000
DEBUG:    b
DEBUG:    move
DEBUG:    space
DEBUG:    100.000000
DEBUG:    b
DEBUG:    move
DEBUG:    space
DEBUG:    100.000000
DEBUG:    b
DEBUG:    move
DEBUG:    space
DEBUG:    100.000000
DEBUG:    b
DEBUG:    move
DEBUG:    space
DEBUG:    100.000000
DEBUG:    b
DEBUG:    move
DEBUG:    space
DEBUG:    100.000000
DEBUG:    b
DEBUG:    move
DEBUG:    space
DEBUG:    100.000000
DEBUG:    b
DEBUG:    move
DEBUG:    space
DEBUG:    100.000000
DEBUG:    b
DEBUG:    move
DEBUG:    space
DEBUG:    100.000000
DEBUG:    b
DEBUG:    move
DEBUG:    space
DEBUG:    100.000000
DEBUG:    b
DEBUG:    move
DEBUG:    space
DEBUG:    100.000000
DEBUG:    b
DEBUG:    move
DEBUG:    space
DEBUG:    100.000000
DEBUG:    b
DEBUG:    move
DEBUG:    space
DEBUG:    100.000000
DEBUG:    b
DEBUG:    move
DEBUG:    space
DEBUG:    100.000000
DEBUG:    b
DEBUG:    move
DEBUG:    space
DEBUG:    100.000000
DEBUG:    b
DEBUG:    move
DEBUG:    space
DEBUG:    100.000000
DEBUG:    b
DEBUG:    move
DEBUG:    space
DEBUG:    100.000000
DEBUG:    b
DEBUG:    move
DEBUG:    space
DEBUG:    100.000000
DEBUG:    b
DEBUG:    move
DEBUG:    space
DEBUG:    100.000000
DEBUG:    b
DEBUG:    move
DEBUG:    space
DEBUG:    100.000000
DEBUG:    b
DEBUG:    move
DEBUG:    space
DEBUG:    100.000000
DEBUG:    b
DEBUG:    move
DEBUG:    space
DEBUG:    100.000000
DEBUG:    b
DEBUG:    move
DEBUG:    space
DEBUG:    100.000000
DEBUG:    b
DEBUG:    move
DEBUG:    space
DEBUG:    100.000000
DEBUG:    b
DEBUG:    move
DEBUG:    space
DEBUG:    100.000000
DEBUG:    b
DEBUG:    move
DEBUG:    space
DEBUG:    100.000000
DEBUG:    b
DEBUG:    move
DEBUG:    space
DEBUG:    100.000000
DEBUG:    b
DEBUG:    move
DEBUG:    space
DEBUG:    100.000000
DEBUG:    b
DEBUG:    move
DEBUG:    space
DEBUG:    100.000000
DEBUG:    b
DEBUG:    move
DEBUG:    space
DEBUG:    100.000000
DEBUG:    b
DEBUG:    move
DEBUG:    space
DEBUG:    100.000000
DEBUG:    b
DEBUG:    move
DEBUG:    space
DEBUG:    100.000000
DEBUG:    b
DEBUG:    move
DEBUG:    space
DEBUG:    100.000000
DEBUG:    b
DEBUG:    move
DEBUG:    space
DEBUG:    100.000000
DEBUG:    b
DEBUG:    move
DEBUG:    space
DEBUG:    100.000000
DEBUG:    b
DEBUG:    move
DEBUG:    space
DEBUG:    100.000000
DEBUG:    b
DEBUG:    move
DEBUG:    space
DEBUG:    100.000000
DEBUG:    b
DEBUG:    move
DEBUG:    space
DEBUG:    100.000000
DEBUG:    b
DEBUG:    move
DEBUG:    space
DEBUG:    100.000000
DEBUG:    b
DEBUG:    move
DEBUG:    space
DEBUG:    100.000000
DEBUG:    b
DEBUG:    move
DEBUG:    space
DEBUG:    100.000000
DEBUG:    b
DEBUG:    move
DEBUG:    space
DEBUG:    100.000000
DEBUG:    b
DEBUG:    move
DEBUG:    space
DEBUG:    100.000000
DEBUG:    b
DEBUG:    move
DEBUG:    space
DEBUG:    100.000000
DEBUG:    b
DEBUG:    move
DEBUG:    space
DEBUG:    100.000000
DEBUG:    b
DEBUG:    move
DEBUG:    space
DEBUG:    100.000000
DEBUG:    b
DEBUG:    move
DEBUG:    space
DEBUG:    100.000000
DEBUG:    b
DEBUG:    move
DEBUG:    space
DEBUG:    100.000000
DEBUG:    b
DEBUG:    move
DEBUG:    space
DEBUG:    100.000000
DEBUG:    b
DEBUG:    move
DEBUG:    space
DEBUG:    100.000000
DEBUG:    b
DEBUG:    move
DEBUG:    space
DEBUG:    100.000000
DEBUG:    b
DEBUG:    move
DEBUG:    space
DEBUG:    100.000000
DEBUG:    b
DEBUG:    move
DEBUG:    space
DEBUG:    100.000000
DEBUG:    b
DEBUG:    move
DEBUG:    space
DEBUG:    100.000000
DEBUG:    b
DEBUG:    move
DEBUG:    space
DEBUG:    100.000000
DEBUG:    b
DEBUG:    move
DEBUG:    space
DEBUG:    100.000000
DEBUG:    b
DEBUG:    move
DEBUG:    space
DEBUG:    100.000000
DEBUG:    b
DEBUG:    move
DEBUG:    space
DEBUG:    100.000000
DEBUG:    b
DEBUG:    move
DEBUG:    space
DEBUG:    100.000000
DEBUG:    b
DEBUG:    move
DEBUG:    space
DEBUG:    100.000000
DEBUG:    b
DEBUG:    move
DEBUG:    space
DEBUG:    100.000000
DEBUG:    b
DEBUG:    move
DEBUG:    space
DEBUG:    100.000000
DEBUG:    b
DEBUG:    move
DEBUG:    space
DEBUG:    100.000000
DEBUG:    b
DEBUG:    move
DEBUG:    space
DEBUG:    100.000000
DEBUG:    b
DEBUG:    move
DEBUG:    space
DEBUG:    100.000000
DEBUG:    b
DEBUG:    move
DEBUG:    space
DEBUG:    100.000000
DEBUG:    b
DEBUG:    move
DEBUG:    space
DEBUG:    FPS: 36
DEBUG:    100.000000
DEBUG:    b
DEBUG:    move
DEBUG:    space
DEBUG:    100.000000
DEBUG:    b
DEBUG:    move
DEBUG:    space
DEBUG:    100.000000
DEBUG:    b
DEBUG:    move
DEBUG:    space
DEBUG:    100.000000
DEBUG:    b
DEBUG:    move
DEBUG:    space
DEBUG:    100.000000
DEBUG:    b
DEBUG:    move
DEBUG:    space
DEBUG:    100.000000
DEBUG:    b
DEBUG:    move
DEBUG:    space
DEBUG:    100.000000
DEBUG:    b
DEBUG:    move
DEBUG:    space
DEBUG:    100.000000
DEBUG:    b
DEBUG:    move
DEBUG:    space
DEBUG:    100.000000
DEBUG:    b
DEBUG:    move
DEBUG:    space
DEBUG:    100.000000
DEBUG:    b
DEBUG:    move
DEBUG:    space
DEBUG:    100.000000
DEBUG:    b
DEBUG:    move
DEBUG:    space
DEBUG:    100.000000
DEBUG:    b
DEBUG:    move
DEBUG:    space
DEBUG:    100.000000
DEBUG:    b
DEBUG:    move
DEBUG:    space
DEBUG:    100.000000
DEBUG:    b
DEBUG:    move
DEBUG:    space
DEBUG:    100.000000
DEBUG:    b
DEBUG:    move
DEBUG:    space
DEBUG:    100.000000
DEBUG:    b
DEBUG:    move
DEBUG:    space
DEBUG:    100.000000
DEBUG:    b
DEBUG:    move
DEBUG:    space
DEBUG:    100.000000
DEBUG:    b
DEBUG:    move
DEBUG:    space
DEBUG:    100.000000
DEBUG:    b
DEBUG:    move
DEBUG:    space
DEBUG:    100.000000
DEBUG:    b
DEBUG:    move
DEBUG:    space
DEBUG:    100.000000
DEBUG:    b
DEBUG:    move
DEBUG:    space
DEBUG:    100.000000
DEBUG:    b
DEBUG:    move
DEBUG:    space
DEBUG:    100.000000
DEBUG:    b
DEBUG:    move
DEBUG:    space
DEBUG:    100.000000
DEBUG:    b
DEBUG:    move
DEBUG:    space
DEBUG:    100.000000
DEBUG:    b
DEBUG:    move
DEBUG:    space
DEBUG:    100.000000
DEBUG:    b
DEBUG:    move
DEBUG:    space
DEBUG:    100.000000
DEBUG:    b
DEBUG:    move
DEBUG:    space
DEBUG:    100.000000
DEBUG:    b
DEBUG:    move
DEBUG:    space
DEBUG:    100.000000
DEBUG:    b
DEBUG:    move
DEBUG:    space
DEBUG:    100.000000
DEBUG:    b
DEBUG:    move
DEBUG:    space
DEBUG:    100.000000
DEBUG:    b
DEBUG:    move
DEBUG:    space
DEBUG:    100.000000
DEBUG:    b
DEBUG:    move
DEBUG:    space
DEBUG:    100.000000
DEBUG:    b
DEBUG:    move
DEBUG:    space
DEBUG:    100.000000
DEBUG:    b
DEBUG:    move
DEBUG:    space
DEBUG:    100.000000
DEBUG:    b
DEBUG:    move
DEBUG:    space
DEBUG:    100.000000
DEBUG:    b
DEBUG:    move
DEBUG:    space
DEBUG:    100.000000
DEBUG:    b
DEBUG:    move
DEBUG:    space
DEBUG:    100.000000
DEBUG:    b
DEBUG:    move
DEBUG:    space
DEBUG:    100.000000
DEBUG:    b
DEBUG:    move
DEBUG:    space
DEBUG:    100.000000
DEBUG:    b
DEBUG:    move
DEBUG:    space
DEBUG:    100.000000
DEBUG:    b
DEBUG:    move
DEBUG:    space
DEBUG:    100.000000
DEBUG:    b
DEBUG:    move
DEBUG:    space
DEBUG:    100.000000
DEBUG:    b
DEBUG:    move
DEBUG:    space
DEBUG:    100.000000
DEBUG:    b
DEBUG:    move
DEBUG:    space
DEBUG:    100.000000
DEBUG:    b
DEBUG:    move
DEBUG:    space
DEBUG:    100.000000
DEBUG:    b
DEBUG:    move
DEBUG:    space
DEBUG:    100.000000
DEBUG:    b
DEBUG:    move
DEBUG:    space
DEBUG:    100.000000
DEBUG:    b
DEBUG:    move
DEBUG:    space
DEBUG:    100.000000
DEBUG:    b
DEBUG:    move
DEBUG:    space
DEBUG:    100.000000
DEBUG:    b
DEBUG:    move
DEBUG:    space
DEBUG:    100.000000
DEBUG:    b
DEBUG:    move
DEBUG:    space
DEBUG:    100.000000
DEBUG:    b
DEBUG:    move
DEBUG:    space
DEBUG:    100.000000
DEBUG:    b
DEBUG:    move
DEBUG:    space
DEBUG:    100.000000
DEBUG:    b
DEBUG:    move
DEBUG:    space
DEBUG:    100.000000
DEBUG:    b
DEBUG:    move
DEBUG:    space
DEBUG:    100.000000
DEBUG:    b
DEBUG:    move
DEBUG:    space
DEBUG:    100.000000
DEBUG:    b
DEBUG:    move
DEBUG:    space
DEBUG:    100.000000
DEBUG:    b
DEBUG:    move
DEBUG:    space
DEBUG:    100.000000
DEBUG:    b
DEBUG:    move
DEBUG:    space
DEBUG:    100.000000
DEBUG:    b
DEBUG:    move
DEBUG:    space
DEBUG:    100.000000
DEBUG:    b
DEBUG:    move
DEBUG:    space
DEBUG:    100.000000
DEBUG:    b
DEBUG:    move
DEBUG:    space
DEBUG:    100.000000
DEBUG:    b
DEBUG:    move
DEBUG:    space
DEBUG:    100.000000
DEBUG:    b
DEBUG:    move
DEBUG:    space
DEBUG:    100.000000
DEBUG:    b
DEBUG:    move
DEBUG:    space
DEBUG:    100.000000
DEBUG:    b
DEBUG:    move
DEBUG:    space
DEBUG:    100.000000
DEBUG:    b
DEBUG:    move
DEBUG:    space
DEBUG:    100.000000
DEBUG:    b
DEBUG:    move
DEBUG:    space
DEBUG:    100.000000
DEBUG:    b
DEBUG:    move
DEBUG:    space
DEBUG:    100.000000
DEBUG:    b
DEBUG:    move
DEBUG:    space
DEBUG:    100.000000
DEBUG:    b
DEBUG:    move
DEBUG:    space
DEBUG:    100.000000
DEBUG:    b
DEBUG:    move
DEBUG:    space
DEBUG:    100.000000
DEBUG:    b
DEBUG:    move
DEBUG:    space
DEBUG:    100.000000
DEBUG:    b
DEBUG:    move
DEBUG:    space
DEBUG:    100.000000
DEBUG:    b
DEBUG:    move
DEBUG:    space
DEBUG:    100.000000
DEBUG:    b
DEBUG:    move
DEBUG:    space
DEBUG:    100.000000
DEBUG:    b
DEBUG:    move
DEBUG:    space
DEBUG:    100.000000
DEBUG:    b
DEBUG:    move
DEBUG:    space
DEBUG:    100.000000
DEBUG:    b
DEBUG:    move
DEBUG:    space
DEBUG:    100.000000
DEBUG:    b
DEBUG:    move
DEBUG:    space
DEBUG:    100.000000
DEBUG:    b
DEBUG:    move
DEBUG:    space
DEBUG:    100.000000
DEBUG:    b
DEBUG:    move
DEBUG:    space
DEBUG:    100.000000
DEBUG:    b
DEBUG:    move
DEBUG:    space
DEBUG:    100.000000
DEBUG:    b
DEBUG:    move
DEBUG:    space
DEBUG:    100.000000
DEBUG:    b
DEBUG:    move
DEBUG:    space
DEBUG:    100.000000
DEBUG:    b
DEBUG:    move
DEBUG:    space
DEBUG:    100.000000
DEBUG:    b
DEBUG:    move
DEBUG:    space
DEBUG:    100.000000
DEBUG:    b
DEBUG:    move
DEBUG:    space
DEBUG:    100.000000
DEBUG:    b
DEBUG:    move
DEBUG:    space
DEBUG:    100.000000
DEBUG:    b
DEBUG:    move
DEBUG:    space
DEBUG:    100.000000
DEBUG:    b
DEBUG:    move
DEBUG:    space
DEBUG:    100.000000
DEBUG:    b
DEBUG:    move
DEBUG:    space
DEBUG:    100.000000
DEBUG:    b
DEBUG:    move
DEBUG:    space
DEBUG:    100.000000
DEBUG:    b
DEBUG:    move
DEBUG:    space
DEBUG:    100.000000
DEBUG:    b
DEBUG:    move
DEBUG:    space
DEBUG:    100.000000
DEBUG:    b
DEBUG:    move
DEBUG:    space
DEBUG:    100.000000
DEBUG:    b
DEBUG:    move
DEBUG:    space
DEBUG:    100.000000
DEBUG:    b
DEBUG:    move
DEBUG:    space
DEBUG:    100.000000
DEBUG:    b
DEBUG:    move
DEBUG:    space
DEBUG:    100.000000
DEBUG:    b
DEBUG:    move
DEBUG:    space
DEBUG:    FPS: 36
DEBUG:    100.000000
DEBUG:    b
DEBUG:    move
DEBUG:    space
DEBUG:    100.000000
DEBUG:    b
DEBUG:    move
DEBUG:    space
DEBUG:    100.000000
DEBUG:    b
DEBUG:    move
DEBUG:    space
DEBUG:    100.000000
DEBUG:    b
DEBUG:    move
DEBUG:    space
DEBUG:    100.000000
DEBUG:    b
DEBUG:    move
DEBUG:    space
DEBUG:    100.000000
DEBUG:    b
DEBUG:    move
DEBUG:    space
DEBUG:    100.000000
DEBUG:    b
DEBUG:    move
DEBUG:    space
DEBUG:    100.000000
DEBUG:    b
DEBUG:    move
DEBUG:    space
DEBUG:    100.000000
DEBUG:    b
DEBUG:    move
DEBUG:    space
DEBUG:    100.000000
DEBUG:    b
DEBUG:    move
DEBUG:    space
DEBUG:    100.000000
DEBUG:    b
DEBUG:    move
DEBUG:    space
DEBUG:    100.000000
DEBUG:    b
DEBUG:    move
DEBUG:    space
DEBUG:    100.000000
DEBUG:    b
DEBUG:    move
DEBUG:    space
DEBUG:    100.000000
DEBUG:    b
DEBUG:    move
DEBUG:    space
DEBUG:    100.000000
DEBUG:    b
DEBUG:    move
DEBUG:    space
DEBUG:    100.000000
DEBUG:    b
DEBUG:    move
DEBUG:    space
DEBUG:    100.000000
DEBUG:    b
DEBUG:    move
DEBUG:    space
DEBUG:    100.000000
DEBUG:    b
DEBUG:    move
DEBUG:    space
DEBUG:    100.000000
DEBUG:    b
DEBUG:    move
DEBUG:    space
DEBUG:    100.000000
DEBUG:    b
DEBUG:    move
DEBUG:    space
DEBUG:    100.000000
DEBUG:    b
DEBUG:    move
DEBUG:    space
DEBUG:    100.000000
DEBUG:    b
DEBUG:    move
DEBUG:    space
DEBUG:    100.000000
DEBUG:    b
DEBUG:    move
DEBUG:    space
DEBUG:    100.000000
DEBUG:    b
DEBUG:    move
DEBUG:    space
DEBUG:    100.000000
DEBUG:    b
DEBUG:    move
DEBUG:    space
DEBUG:    100.000000
DEBUG:    b
DEBUG:    move
DEBUG:    space
DEBUG:    100.000000
DEBUG:    b
DEBUG:    move
DEBUG:    space
DEBUG:    100.000000
DEBUG:    b
DEBUG:    move
DEBUG:    space
DEBUG:    100.000000
DEBUG:    b
DEBUG:    move
DEBUG:    space
DEBUG:    100.000000
DEBUG:    b
DEBUG:    move
DEBUG:    space
DEBUG:    100.000000
DEBUG:    b
DEBUG:    move
DEBUG:    space
DEBUG:    100.000000
DEBUG:    b
DEBUG:    move
DEBUG:    space
DEBUG:    100.000000
DEBUG:    b
DEBUG:    move
DEBUG:    space
DEBUG:    100.000000
DEBUG:    b
DEBUG:    move
DEBUG:    space
DEBUG:    100.000000
DEBUG:    b
DEBUG:    move
DEBUG:    space
DEBUG:    100.000000
DEBUG:    b
DEBUG:    move
DEBUG:    space
DEBUG:    100.000000
DEBUG:    b
DEBUG:    move
DEBUG:    space
DEBUG:    100.000000
DEBUG:    b
DEBUG:    move
DEBUG:    space
DEBUG:    100.000000
DEBUG:    b
DEBUG:    move
DEBUG:    space
DEBUG:    100.000000
DEBUG:    b
DEBUG:    move
DEBUG:    space
DEBUG:    100.000000
DEBUG:    b
DEBUG:    move
DEBUG:    space
DEBUG:    100.000000
DEBUG:    b
DEBUG:    move
DEBUG:    space
DEBUG:    100.000000
DEBUG:    b
DEBUG:    move
DEBUG:    space
DEBUG:    100.000000
DEBUG:    b
DEBUG:    move
DEBUG:    space
DEBUG:    100.000000
DEBUG:    b
DEBUG:    move
DEBUG:    space
DEBUG:    100.000000
DEBUG:    b
DEBUG:    move
DEBUG:    space
DEBUG:    100.000000
DEBUG:    b
DEBUG:    move
DEBUG:    space
DEBUG:    100.000000
DEBUG:    b
DEBUG:    move
DEBUG:    space
DEBUG:    100.000000
DEBUG:    b
DEBUG:    move
DEBUG:    space
DEBUG:    100.000000
DEBUG:    b
DEBUG:    move
DEBUG:    space
DEBUG:    100.000000
DEBUG:    b
DEBUG:    move
DEBUG:    space
DEBUG:    100.000000
DEBUG:    b
DEBUG:    move
DEBUG:    space
DEBUG:    100.000000
DEBUG:    b
DEBUG:    move
DEBUG:    space
DEBUG:    100.000000
DEBUG:    b
DEBUG:    move
DEBUG:    space
DEBUG:    100.000000
DEBUG:    b
DEBUG:    move
DEBUG:    space
DEBUG:    100.000000
DEBUG:    b
DEBUG:    move
DEBUG:    space
DEBUG:    100.000000
DEBUG:    b
DEBUG:    move
DEBUG:    space
DEBUG:    100.000000
DEBUG:    b
DEBUG:    move
DEBUG:    space
DEBUG:    100.000000
DEBUG:    b
DEBUG:    move
DEBUG:    space
DEBUG:    100.000000
DEBUG:    b
DEBUG:    move
DEBUG:    space
DEBUG:    100.000000
DEBUG:    b
DEBUG:    move
DEBUG:    space
DEBUG:    100.000000
DEBUG:    b
DEBUG:    move
DEBUG:    space
DEBUG:    100.000000
DEBUG:    b
DEBUG:    move
DEBUG:    space
DEBUG:    100.000000
DEBUG:    b
DEBUG:    move
DEBUG:    space
DEBUG:    100.000000
DEBUG:    b
DEBUG:    move
DEBUG:    space
DEBUG:    100.000000
DEBUG:    b
DEBUG:    move
DEBUG:    space
DEBUG:    100.000000
DEBUG:    b
DEBUG:    move
DEBUG:    space
DEBUG:    100.000000
DEBUG:    b
DEBUG:    move
DEBUG:    space
DEBUG:    100.000000
DEBUG:    b
DEBUG:    move
DEBUG:    space
DEBUG:    100.000000
DEBUG:    b
DEBUG:    move
DEBUG:    space
DEBUG:    100.000000
DEBUG:    b
DEBUG:    move
DEBUG:    space
DEBUG:    100.000000
DEBUG:    b
DEBUG:    move
DEBUG:    space
DEBUG:    100.000000
DEBUG:    b
DEBUG:    move
DEBUG:    space
DEBUG:    100.000000
DEBUG:    b
DEBUG:    move
DEBUG:    space
DEBUG:    100.000000
DEBUG:    b
DEBUG:    move
DEBUG:    space
DEBUG:    100.000000
DEBUG:    b
DEBUG:    move
DEBUG:    space
DEBUG:    100.000000
DEBUG:    b
DEBUG:    move
DEBUG:    space
DEBUG:    100.000000
DEBUG:    b
DEBUG:    move
DEBUG:    space
DEBUG:    100.000000
DEBUG:    b
DEBUG:    move
DEBUG:    space
DEBUG:    100.000000
DEBUG:    b
DEBUG:    move
DEBUG:    space
DEBUG:    100.000000
DEBUG:    b
DEBUG:    move
DEBUG:    space
DEBUG:    100.000000
DEBUG:    b
DEBUG:    move
DEBUG:    space
DEBUG:    100.000000
DEBUG:    b
DEBUG:    move
DEBUG:    space
DEBUG:    100.000000
DEBUG:    b
DEBUG:    move
DEBUG:    space
DEBUG:    100.000000
DEBUG:    b
DEBUG:    move
DEBUG:    space
DEBUG:    100.000000
DEBUG:    b
DEBUG:    move
DEBUG:    space
DEBUG:    100.000000
DEBUG:    b
DEBUG:    move
DEBUG:    space
DEBUG:    100.000000
DEBUG:    b
DEBUG:    move
DEBUG:    space
DEBUG:    100.000000
DEBUG:    b
DEBUG:    move
DEBUG:    space
DEBUG:    100.000000
DEBUG:    b
DEBUG:    move
DEBUG:    space
DEBUG:    100.000000
DEBUG:    b
DEBUG:    move
DEBUG:    space
DEBUG:    100.000000
DEBUG:    b
DEBUG:    move
DEBUG:    space
DEBUG:    100.000000
DEBUG:    b
DEBUG:    move
DEBUG:    space
DEBUG:    100.000000
DEBUG:    b
DEBUG:    move
DEBUG:    space
DEBUG:    100.000000
DEBUG:    b
DEBUG:    move
DEBUG:    space
DEBUG:    100.000000
DEBUG:    b
DEBUG:    move
DEBUG:    space
DEBUG:    100.000000
DEBUG:    b
DEBUG:    move
DEBUG:    space
DEBUG:    100.000000
DEBUG:    b
DEBUG:    move
DEBUG:    space
DEBUG:    100.000000
DEBUG:    b
DEBUG:    move
DEBUG:    space
DEBUG:    100.000000
DEBUG:    b
DEBUG:    move
DEBUG:    space
DEBUG:    FPS: 37
DEBUG:    100.000000
DEBUG:    b
DEBUG:    move
DEBUG:    space
DEBUG:    100.000000
DEBUG:    b
DEBUG:    move
DEBUG:    space
DEBUG:    100.000000
DEBUG:    b
DEBUG:    move
DEBUG:    space
DEBUG:    100.000000
DEBUG:    b
DEBUG:    move
DEBUG:    space
DEBUG:    100.000000
DEBUG:    b
DEBUG:    move
DEBUG:    space
DEBUG:    100.000000
DEBUG:    b
DEBUG:    move
DEBUG:    space
DEBUG:    100.000000
DEBUG:    b
DEBUG:    move
DEBUG:    space
DEBUG:    100.000000
DEBUG:    b
DEBUG:    move
DEBUG:    space
DEBUG:    100.000000
DEBUG:    b
DEBUG:    move
DEBUG:    space
DEBUG:    100.000000
DEBUG:    b
DEBUG:    move
DEBUG:    space
DEBUG:    100.000000
DEBUG:    b
DEBUG:    move
DEBUG:    space
DEBUG:    100.000000
DEBUG:    b
DEBUG:    move
DEBUG:    space
DEBUG:    100.000000
DEBUG:    b
DEBUG:    move
DEBUG:    space
DEBUG:    100.000000
DEBUG:    b
DEBUG:    move
DEBUG:    space
DEBUG:    100.000000
DEBUG:    b
DEBUG:    move
DEBUG:    space
DEBUG:    100.000000
DEBUG:    b
DEBUG:    move
DEBUG:    space
DEBUG:    102.000000
DEBUG:    b
DEBUG:    move
DEBUG:    space
DEBUG:    104.000000
DEBUG:    b
DEBUG:    move
DEBUG:    space
DEBUG:    106.000000
DEBUG:    b
DEBUG:    move
DEBUG:    space
DEBUG:    108.000000
DEBUG:    b
DEBUG:    move
DEBUG:    space
DEBUG:    110.000000
DEBUG:    b
DEBUG:    move
DEBUG:    space
DEBUG:    112.000000
DEBUG:    b
DEBUG:    move
DEBUG:    space
DEBUG:    114.000000
DEBUG:    b
DEBUG:    move
DEBUG:    space
DEBUG:    116.000000
DEBUG:    b
DEBUG:    move
DEBUG:    space
DEBUG:    118.000000
DEBUG:    b
DEBUG:    move
DEBUG:    space
DEBUG:    120.000000
DEBUG:    b
DEBUG:    move
DEBUG:    space
DEBUG:    122.000000
DEBUG:    b
DEBUG:    move
DEBUG:    space
DEBUG:    124.000000
DEBUG:    b
DEBUG:    move
DEBUG:    space
DEBUG:    126.000000
DEBUG:    b
DEBUG:    move
DEBUG:    space
DEBUG:    128.000000
DEBUG:    b
DEBUG:    move
DEBUG:    space
DEBUG:    130.000000
DEBUG:    b
DEBUG:    move
DEBUG:    space
DEBUG:    132.000000
DEBUG:    b
DEBUG:    move
DEBUG:    space
DEBUG:    134.000000
DEBUG:    b
DEBUG:    move
DEBUG:    space
DEBUG:    136.000000
DEBUG:    b
DEBUG:    move
DEBUG:    space
DEBUG:    138.000000
DEBUG:    b
DEBUG:    move
DEBUG:    space
DEBUG:    140.000000
DEBUG:    b
DEBUG:    move
DEBUG:    space
DEBUG:    142.000000
DEBUG:    b
DEBUG:    move
DEBUG:    space
DEBUG:    144.000000
DEBUG:    b
DEBUG:    move
DEBUG:    space
DEBUG:    146.000000
DEBUG:    b
DEBUG:    move
DEBUG:    space
DEBUG:    148.000000
DEBUG:    b
DEBUG:    move
DEBUG:    space
DEBUG:    150.000000
DEBUG:    b
DEBUG:    move
DEBUG:    space
DEBUG:    152.000000
DEBUG:    b
DEBUG:    move
DEBUG:    space
DEBUG:    154.000000
DEBUG:    b
DEBUG:    move
DEBUG:    space
DEBUG:    156.000000
DEBUG:    b
DEBUG:    move
DEBUG:    space
DEBUG:    158.000000
DEBUG:    b
DEBUG:    move
DEBUG:    space
DEBUG:    160.000000
DEBUG:    b
DEBUG:    move
DEBUG:    space
DEBUG:    162.000000
DEBUG:    b
DEBUG:    move
DEBUG:    space
DEBUG:    164.000000
DEBUG:    b
DEBUG:    move
DEBUG:    space
DEBUG:    166.000000
DEBUG:    b
DEBUG:    move
DEBUG:    space
DEBUG:    168.000000
DEBUG:    b
DEBUG:    170.000000
DEBUG:    b
DEBUG:    space
DEBUG:    172.000000
DEBUG:    b
DEBUG:    space
DEBUG:    174.000000
DEBUG:    b
DEBUG:    space
DEBUG:    176.000000
DEBUG:    b
DEBUG:    space
DEBUG:    178.000000
DEBUG:    b
DEBUG:    space
DEBUG:    180.000000
DEBUG:    b
DEBUG:    space
DEBUG:    182.000000
DEBUG:    b
DEBUG:    space
DEBUG:    184.000000
DEBUG:    b
DEBUG:    space
DEBUG:    186.000000
DEBUG:    b
DEBUG:    space
DEBUG:    188.000000
DEBUG:    b
DEBUG:    space
DEBUG:    190.000000
DEBUG:    b
DEBUG:    space
DEBUG:    192.000000
DEBUG:    b
DEBUG:    space
DEBUG:    194.000000
DEBUG:    b
DEBUG:    space
DEBUG:    196.000000
DEBUG:    b
DEBUG:    space
DEBUG:    198.000000
DEBUG:    b
DEBUG:    space
DEBUG:    199.000000
DEBUG:    b
DEBUG:    space
DEBUG:    200.000000
DEBUG:    c
DEBUG:    space
DEBUG:    escape
DEBUG:    200.000000
DEBUG:    c
DEBUG:    space
DEBUG:    escape
DEBUG:    200.000000
DEBUG:    c
DEBUG:    space
DEBUG:    escape
DEBUG:    200.000000
DEBUG:    c
DEBUG:    space
DEBUG:    escape
DEBUG:    200.000000
DEBUG:    c
DEBUG:    space
DEBUG:    escape
DEBUG:    200.000000
DEBUG:    c
DEBUG:    space
DEBUG:    escape
DEBUG:    200.000000
DEBUG:    c
DEBUG:    space
DEBUG:    escape
DEBUG:    200.000000
DEBUG:    c
DEBUG:    space
DEBUG:    escape
DEBUG:    200.000000
DEBUG:    c
DEBUG:    space
DEBUG:    escape
DEBUG:    200.000000
DEBUG:    c
DEBUG:    space
DEBUG:    escape
DEBUG:    200.000000
DEBUG:    c
DEBUG:    space
DEBUG:    escape
DEBUG:    200.000000
DEBUG:    c
DEBUG:    space
DEBUG:    escape
DEBUG:    200.000000
DEBUG:    c
DEBUG:    space
DEBUG:    escape
DEBUG:    200.000000
DEBUG:    c
DEBUG:    space
DEBUG:    escape
DEBUG:    200.000000
DEBUG:    c
DEBUG:    space
DEBUG:    escape
DEBUG:    200.000000
DEBUG:    c
DEBUG:    space
DEBUG:    escape
DEBUG:    200.000000
DEBUG:    c
DEBUG:    space
DEBUG:    escape
DEBUG:    200.000000
DEBUG:    c
DEBUG:    space
DEBUG:    escape
DEBUG:    200.000000
DEBUG:    c
DEBUG:    space
DEBUG:    escape
DEBUG:    200.000000
DEBUG:    c
DEBUG:    space
DEBUG:    escape
DEBUG:    200.000000
DEBUG:    c
DEBUG:    space
DEBUG:    escape
DEBUG:    200.000000
DEBUG:    c
DEBUG:    space
DEBUG:    escape
DEBUG:    200.000000
DEBUG:    c
DEBUG:    space
DEBUG:    escape
DEBUG:    200.000000
DEBUG:    c
DEBUG:    space
DEBUG:    escape
DEBUG:    200.000000
DEBUG:    c
DEBUG:    space
DEBUG:    escape
DEBUG:    200.000000
DEBUG:    c
DEBUG:    space
DEBUG:    escape
DEBUG:    200.000000
DEBUG:    c
DEBUG:    space
DEBUG:    escape
DEBUG:    200.000000
DEBUG:    c
DEBUG:    space
DEBUG:    escape
DEBUG:    200.000000
DEBUG:    c
DEBUG:    space
DEBUG:    escape
DEBUG:    200.000000
DEBUG:    c
DEBUG:    space
DEBUG:    escape
DEBUG:    200.000000
DEBUG:    c
DEBUG:    space
DEBUG:    escape
DEBUG:    200.000000
DEBUG:    c
DEBUG:    space
DEBUG:    escape
DEBUG:    200.000000
DEBUG:    c
DEBUG:    space
DEBUG:    escape
DEBUG:    200.000000
DEBUG:    c
DEBUG:    space
DEBUG:    escape
DEBUG:    FPS: 37
DEBUG:    200.000000
DEBUG:    c
DEBUG:    space
DEBUG:    escape
DEBUG:    200.000000
DEBUG:    c
DEBUG:    space
DEBUG:    escape
DEBUG:    200.000000
DEBUG:    c
DEBUG:    space
DEBUG:    escape
DEBUG:    200.000000
DEBUG:    c
DEBUG:    space
DEBUG:    escape
DEBUG:    200.000000
DEBUG:    c
DEBUG:    space
DEBUG:    escape
DEBUG:    200.000000
DEBUG:    c
DEBUG:    space
DEBUG:    escape
DEBUG:    200.000000
DEBUG:    c
DEBUG:    space
DEBUG:    escape
DEBUG:    200.000000
DEBUG:    c
DEBUG:    space
DEBUG:    escape
DEBUG:    200.000000
DEBUG:    c
DEBUG:    space
DEBUG:    escape
DEBUG:    200.000000
DEBUG:    c
DEBUG:    space
DEBUG:    escape
DEBUG:    200.000000
DEBUG:    c
DEBUG:    space
DEBUG:    escape
DEBUG:    200.000000
DEBUG:    c
DEBUG:    space
DEBUG:    escape
DEBUG:    200.000000
DEBUG:    c
DEBUG:    space
DEBUG:    escape
DEBUG:    200.000000
DEBUG:    c
DEBUG:    space
DEBUG:    escape
DEBUG:    200.000000
DEBUG:    c
DEBUG:    space
DEBUG:    escape
DEBUG:    200.000000
DEBUG:    c
DEBUG:    space
DEBUG:    escape
DEBUG:    200.000000
DEBUG:    c
DEBUG:    space
DEBUG:    escape
DEBUG:    200.000000
DEBUG:    c
DEBUG:    space
DEBUG:    escape
DEBUG:    200.000000
DEBUG:    c
DEBUG:    space
DEBUG:    escape
DEBUG:    200.000000
DEBUG:    c
DEBUG:    space
DEBUG:    escape
DEBUG:    200.000000
DEBUG:    c
DEBUG:    space
DEBUG:    escape
DEBUG:    200.000000
DEBUG:    c
DEBUG:    space
DEBUG:    escape
DEBUG:    200.000000
DEBUG:    c
DEBUG:    space
DEBUG:    escape
DEBUG:    200.000000
DEBUG:    c
DEBUG:    space
DEBUG:    escape
DEBUG:    200.000000
DEBUG:    c
DEBUG:    space
DEBUG:    escape
DEBUG:    200.000000
DEBUG:    c
DEBUG:    space
DEBUG:    escape
DEBUG:    200.000000
DEBUG:    c
DEBUG:    space
DEBUG:    escape
DEBUG:    200.000000
DEBUG:    c
DEBUG:    space
DEBUG:    escape
DEBUG:    200.000000
DEBUG:    c
DEBUG:    space
DEBUG:    escape
DEBUG:    200.000000
DEBUG:    c
DEBUG:    space
DEBUG:    escape
DEBUG:    200.000000
DEBUG:    c
DEBUG:    space
DEBUG:    escape
DEBUG:    200.000000
DEBUG:    c
DEBUG:    space
DEBUG:    escape
DEBUG:    200.000000
DEBUG:    c
DEBUG:    space
DEBUG:    escape
DEBUG:    200.000000
DEBUG:    c
DEBUG:    space
DEBUG:    escape
DEBUG:    200.000000
DEBUG:    c
DEBUG:    space
DEBUG:    escape
DEBUG:    200.000000
DEBUG:    c
DEBUG:    space
DEBUG:    escape
DEBUG:    200.000000
DEBUG:    c
DEBUG:    space
DEBUG:    escape
DEBUG:    200.000000
DEBUG:    c
DEBUG:    space
DEBUG:    escape
DEBUG:    200.000000
DEBUG:    c
DEBUG:    space
DEBUG:    escape
DEBUG:    200.000000
DEBUG:    c
DEBUG:    space
DEBUG:    escape
DEBUG:    200.000000
DEBUG:    c
DEBUG:    space
DEBUG:    escape
DEBUG:    200.000000
DEBUG:    c
DEBUG:    space
DEBUG:    escape
DEBUG:    200.000000
DEBUG:    c
DEBUG:    space
DEBUG:    escape
DEBUG:    200.000000
DEBUG:    c
DEBUG:    space
DEBUG:    escape
DEBUG:    200.000000
DEBUG:    c
DEBUG:    space
DEBUG:    escape
DEBUG:    200.000000
DEBUG:    c
DEBUG:    space
DEBUG:    escape
DEBUG:    200.000000
DEBUG:    c
DEBUG:    space
DEBUG:    escape
DEBUG:    200.000000
DEBUG:    c
DEBUG:    space
DEBUG:    escape
DEBUG:    200.000000
DEBUG:    c
DEBUG:    space
DEBUG:    escape
DEBUG:    200.000000
DEBUG:    c
DEBUG:    space
DEBUG:    escape
DEBUG:    200.000000
DEBUG:    c
DEBUG:    space
DEBUG:    escape
DEBUG:    200.000000
DEBUG:    c
DEBUG:    space
DEBUG:    escape
DEBUG:    200.000000
DEBUG:    c
DEBUG:    space
DEBUG:    escape
DEBUG:    200.000000
DEBUG:    c
DEBUG:    space
DEBUG:    escape
DEBUG:    200.000000
DEBUG:    c
DEBUG:    space
DEBUG:    escape
DEBUG:    200.000000
DEBUG:    c
DEBUG:    space
DEBUG:    escape
DEBUG:    200.000000
DEBUG:    c
DEBUG:    space
DEBUG:    escape
DEBUG:    200.000000
DEBUG:    c
DEBUG:    space
