DEBUG:    Initializing...
DEBUG:    Initializing Main_Info...
DEBUG:    Found querty option.
DEBUG:    Getting video modes...
DEBUG:    Creating window with resolution of 1366x768...
DEBUG:    Loading images...
DEBUG:    Initializing Status_Menu...
DEBUG:    Starting window render loop...
DEBUG:    Starting window event loop...
INFO:     Initialization Finished
DEBUG:    Set FPS to 30
WARNING:  Render update is behind -9270 microseconds! Current FPS: 23
WARNING:  Render update is behind -68658 microseconds! Current FPS: 10
WARNING:  Render update is behind -6573 microseconds! Current FPS: 25
WARNING:  Render update is behind -31708 microseconds! Current FPS: 15
WARNING:  Render update is behind -3850 microseconds! Current FPS: 27
WARNING:  Render update is behind -1835 microseconds! Current FPS: 28
WARNING:  Render update is behind -3955 microseconds! Current FPS: 27
WARNING:  Render update is behind -11631 microseconds! Current FPS: 22
WARNING:  Render update is behind -2064 microseconds! Current FPS: 28
WARNING:  Render update is behind -40 microseconds! Current FPS: 30
WARNING:  Render update is behind -15328 microseconds! Current FPS: 21
WARNING:  Render update is behind -16569 microseconds! Current FPS: 20
INFO:     Cleaning up...
