DEBUG:    Initializing...
DEBUG:    Getting video modes...
DEBUG:    Creating window with resolution of 1366x768...
DEBUG:    Loading images...
DEBUG:    Initializing Status_Menu...
DEBUG:    Starting window render loop...
DEBUG:    Starting window event loop...
INFO:     Initialization Finished
DEBUG:    FPS: 26.565363
DEBUG:    FPS: 1280.409668
DEBUG:    FPS: 1079.913574
DEBUG:    FPS: 916.590271
DEBUG:    FPS: 240.442429
DEBUG:    FPS: 1204.819336
DEBUG:    FPS: 1308.900513
DEBUG:    FPS: 2262.443604
DEBUG:    FPS: 1808.318237
DEBUG:    FPS: 533.617920
DEBUG:    FPS: 628.930847
DEBUG:    FPS: 245.579575
INFO:     Cleaning up...
