DEBUG:    Initializing...
DEBUG:    Initializing Main_Info...
DEBUG:    Found querty option.
DEBUG:    Getting video modes...
DEBUG:    Creating window with resolution of 1366x768...
DEBUG:    Loading images...
DEBUG:    Initializing Status_Menu...
DEBUG:    Starting window render loop...
DEBUG:    Starting window event loop...
INFO:     Initialization Finished
DEBUG:    Set FPS to 30
WARNING:  Render update is behind -43768 microseconds! Current FPS: 13
WARNING:  Render update is behind -35170 microseconds! Current FPS: 15
WARNING:  Render update is behind -11102 microseconds! Current FPS: 23
WARNING:  Render update is behind -10922 microseconds! Current FPS: 23
WARNING:  Render update is behind -5797 microseconds! Current FPS: 26
WARNING:  Render update is behind -25588 microseconds! Current FPS: 17
WARNING:  Render update is behind -5977 microseconds! Current FPS: 25
WARNING:  Render update is behind -387 microseconds! Current FPS: 30
WARNING:  Render update is behind -2637 microseconds! Current FPS: 28
WARNING:  Render update is behind -2233 microseconds! Current FPS: 28
WARNING:  Render update is behind -3168 microseconds! Current FPS: 27
WARNING:  Render update is behind -1215 microseconds! Current FPS: 29
WARNING:  Render update is behind -4892 microseconds! Current FPS: 26
WARNING:  Render update is behind -2189 microseconds! Current FPS: 28
WARNING:  Render update is behind -22002 microseconds! Current FPS: 18
WARNING:  Render update is behind -12516 microseconds! Current FPS: 22
WARNING:  Render update is behind -3921 microseconds! Current FPS: 27
WARNING:  Render update is behind -26178 microseconds! Current FPS: 17
WARNING:  Render update is behind -1587 microseconds! Current FPS: 29
WARNING:  Render update is behind -1375 microseconds! Current FPS: 29
WARNING:  Render update is behind -1978 microseconds! Current FPS: 28
WARNING:  Render update is behind -1617 microseconds! Current FPS: 29
WARNING:  Render update is behind -2326 microseconds! Current FPS: 28
WARNING:  Render update is behind -1285 microseconds! Current FPS: 29
WARNING:  Render update is behind -7598 microseconds! Current FPS: 24
WARNING:  Render update is behind -206 microseconds! Current FPS: 30
WARNING:  Render update is behind -2446 microseconds! Current FPS: 28
WARNING:  Render update is behind -6091 microseconds! Current FPS: 25
WARNING:  Render update is behind -1831 microseconds! Current FPS: 28
INFO:     Cleaning up...
