DEBUG:    Initializing...
DEBUG:    Initializing Main_Info...
DEBUG:    Found querty option.
DEBUG:    Getting video modes...
DEBUG:    Creating window with resolution of 1366x768...
DEBUG:    Loading images...
DEBUG:    Initializing Status_Menu...
DEBUG:    Starting window render loop...
DEBUG:    Starting window event loop...
INFO:     Initialization Finished
DEBUG:    Set FPS to 30
DEBUG:    99.000000
DEBUG:    0.000000
WARNING:  Render update is behind -50483 microseconds! Current FPS: 12
DEBUG:    98.000000
DEBUG:    90.000000
WARNING:  Render update is behind -7911 microseconds! Current FPS: 24
DEBUG:    97.000000
DEBUG:    180.000000
WARNING:  Render update is behind -9160 microseconds! Current FPS: 24
DEBUG:    96.000000
DEBUG:    270.000000
WARNING:  Render update is behind -14696 microseconds! Current FPS: 21
DEBUG:    95.000000
DEBUG:    0.000000
WARNING:  Render update is behind -23157 microseconds! Current FPS: 18
DEBUG:    94.000000
DEBUG:    90.000000
DEBUG:    93.000000
DEBUG:    180.000000
DEBUG:    92.000000
DEBUG:    270.000000
DEBUG:    91.000000
DEBUG:    0.000000
DEBUG:    90.000000
DEBUG:    90.000000
DEBUG:    89.000000
DEBUG:    180.000000
WARNING:  Render update is behind -4747 microseconds! Current FPS: 26
DEBUG:    88.000000
DEBUG:    270.000000
DEBUG:    87.000000
DEBUG:    0.000000
WARNING:  Render update is behind -1625 microseconds! Current FPS: 29
DEBUG:    86.000000
DEBUG:    90.000000
DEBUG:    85.000000
DEBUG:    180.000000
DEBUG:    84.000000
DEBUG:    270.000000
DEBUG:    83.000000
DEBUG:    0.000000
DEBUG:    82.000000
DEBUG:    90.000000
DEBUG:    81.000000
DEBUG:    180.000000
DEBUG:    80.000000
DEBUG:    270.000000
DEBUG:    79.000000
DEBUG:    0.000000
DEBUG:    78.000000
DEBUG:    90.000000
DEBUG:    77.000000
DEBUG:    180.000000
DEBUG:    76.000000
DEBUG:    270.000000
DEBUG:    75.000000
DEBUG:    0.000000
DEBUG:    74.000000
DEBUG:    90.000000
DEBUG:    73.000000
DEBUG:    180.000000
DEBUG:    72.000000
DEBUG:    270.000000
DEBUG:    71.000000
DEBUG:    0.000000
DEBUG:    70.000000
DEBUG:    90.000000
WARNING:  Render update is behind -21666 microseconds! Current FPS: 18
DEBUG:    69.000000
DEBUG:    180.000000
DEBUG:    68.000000
DEBUG:    270.000000
DEBUG:    67.000000
DEBUG:    0.000000
DEBUG:    66.000000
DEBUG:    90.000000
DEBUG:    65.000000
DEBUG:    180.000000
DEBUG:    64.000000
DEBUG:    270.000000
DEBUG:    63.000000
DEBUG:    0.000000
DEBUG:    62.000000
DEBUG:    90.000000
DEBUG:    61.000000
DEBUG:    180.000000
DEBUG:    60.000000
DEBUG:    270.000000
DEBUG:    59.000000
DEBUG:    0.000000
DEBUG:    58.000000
DEBUG:    90.000000
DEBUG:    57.000000
DEBUG:    180.000000
DEBUG:    56.000000
DEBUG:    270.000000
DEBUG:    55.000000
DEBUG:    0.000000
DEBUG:    54.000000
DEBUG:    90.000000
DEBUG:    53.000000
DEBUG:    180.000000
DEBUG:    52.000000
DEBUG:    270.000000
DEBUG:    51.000000
DEBUG:    0.000000
DEBUG:    50.000000
DEBUG:    90.000000
DEBUG:    49.000000
DEBUG:    180.000000
DEBUG:    48.000000
DEBUG:    270.000000
DEBUG:    47.000000
DEBUG:    0.000000
DEBUG:    46.000000
DEBUG:    90.000000
DEBUG:    45.000000
DEBUG:    180.000000
DEBUG:    44.000000
DEBUG:    270.000000
DEBUG:    43.000000
DEBUG:    0.000000
DEBUG:    42.000000
DEBUG:    90.000000
WARNING:  Render update is behind -4969 microseconds! Current FPS: 26
DEBUG:    41.000000
DEBUG:    180.000000
DEBUG:    40.000000
DEBUG:    270.000000
DEBUG:    39.000000
DEBUG:    0.000000
DEBUG:    38.000000
DEBUG:    90.000000
DEBUG:    37.000000
DEBUG:    180.000000
DEBUG:    36.000000
DEBUG:    270.000000
DEBUG:    35.000000
DEBUG:    0.000000
DEBUG:    34.000000
DEBUG:    90.000000
DEBUG:    33.000000
DEBUG:    180.000000
DEBUG:    32.000000
DEBUG:    270.000000
DEBUG:    31.000000
DEBUG:    0.000000
DEBUG:    30.000000
DEBUG:    90.000000
DEBUG:    29.000000
DEBUG:    180.000000
DEBUG:    28.000000
DEBUG:    270.000000
DEBUG:    27.000000
DEBUG:    0.000000
DEBUG:    26.000000
DEBUG:    90.000000
DEBUG:    25.000000
DEBUG:    180.000000
DEBUG:    24.000000
DEBUG:    270.000000
DEBUG:    23.000000
DEBUG:    0.000000
DEBUG:    22.000000
DEBUG:    90.000000
DEBUG:    21.000000
DEBUG:    180.000000
DEBUG:    20.000000
DEBUG:    270.000000
DEBUG:    19.000000
DEBUG:    0.000000
DEBUG:    18.000000
DEBUG:    90.000000
DEBUG:    17.000000
DEBUG:    180.000000
DEBUG:    16.000000
DEBUG:    270.000000
DEBUG:    15.000000
DEBUG:    0.000000
DEBUG:    14.000000
DEBUG:    90.000000
DEBUG:    13.000000
DEBUG:    180.000000
DEBUG:    12.000000
DEBUG:    270.000000
DEBUG:    11.000000
DEBUG:    0.000000
DEBUG:    10.000000
DEBUG:    90.000000
DEBUG:    8.000000
DEBUG:    90.000000
DEBUG:    7.000000
DEBUG:    27.666687
DEBUG:    6.000000
DEBUG:    283.777832
DEBUG:    5.000000
DEBUG:    153.916748
DEBUG:    4.000000
DEBUG:    309.626648
DEBUG:    3.000000
DEBUG:    109.324463
DEBUG:    2.000000
DEBUG:    217.355576
DEBUG:    1.000000
DEBUG:    346.506165
DEBUG:    0.000000
DEBUG:    76.735565
DEBUG:    0.000000
DEBUG:    137.430008
DEBUG:    0.000000
DEBUG:    175.928101
DEBUG:    0.000000
DEBUG:    197.942657
DEBUG:    0.000000
DEBUG:    267.898804
DEBUG:    0.000000
DEBUG:    319.204468
DEBUG:    0.000000
DEBUG:    356.133301
DEBUG:    0.000000
DEBUG:    22.052399
DEBUG:    0.000000
DEBUG:    39.605873
DEBUG:    0.000000
DEBUG:    50.862289
DEBUG:    0.000000
DEBUG:    57.433071
DEBUG:    0.000000
DEBUG:    60.567417
DEBUG:    0.000000
DEBUG:    61.228283
DEBUG:    0.000000
DEBUG:    60.153099
DEBUG:    0.000000
DEBUG:    57.902191
DEBUG:    0.000000
DEBUG:    54.897335
DEBUG:    0.000000
DEBUG:    51.452370
DEBUG:    0.000000
DEBUG:    47.797466
DEBUG:    0.000000
DEBUG:    44.098297
DEBUG:    0.000000
DEBUG:    40.471146
DEBUG:    0.000000
DEBUG:    36.994759
DEBUG:    0.000000
DEBUG:    33.719635
WARNING:  Render update is behind -2551 microseconds! Current FPS: 28
DEBUG:    0.000000
DEBUG:    30.675253
WARNING:  Render update is behind -9171 microseconds! Current FPS: 24
DEBUG:    0.000000
DEBUG:    27.875675
WARNING:  Render update is behind -14156 microseconds! Current FPS: 21
DEBUG:    0.000000
DEBUG:    25.323866
WARNING:  Render update is behind -15788 microseconds! Current FPS: 20
DEBUG:    0.000000
DEBUG:    23.015003
WARNING:  Render update is behind -6451 microseconds! Current FPS: 25
DEBUG:    0.000000
DEBUG:    20.938986
WARNING:  Render update is behind -459 microseconds! Current FPS: 30
DEBUG:    0.000000
DEBUG:    19.082335
WARNING:  Render update is behind -521 microseconds! Current FPS: 30
DEBUG:    0.000000
DEBUG:    17.429596
WARNING:  Render update is behind -9203 microseconds! Current FPS: 24
DEBUG:    0.000000
DEBUG:    15.964373
DEBUG:    0.000000
DEBUG:    14.670069
DEBUG:    0.000000
DEBUG:    13.530412
DEBUG:    0.000000
DEBUG:    12.529804
DEBUG:    0.000000
DEBUG:    11.653555
DEBUG:    0.000000
DEBUG:    10.888005
DEBUG:    0.000000
DEBUG:    10.220595
DEBUG:    0.000000
DEBUG:    9.639877
DEBUG:    0.000000
DEBUG:    9.135493
DEBUG:    0.000000
DEBUG:    8.698130
DEBUG:    0.000000
DEBUG:    8.319457
DEBUG:    0.000000
DEBUG:    7.992061
DEBUG:    0.000000
DEBUG:    7.709367
DEBUG:    0.000000
DEBUG:    7.465569
DEBUG:    0.000000
DEBUG:    7.255556
DEBUG:    0.000000
DEBUG:    7.074836
DEBUG:    0.000000
DEBUG:    6.919480
WARNING:  Render update is behind -2295 microseconds! Current FPS: 28
DEBUG:    0.000000
DEBUG:    6.786053
DEBUG:    0.000000
DEBUG:    6.671560
DEBUG:    0.000000
DEBUG:    6.573398
DEBUG:    0.000000
DEBUG:    6.489301
DEBUG:    0.000000
DEBUG:    6.417309
DEBUG:    0.000000
DEBUG:    6.355723
DEBUG:    0.000000
DEBUG:    6.303073
DEBUG:    0.000000
DEBUG:    6.258092
DEBUG:    0.000000
DEBUG:    6.219687
DEBUG:    0.000000
DEBUG:    6.186913
DEBUG:    0.000000
DEBUG:    6.158962
DEBUG:    0.000000
DEBUG:    6.135137
DEBUG:    0.000000
DEBUG:    6.114837
DEBUG:    0.000000
DEBUG:    6.097550
DEBUG:    0.000000
DEBUG:    6.082836
DEBUG:    0.000000
DEBUG:    6.070317
WARNING:  Render update is behind -4637 microseconds! Current FPS: 26
DEBUG:    0.000000
DEBUG:    6.059670
WARNING:  Render update is behind -4199 microseconds! Current FPS: 27
DEBUG:    0.000000
DEBUG:    