DEBUG:    Initializing...
DEBUG:    Initializing Main_Info...
DEBUG:    Found querty option.
DEBUG:    Getting video modes...
DEBUG:    Creating window with resolution of 1366x768...
DEBUG:    Loading images...
DEBUG:    Initializing Status_Menu...
DEBUG:    Starting window render loop...
INFO:     Initialization Finished
DEBUG:    FPS: 41
DEBUG:    FPS: 40
DEBUG:    FPS: 41
DEBUG:    FPS: 41
DEBUG:    FPS: 41
DEBUG:    FPS: 41
DEBUG:    FPS: 40
DEBUG:    FPS: 40
DEBUG:    FPS: 41
DEBUG:    FPS: 41
DEBUG:    FPS: 40
DEBUG:    FPS: 41
DEBUG:    FPS: 42
DEBUG:    FPS: 39
DEBUG:    FPS: 41
DEBUG:    FPS: 41
DEBUG:    FPS: 39
DEBUG:    FPS: 42
DEBUG:    FPS: 41
DEBUG:    FPS: 41
INFO:     Cleaning up...
