DEBUG:    Initializing...
DEBUG:    Initializing Main_Info...
DEBUG:    Found querty option.
DEBUG:    Getting video modes...
DEBUG:    Creating window with resolution of 1366x768...
DEBUG:    Loading images...
DEBUG:    Initializing Status_Menu...
DEBUG:    Starting window render loop...
DEBUG:    Starting window event loop...
INFO:     Initialization Finished
DEBUG:    Set FPS to 30
WARNING:  Render update is behind -41508 microseconds! Current FPS: 13
WARNING:  Render update is behind -40557 microseconds! Current FPS: 14
WARNING:  Render update is behind -2424 microseconds! Current FPS: 28
WARNING:  Render update is behind -264 microseconds! Current FPS: 30
WARNING:  Render update is behind -3053 microseconds! Current FPS: 27
WARNING:  Render update is behind -11311 microseconds! Current FPS: 22
WARNING:  Render update is behind -8751 microseconds! Current FPS: 24
WARNING:  Render update is behind -8420 microseconds! Current FPS: 24
WARNING:  Render update is behind -4656 microseconds! Current FPS: 26
WARNING:  Render update is behind -6180 microseconds! Current FPS: 25
WARNING:  Render update is behind -25869 microseconds! Current FPS: 17
WARNING:  Render update is behind -476 microseconds! Current FPS: 30
WARNING:  Render update is behind -2958 microseconds! Current FPS: 28
INFO:     Cleaning up...
