DEBUG:    Initializing...
DEBUG:    Initializing Main_Info...
DEBUG:    Found querty option.
DEBUG:    Getting video modes...
DEBUG:    Creating window with resolution of 1366x768...
DEBUG:    Loading images...
DEBUG:    Initializing Status_Menu...
DEBUG:    Starting window render loop...
DEBUG:    Starting window event loop...
INFO:     Initialization Finished
DEBUG:    Set FPS to 30
WARNING:  Render update is behind -121751 microseconds! Current FPS: 6
WARNING:  Render update is behind -9726 microseconds! Current FPS: 23
WARNING:  Render update is behind -4236 microseconds! Current FPS: 27
WARNING:  Render update is behind -5123 microseconds! Current FPS: 26
WARNING:  Render update is behind -815 microseconds! Current FPS: 29
WARNING:  Render update is behind -1729 microseconds! Current FPS: 29
WARNING:  Render update is behind -12218 microseconds! Current FPS: 22
WARNING:  Render update is behind -140 microseconds! Current FPS: 30
WARNING:  Render update is behind -4520 microseconds! Current FPS: 26
WARNING:  Render update is behind -15157 microseconds! Current FPS: 21
WARNING:  Render update is behind -4176 microseconds! Current FPS: 27
WARNING:  Render update is behind -12890 microseconds! Current FPS: 22
WARNING:  Render update is behind -6981 microseconds! Current FPS: 25
INFO:     Cleaning up...
