DEBUG:    Initializing...
DEBUG:    Getting video modes...
DEBUG:    Creating window with resolution of 1366x768...
DEBUG:    Loading images...
DEBUG:    Initializing Status_Menu...
DEBUG:    Starting window render loop...
DEBUG:    Starting window event loop...
INFO:     Initialization Finished
DEBUG:    Set FPS to 30
DEBUG:    1717.000000
WARNING:  Render update is behind -16392 microseconds! Current FPS: 20
DEBUG:    2751.000000
WARNING:  Render update is behind -23165 microseconds! Current FPS: 18
DEBUG:    2761.000000
DEBUG:    2771.000000
DEBUG:    2781.000000
DEBUG:    2791.000000
DEBUG:    2801.000000
WARNING:  Render update is behind -583 microseconds! Current FPS: 29
DEBUG:    2811.000000
WARNING:  Render update is behind -80 microseconds! Current FPS: 30
DEBUG:    2821.000000
DEBUG:    2831.000000
DEBUG:    2841.000000
DEBUG:    2851.000000
DEBUG:    2861.000000
DEBUG:    2871.000000
DEBUG:    2881.000000
DEBUG:    2891.000000
DEBUG:    2901.000000
DEBUG:    2911.000000
DEBUG:    2921.000000
DEBUG:    2931.000000
DEBUG:    2941.000000
DEBUG:    2951.000000
DEBUG:    2961.000000
DEBUG:    2971.000000
DEBUG:    2981.000000
DEBUG:    2991.000000
DEBUG:    3001.000000
DEBUG:    3011.000000
DEBUG:    3021.000000
DEBUG:    3031.000000
DEBUG:    3041.000000
DEBUG:    3051.000000
DEBUG:    3061.000000
DEBUG:    3071.000000
DEBUG:    3081.000000
DEBUG:    3091.000000
DEBUG:    3101.000000
DEBUG:    3111.000000
DEBUG:    3121.000000
DEBUG:    3131.000000
DEBUG:    3141.000000
DEBUG:    3151.000000
DEBUG:    3161.000000
DEBUG:    3171.000000
DEBUG:    3181.000000
DEBUG:    3191.000000
DEBUG:    3201.000000
DEBUG:    3211.000000
DEBUG:    3221.000000
DEBUG:    3231.000000
INFO:     Cleaning up...
