DEBUG:    Initializing...
DEBUG:    Initializing Main_Info...
DEBUG:    Found querty option.
DEBUG:    Getting video modes...
DEBUG:    Creating window with resolution of 1366x768...
DEBUG:    Loading images...
DEBUG:    Initializing Status_Menu...
DEBUG:    Starting window render loop...
DEBUG:    Starting window event loop...
INFO:     Initialization Finished
DEBUG:    Set FPS to 30
DEBUG:    0.000000  0.000000   0.000000
DEBUG:    0.000000   0.000000
WARNING:  Render update is behind -60954 microseconds! Current FPS: 11
DEBUG:    0.000000  0.000000   0.000000
DEBUG:    0.000000   1.000000
DEBUG:    0.000000  0.000000   0.000000
DEBUG:    0.000000   1.000000
DEBUG:    0.000000  0.000000   0.000000
DEBUG:    0.000000   1.000000
WARNING:  Render update is behind -3729 microseconds! Current FPS: 27
DEBUG:    0.000000  0.000000   0.000000
DEBUG:    0.000000   1.000000
WARNING:  Render update is behind -4472 microseconds! Current FPS: 26
DEBUG:    0.000000  0.000000   0.000000
DEBUG:    0.000000   1.000000
WARNING:  Render update is behind -24337 microseconds! Current FPS: 17
DEBUG:    0.000000  0.000000   0.000000
DEBUG:    0.000000   1.000000
WARNING:  Render update is behind -29896 microseconds! Current FPS: 16
DEBUG:    0.000000  0.000000   0.000000
DEBUG:    0.000000   1.000000
WARNING:  Render update is behind -8952 microseconds! Current FPS: 24
DEBUG:    0.000000  0.000000   0.000000
DEBUG:    0.000000   1.000000
DEBUG:    0.000000  0.000000   0.000000
DEBUG:    0.000000   1.000000
DEBUG:    0.000000  0.000000   0.000000
DEBUG:    0.000000   1.000000
DEBUG:    0.000000  0.000000   0.000000
DEBUG:    0.000000   1.000000
DEBUG:    0.000000  0.000000   0.000000
DEBUG:    0.000000   1.000000
DEBUG:    0.000000  0.000000   0.000000
DEBUG:    0.000000   1.000000
DEBUG:    0.000000  0.000000   0.000000
DEBUG:    0.000000   1.000000
DEBUG:    0.000000  0.000000   0.000000
DEBUG:    0.000000   1.000000
DEBUG:    0.000000  0.000000   0.000000
DEBUG:    0.000000   1.000000
DEBUG:    0.000000  0.000000   0.000000
DEBUG:    0.000000   1.000000
DEBUG:    0.000000  0.000000   0.000000
DEBUG:    0.000000   1.000000
DEBUG:    0.000000  0.000000   0.000000
DEBUG:    0.000000   1.000000
DEBUG:    0.000000  0.000000   0.000000
DEBUG:    0.000000   1.000000
DEBUG:    0.000000  0.000000   0.000000
DEBUG:    0.000000   1.000000
DEBUG:    0.000000  0.000000   0.000000
DEBUG:    0.000000   1.000000
WARNING:  Render update is behind -758 microseconds! Current FPS: 29
DEBUG:    0.000000  0.000000   0.000000
DEBUG:    0.000000   1.000000
WARNING:  Render update is behind -12161 microseconds! Current FPS: 22
DEBUG:    0.000000  0.000000   0.000000
DEBUG:    0.000000   1.000000
WARNING:  Render update is behind -12724 microseconds! Current FPS: 22
DEBUG:    0.000000  0.000000   0.000000
DEBUG:    0.000000   1.000000
WARNING:  Render update is behind -15965 microseconds! Current FPS: 20
DEBUG:    0.000000  0.000000   0.000000
DEBUG:    0.000000   1.000000
WARNING:  Render update is behind -17107 microseconds! Current FPS: 20
DEBUG:    0.000000  0.000000   0.000000
DEBUG:    0.000000   1.000000
WARNING:  Render update is behind -8073 microseconds! Current FPS: 24
DEBUG:    0.000000  0.000000   0.000000
DEBUG:    0.000000   1.000000
DEBUG:    0.000000  0.000000   0.000000
DEBUG:    0.000000   1.000000
DEBUG:    0.000000  0.000000   0.000000
DEBUG:    0.000000   1.000000
DEBUG:    0.000000  0.000000   0.000000
DEBUG:    0.000000   1.000000
DEBUG:    0.000000  0.000000   0.000000
DEBUG:    0.000000   1.000000
DEBUG:    0.000000  0.000000   0.000000
DEBUG:    0.000000   1.000000
DEBUG:    0.000000  0.000000   0.000000
DEBUG:    0.000000   1.000000
DEBUG:    0.000000  0.000000   0.000000
DEBUG:    0.000000   1.000000
DEBUG:    0.000000  0.000000   0.000000
DEBUG:    0.000000   1.000000
DEBUG:    0.000000  -1.000000   0.000000
DEBUG:    -0.000000   0.000000
DEBUG:    0.000000  -2.000000   0.000000
DEBUG:    -0.000000   -1.000000
DEBUG:    0.000000  -3.000000   0.000000
DEBUG:    -0.000000   -2.000000
DEBUG:    0.000000  -4.000000   0.000000
DEBUG:    -0.000000   -3.000000
DEBUG:    0.000000  -5.000000   0.000000
DEBUG:    -0.000000   -4.000000
DEBUG:    0.000000  -6.000000   0.000000
DEBUG:    -0.000000   -5.000000
DEBUG:    0.000000  -7.000000   0.000000
DEBUG:    -0.000000   -6.000000
DEBUG:    0.000000  -8.000000   0.000000
DEBUG:    -0.000000   -7.000000
DEBUG:    0.000000  -9.000000   0.000000
DEBUG:    -0.000000   -8.000000
DEBUG:    0.000000  -10.000000   0.000000
DEBUG:    -0.000000   -9.000000
DEBUG:    0.000000  -11.000000   0.000000
DEBUG:    -0.000000   -10.000000
DEBUG:    0.000000  -12.000000   0.000000
DEBUG:    -0.000000   -11.000000
DEBUG:    0.000000  -13.000000   0.000000
DEBUG:    -0.000000   -12.000000
DEBUG:    0.000000  -14.000000   0.000000
DEBUG:    -0.000000   -13.000000
DEBUG:    0.000000  -14.000000   0.000000
DEBUG:    -0.000000   -13.000000
DEBUG:    0.000000  -14.000000   0.000000
DEBUG:    -0.000000   -13.000000
DEBUG:    0.000000  -14.000000   0.000000
DEBUG:    -0.000000   -13.000000
DEBUG:    0.000000  -14.000000   0.000000
DEBUG:    -0.000000   -13.000000
DEBUG:    0.000000  -14.000000   0.000000
DEBUG:    -0.000000   -13.000000
DEBUG:    0.000000  -13.000000   0.000000
DEBUG:    -0.000000   -12.000000
DEBUG:    0.000000  -12.000000   0.000000
DEBUG:    -0.000000   -11.000000
DEBUG:    0.000000  -11.000000   0.000000
DEBUG:    -0.000000   -10.000000
DEBUG:    0.000000  -10.000000   0.000000
DEBUG:    -0.000000   -9.000000
DEBUG:    0.000000  -10.000000   0.000000
DEBUG:    -0.000000   -9.000000
DEBUG:    0.000000  -10.000000   0.000000
DEBUG:    -0.000000   -9.000000
DEBUG:    0.000000  -10.000000   0.000000
DEBUG:    -0.000000   -9.000000
DEBUG:    0.000000  -10.000000   0.000000
DEBUG:    -0.000000   -9.000000
DEBUG:    0.000000  -10.000000   0.000000
DEBUG:    -0.000000   -9.000000
DEBUG:    0.000000  -10.000000   0.000000
DEBUG:    -0.000000   -9.000000
DEBUG:    0.000000  -10.000000   0.000000
DEBUG:    -0.000000   -9.000000
DEBUG:    0.000000  -10.000000   0.000000
DEBUG:    -0.000000   -9.000000
DEBUG:    0.000000  -10.000000   0.000000
DEBUG:    -0.000000   -9.000000
DEBUG:    0.000000  -8.333333   0.000000
DEBUG:    -0.000000   -7.333333
DEBUG:    0.000000  -6.944444   0.000000
DEBUG:    -0.000000   -5.944444
DEBUG:    0.000000  -5.787037   0.000000
DEBUG:    -0.000000   -4.787037
DEBUG:    0.000000  -4.822531   0.000000
DEBUG:    -0.000000   -3.822531
DEBUG:    0.000000  -4.018775   0.000000
DEBUG:    -0.000000   -3.018775
DEBUG:    0.000000  -3.348979   0.000000
DEBUG:    -0.000000   -2.348979
DEBUG:    0.000000  -2.790816   0.000000
DEBUG:    -0.000000   -1.790816
DEBUG:    0.000000  -2.325680   0.000000
DEBUG:    -0.000000   -1.325680
DEBUG:    0.000000  -1.938067   0.000000
DEBUG:    -0.000000   -0.938067
DEBUG:    0.000000  -1.615056   0.000000
DEBUG:    -0.000000   -0.615056
DEBUG:    0.000000  -1.345880   0.000000
DEBUG:    -0.000000   -0.345880
DEBUG:    0.000000  -1.121567   0.000000
DEBUG:    -0.000000   -0.121567
DEBUG:    0.000000  -0.934639   0.000000
DEBUG:    -0.000000   0.065361
DEBUG:    0.000000  -0.778866   0.000000
DEBUG:    -0.000000   0.221134
DEBUG:    0.000000  -0.649055   0.000000
DEBUG:    -0.000000   0.350945
DEBUG:    0.000000  -0.540879   0.000000
DEBUG:    -0.000000   0.459121
DEBUG:    0.000000  -0.450732   0.000000
DEBUG:    -0.000000   0.549268
DEBUG:    0.000000  -0.375610   0.000000
DEBUG:    -0.000000   0.624390
DEBUG:    0.000000  -0.313009   0.000000
DEBUG:    -0.000000   0.686991
DEBUG:    0.000000  -0.260841   0.000000
DEBUG:    -0.000000   0.739159
DEBUG:    0.000000  -0.217367   0.000000
DEBUG:    -0.000000   0.782633
DEBUG:    0.000000  -0.181139   0.000000
DEBUG:    -0.000000   0.818861
DEBUG:    0.000000  -0.150949   0.000000
DEBUG:    -0.000000   0.849051
DEBUG:    0.000000  -0.125791   0.000000
DEBUG:    -0.000000   0.874209
DEBUG:    0.000000  -0.104826   0.000000
DEBUG:    -0.000000   0.895174
WARNING:  Render update is behind -15381 microseconds! Current FPS: 21
DEBUG:    0.000000  -0.087355   0.000000
DEBUG:    -0.000000   0.912645
WARNING:  Render update is behind -2023 microseconds! Current FPS: 28
DEBUG:    0.000000  -0.072796   0.000000
DEBUG:    -0.000000   0.927204
WARNING:  Render update is behind -3093 microseconds! Current FPS: 27
DEBUG:    0.000000  -0.060663   0.000000
DEBUG:    -0.000000   0.939337
DEBUG:    0.000000  -0.050553   0.000000
DEBUG:    -0.000000   0.949447
DEBUG:    0.000000  -0.042127   0.000000
DEBUG:    -0.000000   0.957873
DEBUG:    0.000000  -0.035106   0.000000
DEBUG:    -0.000000   0.964894
DEBUG:    0.000000  -0.029255   0.000000
DEBUG:    -0.000000   0.970745
DEBUG:    0.000000  -0.024379   0.000000
DEBUG:    -0.000000   0.975621
DEBUG:    0.000000  -0.020316   0.000000
DEBUG:    -0.000000   0.979684
DEBUG:    0.000000  -0.016930   0.000000
DEBUG:    -0.000000   0.983070
DEBUG:    0.000000  -0.014108   0.000000
DEBUG:    -0.000000   0.985892
DEBUG:    0.000000  -0.011757   0.000000
DEBUG:    -0.000000   0.988243
DEBUG:    0.000000  -0.009797   0.000000
DEBUG:    -0.000000   0.990203
DEBUG:    0.000000  -0.008165   0.000000
DEBUG:    -0.000000   0.991835
DEBUG:    0.000000  -0.006804   0.000000
DEBUG:    -0.000000   0.993196
DEBUG:    0.000000  -0.005670   0.000000
DEBUG:    -0.000000   0.994330
DEBUG:    0.000000  -0.005670   0.000000
DEBUG:    -0.000000   0.994330
DEBUG:    0.000000  -0.005670   0.000000
DEBUG:    -0.000000   0.994330
DEBUG:    0.000000  -0.005670   0.000000
DEBUG:    -0.000000   0.994330
DEBUG:    0.000000  -0.005670   0.000000
DEBUG:    -0.000000   0.994330
DEBUG:    0.000000  -0.005670   0.000000
DEBUG:    -0.000000   0.994330
DEBUG:    0.000000  -0.005670   0.000000
DEBUG:    -0.000000   0.994330
DEBUG:    0.000000  -0.005670   0.000000
DEBUG:    -0.000000   0.994330
DEBUG:    0.000000  -0.005670   0.000000
DEBUG:    -0.000000   0.994330
DEBUG:    0.000000  -0.005670   0.000000
DEBUG:    -0.000000   0.994330
DEBUG:    0.000000  -0.005670   0.000000
DEBUG:    -0.000000   0.994330
DEBUG:    0.000000  -0.005670   0.000000
DEBUG:    -0.000000   0.994330
DEBUG:    0.000000  -0.005670   0.000000
DEBUG:    -0.000000   0.994330
DEBUG:    0.000000  -0.005670   0.000000
DEBUG:    -0.000000   0.994330
DEBUG:    0.000000  -0.005670   0.000000
DEBUG:    -0.000000   0.994330
DEBUG:    0.000000  -0.005670   0.000000
DEBUG:    -0.000000   0.994330
DEBUG:    0.000000  -0.005670   0.000000
DEBUG:    -0.000000   0.994330
DEBUG:    0.000000  -0.005670   0.000000
DEBUG:    -0.000000   0.994330
DEBUG:    0.000000  -0.005670   0.000000
DEBUG:    -0.000000   0.994330
DEBUG:    0.000000  -0.005670   0.000000
DEBUG:    -0.000000   0.994330
DEBUG:    0.000000  -0.005670   0.000000
DEBUG:    -0.000000   0.994330
DEBUG:    0.000000  -0.005670   0.000000
DEBUG:    -0.000000   0.994330
DEBUG:    0.000000  -0.005670   0.000000
DEBUG:    -0.000000   0.994330
DEBUG:    0.000000  -0.005670   0.000000
DEBUG:    -0.000000   0.994330
DEBUG:    0.000000  -0.005670   0.000000
DEBUG:    -0.000000   0.994330
DEBUG:    0.000000  -0.005670   0.000000
DEBUG:    -0.000000   0.994330
DEBUG:    0.000000  -0.005670   0.000000
DEBUG:    -0.000000   0.994330
DEBUG:    0.000000  -0.005670   0.000000
DEBUG:    -0.000000   0.994330
DEBUG:    0.000000  -0.005670   0.000000
DEBUG:    -0.000000   0.994330
DEBUG:    0.000000  -0.005670   0.000000
DEBUG:    -0.000000   0.994330
DEBUG:    0.000000  -0.005670   0.000000
DEBUG:    -0.000000   0.994330
DEBUG:    0.000000  -0.005670   0.000000
DEBUG:    -0.000000   0.994330
DEBUG:    0.000000  -0.004725   0.000000
DEBUG:    -0.000000   0.995275
DEBUG:    0.000000  -0.003937   0.000000
DEBUG:    -0.000000   0.996063
DEBUG:    0.000000  -0.003281   0.000000
DEBUG:    -0.000000   0.996719
DEBUG:    0.000000  -0.002734   0.000000
DEBUG:    -0.000000   0.997266
DEBUG:    0.000000  -0.002279   0.000000
DEBUG:    -0.000000   0.997721
DEBUG:    0.000000  -0.001899   0.000000
DEBUG:    -0.000000   0.998101
DEBUG:    0.000000  -0.001582   0.000000
DEBUG:    -0.000000   0.998418
DEBUG:    0.000000  -0.001319   0.000000
DEBUG:    -0.000000   0.998681
DEBUG:    0.000000  -0.001099   0.000000
DEBUG:    -0.000000   0.998901
DEBUG:    0.000000  -0.000916   0.000000
DEBUG:    -0.000000   0.999084
DEBUG:    0.000000  -0.000763   0.000000
DEBUG:    -0.000000   0.999237
DEBUG:    0.000000  -0.000636   0.000000
DEBUG:    -0.000000   0.999364
DEBUG:    0.000000  -0.000530   0.000000
DEBUG:    -0.000000   0.999470
DEBUG:    0.000000  -0.000442   0.000000
DEBUG:    -0.000000   0.999558
DEBUG:    0.000000  -0.000368   0.000000
DEBUG:    -0.000000   0.999632
DEBUG:    0.000000  -0.000307   0.000000
DEBUG:    -0.000000   0.999693
DEBUG:    0.000000  -0.000256   0.000000
DEBUG:    -0.000000   0.999744
DEBUG:    0.000000  -0.000213   0.000000
DEBUG:    -0.000000   0.999787
DEBUG:    0.000000  -0.000177   0.000000
DEBUG:    -0.000000   0.999823
DEBUG:    0.000000  -0.000177   0.000000
DEBUG:    -0.000000   0.999823
DEBUG:    0.000000  -0.000177   0.000000
DEBUG:    -0.000000   0.999823
DEBUG:    0.000000  -0.000177   0.000000
DEBUG:    -0.000000   0.999823
DEBUG:    0.000000  -0.000177   0.000000
DEBUG:    -0.000000   0.999823
DEBUG:    0.000000  -0.000177   0.000000
DEBUG:    -0.000000   0.999823
DEBUG:    0.000000  -0.000177   0.000000
DEBUG:    -0.000000   0.999823
DEBUG:    0.000000  -0.000177   0.000000
DEBUG:    -0.000000   0.999823
DEBUG:    0.000000  -0.000177   0.000000
DEBUG:    -0.000000   0.999823
DEBUG:    0.000000  -0.000177   0.000000
DEBUG:    -0.000000   0.999823
DEBUG:    0.000000  -0.000177   0.000000
DEBUG:    -0.000000   0.999823
DEBUG:    0.000000  -0.000177   0.000000
DEBUG:    -0.000000   0.999823
DEBUG:    0.000000  -0.000177   0.000000
DEBUG:    -0.000000   0.999823
DEBUG:    0.000000  -0.000177   0.000000
DEBUG:    -0.000000   0.999823
WARNING:  Render update is behind -3021 microseconds! Current FPS: 28
DEBUG:    0.000000  -0.000177   0.000000
DEBUG:    -0.000000   0.999823
DEBUG:    0.000000  -0.000177   0.000000
DEBUG:    -0.000000   0.999823
DEBUG:    0.000000  -0.000177   0.000000
DEBUG:    -0.000000   0.999823
DEBUG:    0.000000  -0.000177   0.000000
DEBUG:    -0.000000   0.999823
WARNING:  Render update is behind -8625 microseconds! Current FPS: 24
DEBUG:    0.000000  -0.000177   0.000000
DEBUG:    -0.000000   0.999823
DEBUG:    0.000000  -0.000177   0.000000
DEBUG:    -0.000000   0.999823
DEBUG:    0.000000  -0.000177   0.000000
DEBUG:    -0.000000   0.999823
DEBUG:    0.000000  -0.000177   0.000000
DEBUG:    -0.000000   0.999823
DEBUG:    0.000000  -0.000177   0.000000
DEBUG:    -0.000000   0.999823
DEBUG:    0.000000  -0.000177   0.000000
DEBUG:    -0.000000   0.999823
WARNING:  Render update is behind -6920 microseconds! Current FPS: 25
DEBUG:    0.000000  -0.000177   0.000000
DEBUG:    -0.000000   0.999823
DEBUG:    0.000000  -0.000177   0.000000
DEBUG:    -0.000000   0.999823
DEBUG:    0.000000  -0.000177   0.000000
DEBUG:    -0.000000   0.999823
DEBUG:    0.000000  -0.000177   0.000000
DEBUG:    -0.000000   0.999823
DEBUG:    0.000000  -0.000177   0.000000
DEBUG:    -0.000000   0.999823
DEBUG:    0.000000  -0.000177   0.000000
DEBUG:    -0.000000   0.999823
DEBUG:    0.000000  -0.000177   0.000000
DEBUG:    -0.000000   0.999823
DEBUG:    0.000000  -0.000177   0.000000
DEBUG:    -0.000000   0.999823
DEBUG:    0.000000  -0.000177   0.000000
DEBUG:    -0.000000   0.999823
DEBUG:    0.000000  -0.000177   0.000000
DEBUG:    -0.000000   0.999823
DEBUG:    0.000000  -0.000177   0.000000
DEBUG:    -0.000000   0.999823
DEBUG:    0.000000  -0.000177   0.000000
DEBUG:    -0.000000   0.999823
DEBUG:    0.000000  -0.000177   0.000000
DEBUG:    -0.000000   0.999823
DEBUG:    0.000000  -0.000177   0.000000
DEBUG:    -0.000000   0.999823
DEBUG:    0.000000  -0.000177   0.000000
DEBUG:    -0.000000   0.999823
DEBUG:    0.000000  -0.000177   0.000000
DEBUG:    -0.000000   0.999823
DEBUG:    0.000000  -0.000177   0.000000
DEBUG:    -0.000000   0.999823
DEBUG:    0.000000  -0.000177   0.000000
DEBUG:    -0.000000   0.999823
DEBUG:    0.000000  -0.000177   0.000000
DEBUG:    -0.000000   0.999823
DEBUG:    0.000000  -0.000177   0.000000
DEBUG:    -0.000000   0.999823
DEBUG:    0.000000  -0.000177   0.000000
DEBUG:    -0.000000   0.999823
DEBUG:    0.000000  -0.000177   0.000000
DEBUG:    -0.000000   0.999823
DEBUG:    0.000000  -0.000177   0.000000
DEBUG:    -0.000000   0.999823
DEBUG:    0.000000  -0.000177   0.000000
DEBUG:    -0.000000   0.999823
DEBUG:    0.000000  -0.000177   0.000000
DEBUG:    -0.000000   0.999823
DEBUG:    0.000000  -0.000177   0.000000
DEBUG:    -0.000000   0.999823
DEBUG:    0.000000  -0.000177   0.000000
DEBUG:    -0.000000   0.999823
DEBUG:    0.000000  -0.000177   0.000000
DEBUG:    -0.000000   0.999823
DEBUG:    0.000000  -0.000177   0.000000
DEBUG:    -0.000000   0.999823
DEBUG:    0.000000  -0.000177   0.000000
DEBUG:    -0.000000   0.999823
WARNING:  Render update is behind -4693 microseconds! Current FPS: 26
DEBUG:    0.000000  -0.000177   0.000000
DEBUG:    -0.000000   0.999823
DEBUG:    0.000000  -0.000177   0.000000
DEBUG:    -0.000000   0.999823
DEBUG:    0.000000  -0.000177   0.000000
DEBUG:    -0.000000   0.999823
DEBUG:    0.000000  -0.000177   0.000000
DEBUG:    -0.000000   0.999823
DEBUG:    0.000000  -0.000177   0.000000
DEBUG:    -0.000000   0.999823
DEBUG:    0.000000  -0.000177   0.000000
DEBUG:    -0.000000   0.999823
DEBUG:    0.000000  -0.000177   0.000000
DEBUG:    -0.000000   0.999823
DEBUG:    0.000000  -0.000177   0.000000
DEBUG:    -0.000000   0.999823
DEBUG:    0.000000  -0.000177   0.000000
DEBUG:    -0.000000   0.999823
DEBUG:    0.000000  -0.000177   0.000000
DEBUG:    -0.000000   0.999823
DEBUG:    0.000000  -0.000177   0.000000
DEBUG:    -0.000000   0.999823
DEBUG:    0.000000  -0.000177   0.000000
DEBUG:    -0.000000   0.999823
DEBUG:    0.000000  -0.000177   0.000000
DEBUG:    -0.000000   0.999823
DEBUG:    0.000000  -0.000177   0.000000
DEBUG:    -0.000000   0.999823
DEBUG:    0.000000  -0.000177   0.000000
DEBUG:    -0.000000   0.999823
DEBUG:    0.000000  -0.000177   0.000000
DEBUG:    -0.000000   0.999823
DEBUG:    0.000000  -0.000177   0.000000
DEBUG:    -0.000000   0.999823
WARNING:  Render update is behind -191 microseconds! Current FPS: 30
DEBUG:    0.000000  -0.000177   0.000000
DEBUG:    -0.000000   0.999823
DEBUG:    0.000000  -0.000177   0.000000
DEBUG:    -0.000000   0.999823
DEBUG:    0.000000  -0.000177   0.000000
DEBUG:    -0.000000   0.999823
DEBUG:    0.000000  -0.000177   0.000000
DEBUG:    -0.000000   0.999823
DEBUG:    0.000000  -0.000177   0.000000
DEBUG:    -0.000000   0.999823
DEBUG:    0.000000  -0.000177   0.000000
DEBUG:    -0.000000   0.999823
DEBUG:    0.000000  -0.000177   0.000000
DEBUG:    -0.000000   0.999823
DEBUG:    0.000000  -0.000177   0.000000
DEBUG:    -0.000000   0.999823
DEBUG:    0.000000  -0.000177   0.000000
DEBUG:    -0.000000   0.999823
DEBUG:    0.000000  -0.000177   0.000000
DEBUG:    -0.000000   0.999823
DEBUG:    0.000000  -0.000177   0.000000
DEBUG:    -0.000000   0.999823
DEBUG:    0.000000  -0.000177   0.000000
DEBUG:    -0.000000   0.999823
DEBUG:    0.000000  -0.000177   0.000000
DEBUG:    -0.000000   0.999823
DEBUG:    0.000000  -0.000177   0.000000
DEBUG:    -0.000000   0.999823
DEBUG:    0.000000  -0.000177   0.000000
DEBUG:    -0.000000   0.999823
DEBUG:    0.000000  -0.000177   0.000000
DEBUG:    -0.000000   0.999823
DEBUG:    0.000000  -0.000177   0.000000
DEBUG:    -0.000000   0.999823
WARNING:  Render update is behind -6777 microseconds! Current FPS: 25
DEBUG:    0.000000  -0.000177   0.000000
DEBUG:    -0.000000   0.999823
DEBUG:    0.000000  -0.000177   0.000000
DEBUG:    -0.000000   0.999823
DEBUG:    0.000000  -0.000177   0.000000
DEBUG:    -0.000000   0.999823
DEBUG:    0.000000  -0.000177   0.000000
DEBUG:    -0.000000   0.999823
DEBUG:    0.000000  -0.000177   0.000000
DEBUG:    -0.000000   0.999823
DEBUG:    0.000000  -0.000177   0.000000
DEBUG:    -0.000000   0.999823
DEBUG:    0.000000  -0.000177   0.000000
DEBUG:    -0.000000   0.999823
DEBUG:    0.000000  -0.000177   0.000000
DEBUG:    -0.000000   0.999823
DEBUG:    0.000000  -0.000177   0.000000
DEBUG:    -0.000000   0.999823
DEBUG:    0.000000  -0.000177   0.000000
DEBUG:    -0.000000   0.999823
DEBUG:    0.000000  -0.000177   0.000000
DEBUG:    -0.000000   0.999823
DEBUG:    0.000000  -0.000177   0.000000
DEBUG:    -0.000000   0.999823
DEBUG:    0.000000  -0.000177   0.000000
DEBUG:    -0.000000   0.999823
DEBUG:    0.000000  -0.000177   0.000000
DEBUG:    -0.000000   0.999823
DEBUG:    0.000000  -0.000177   0.000000
DEBUG:    -0.000000   0.999823
DEBUG:    0.000000  -0.000177   0.000000
DEBUG:    -0.000000   0.999823
DEBUG:    0.000000  -0.000177   0.000000
DEBUG:    -0.000000   0.999823
DEBUG:    0.000000  -0.000177   0.000000
DEBUG:    -0.000000   0.999823
DEBUG:    0.000000  -0.000177   0.000000
DEBUG:    -0.000000   0.999823
DEBUG:    0.000000  -0.000177   0.000000
DEBUG:    -0.000000   0.999823
DEBUG:    0.000000  -0.000177   0.000000
DEBUG:    -0.000000   0.999823
DEBUG:    0.000000  -0.000177   0.000000
DEBUG:    -0.000000   0.999823
DEBUG:    0.000000  -0.000177   0.000000
DEBUG:    -0.000000   0.999823
DEBUG:    0.000000  -0.000177   0.000000
DEBUG:    -0.000000   0.999823
DEBUG:    0.000000  -0.000177   0.000000
DEBUG:    -0.000000   0.999823
DEBUG:    0.000000  -0.000177   0.000000
DEBUG:    -0.000000   0.999823
DEBUG:    0.000000  -0.000177   0.000000
DEBUG:    -0.000000   0.999823
DEBUG:    0.000000  -0.000177   0.000000
DEBUG:    -0.000000   0.999823
DEBUG:    0.000000  -0.000177   0.000000
DEBUG:    -0.000000   0.999823
WARNING:  Render update is behind -536 microseconds! Current FPS: 30
DEBUG:    0.000000  -0.000177   0.000000
DEBUG:    -0.000000   0.999823
DEBUG:    0.000000  -0.000177   0.000000
DEBUG:    -0.000000   0.999823
DEBUG:    0.000000  -0.000177   0.000000
DEBUG:    -0.000000   0.999823
DEBUG:    0.000000  -0.000177   0.000000
DEBUG:    -0.000000   0.999823
DEBUG:    0.000000  -0.000177   0.000000
DEBUG:    -0.000000   0.999823
DEBUG:    0.000000  -0.000177   0.000000
DEBUG:    -0.000000   0.999823
DEBUG:    0.000000  -0.000177   0.000000
DEBUG:    -0.000000   0.999823
DEBUG:    0.000000  -0.000177   0.000000
DEBUG:    -0.000000   0.999823
DEBUG:    0.000000  -0.000177   0.000000
DEBUG:    -0.000000   0.999823
DEBUG:    0.000000  -0.000177   0.000000
DEBUG:    -0.000000   0.999823
DEBUG:    0.000000  -0.000177   0.000000
DEBUG:    -0.000000   0.999823
DEBUG:    0.000000  -0.000177   0.000000
DEBUG:    -0.000000   0.999823
DEBUG:    0.000000  -0.000177   0.000000
DEBUG:    -0.000000   0.999823
DEBUG:    0.000000  -0.000177   0.000000
DEBUG:    -0.000000   0.999823
WARNING:  Render update is behind -3538 microseconds! Current FPS: 27
DEBUG:    0.000000  -0.000177   0.000000
DEBUG:    -0.000000   0.999823
DEBUG:    0.000000  -0.000177   0.000000
DEBUG:    -0.000000   0.999823
DEBUG:    0.000000  -0.000177   0.000000
DEBUG:    -0.000000   0.999823
DEBUG:    0.000000  -0.000177   0.000000
DEBUG:    -0.000000   0.999823
DEBUG:    0.000000  -0.000177   0.000000
DEBUG:    -0.000000   0.999823
DEBUG:    0.000000  -0.000177   0.000000
DEBUG:    -0.000000   0.999823
DEBUG:    0.000000  -0.000177   0.000000
DEBUG:    -0.000000   0.999823
DEBUG:    0.000000  -0.000177   0.000000
DEBUG:    -0.000000   0.999823
DEBUG:    0.000000  -0.000177   0.000000
DEBUG:    -0.000000   0.999823
DEBUG:    0.000000  -0.000177   0.000000
DEBUG:    -0.000000   0.999823
DEBUG:    0.000000  -0.000177   0.000000
DEBUG:    -0.000000   0.999823
DEBUG:    0.000000  -0.000177   0.000000
DEBUG:    -0.000000   0.999823
DEBUG:    0.000000  -0.000177   0.000000
DEBUG:    -0.000000   0.999823
DEBUG:    0.000000  -0.000177   0.000000
DEBUG:    -0.000000   0.999823
DEBUG:    0.000000  -0.000177   0.000000
DEBUG:    -0.000000   0.999823
WARNING:  Render update is behind -23306 microseconds! Current FPS: 18
DEBUG:    0.000000  -0.000177   0.000000
DEBUG:    -0.000000   0.999823
DEBUG:    0.000000  -0.000177   0.000000
DEBUG:    -0.000000   0.999823
DEBUG:    0.000000  -0.000177   0.000000
DEBUG:    -0.000000   0.999823
DEBUG:    0.000000  -0.000177   0.000000
DEBUG:    -0.000000   0.999823
DEBUG:    0.000000  -0.000177   0.000000
DEBUG:    -0.000000   0.999823
DEBUG:    0.000000  -0.000177   0.000000
DEBUG:    -0.000000   0.999823
DEBUG:    0.000000  -0.000177   0.000000
DEBUG:    -0.000000   0.999823
DEBUG:    0.000000  -0.000177   0.000000
DEBUG:    -0.000000   0.999823