DEBUG:    Initializing...
DEBUG:    Getting video modes...
DEBUG:    Creating window with resolution of 1366x768...
DEBUG:    Loading images...
DEBUG:    Initializing Status_Menu...
DEBUG:    Starting window render loop...
DEBUG:    Starting window event loop...
INFO:     Initialization Finished
DEBUG:    Set FPS to 30
DEBUG:    1024
WARNING:  Render update is behind -47523 microseconds! Current FPS: 12
DEBUG:    1024
WARNING:  Render update is behind -17197 microseconds! Current FPS: 20
DEBUG:    1024
WARNING:  Render update is behind -30924 microseconds! Current FPS: 16
DEBUG:    1024
WARNING:  Render update is behind -20685 microseconds! Current FPS: 19
DEBUG:    1024
DEBUG:    1024
DEBUG:    1024
DEBUG:    1024
DEBUG:    1024
DEBUG:    1024
WARNING:  Render update is behind -201 microseconds! Current FPS: 30
DEBUG:    1024
DEBUG:    1024
DEBUG:    1024
DEBUG:    1024
DEBUG:    1024
DEBUG:    1024
DEBUG:    1024
DEBUG:    1024
DEBUG:    1024
DEBUG:    1024
DEBUG:    1024
DEBUG:    1024
WARNING:  Render update is behind -352 microseconds! Current FPS: 30
DEBUG:    1024
DEBUG:    1024
DEBUG:    1024
DEBUG:    1024
DEBUG:    1024
DEBUG:    1024
DEBUG:    1024
DEBUG:    1024
DEBUG:    1024
DEBUG:    1024
DEBUG:    1024
DEBUG:    1024
DEBUG:    1024
DEBUG:    1024
DEBUG:    1024
DEBUG:    1024
DEBUG:    1024
DEBUG:    1024
DEBUG:    1024
DEBUG:    1024
DEBUG:    1024
DEBUG:    1024
DEBUG:    1024
DEBUG:    1024
DEBUG:    1024
DEBUG:    1024
DEBUG:    1024
DEBUG:    1024
DEBUG:    1024
DEBUG:    1024
DEBUG:    1024
DEBUG:    1024
DEBUG:    1024
DEBUG:    1024
DEBUG:    1024
DEBUG:    1024
DEBUG:    1024
DEBUG:    1024
DEBUG:    1024
DEBUG:    1024
DEBUG:    1024
DEBUG:    1024
DEBUG:    1024
DEBUG:    1024
DEBUG:    1024
DEBUG:    1024
DEBUG:    1024
DEBUG:    1024
DEBUG:    1024
DEBUG:    1024
DEBUG:    1024
DEBUG:    1024
DEBUG:    1024
INFO:     Cleaning up...
