DEBUG:    Initializing...
DEBUG:    Initializing Main_Info...
DEBUG:    Found querty option.
DEBUG:    Getting video modes...
DEBUG:    Creating window with resolution of 1366x768...
DEBUG:    Loading images...
DEBUG:    Initializing Status_Menu...
DEBUG:    Starting window render loop...
DEBUG:    Starting window event loop...
INFO:     Initialization Finished
DEBUG:    Set FPS to 30
WARNING:  Render update is behind -44501 microseconds! Current FPS: 13
WARNING:  Render update is behind -2420 microseconds! Current FPS: 28
WARNING:  Render update is behind -2043 microseconds! Current FPS: 28
WARNING:  Render update is behind -12423 microseconds! Current FPS: 22
WARNING:  Render update is behind -1789 microseconds! Current FPS: 28
WARNING:  Render update is behind -10642 microseconds! Current FPS: 23
WARNING:  Render update is behind -841 microseconds! Current FPS: 29
WARNING:  Render update is behind -4407 microseconds! Current FPS: 26
WARNING:  Render update is behind -8782 microseconds! Current FPS: 24
WARNING:  Render update is behind -5708 microseconds! Current FPS: 26
WARNING:  Render update is behind -3081 microseconds! Current FPS: 27
WARNING:  Render update is behind -1188 microseconds! Current FPS: 29
WARNING:  Render update is behind -623 microseconds! Current FPS: 29
WARNING:  Render update is behind -249 microseconds! Current FPS: 30
INFO:     Cleaning up...
