DEBUG:    Initializing...
DEBUG:    Getting video modes...
DEBUG:    Creating window with resolution of 1366x768...
DEBUG:    Loading images...
DEBUG:    Initializing Status_Menu...
DEBUG:    Starting window render loop...
DEBUG:    Starting window event loop...
INFO:     Initialization Finished
DEBUG:    Set FPS to 30
DEBUG:    2079.000000
WARNING:  Render update is behind -27576 microseconds! Current FPS: 16
DEBUG:    2109.000000
WARNING:  Render update is behind -1768 microseconds! Current FPS: 28
DEBUG:    2139.000000
DEBUG:    2169.000000
DEBUG:    2199.000000
DEBUG:    2229.000000
DEBUG:    2259.000000
WARNING:  Render update is behind -10597 microseconds! Current FPS: 23
DEBUG:    2289.000000
WARNING:  Render update is behind -14759 microseconds! Current FPS: 21
DEBUG:    2319.000000
DEBUG:    2349.000000
DEBUG:    2379.000000
DEBUG:    2409.000000
DEBUG:    2439.000000
DEBUG:    2469.000000
DEBUG:    2499.000000
DEBUG:    2529.000000
DEBUG:    2559.000000
DEBUG:    2589.000000
DEBUG:    2619.000000
DEBUG:    2649.000000
DEBUG:    2679.000000
DEBUG:    2709.000000
DEBUG:    2739.000000
DEBUG:    2769.000000
DEBUG:    2799.000000
DEBUG:    2829.000000
DEBUG:    2859.000000
WARNING:  Render update is behind -1358 microseconds! Current FPS: 29
DEBUG:    2889.000000
DEBUG:    2919.000000
DEBUG:    2949.000000
DEBUG:    2979.000000
DEBUG:    3009.000000
DEBUG:    3039.000000
DEBUG:    3069.000000
DEBUG:    3099.000000
DEBUG:    3129.000000
DEBUG:    3159.000000
DEBUG:    3189.000000
DEBUG:    3219.000000
DEBUG:    3249.000000
DEBUG:    3279.000000
DEBUG:    3309.000000
DEBUG:    3339.000000
DEBUG:    3369.000000
DEBUG:    3399.000000
DEBUG:    2063.000000
DEBUG:    2093.000000
DEBUG:    2123.000000
DEBUG:    2153.000000
DEBUG:    2183.000000
WARNING:  Render update is behind -5877 microseconds! Current FPS: 26
DEBUG:    2213.000000
DEBUG:    2243.000000
DEBUG:    2273.000000
DEBUG:    2303.000000
DEBUG:    2333.000000
DEBUG:    2363.000000
DEBUG:    2393.000000
DEBUG:    2423.000000
DEBUG:    2453.000000
DEBUG:    2483.000000
DEBUG:    2513.000000
DEBUG:    2543.000000
DEBUG:    2573.000000
DEBUG:    2603.000000
DEBUG:    2633.000000
DEBUG:    2663.000000
WARNING:  Render update is behind -5645 microseconds! Current FPS: 26
DEBUG:    2693.000000
WARNING:  Render update is behind -1679 microseconds! Current FPS: 29
DEBUG:    2723.000000
DEBUG:    2753.000000
DEBUG:    2783.000000
DEBUG:    2813.000000
DEBUG:    2843.000000
DEBUG:    2873.000000
DEBUG:    2903.000000
DEBUG:    2933.000000
DEBUG:    2963.000000
DEBUG:    2993.000000
DEBUG:    3023.000000
DEBUG:    3053.000000
DEBUG:    3083.000000
DEBUG:    3113.000000
DEBUG:    3143.000000
DEBUG:    3173.000000
INFO:     Cleaning up...
