DEBUG:    Initializing...
DEBUG:    Initializing Main_Info...
DEBUG:    Found querty option.
DEBUG:    Getting video modes...
DEBUG:    Creating window with resolution of 1366x768...
DEBUG:    Loading images...
DEBUG:    Initializing Status_Menu...
DEBUG:    Starting window render loop...
DEBUG:    Starting window event loop...
INFO:     Initialization Finished
DEBUG:    Set FPS to 30
WARNING:  Render update is behind -8555 microseconds! Current FPS: 24
WARNING:  Render update is behind -18801 microseconds! Current FPS: 19
WARNING:  Render update is behind -5796 microseconds! Current FPS: 26
WARNING:  Render update is behind -10809 microseconds! Current FPS: 23
WARNING:  Render update is behind -2760 microseconds! Current FPS: 28
WARNING:  Render update is behind -9167 microseconds! Current FPS: 24
WARNING:  Render update is behind -1371 microseconds! Current FPS: 29
WARNING:  Render update is behind -4121 microseconds! Current FPS: 27
WARNING:  Render update is behind -4874 microseconds! Current FPS: 26
WARNING:  Render update is behind -675 microseconds! Current FPS: 29
WARNING:  Render update is behind -3057 microseconds! Current FPS: 27
WARNING:  Render update is behind -2742 microseconds! Current FPS: 28
WARNING:  Render update is behind -89 microseconds! Current FPS: 30
WARNING:  Render update is behind -4958 microseconds! Current FPS: 26
INFO:     Cleaning up...
