DEBUG:    Initializing...
DEBUG:    Initializing Main_Info...
DEBUG:    Found querty option.
DEBUG:    Getting video modes...
DEBUG:    Creating window with resolution of 1366x768...
DEBUG:    Loading images...
DEBUG:    Initializing Status_Menu...
DEBUG:    Starting window render loop...
DEBUG:    Starting window event loop...
INFO:     Initialization Finished
DEBUG:    Set FPS to 30
DEBUG:    0.000000
WARNING:  Render update is behind -66797 microseconds! Current FPS: 10
DEBUG:    90.000000
WARNING:  Render update is behind -20464 microseconds! Current FPS: 19
DEBUG:    180.000000
DEBUG:    270.000000
DEBUG:    0.000000
DEBUG:    90.000000
WARNING:  Render update is behind -548 microseconds! Current FPS: 30
DEBUG:    180.000000
DEBUG:    270.000000
WARNING:  Render update is behind -5761 microseconds! Current FPS: 26
DEBUG:    0.000000
WARNING:  Render update is behind -35566 microseconds! Current FPS: 15
DEBUG:    90.000000
DEBUG:    180.000000
DEBUG:    270.000000
DEBUG:    0.000000
DEBUG:    90.000000
DEBUG:    180.000000
DEBUG:    270.000000
DEBUG:    0.000000
DEBUG:    90.000000
DEBUG:    180.000000
DEBUG:    270.000000
DEBUG:    0.000000
DEBUG:    90.000000
WARNING:  Render update is behind -18971 microseconds! Current FPS: 19
DEBUG:    180.000000
WARNING:  Render update is behind -956 microseconds! Current FPS: 29
DEBUG:    270.000000
WARNING:  Render update is behind -5057 microseconds! Current FPS: 26
DEBUG:    0.000000
WARNING:  Render update is behind -1609 microseconds! Current FPS: 29
DEBUG:    90.000000
DEBUG:    180.000000
WARNING:  Render update is behind -3823 microseconds! Current FPS: 27
DEBUG:    270.000000
DEBUG:    0.000000
DEBUG:    90.000000
DEBUG:    180.000000
DEBUG:    270.000000
DEBUG:    0.000000
DEBUG:    90.000000
DEBUG:    180.000000
DEBUG:    270.000000
DEBUG:    0.000000
DEBUG:    90.000000
DEBUG:    180.000000
DEBUG:    270.000000
DEBUG:    0.000000
DEBUG:    90.000000
DEBUG:    180.000000
DEBUG:    270.000000
DEBUG:    0.000000
DEBUG:    90.000000
DEBUG:    180.000000
DEBUG:    270.000000
DEBUG:    0.000000
DEBUG:    90.000000
DEBUG:    180.000000
WARNING:  Render update is behind -9525 microseconds! Current FPS: 23
DEBUG:    270.000000
DEBUG:    0.000000
DEBUG:    90.000000
DEBUG:    180.000000
DEBUG:    270.000000
DEBUG:    0.000000
DEBUG:    90.000000
DEBUG:    180.000000
DEBUG:    270.000000
DEBUG:    0.000000
DEBUG:    90.000000
DEBUG:    180.000000
DEBUG:    270.000000
DEBUG:    0.000000
DEBUG:    90.000000
DEBUG:    180.000000
DEBUG:    270.000000
DEBUG:    0.000000
DEBUG:    90.000000
DEBUG:    180.000000
DEBUG:    270.000000
DEBUG:    0.000000
DEBUG:    90.000000
DEBUG:    180.000000
DEBUG:    270.000000
DEBUG:    0.000000
DEBUG:    90.000000
DEBUG:    180.000000
DEBUG:    270.000000
DEBUG:    0.000000
DEBUG:    90.000000
WARNING:  Render update is behind -2839 microseconds! Current FPS: 28
DEBUG:    180.000000
DEBUG:    270.000000
DEBUG:    0.000000
DEBUG:    90.000000
DEBUG:    180.000000
DEBUG:    270.000000
DEBUG:    0.000000
DEBUG:    90.000000
DEBUG:    90.000000
DEBUG:    27.500000
DEBUG:    283.333313
DEBUG:    153.125000
DEBUG:    308.449066
DEBUG:    107.744995
DEBUG:    215.374237
DEBUG:    344.134155
DEBUG:    73.991486
DEBUG:    134.337082
DEBUG:    172.512161
DEBUG:    194.230621
DEBUG:    263.917603
DEBUG:    314.980286
DEBUG:    351.691040
DEBUG:    17.415405
DEBUG:    34.795795
DEBUG:    45.898964
DEBUG:    52.334526
DEBUG:    55.349930
DEBUG:    55.906464
DEBUG:    54.739983
DEBUG:    52.409374
DEBUG:    49.335079
DEBUG:    45.829731
DEBUG:    42.122417
DEBUG:    38.377823
DEBUG:    34.711361
DEBUG:    31.201004
DEBUG:    27.896561
DEBUG:    24.826904
DEBUG:    22.005562
DEBUG:    19.435032
DEBUG:    17.110079
WARNING:  Render update is behind -372 microseconds! Current FPS: 30
DEBUG:    15.020248
WARNING:  Render update is behind -12358 microseconds! Current FPS: 22
DEBUG:    13.151748
DEBUG:    11.488852
DEBUG:    10.014928
DEBUG:    8.713178
DEBUG:    7.567152
DEBUG:    6.561101
DEBUG:    5.680202
DEBUG:    4.910684
DEBUG:    4.239888
DEBUG:    3.656283
DEBUG:    3.149438
DEBUG:    2.709978
DEBUG:    2.329520
DEBUG:    2.000605
DEBUG:    1.716619
DEBUG:    1.471723
DEBUG:    1.260774
DEBUG:    1.079261
DEBUG:    0.923231
DEBUG:    0.789231
DEBUG:    0.809103
DEBUG:    0.828975
DEBUG:    0.848848
DEBUG:    0.868720
DEBUG:    0.888592
DEBUG:    0.908464
DEBUG:    0.928336
DEBUG:    0.948208
DEBUG:    0.968080
DEBUG:    0.987952
DEBUG:    1.007825
DEBUG:    1.027697
DEBUG:    1.047569
DEBUG:    1.067441
DEBUG:    1.087313
DEBUG:    1.107185
DEBUG:    1.127057
DEBUG:    1.146929
DEBUG:    1.166801
DEBUG:    1.186673
DEBUG:    1.206545
DEBUG:    1.226417
DEBUG:    1.246289
DEBUG:    1.266161
WARNING:  Render update is behind -14355 microseconds! Current FPS: 21
DEBUG:    1.286034
DEBUG:    1.305906
DEBUG:    1.325778
DEBUG:    1.345650
DEBUG:    1.365522
DEBUG:    1.385394
DEBUG:    1.405266
DEBUG:    1.425138
DEBUG:    1.445010
DEBUG:    1.464882
DEBUG:    1.484754
DEBUG:    1.504626
DEBUG:    1.524498
WARNING:  Render update is behind -8126 microseconds! Current FPS: 24
DEBUG:    1.544370
DEBUG:    1.564242
DEBUG:    1.584115
DEBUG:    1.603987
DEBUG:    1.623859
DEBUG:    1.643731
DEBUG:    1.663603
DEBUG:    1.683475
DEBUG:    1.703347
DEBUG:    1.723219
DEBUG:    1.743091
DEBUG:    1.762963
DEBUG:    1.782835
DEBUG:    1.802707
DEBUG:    1.822579
DEBUG:    1.842451
DEBUG:    1.862324
DEBUG:    1.882196
DEBUG:    1.902068
DEBUG:    1.921940
DEBUG:    1.941812
DEBUG:    1.961684
DEBUG:    1.981556
DEBUG:    2.001428
DEBUG:    2.021300
DEBUG:    2.041173
DEBUG:    2.061045
DEBUG:    2.080917
DEBUG:    2.100789
DEBUG:    2.120661
DEBUG:    2.140533
DEBUG:    2.160406
WARNING:  Render update is behind -1300 microseconds! Current FPS: 29
DEBUG:    2.180278
WARNING:  Render update is behind -8470 microseconds! Current FPS: 24
DEBUG:    2.200150
DEBUG:    2.220022
DEBUG:    2.239894
WARNING:  Render update is behind -900 microseconds! Current FPS: 29
DEBUG:    2.259767
DEBUG:    2.279639
DEBUG:    2.299511
DEBUG:    2.319383
DEBUG:    2.339255
DEBUG:    2.359128
DEBUG:    2.379000
DEBUG:    2.398872
DEBUG:    2.418744
DEBUG:    2.438616
DEBUG:    2.458488
DEBUG:    2.478361
DEBUG:    2.498233
DEBUG:    2.518105
DEBUG:    2.537977
DEBUG:    2.557849
DEBUG:    2.577722
DEBUG:    2.597594
DEBUG:    2.617466
DEBUG:    2.637338
DEBUG:    2.657210
DEBUG:    2.677083
DEBUG:    2.696955
DEBUG:    2.716827
DEBUG:    2.736699
DEBUG:    2.756571
DEBUG:    2.776443
DEBUG:    2.796316
DEBUG:    2.816188
DEBUG:    2.836060
DEBUG:    2.855932
DEBUG:    2.875804
DEBUG:    2.895677
DEBUG:    2.915549
DEBUG:    2.935421
DEBUG:    2.955293
DEBUG:    2.975165
WARNING:  Render update is behind -2369 microseconds! Current FPS: 28
DEBUG:    2.995038
DEBUG:    3.014910
DEBUG:    3.034782
DEBUG:    3.054654
DEBUG:    3.074526
DEBUG:    3.094398
DEBUG:    3.114271
DEBUG:    3.134143
DEBUG:    3.154015
DEBUG:    3.173887
DEBUG:    3.193759
DEBUG:    3.213632
DEBUG:    3.233504
DEBUG:    3.253376
DEBUG:    3.273248
WARNING:  Render update is behind -9252 microseconds! Current FPS: 23
DEBUG:    3.293120
WARNING:  Render update is behind -4863 microseconds! Current FPS: 26
DEBUG:    3.312993
DEBUG:    3.332865
DEBUG:    3.352737
DEBUG:    3.372609
DEBUG:    3.392481
DEBUG:    3.412354
DEBUG:    3.432226
DEBUG:    3.452098
DEBUG:    3.471970
DEBUG:    3.491842
DEBUG:    3.511714
DEBUG:    3.531587
DEBUG:    3.551459
DEBUG:    3.571331
DEBUG:    3.591203
DEBUG:    3.611075
DEBUG:    3.630948
DEBUG:    3.650820
DEBUG:    3.670692
DEBUG:    3.690564
DEBUG:    3.710436
DEBUG:    3.730309
DEBUG:    3.750181
DEBUG:    3.770053
DEBUG:    3.789925
DEBUG:    3.809797
DEBUG:    3.829669
DEBUG:    3.849542
DEBUG:    3.869414
DEBUG:    3.889286
DEBUG:    3.909158
DEBUG:    3.929030
WARNING:  Render update is behind -2788 microseconds! Current FPS: 28
DEBUG:    3.948903
DEBUG:    3.968775
DEBUG:    3.988647
DEBUG:    4.008519
DEBUG:    4.028391
DEBUG:    4.048264
DEBUG:    4.068136
DEBUG:    4.088008
DEBUG:    4.107880
DEBUG:    4.127752
DEBUG:    4.147624
DEBUG:    4.167497
DEBUG:    4.187369
DEBUG:    4.207241
DEBUG:    4.227113
DEBUG:    4.246985
DEBUG:    4.266858
DEBUG:    4.286730
DEBUG:    4.106602
DEBUG:    3.726474
DEBUG:    3.146346
DEBUG:    2.366218
DEBUG:    1.386090
DEBUG:    0.205962
DEBUG:    358.825836
DEBUG:    357.245697
DEBUG:    355.465576
DEBUG:    353.485443
DEBUG:    351.505310
DEBUG:    349.525177
DEBUG:    347.545044
DEBUG:    345.564911
DEBUG:    343.584778
DEBUG:    341.604645
DEBUG:    339.624512
DEBUG:    337.644379
DEBUG:    335.664246
DEBUG:    333.884125
DEBUG:    332.303986
DEBUG:    330.923859
DEBUG:    329.743744
DEBUG:    328.563629
DEBUG:    327.383514
DEBUG:    326.203400
WARNING:  Render update is behind -10289 microseconds! Current FPS: 23
DEBUG:    325.023285
DEBUG:    323.843170
DEBUG:    322.663055
DEBUG:    321.482941
DEBUG:    320.302826
DEBUG:    319.122711
DEBUG:    317.942596
DEBUG:    316.762482
DEBUG:    315.582367
DEBUG:    314.402252
DEBUG:    313.222137
DEBUG:    312.042023
DEBUG:    310.861908
DEBUG:    309.681793
DEBUG:    308.501678
WARNING:  Render update is behind -5906 microseconds! Current FPS: 25
DEBUG:    307.321564
DEBUG:    306.341431
DEBUG:    305.561310
DEBUG:    304.981171
DEBUG:    304.601044
DEBUG:    304.220917
DEBUG:    303.840790
DEBUG:    303.460663
DEBUG:    303.080536
DEBUG:    302.700409
DEBUG:    302.320282
DEBUG:    301.940155
DEBUG:    301.560028
DEBUG:    301.179901
DEBUG:    300.799774
DEBUG:    300.419647
DEBUG:    300.039520
DEBUG:    299.659393
DEBUG:    299.279266
DEBUG:    298.899139
DEBUG:    298.519012
DEBUG:    298.138885
DEBUG:    297.758759
DEBUG:    297.378632
DEBUG:    296.998505
DEBUG:    296.618378
DEBUG:    296.238251
WARNING:  Render update is behind -11485 microseconds! Current FPS: 22
DEBUG:    295.858124
DEBUG:    295.477997
DEBUG:    295.297882
WARNING:  Render update is behind -3557 microseconds! Current FPS: 27
DEBUG:    295.317749
DEBUG:    295.537628
DEBUG:    295.757507
DEBUG:    295.977386
DEBUG:    296.197266
DEBUG:    296.417145
DEBUG:    296.637024
DEBUG:    296.856903
DEBUG:    297.076782
DEBUG:    297.296661
DEBUG:    297.516541
DEBUG:    297.736420
DEBUG:    297.956299
DEBUG:    298.176178
DEBUG:    298.396057
DEBUG:    298.615936
DEBUG:    298.835815
DEBUG:    299.055695
DEBUG:    299.275574
DEBUG:    299.495453
DEBUG:    299.715332
DEBUG:    299.935211
DEBUG:    300.155090
DEBUG:    300.374969
DEBUG:    300.594849
DEBUG:    300.814728
DEBUG:    301.034607
DEBUG:    301.254486
DEBUG:    301.474365
WARNING:  Render update is behind -18422 microseconds! Current FPS: 19
DEBUG:    301.694244
DEBUG:    301.914124
DEBUG:    302.134003
DEBUG:    302.353882
DEBUG:    302.573761
DEBUG:    302.793640
DEBUG:    303.013519
DEBUG:    303.233398
DEBUG:    303.453278
DEBUG:    303.673157
DEBUG:    303.893036
DEBUG:    304.112915
DEBUG:    304.332794
DEBUG:    304.552673
DEBUG:    304.772552
DEBUG:    304.992432
DEBUG:    305.212311
DEBUG:    305.432190
WARNING:  Render update is behind -2167 microseconds! Current FPS: 28
DEBUG:    305.652069
WARNING:  Render update is behind -16 microseconds! Current FPS: 30
DEBUG:    305.671936
WARNING:  Render update is behind -1196 microseconds! Current FPS: 29
DEBUG:    305.491821
DEBUG:    305.111694
WARNING:  Render update is behind -176 microseconds! Current FPS: 30
DEBUG:    304.531555
DEBUG:    303.951416
DEBUG:    303.371277
DEBUG:    302.791138
DEBUG:    302.210999
DEBUG:    301.630859
DEBUG:    301.050720
DEBUG:    300.470581
DEBUG:    299.890442
DEBUG:    299.310303
DEBUG:    298.730164
DEBUG:    298.150024
DEBUG:    297.569885
DEBUG:    297.189758
DEBUG:    297.009644
DEBUG:    297.029510
DEBUG:    297.049377
DEBUG:    297.069244
DEBUG:    297.089111
DEBUG:    297.108978
DEBUG:    297.128845
DEBUG:    297.148712
DEBUG:    297.168579
DEBUG:    297.188446
DEBUG:    297.208313
DEBUG:    297.228180
DEBUG:    297.248047
DEBUG:    297.267914
DEBUG:    297.287781
DEBUG:    297.307648
DEBUG:    297.327515
DEBUG:    297.347382
DEBUG:    297.367249
DEBUG:    297.387115
DEBUG:    297.406982
DEBUG:    297.426849
DEBUG:    297.446716
DEBUG:    297.466583
DEBUG:    297.486450
DEBUG:    297.506317
DEBUG:    307.938507
DEBUG:    316.629211
DEBUG:    323.869171
DEBUG:    329.900574
DEBUG:    334.925140
DEBUG:    339.110931
DEBUG:    342.597992
DEBUG:    345.502930
DEBUG:    347.922943
DEBUG:    349.938995
DEBUG:    351.618530
DEBUG:    353.017670
WARNING:  Render update is behind -4070 microseconds! Current FPS: 27
DEBUG:    354.183258
DEBUG:    355.154266
DEBUG:    355.963165
DEBUG:    356.637054
DEBUG:    357.198425
DEBUG:    357.666077
DEBUG:    358.055664
DEBUG:    358.380249
DEBUG:    358.650635
DEBUG:    358.875885
DEBUG:    359.063538
DEBUG:    359.219849
DEBUG:    359.350098
DEBUG:    359.458588
WARNING:  Render update is behind -1390 microseconds! Current FPS: 29
DEBUG:    359.548981
DEBUG:    359.624268
DEBUG:    359.686981
DEBUG:    359.739227
DEBUG:    359.782745
DEBUG:    359.819031
DEBUG:    359.849243
DEBUG:    359.874390
DEBUG:    359.895355
DEBUG:    359.912811
DEBUG:    359.927368
DEBUG:    359.939514
DEBUG:    359.949615
DEBUG:    359.958008
DEBUG:    359.964996
DEBUG:    359.970825
DEBUG:    359.975677
DEBUG:    359.979736
DEBUG:    359.983124
DEBUG:    359.985931
DEBUG:    359.988281
DEBUG:    359.990234
DEBUG:    359.991852
DEBUG:    359.993225
DEBUG:    359.994354
DEBUG:    359.995300
DEBUG:    359.996094
DEBUG:    359.996735
DEBUG:    359.997284
DEBUG:    359.997742
DEBUG:    359.998108
DEBUG:    359.998413
DEBUG:    359.998688
DEBUG:    359.998901
DEBUG:    359.999084
DEBUG:    359.999237
DEBUG:    359.999359
DEBUG:    359.999451
DEBUG:    359.999542
DEBUG:    359.999634
DEBUG:    359.999695
DEBUG:    359.999756
DEBUG:    359.999786
DEBUG:    359.999817
DEBUG:    359.999847
WARNING:  Render update is behind -3854 microseconds! Current FPS: 27
DEBUG:    359.999878
DEBUG:    359.999908
DEBUG:    359.999939
DEBUG:    359.999939
DEBUG:    359.999939
DEBUG:    359.999939
DEBUG:    359.999939
DEBUG:    359.999939
DEBUG:    359.999939
DEBUG:    359.999939
DEBUG:    359.999939
DEBUG:    359.999939
DEBUG:    359.999939
DEBUG:    359.999939
DEBUG:    359.999939
DEBUG:    359.999939
DEBUG:    359.999939
DEBUG:    359.999939
DEBUG:    359.999939
DEBUG:    359.999939
DEBUG:    359.999939
DEBUG:    359.999939
DEBUG:    359.799927
DEBUG:    359.399933
DEBUG:    358.999939
DEBUG:    358.599945
DEBUG:    358.199951
DEBUG:    357.799957
DEBUG:    357.399963
DEBUG:    356.999969
DEBUG:    356.599976
DEBUG:    356.199982
DEBUG:    355.799988
DEBUG:    355.399994
DEBUG:    355.833313
DEBUG:    356.250000
DEBUG:    356.643524
DEBUG:    357.010040
DEBUG:    357.347626
DEBUG:    357.655701
DEBUG:    357.934784
DEBUG:    358.185974
DEBUG:    358.410797
DEBUG:    358.611053
DEBUG:    358.788696
DEBUG:    358.945709
DEBUG:    359.084045
DEBUG:    359.205536
DEBUG:    359.311981
DEBUG:    359.404999
DEBUG:    359.486115
DEBUG:    359.556763
DEBUG:    359.618134
DEBUG:    359.671326
DEBUG:    359.717407
DEBUG:    359.757263
DEBUG:    359.791687
DEBUG:    359.821381
DEBUG:    359.846954
DEBUG:    359.868988
DEBUG:    359.887909
DEBUG:    359.904144
WARNING:  Render update is behind -9198 microseconds! Current FPS: 24
DEBUG:    359.918091
WARNING:  Render update is behind -6432 microseconds! Current FPS: 25
DEBUG:    359.930054
WARNING:  Render update is behind -1536 microseconds! Current FPS: 29
DEBUG:    359.940308
DEBUG:    359.949097
DEBUG:    359.956604
DEBUG:    359.963013
DEBUG:    359.968506
DEBUG:    359.973206
DEBUG:    359.977203
DEBUG:    359.980621
DEBUG:    359.983521
DEBUG:    359.985992
DEBUG:    359.988129
DEBUG:    359.989929
DEBUG:    359.991455
DEBUG:    359.992767
DEBUG:    359.993835
DEBUG:    359.994781
DEBUG:    359.995605
DEBUG:    359.996277
DEBUG:    359.996826
DEBUG:    359.997314
DEBUG:    359.997742
DEBUG:    359.998077
DEBUG:    359.998383
DEBUG:    359.998627
DEBUG:    359.998810
DEBUG:    359.999023
WARNING:  Render update is behind -11658 microseconds! Current FPS: 22
DEBUG:    359.999176
WARNING:  Render update is behind -6243 microseconds! Current FPS: 25
DEBUG:    359.999329
WARNING:  Render update is behind -669 microseconds! Current FPS: 29
DEBUG:    359.999451
WARNING:  Render update is behind -276 microseconds! Current FPS: 30
DEBUG:    359.999542
DEBUG:    359.999634
DEBUG:    359.999695
DEBUG:    359.999756
DEBUG:    359.999786
DEBUG:    359.999817
DEBUG:    359.999847
DEBUG:    359.999878
DEBUG:    359.999908
DEBUG:    359.999939
DEBUG:    359.999939
DEBUG:    359.999939
DEBUG:    359.999939
DEBUG:    359.999939
DEBUG:    359.999939
DEBUG:    359.999939
DEBUG:    359.999939
DEBUG:    359.999939
DEBUG:    359.999939
DEBUG:    359.999939
DEBUG:    359.999939
DEBUG:    0.166595
DEBUG:    0.444385
DEBUG:    0.624950
DEBUG:    0.732983
DEBUG:    0.787645
DEBUG:    0.803726
DEBUG:    0.792568
DEBUG:    0.762803
DEBUG:    0.720944
DEBUG:    0.671849
DEBUG:    0.619093
DEBUG:    0.565260
DEBUG:    0.512174
DEBUG:    0.461082
DEBUG:    0.412793
DEBUG:    0.367793
DEBUG:    0.326326
DEBUG:    0.288465
DEBUG:    0.254160
DEBUG:    0.389944
DEBUG:    0.640073
DEBUG:    0.962660
DEBUG:    1.326606
DEBUG:    1.709162
DEBUG:    2.094016
DEBUG:    2.469775
DEBUG:    2.828781
DEBUG:    3.166180
DEBUG:    3.479202
DEBUG:    3.766601
DEBUG:    4.028222
DEBUG:    4.264675
DEBUG:    4.477082
DEBUG:    4.666890
WARNING:  Render update is behind -5589 microseconds! Current FPS: 26
DEBUG:    4.835732
DEBUG:    4.985324
DEBUG:    5.117393
DEBUG:    5.233624
DEBUG:    5.335629
DEBUG:    5.424921
DEBUG:    5.502903
DEBUG:    5.570866
DEBUG:    5.629982
DEBUG:    5.681314
DEBUG:    5.559146
DEBUG:    5.319887
DEBUG:    5.005960
DEBUG:    4.648901
DEBUG:    4.271808
DEBUG:    3.891275
DEBUG:    3.518926
DEBUG:    3.162602
DEBUG:    2.827305
DEBUG:    2.515924
DEBUG:    2.229800
DEBUG:    1.969163
DEBUG:    1.733467
DEBUG:    1.521637
DEBUG:    1.332265
DEBUG:    1.163750
DEBUG:    1.014399
DEBUG:    0.882505
DEBUG:    0.766398
DEBUG:    0.664479
DEBUG:    0.575245
DEBUG:    0.497297
DEBUG:    0.429353
DEBUG:    0.370244
DEBUG:    0.318911
DEBUG:    0.274404
DEBUG:    0.235874
DEBUG:    0.202566
DEBUG:    0.173808
DEBUG:    0.149009
DEBUG:    0.127648
DEBUG:    0.109269
DEBUG:    0.093470
DEBUG:    0.246569
DEBUG:    0.512705
DEBUG:    0.849947
DEBUG:    1.060533
DEBUG:    1.177314
DEBUG:    1.225709
DEBUG:    1.225269
DEBUG:    1.190928
DEBUG:    1.133999
DEBUG:    1.062965
DEBUG:    0.984109
DEBUG:    0.902011
DEBUG:    0.819943
DEBUG:    0.740175
DEBUG:    0.664221
DEBUG:    0.593024
DEBUG:    0.527108
DEBUG:    0.466692
DEBUG:    0.411773
DEBUG:    0.362196
DEBUG:    0.317707
DEBUG:    0.277986
DEBUG:    0.242681
DEBUG:    0.211422
DEBUG:    0.183842
DEBUG:    0.159582
DEBUG:    0.138302
DEBUG:    0.119683
DEBUG:    0.103428
DEBUG:    0.089267
DEBUG:    0.076953
DEBUG:    0.066265
DEBUG:    0.057001
DEBUG:    0.048985
DEBUG:    0.042057
DEBUG:    0.036078
DEBUG:    0.030924
DEBUG:    0.026486
DEBUG:    0.022668
DEBUG:    0.019387
DEBUG:    0.016570
DEBUG:    0.014153
DEBUG:    0.012082
DEBUG:    0.010308
DEBUG:    0.008790
DEBUG:    0.007491
DEBUG:    0.006381
DEBUG:    0.005433
DEBUG:    0.004624
DEBUG:    0.003934
DEBUG:    0.003345
DEBUG:    0.002843
DEBUG:    0.002416
DEBUG:    0.002052
DEBUG:    0.001742
DEBUG:    0.001479
DEBUG:    0.001255
DEBUG:    0.001064
DEBUG:    0.000902
DEBUG:    0.000765
DEBUG:    0.000648
DEBUG:    0.000549
DEBUG:    0.000465
DEBUG:    0.000394
DEBUG:    0.000333
DEBUG:    0.000282
DEBUG:    0.000239
DEBUG:    0.000202
DEBUG:    0.000171
DEBUG:    0.000144
DEBUG:    0.000122
DEBUG:    0.000103
DEBUG:    0.000087
DEBUG:    0.000074
DEBUG:    0.000062
DEBUG:    0.000053
DEBUG:    0.000044
WARNING:  Render update is behind -970 microseconds! Current FPS: 29
DEBUG:    0.000037
DEBUG:    0.166698
DEBUG:    0.444471
DEBUG:    0.625023
DEBUG:    0.733044
DEBUG:    0.787696
DEBUG:    0.803769
DEBUG:    0.792603
DEBUG:    0.762833
DEBUG:    0.720969
DEBUG:    0.671870
DEBUG:    0.619110
DEBUG:    0.565274
DEBUG:    0.512186
DEBUG:    0.461092
DEBUG:    0.412802
DEBUG:    0.367800
DEBUG:    0.326332
DEBUG:    0.288471
DEBUG:    0.254164
DEBUG:    0.223281
DEBUG:    0.195631
DEBUG:    0.170996
DEBUG:    0.149139
DEBUG:    0.129817
DEBUG:    0.112793
DEBUG:    0.097838
DEBUG:    0.084735
DEBUG:    0.073281
DEBUG:    0.063292
DEBUG:    0.054597
DEBUG:    0.047042
DEBUG:    0.040489
DEBUG:    0.034814
DEBUG:    0.029905
DEBUG:    0.025666
DEBUG:    0.022009
DEBUG:    0.018858
DEBUG:    0.016146
DEBUG:    0.013814
DEBUG:    0.011811
DEBUG:    0.010092
DEBUG:    0.008618
DEBUG:    0.007355
DEBUG:    0.006274
DEBUG:    0.005348
DEBUG:    0.004557
DEBUG:    0.003881
DEBUG:    0.003304
DEBUG:    0.002811
DEBUG:    0.002391
DEBUG:    0.002033
DEBUG:    0.001728
DEBUG:    0.001468
DEBUG:    0.001246
DEBUG:    0.001058
DEBUG:    0.000898
DEBUG:    0.000762
DEBUG:    0.000646
DEBUG:    0.000548
DEBUG:    0.000464
DEBUG:    0.000393
DEBUG:    0.000333
DEBUG:    0.000282
DEBUG:    0.000239
DEBUG:    0.000202
DEBUG:    0.000171
DEBUG:    0.000145
DEBUG:    0.000123
DEBUG:    0.000104
DEBUG:    0.000088
DEBUG:    0.000074
DEBUG:    0.000063
DEBUG:    0.000053
DEBUG:    0.000045
DEBUG:    0.000038
DEBUG:    0.000038
DEBUG:    0.000039
DEBUG:    0.000039
DEBUG:    0.000040
DEBUG:    0.000040
DEBUG:    0.000041
DEBUG:    0.000041
DEBUG:    0.000042
DEBUG:    0.000042
DEBUG:    0.000043
DEBUG:    0.000043
DEBUG:    0.000044
DEBUG:    0.000044
DEBUG:    0.000045
DEBUG:    0.000045
DEBUG:    0.000046
DEBUG:    0.000046
DEBUG:    0.000047
DEBUG:    0.000047
DEBUG:    0.000048
DEBUG:    0.000048
DEBUG:    0.000049
DEBUG:    0.000049
DEBUG:    0.000050
DEBUG:    0.000050
DEBUG:    0.000051
DEBUG:    0.000051
DEBUG:    0.000052
WARNING:  Render update is behind -871 microseconds! Current FPS: 29
DEBUG:    0.000052
DEBUG:    0.000053
DEBUG:    0.000053
DEBUG:    0.000054
DEBUG:    0.000054
DEBUG:    0.000055
DEBUG:    0.000055
DEBUG:    0.000056
DEBUG:    0.000056
DEBUG:    0.000057
DEBUG:    0.000058
DEBUG:    0.000058
DEBUG:    0.000059
DEBUG:    0.000059
DEBUG:    0.000060
DEBUG:    0.000060
DEBUG:    0.000061
DEBUG:    0.000061
DEBUG:    0.000062
DEBUG:    0.000062
DEBUG:    0.000063
DEBUG:    0.000063
DEBUG:    0.000064
DEBUG:    0.000064
DEBUG:    0.000065
DEBUG:    0.000065
DEBUG:    0.000066
DEBUG:    0.000066
DEBUG:    0.000067
DEBUG:    0.000067
DEBUG:    0.000068
DEBUG:    0.000068
DEBUG:    0.000069
DEBUG:    0.000069
DEBUG:    0.000070
DEBUG:    0.000070
DEBUG:    0.000071
DEBUG:    0.000071
DEBUG:    0.000072
DEBUG:    0.000072
DEBUG:    0.000073
DEBUG:    0.000073
DEBUG:    0.000074
DEBUG:    0.000074
DEBUG:    0.000075
DEBUG:    0.000075
DEBUG:    0.000076
DEBUG:    0.000076
DEBUG:    359.800079
DEBUG:    359.400085
DEBUG:    358.800079
DEBUG:    358.000092
DEBUG:    357.200104
DEBUG:    356.400116
DEBUG:    355.600128
DEBUG:    354.800140
DEBUG:    354.000153
DEBUG:    353.200165
DEBUG:    352.400177
DEBUG:    351.600189
DEBUG:    350.800201
DEBUG:    350.000214
DEBUG:    349.200226
DEBUG:    348.400238
DEBUG:    347.600250
DEBUG:    346.800262
DEBUG:    346.000275
DEBUG:    345.200287
DEBUG:    344.400299
DEBUG:    343.600311
DEBUG:    342.800323
DEBUG:    342.000336
DEBUG:    341.200348
DEBUG:    340.400360
DEBUG:    339.400360
DEBUG:    338.200348
DEBUG:    336.800354
DEBUG:    335.200348
DEBUG:    333.400360
DEBUG:    331.600372
WARNING:  Render update is behind -2351 microseconds! Current FPS: 28
DEBUG:    329.800385
DEBUG:    328.000397
DEBUG:    326.200409
DEBUG:    324.400421
DEBUG:    322.600433
DEBUG:    320.800446
DEBUG:    319.000458
DEBUG:    317.200470
DEBUG:    315.400482
DEBUG:    313.600494
DEBUG:    311.800507
DEBUG:    310.000519
DEBUG:    308.200531
DEBUG:    306.400543
DEBUG:    304.600555
DEBUG:    302.800568
DEBUG:    301.000580
DEBUG:    299.200592
DEBUG:    297.400604
DEBUG:    295.600616
DEBUG:    293.800629
DEBUG:    292.000641
DEBUG:    290.200653
DEBUG:    288.400665
DEBUG:    286.600677
DEBUG:    284.800690
DEBUG:    283.000702
DEBUG:    281.200714
DEBUG:    279.400726
DEBUG:    277.600739
DEBUG:    275.800751
DEBUG:    274.000763
DEBUG:    272.200775
DEBUG:    270.400787
DEBUG:    268.600800
DEBUG:    266.800812
DEBUG:    265.000824
DEBUG:    263.200836
DEBUG:    261.400848
DEBUG:    259.600861
DEBUG:    257.800873
DEBUG:    256.000885
DEBUG:    254.200882
DEBUG:    252.400879
DEBUG:    250.600876
DEBUG:    248.800873
DEBUG:    247.000870
DEBUG:    245.200867
DEBUG:    243.400864
DEBUG:    241.600861
DEBUG:    241.600861
DEBUG:    246.600861
DEBUG:    256.600861
DEBUG:    271.600861
DEBUG:    291.600861
DEBUG:    316.600861
DEBUG:    346.600861
DEBUG:    21.600861
DEBUG:    61.600861
DEBUG:    106.600861
DEBUG:    156.600861
DEBUG:    211.600861
DEBUG:    271.600861
DEBUG:    336.600861
DEBUG:    46.600861
DEBUG:    121.600861
DEBUG:    201.600861
DEBUG:    286.600861
DEBUG:    16.600861
DEBUG:    111.600861
DEBUG:    211.600861
DEBUG:    316.600861
DEBUG:    66.600861
DEBUG:    181.600861
WARNING:  Render update is behind -1849 microseconds! Current FPS: 28
DEBUG:    296.600861
DEBUG:    51.600861
DEBUG:    166.600861
DEBUG:    281.600861
DEBUG:    36.600861
DEBUG:    151.600861
DEBUG:    266.600861
DEBUG:    21.600861
DEBUG:    136.600861
DEBUG:    251.600861
DEBUG:    6.600861
DEBUG:    121.600861
DEBUG:    236.600861
DEBUG:    353.000732
DEBUG:    74.028381
DEBUG:    128.241241
DEBUG:    162.326813
DEBUG:    181.488266
DEBUG:    249.753479
DEBUG:    300.222290
DEBUG:    336.930573
DEBUG:    3.063263
DEBUG:    21.125862
DEBUG:    33.082504
DEBUG:    38.082504
DEBUG:    48.082504
WARNING:  Render update is behind -177 microseconds! Current FPS: 30
DEBUG:    63.082504
DEBUG:    83.082504
DEBUG:    108.082504
DEBUG:    138.082504
DEBUG:    173.082504
DEBUG:    213.082504
DEBUG:    258.082520
DEBUG:    308.082520
DEBUG:    3.082520
DEBUG:    63.082520
DEBUG:    128.082520
DEBUG:    198.082520
DEBUG:    273.082520
DEBUG:    353.082520
DEBUG:    78.082520
DEBUG:    168.082520
WARNING:  Render update is behind -17 microseconds! Current FPS: 30
DEBUG:    263.082520
DEBUG:    3.082520
DEBUG:    108.082520
DEBUG:    218.082520
DEBUG:    333.082520
DEBUG:    93.082520
DEBUG:    218.082520
DEBUG:    348.082520
DEBUG:    123.082520
DEBUG:    263.082520
DEBUG:    48.082520
DEBUG:    198.082520
WARNING:  Render update is behind -961 microseconds! Current FPS: 29
DEBUG:    353.082520
DEBUG:    153.082520
WARNING:  Render update is behind -2122 microseconds! Current FPS: 28
DEBUG:    318.082520
DEBUG:    128.082520
DEBUG:    303.082520
DEBUG:    123.082520
WARNING:  Render update is behind -248 microseconds! Current FPS: 30
DEBUG:    308.082520
WARNING:  Render update is behind -1547 microseconds! Current FPS: 29
DEBUG:    138.082520
WARNING:  Render update is behind -3730 microseconds! Current FPS: 27
DEBUG:    333.082520
DEBUG:    168.082520
DEBUG:    3.082520
DEBUG:    198.082520
DEBUG:    33.082520
DEBUG:    228.082520
DEBUG:    63.082520
DEBUG:    258.082520
DEBUG:    93.082520
DEBUG:    288.082520
DEBUG:    123.082520
DEBUG:    318.082520
DEBUG:    153.082520
DEBUG:    348.082520
DEBUG:    183.082520
DEBUG:    18.082520
WARNING:  Render update is behind -14 microseconds! Current FPS: 30
DEBUG:    213.082520
DEBUG:    48.082520
DEBUG:    243.082520
DEBUG:    78.082520
DEBUG:    273.082520
DEBUG:    108.082520
DEBUG:    303.082520
DEBUG:    138.082520
DEBUG:    333.082520
DEBUG:    168.082520
DEBUG:    3.082520
DEBUG:    198.082520
DEBUG:    33.082520
DEBUG:    228.082520
DEBUG:    52.568787
DEBUG:    179.223999
DEBUG:    262.200562
DEBUG:    12.539825
DEBUG:    88.815987
DEBUG:    139.318436
DEBUG:    170.519623
DEBUG:    187.450455
DEBUG:    254.001022
DEBUG:    303.161102
DEBUG:    338.878906
DEBUG:    4.269623
DEBUG:    21.783480
DEBUG:    33.340782
DEBUG:    40.440556
DEBUG:    44.247604
DEBUG:    45.662289
DEBUG:    45.376308
DEBUG:    43.917259
DEBUG:    41.684109
DEBUG:    38.975414
DEBUG:    36.011726
DEBUG:    32.953285
DEBUG:    29.913998
DEBUG:    26.972437
DEBUG:    24.180454
DEBUG:    21.569897
DEBUG:    19.157846
DEBUG:    16.950649
DEBUG:    14.947021
DEBUG:    13.140419
DEBUG:    11.520822
DEBUG:    10.076079
DEBUG:    8.792893
DEBUG:    7.657546
DEBUG:    6.656400
DEBUG:    5.776260
DEBUG:    5.004600
DEBUG:    4.329708
DEBUG:    3.740764
DEBUG:    3.227865
DEBUG:    2.782022
DEBUG:    2.395130
DEBUG:    2.059924
DEBUG:    1.769922
DEBUG:    1.519367
DEBUG:    1.303166
DEBUG:    1.116827
DEBUG:    0.956403
DEBUG:    0.818430
DEBUG:    0.839857
DEBUG:    0.861285
DEBUG:    0.882712
DEBUG:    0.904140
DEBUG:    0.925567
DEBUG:    0.946995
DEBUG:    0.968422
DEBUG:    0.989850
DEBUG:    1.011277
DEBUG:    0.860587
DEBUG:    0.732036
DEBUG:    0.622431
DEBUG:    0.529026
DEBUG:    0.449466
DEBUG:    0.381731
DEBUG:    0.324089
DEBUG:    0.275058
DEBUG:    0.233368
DEBUG:    0.197934
DEBUG:    0.167829
DEBUG:    0.142260
DEBUG:    0.120553
DEBUG:    0.102130
DEBUG:    0.086499
DEBUG:    0.073241
DEBUG:    0.062000
DEBUG:    0.052472
DEBUG:    0.044397
DEBUG:    0.037557
DEBUG:    0.031763
DEBUG:    0.026857
DEBUG:    0.022704
DEBUG:    0.019190
DEBUG:    0.016216
DEBUG:    0.013701
DEBUG:    0.011573
DEBUG:    0.009774
DEBUG:    0.008254
DEBUG:    0.006968
DEBUG:    0.005882
DEBUG:    0.004964
WARNING:  Render update is behind -7104 microseconds! Current FPS: 25
DEBUG:    0.004189
DEBUG:    0.003535
DEBUG:    0.002982
DEBUG:    0.002515
DEBUG:    0.002121
DEBUG:    0.001789
DEBUG:    0.001508
DEBUG:    0.001271
DEBUG:    0.001071
DEBUG:    0.000903
DEBUG:    0.000761
DEBUG:    0.000641
DEBUG:    0.000540
DEBUG:    0.000455
DEBUG:    0.000383
DEBUG:    0.000323
DEBUG:    359.833618
DEBUG:    359.555817
DEBUG:    359.208557
DEBUG:    358.822723
DEBUG:    358.420807
DEBUG:    358.018921
DEBUG:    357.628174
DEBUG:    357.256042
DEBUG:    356.907196
DEBUG:    356.584167
DEBUG:    356.288055
DEBUG:    356.018860
DEBUG:    355.775848
DEBUG:    355.557739
DEBUG:    355.363037
DEBUG:    355.189941
DEBUG:    355.036682
DEBUG:    354.901459
DEBUG:    354.782532
DEBUG:    354.678192
WARNING:  Render update is behind -7073 microseconds! Current FPS: 25
DEBUG:    354.586884
DEBUG:    354.507202
DEBUG:    354.437775
DEBUG:    354.377380
DEBUG:    354.324951
DEBUG:    354.279510
DEBUG:    354.240204
DEBUG:    354.206238
DEBUG:    354.176941
DEBUG:    354.151672
DEBUG:    354.129913
DEBUG:    354.111206
DEBUG:    354.261780
DEBUG:    354.525726
DEBUG:    354.861115
DEBUG:    355.236755
DEBUG:    355.629944
DEBUG:    356.024353
DEBUG:    356.408691
DEBUG:    356.775360
DEBUG:    357.119568
DEBUG:    357.438599
DEBUG:    357.731323
DEBUG:    357.997620
DEBUG:    358.238159
DEBUG:    358.454132
DEBUG:    358.647064
DEBUG:    358.818634
DEBUG:    358.970581
DEBUG:    359.104706
DEBUG:    359.222687
DEBUG:    359.326233
DEBUG:    359.416870
DEBUG:    359.496002
DEBUG:    359.564972
DEBUG:    359.624939
DEBUG:    359.677002
DEBUG:    359.722137
DEBUG:    359.761169
DEBUG:    359.794922
DEBUG:    359.824066
DEBUG:    359.849182
DEBUG:    359.870819
DEBUG:    359.889404
DEBUG:    359.905396
DEBUG:    359.919159
DEBUG:    359.930939
DEBUG:    359.941040
DEBUG:    359.949707
DEBUG:    359.957123
DEBUG:    359.963440
DEBUG:    359.968872
DEBUG:    359.973480
DEBUG:    359.977448
DEBUG:    359.980804
DEBUG:    359.983673
DEBUG:    359.986115
DEBUG:    359.988220
DEBUG:    359.989990
DEBUG:    359.991516
DEBUG:    359.992798
WARNING:  Render update is behind -1878 microseconds! Current FPS: 28
DEBUG:    359.993866
DEBUG:    359.994781
DEBUG:    359.995605
DEBUG:    359.829620
DEBUG:    359.552429
DEBUG:    359.205688
DEBUG:    358.820282
DEBUG:    358.585419
DEBUG:    358.461609
DEBUG:    358.418365
DEBUG:    358.432281
DEBUG:    358.485474
DEBUG:    358.564484
DEBUG:    358.659241
DEBUG:    358.762268
DEBUG:    358.868225
DEBUG:    358.973236
DEBUG:    359.074646
DEBUG:    359.170807
DEBUG:    359.260620
DEBUG:    359.343536
DEBUG:    359.419342
DEBUG:    359.488098
DEBUG:    359.550079
DEBUG:    359.605621
DEBUG:    359.655151
DEBUG:    359.699097
DEBUG:    359.737976
DEBUG:    359.772278
DEBUG:    359.802429
DEBUG:    359.828857
DEBUG:    359.851959
DEBUG:    359.872131
DEBUG:    359.889648
DEBUG:    359.904907
DEBUG:    359.918121
DEBUG:    359.929596
DEBUG:    359.939514
DEBUG:    359.948059
DEBUG:    359.955475
DEBUG:    359.961853
DEBUG:    359.967316
DEBUG:    359.972046
DEBUG:    359.976105
DEBUG:    359.979584
DEBUG:    359.982544
DEBUG:    359.985077
DEBUG:    359.987244
DEBUG:    359.989136
DEBUG:    359.990723
DEBUG:    359.992096
DEBUG:    359.993256
DEBUG:    359.994263
DEBUG:    359.995117
DEBUG:    359.995850
DEBUG:    359.996490
DEBUG:    359.997009
DEBUG:    359.997437
DEBUG:    359.997833
DEBUG:    359.998169
WARNING:  Render update is behind -2372 microseconds! Current FPS: 28
DEBUG:    359.998444
DEBUG:    359.998688
DEBUG:    359.998871
DEBUG:    359.999023
DEBUG:    359.999176
DEBUG:    359.999329
DEBUG:    359.999451
DEBUG:    359.999542
DEBUG:    359.999634
DEBUG:    359.999695
DEBUG:    359.999756
DEBUG:    359.999786
DEBUG:    359.999817
DEBUG:    359.999847
DEBUG:    359.999878
DEBUG:    359.999908
DEBUG:    0.166595
DEBUG:    0.444384
DEBUG:    0.791615
DEBUG:    1.177425
DEBUG:    1.579310
DEBUG:    1.814526
DEBUG:    1.927467
DEBUG:    1.952358
DEBUG:    1.915411
DEBUG:    1.836548
DEBUG:    1.730766
WARNING:  Render update is behind -4622 microseconds! Current FPS: 26
DEBUG:    1.609230
WARNING:  Render update is behind -11615 microseconds! Current FPS: 22
DEBUG:    1.480129
DEBUG:    1.349361
DEBUG:    1.221067
DEBUG:    1.098056
DEBUG:    0.982130
DEBUG:    0.874345
DEBUG:    0.775206
DEBUG:    0.684826
DEBUG:    0.603040
DEBUG:    0.529492
DEBUG:    0.463710
DEBUG:    0.405147
DEBUG:    0.353224
DEBUG:    0.307354
DEBUG:    0.266963
DEBUG:    0.231498
DEBUG:    0.200439
DEBUG:    0.173302
DEBUG:    0.149643
DEBUG:    0.129057
DEBUG:    0.111176
DEBUG:    0.095670
DEBUG:    0.082245
DEBUG:    0.070637
DEBUG:    0.060614
DEBUG:    0.051970
DEBUG:    0.044523
DEBUG:    0.038115
DEBUG:    0.032607
WARNING:  Render update is behind -3400 microseconds! Current FPS: 27
DEBUG:    0.027875
DEBUG:    0.023816
DEBUG:    0.020335
DEBUG:    0.017352
DEBUG:    0.014800
DEBUG:    0.012616
DEBUG:    0.010748
DEBUG:    0.009153
DEBUG:    0.007791
DEBUG:    0.006629
DEBUG:    0.005638
DEBUG:    0.004793
DEBUG:    0.004073
WARNING:  Render update is behind -2357 microseconds! Current FPS: 28
DEBUG:    0.003460
WARNING:  Render update is behind -8613 microseconds! Current FPS: 24
DEBUG:    0.002938
DEBUG:    0.002494
DEBUG:    0.002116
DEBUG:    0.001795
DEBUG:    0.001522
DEBUG:    0.001549
DEBUG:    0.001575
DEBUG:    0.001602
DEBUG:    0.001628
DEBUG:    0.001655
DEBUG:    0.001681
DEBUG:    0.001707
DEBUG:    0.001734
DEBUG:    0.001760
DEBUG:    0.001787
DEBUG:    0.001813
DEBUG:    0.001839
DEBUG:    0.001866
DEBUG:    0.001892
DEBUG:    0.001919
DEBUG:    0.001945
DEBUG:    0.001971
DEBUG:    0.001998
DEBUG:    0.002024
DEBUG:    0.002051
DEBUG:    0.002077
DEBUG:    0.002104
DEBUG:    0.002130
DEBUG:    0.002156
DEBUG:    0.002183
DEBUG:    0.002209
DEBUG:    0.002236
DEBUG:    0.002262
DEBUG:    0.002288
DEBUG:    0.002315
DEBUG:    0.002341
DEBUG:    0.002368
DEBUG:    0.002394
DEBUG:    0.002421
DEBUG:    0.002447
DEBUG:    0.002473
DEBUG:    0.002500
DEBUG:    0.002526
DEBUG:    0.002553
DEBUG:    0.002579
DEBUG:    0.002605
DEBUG:    0.002632
DEBUG:    0.002658
DEBUG:    0.002685
DEBUG:    0.002711
DEBUG:    0.002737
DEBUG:    0.002764
DEBUG:    0.002790
DEBUG:    0.002817
DEBUG:    0.002843
DEBUG:    0.002843
DEBUG:    5.002843
DEBUG:    15.002843
DEBUG:    30.002842
DEBUG:    50.002842
DEBUG:    75.002838
DEBUG:    105.002838
DEBUG:    140.002838
DEBUG:    180.002838
DEBUG:    225.002838
DEBUG:    275.002838
DEBUG:    330.002838
DEBUG:    30.002838
DEBUG:    95.002838
DEBUG:    165.002838
DEBUG:    240.002838
DEBUG:    320.002838
DEBUG:    45.002838
DEBUG:    135.002838
DEBUG:    230.002838
DEBUG:    330.002838
DEBUG:    75.002838
DEBUG:    185.002838
DEBUG:    295.002838
DEBUG:    45.002838
DEBUG:    155.002838
DEBUG:    265.002838
DEBUG:    15.002838
DEBUG:    125.002838
DEBUG:    235.002838
DEBUG:    345.002838
DEBUG:    95.002838
DEBUG:    205.002838
DEBUG:    315.002838
DEBUG:    65.002838
DEBUG:    145.835693
DEBUG:    197.918640
DEBUG:    288.589600
DEBUG:    353.539185
DEBUG:    38.822540
DEBUG:    69.190887
DEBUG:    88.358055
DEBUG:    99.214195
DEBUG:    103.997238
DEBUG:    104.429977
DEBUG:    101.829659
DEBUG:    97.195282
DEBUG:    91.277100
DEBUG:    84.631767
DEBUG:    77.666077
DEBUG:    70.671402
DEBUG:    63.850891
DEBUG:    57.340790
DEBUG:    51.227089
DEBUG:    45.558487
DEBUG:    40.356441
DEBUG:    35.622898
DEBUG:    31.346191
DEBUG:    27.505529
DEBUG:    24.074360
DEBUG:    21.022871
DEBUG:    18.319813
DEBUG:    15.933805
DEBUG:    13.834250
DEBUG:    11.991940
DEBUG:    10.379450
DEBUG:    8.971347
DEBUG:    7.744293
DEBUG:    6.677053
DEBUG:    5.750441
DEBUG:    4.947226
DEBUG:    4.252014
DEBUG:    3.651117
DEBUG:    3.132407
DEBUG:    2.685181
DEBUG:    2.300019
DEBUG:    1.968656
DEBUG:    1.683858
DEBUG:    1.439307
DEBUG:    1.229500
DEBUG:    1.049648
DEBUG:    0.895593
DEBUG:    0.763733
DEBUG:    0.781139
DEBUG:    0.798545
DEBUG:    0.815951
DEBUG:    0.833356
DEBUG:    0.850762
DEBUG:    0.868168
DEBUG:    0.885574
DEBUG:    0.902979
DEBUG:    0.920385
DEBUG:    0.937791
DEBUG:    0.955197
DEBUG:    0.972602
DEBUG:    0.990008
DEBUG:    1.007414
DEBUG:    1.024820
DEBUG:    1.042225
DEBUG:    1.059631
DEBUG:    1.077037
DEBUG:    1.094443
DEBUG:    1.111848
DEBUG:    1.129254
DEBUG:    1.146660
DEBUG:    1.164066
DEBUG:    1.181471
DEBUG:    1.198877
DEBUG:    1.216283
DEBUG:    1.233689
DEBUG:    1.251094
DEBUG:    1.268500
DEBUG:    1.285906
DEBUG:    1.303312
DEBUG:    1.320717
DEBUG:    1.338123
DEBUG:    1.355529
DEBUG:    1.372935
DEBUG:    1.390340
DEBUG:    1.407746
DEBUG:    1.425152
DEBUG:    1.442558
DEBUG:    1.459963
DEBUG:    1.477369
DEBUG:    1.494775
DEBUG:    1.512181
DEBUG:    1.529586
DEBUG:    1.546992
DEBUG:    1.564398
DEBUG:    1.581804
DEBUG:    1.599209
DEBUG:    1.616615
DEBUG:    1.634021
DEBUG:    1.651427
DEBUG:    1.668832
DEBUG:    1.686238
DEBUG:    1.703644
DEBUG:    1.721050
DEBUG:    1.738455
DEBUG:    1.755861
DEBUG:    1.773267
DEBUG:    1.790673
DEBUG:    1.808078
DEBUG:    1.825484
DEBUG:    1.842890
DEBUG:    1.860296
DEBUG:    1.877701
DEBUG:    1.895107
DEBUG:    1.912513
DEBUG:    1.929919
DEBUG:    1.947324
DEBUG:    1.964730
DEBUG:    1.982136
DEBUG:    1.999542
WARNING:  Render update is behind -1291 microseconds! Current FPS: 29
DEBUG:    2.016948
WARNING:  Render update is behind -2225 microseconds! Current FPS: 28
DEBUG:    2.034353
WARNING:  Render update is behind -7422 microseconds! Current FPS: 25
DEBUG:    2.051759
DEBUG:    2.069165
DEBUG:    2.086571
DEBUG:    2.103976
DEBUG:    2.121382
DEBUG:    2.138788
DEBUG:    2.156193
DEBUG:    2.173599
DEBUG:    2.191005
DEBUG:    2.208411
DEBUG:    2.225816
DEBUG:    2.243222
WARNING:  Render update is behind -8370 microseconds! Current FPS: 24
DEBUG:    2.260628
WARNING:  Render update is behind -3980 microseconds! Current FPS: 27
DEBUG:    2.278034
WARNING:  Render update is behind -12532 microseconds! Current FPS: 22
DEBUG:    2.295439
WARNING:  Render update is behind -170 microseconds! Current FPS: 30
DEBUG:    2.312845
WARNING:  Render update is behind -353 microseconds! Current FPS: 30
DEBUG:    2.330251
DEBUG:    2.347657
DEBUG:    2.365062
DEBUG:    2.382468
DEBUG:    2.399874
DEBUG:    2.417280
DEBUG:    2.434685
DEBUG:    2.452091
DEBUG:    2.469497
DEBUG:    2.486903
DEBUG:    2.504308
DEBUG:    2.521714
DEBUG:    2.539120
DEBUG:    2.556526
DEBUG:    2.573931
DEBUG:    2.591337
WARNING:  Render update is behind -607 microseconds! Current FPS: 29
DEBUG:    2.608743
DEBUG:    2.626149
DEBUG:    2.643554
DEBUG:    2.660960
DEBUG:    2.678366
DEBUG:    2.695772
DEBUG:    2.713177
DEBUG:    2.730583
DEBUG:    2.747989
DEBUG:    2.765395
DEBUG:    2.782800
DEBUG:    2.800206
DEBUG:    2.817612
DEBUG:    2.835018
DEBUG:    2.852423
DEBUG:    2.869829
DEBUG:    2.887235
DEBUG:    2.904641
DEBUG:    2.922046
DEBUG:    2.939452
DEBUG:    2.956858
DEBUG:    2.974264
DEBUG:    2.991669
DEBUG:    3.009075
DEBUG:    3.026481
DEBUG:    3.043887
DEBUG:    3.061292
DEBUG:    3.078698
DEBUG:    3.096104
DEBUG:    3.113510
DEBUG:    3.130915
DEBUG:    3.148321
DEBUG:    3.165727
DEBUG:    3.183133
DEBUG:    3.200538
DEBUG:    3.217944
DEBUG:    3.235350
DEBUG:    3.252756
DEBUG:    3.270161
DEBUG:    3.287567
DEBUG:    3.304973
DEBUG:    3.322379
DEBUG:    3.339784
DEBUG:    3.357190
DEBUG:    3.374596
DEBUG:    3.392002
DEBUG:    3.409407
DEBUG:    3.426813
DEBUG:    3.444219
DEBUG:    3.461625
DEBUG:    3.479030
DEBUG:    3.496436
DEBUG:    3.513842
DEBUG:    3.531248
DEBUG:    3.548653
DEBUG:    3.566059
DEBUG:    3.583465
DEBUG:    3.000726
DEBUG:    3.015231
DEBUG:    3.029736
DEBUG:    3.044240
DEBUG:    3.058745
DEBUG:    3.073250
DEBUG:    3.087755
DEBUG:    3.102260
DEBUG:    3.116765
DEBUG:    3.131270
DEBUG:    3.145775
DEBUG:    3.160280
DEBUG:    3.174785
DEBUG:    3.189290
DEBUG:    3.203794
DEBUG:    3.218299
DEBUG:    3.232804
DEBUG:    3.247309
DEBUG:    3.261814
DEBUG:    3.276319
DEBUG:    3.290824
DEBUG:    3.305329
DEBUG:    3.319834
DEBUG:    3.334339
DEBUG:    2.790703
DEBUG:    2.335658
DEBUG:    1.954776
DEBUG:    1.635975
DEBUG:    1.642970
DEBUG:    1.649965
DEBUG:    1.656960
DEBUG:    1.663955
DEBUG:    1.670950
DEBUG:    1.677945
DEBUG:    1.684940
DEBUG:    1.691935
DEBUG:    1.698930
DEBUG:    1.705925
DEBUG:    1.712919
DEBUG:    1.719914
DEBUG:    1.726909
DEBUG:    1.733904
DEBUG:    1.740899
DEBUG:    1.747894
DEBUG:    1.754889
DEBUG:    1.468237
DEBUG:    1.228388
DEBUG:    1.027705
DEBUG:    0.859794
DEBUG:    0.719306
DEBUG:    0.601764
DEBUG:    0.503423
DEBUG:    0.421146
DEBUG:    0.352310
DEBUG:    0.294722
DEBUG:    0.246543
DEBUG:    0.206237
DEBUG:    0.172518
DEBUG:    0.144310
DEBUG:    0.120712
DEBUG:    0.100972
DEBUG:    0.084458
DEBUG:    0.070645
DEBUG:    0.059090
DEBUG:    0.049424
DEBUG:    0.049606
DEBUG:    0.049789
DEBUG:    0.049971
DEBUG:    0.050154
DEBUG:    0.050336
DEBUG:    0.050519
DEBUG:    0.050701
DEBUG:    0.050883
DEBUG:    0.051066
DEBUG:    0.051248
DEBUG:    0.051431
DEBUG:    0.051613
DEBUG:    0.051796
DEBUG:    0.051978
DEBUG:    0.052161
DEBUG:    0.052343
DEBUG:    0.052526
DEBUG:    0.052708
DEBUG:    0.052890
DEBUG:    0.053073
DEBUG:    0.053255
DEBUG:    0.053438
DEBUG:    0.053620
DEBUG:    0.053803
DEBUG:    0.053985
DEBUG:    0.054168
DEBUG:    0.054350
DEBUG:    0.054533
DEBUG:    0.054715
DEBUG:    0.054897
DEBUG:    0.055080
DEBUG:    0.055262
DEBUG:    0.055445
DEBUG:    0.055627
DEBUG:    0.055810
DEBUG:    0.055992
WARNING:  Render update is behind -5984 microseconds! Current FPS: 25
DEBUG:    0.056175
DEBUG:    0.056357
DEBUG:    0.056540
DEBUG:    0.056722
DEBUG:    0.056905
DEBUG:    0.057087
DEBUG:    0.057269
DEBUG:    0.057452
DEBUG:    0.057634
DEBUG:    359.857819
DEBUG:    359.458008
DEBUG:    359.058197
DEBUG:    358.658386
DEBUG:    358.258575
DEBUG:    357.858765
DEBUG:    357.458954
DEBUG:    357.059143
DEBUG:    356.659332
DEBUG:    356.259521
DEBUG:    355.859711
DEBUG:    355.459900
DEBUG:    355.060089
DEBUG:    354.660278
DEBUG:    354.260468
DEBUG:    353.860657
DEBUG:    353.460846
DEBUG:    353.061035
DEBUG:    352.661224
DEBUG:    352.461395
DEBUG:    352.261566
DEBUG:    352.061737
DEBUG:    351.861908
DEBUG:    351.662079
DEBUG:    351.462250
DEBUG:    351.262421
DEBUG:    351.062592
DEBUG:    350.862762
DEBUG:    350.662933
DEBUG:    350.463104
DEBUG:    350.263275
DEBUG:    350.063446
DEBUG:    349.863617
DEBUG:    351.386505
DEBUG:    352.683319
DEBUG:    353.787140
DEBUG:    354.726257
DEBUG:    355.524933
WARNING:  Render update is behind -25206 microseconds! Current FPS: 17
DEBUG:    356.203857
DEBUG:    356.780792
DEBUG:    357.270844
DEBUG:    357.686981
DEBUG:    358.040222
DEBUG:    358.339966
DEBUG:    358.594238
DEBUG:    358.809845
DEBUG:    358.992645
DEBUG:    359.147552
DEBUG:    359.278809
DEBUG:    359.268005
DEBUG:    359.257202
DEBUG:    359.246399
DEBUG:    359.246399
DEBUG:    4.246399
DEBUG:    14.246399
DEBUG:    29.246399
DEBUG:    49.246399
DEBUG:    74.246399
DEBUG:    104.246399
DEBUG:    111.872002
DEBUG:    114.060005
DEBUG:    112.411118
DEBUG:    108.143524
DEBUG:    102.175934
DEBUG:    95.193550
DEBUG:    87.700409
DEBUG:    80.060715
DEBUG:    72.531464
DEBUG:    65.288055
DEBUG:    58.444351
DEBUG:    52.068325
DEBUG:    46.194187
DEBUG:    40.831753
DEBUG:    35.973621
DEBUG:    31.600655
DEBUG:    27.686077
DEBUG:    24.198563
DEBUG:    21.104494
DEBUG:    18.369600
DEBUG:    15.960102
DEBUG:    13.843503
DEBUG:    11.989101
DEBUG:    10.368292
DEBUG:    8.954721
DEBUG:    7.724333
DEBUG:    6.655332
DEBUG:    5.728099
DEBUG:    4.925074
DEBUG:    4.230610
DEBUG:    3.630826
DEBUG:    3.113454
DEBUG:    2.667682
DEBUG:    2.284016
DEBUG:    1.954137
DEBUG:    1.670772
DEBUG:    1.427581
DEBUG:    1.219043
DEBUG:    1.040363
DEBUG:    0.887381
DEBUG:    0.756493
DEBUG:    0.773503
DEBUG:    0.790512
DEBUG:    0.807522
DEBUG:    0.824531
DEBUG:    0.841540
DEBUG:    0.858550
DEBUG:    0.875559
DEBUG:    0.892569
DEBUG:    0.909578
DEBUG:    0.926588
DEBUG:    0.943597
DEBUG:    0.960606
DEBUG:    0.977616
DEBUG:    0.994625
DEBUG:    1.011635
DEBUG:    1.028644
DEBUG:    1.045654
DEBUG:    1.062663
DEBUG:    1.079673
DEBUG:    1.096682
DEBUG:    1.113692
DEBUG:    1.130701
DEBUG:    1.147711
DEBUG:    1.164720
DEBUG:    1.181730
DEBUG:    1.198739
DEBUG:    1.215749
DEBUG:    1.232758
DEBUG:    1.249768
DEBUG:    1.266777
DEBUG:    1.283787
DEBUG:    1.300796
DEBUG:    1.317806
DEBUG:    1.334815
DEBUG:    1.351825
DEBUG:    1.368834
DEBUG:    1.385844
DEBUG:    1.402853
DEBUG:    1.419863
DEBUG:    1.436872
DEBUG:    1.453882
DEBUG:    1.470891
DEBUG:    1.487901
DEBUG:    1.504910
DEBUG:    1.521920
DEBUG:    1.538929
DEBUG:    1.555939
DEBUG:    1.572948
DEBUG:    1.589958
DEBUG:    1.606967
DEBUG:    1.623977
DEBUG:    1.640986
DEBUG:    1.657996
DEBUG:    1.675005
DEBUG:    1.692015
DEBUG:    1.709024
WARNING:  Render update is behind -4059 microseconds! Current FPS: 27
DEBUG:    1.726034
DEBUG:    1.743043
DEBUG:    1.760053
DEBUG:    1.777062
DEBUG:    1.794072
DEBUG:    1.811081
DEBUG:    1.828091
DEBUG:    1.845100
DEBUG:    1.862110
DEBUG:    1.879119
DEBUG:    1.896129
DEBUG:    1.913138
DEBUG:    1.930148
DEBUG:    1.947157
DEBUG:    1.964167
DEBUG:    1.981176
DEBUG:    1.998186
DEBUG:    2.015195
DEBUG:    2.032205
DEBUG:    2.249214
DEBUG:    2.666224
DEBUG:    3.283233
DEBUG:    4.100243
DEBUG:    5.117252
DEBUG:    6.334262
DEBUG:    7.751271
DEBUG:    9.368280
DEBUG:    11.185290
DEBUG:    13.202300
DEBUG:    15.419310
DEBUG:    17.836319
DEBUG:    20.453329
DEBUG:    23.270340
DEBUG:    26.287350
DEBUG:    29.504360
DEBUG:    32.921371
WARNING:  Render update is behind -1502 microseconds! Current FPS: 29
DEBUG:    36.538383
DEBUG:    40.355392
DEBUG:    44.372402
DEBUG:    48.589413
DEBUG:    53.006424
DEBUG:    57.423435
DEBUG:    61.840446
DEBUG:    66.257454
DEBUG:    70.674461
DEBUG:    75.091469
DEBUG:    79.508476
DEBUG:    83.925484
DEBUG:    88.342491
DEBUG:    92.759499
DEBUG:    97.176506
DEBUG:    101.593513
DEBUG:    106.010521
DEBUG:    110.427528
DEBUG:    114.844536
DEBUG:    119.261543
DEBUG:    123.678551
DEBUG:    128.095566
DEBUG:    132.512573
DEBUG:    136.929581
DEBUG:    141.146591
WARNING:  Render update is behind -10971 microseconds! Current FPS: 23
DEBUG:    145.163605
DEBUG:    148.980621
DEBUG:    152.597626
DEBUG:    156.014633
DEBUG:    159.231644
DEBUG:    162.248657
DEBUG:    165.065674
DEBUG:    167.682678
DEBUG:    170.099686
DEBUG:    172.316696
DEBUG:    174.333710
DEBUG:    176.350723
DEBUG:    178.367737
DEBUG:    180.384750
DEBUG:    182.401764
DEBUG:    184.418777
DEBUG:    186.435791
DEBUG:    188.452805
DEBUG:    190.469818
DEBUG:    192.486832
DEBUG:    194.503845
DEBUG:    196.520859
DEBUG:    198.537872
DEBUG:    200.554886
WARNING:  Render update is behind -667 microseconds! Current FPS: 29
DEBUG:    202.571899
DEBUG:    204.588913
DEBUG:    206.605927
DEBUG:    208.622940
DEBUG:    210.639954
DEBUG:    212.656967
DEBUG:    214.673981
DEBUG:    216.690994
DEBUG:    218.708008
DEBUG:    220.725021
DEBUG:    222.742035
DEBUG:    224.759048
WARNING:  Render update is behind -1139 microseconds! Current FPS: 29
DEBUG:    226.776062
DEBUG:    228.793076
DEBUG:    230.810089
DEBUG:    232.827103
DEBUG:    234.844116
DEBUG:    236.861130
DEBUG:    238.878143
DEBUG:    240.895157
DEBUG:    242.912170
DEBUG:    244.929184
DEBUG:    246.746201
DEBUG:    248.363205
DEBUG:    249.780212
DEBUG:    250.997223
DEBUG:    252.014236
DEBUG:    253.031250
DEBUG:    254.048264
DEBUG:    255.065277
DEBUG:    256.082275
DEBUG:    257.099274
DEBUG:    258.116272
DEBUG:    259.133270
DEBUG:    260.150269
DEBUG:    261.167267
DEBUG:    262.184265
DEBUG:    263.201263
DEBUG:    264.218262
DEBUG:    265.235260
DEBUG:    266.252258
DEBUG:    267.269257
DEBUG:    268.286255
DEBUG:    269.303253
DEBUG:    270.320251
DEBUG:    271.337250
DEBUG:    272.354248
DEBUG:    273.371246
DEBUG:    274.388245
DEBUG:    275.405243
DEBUG:    276.422241
DEBUG:    277.439240
DEBUG:    278.456238
DEBUG:    279.473236
DEBUG:    280.490234
DEBUG:    281.507233
DEBUG:    282.524231
DEBUG:    283.541229
DEBUG:    284.558228
DEBUG:    285.575226
DEBUG:    286.592224
DEBUG:    287.609222
DEBUG:    288.626221
DEBUG:    289.643219
DEBUG:    290.660217
DEBUG:    291.677216
DEBUG:    292.694214
DEBUG:    293.711212
DEBUG:    294.728210
DEBUG:    295.745209
DEBUG:    296.762207
DEBUG:    297.779205
DEBUG:    298.796204
DEBUG:    299.813202
DEBUG:    300.830200
DEBUG:    301.847198
DEBUG:    302.864197
DEBUG:    303.881195
DEBUG:    304.898193
DEBUG:    305.915192
DEBUG:    306.932190
DEBUG:    307.949188
DEBUG:    308.966187
DEBUG:    309.983185
DEBUG:    311.000183
DEBUG:    312.017181
DEBUG:    313.034180
DEBUG:    314.051178
DEBUG:    315.068176
DEBUG:    316.085175
DEBUG:    317.102173
DEBUG:    318.119171
DEBUG:    319.136169
DEBUG:    320.153168
DEBUG:    321.170166
DEBUG:    322.187164
DEBUG:    323.204163
DEBUG:    324.221161
DEBUG:    325.238159
DEBUG:    326.255157
DEBUG:    327.272156
DEBUG:    328.289154
DEBUG:    329.306152
DEBUG:    330.323151
DEBUG:    331.340149
DEBUG:    332.357147
DEBUG:    333.374146
DEBUG:    334.391144
DEBUG:    335.408142
DEBUG:    336.425140
DEBUG:    337.442139
DEBUG:    338.459137
DEBUG:    339.476135
DEBUG:    340.493134
DEBUG:    341.510132
DEBUG:    342.527130
DEBUG:    343.544128
DEBUG:    344.561127
DEBUG:    345.578125
DEBUG:    346.595123
DEBUG:    347.612122
DEBUG:    348.629120
DEBUG:    349.646118
DEBUG:    350.663116
DEBUG:    351.680115
DEBUG:    352.697113
DEBUG:    353.714111
DEBUG:    354.731110
DEBUG:    355.748108
DEBUG:    356.765106
DEBUG:    357.782104
DEBUG:    358.799103
DEBUG:    359.816101
DEBUG:    0.833099
DEBUG:    1.850109
DEBUG:    2.867118
DEBUG:    3.884128
DEBUG:    4.901137
DEBUG:    5.918147
DEBUG:    6.935157
DEBUG:    7.952167
DEBUG:    8.969176
DEBUG:    9.986186
DEBUG:    11.003196
DEBUG:    12.020205
DEBUG:    13.037215
DEBUG:    14.054225
DEBUG:    15.071235
DEBUG:    16.088243
DEBUG:    17.105253
DEBUG:    18.122263
DEBUG:    19.139273
DEBUG:    20.156282
DEBUG:    21.173292
DEBUG:    22.190302
DEBUG:    23.207312
DEBUG:    24.224321
DEBUG:    25.241331
DEBUG:    26.258341
DEBUG:    27.275351
DEBUG:    28.292360
DEBUG:    29.309370
DEBUG:    30.326380
DEBUG:    31.343390
DEBUG:    32.360397
DEBUG:    33.377407
DEBUG:    34.394417
DEBUG:    35.411427
DEBUG:    36.428436
DEBUG:    37.445446
DEBUG:    38.462456
DEBUG:    39.479465
DEBUG:    40.496475
DEBUG:    41.513485
DEBUG:    42.530495
DEBUG:    43.547504
DEBUG:    44.564514
DEBUG:    45.581524
DEBUG:    46.598534
DEBUG:    47.615543
DEBUG:    48.632553
DEBUG:    49.649563
DEBUG:    50.666573
DEBUG:    51.683582
DEBUG:    52.700592
DEBUG:    53.717602
DEBUG:    54.734612
DEBUG:    55.751621
DEBUG:    56.768631
DEBUG:    57.785641
DEBUG:    58.802650
DEBUG:    59.819660
DEBUG:    60.836670
DEBUG:    61.853680
DEBUG:    62.870689
DEBUG:    63.887699
DEBUG:    64.904709
DEBUG:    65.921715
DEBUG:    66.938721
DEBUG:    67.955727
DEBUG:    68.972733
DEBUG:    69.989738
DEBUG:    71.006744
DEBUG:    72.023750
DEBUG:    73.040756
DEBUG:    74.057762
DEBUG:    75.074768
DEBUG:    76.091774
DEBUG:    77.108780
DEBUG:    78.125786
DEBUG:    79.142792
DEBUG:    80.159798
DEBUG:    81.176804
DEBUG:    82.193810
DEBUG:    83.210815
DEBUG:    84.227821
DEBUG:    85.244827
WARNING:  Render update is behind -10631 microseconds! Current FPS: 23
DEBUG:    86.261833
DEBUG:    87.278839
DEBUG:    88.295845
DEBUG:    89.312851
DEBUG:    90.329857
DEBUG:    91.346863
DEBUG:    92.363869
DEBUG:    93.380875
DEBUG:    94.397881
WARNING:  Render update is behind -12811 microseconds! Current FPS: 22
DEBUG:    95.414886
WARNING:  Render update is behind -7985 microseconds! Current FPS: 24
DEBUG:    96.431892
DEBUG:    97.448898
DEBUG:    98.465904
DEBUG:    99.482910
DEBUG:    100.499916
DEBUG:    101.516922
DEBUG:    85.444946
DEBUG:    71.910378
DEBUG:    60.513863
DEBUG:    50.918674
DEBUG:    42.840942
DEBUG:    36.041382
DEBUG:    30.318314
DEBUG:    25.501785
DEBUG:    21.448591
DEBUG:    18.038078
DEBUG:    15.168609
DEBUG:    12.754571
DEBUG:    10.723863
DEBUG:    9.015763
DEBUG:    7.579145
DEBUG:    6.370963
DEBUG:    5.354975
DEBUG:    4.500679
DEBUG:    3.782399
DEBUG:    3.178527
DEBUG:    2.670879
DEBUG:    2.244155
DEBUG:    1.885481
DEBUG:    1.584027
DEBUG:    1.330683
WARNING:  Render update is behind -456 microseconds! Current FPS: 30
DEBUG:    1.117787
DEBUG:    0.938892
DEBUG:    0.788580
WARNING:  Render update is behind -21 microseconds! Current FPS: 30
DEBUG:    0.662291
WARNING:  Render update is behind -730 microseconds! Current FPS: 29
DEBUG:    0.556194
DEBUG:    0.467065
DEBUG:    0.392196
WARNING:  Render update is behind -290 microseconds! Current FPS: 30
DEBUG:    0.329309
DEBUG:    0.276491
WARNING:  Render update is behind -101 microseconds! Current FPS: 30
DEBUG:    0.232131
DEBUG:    0.194877
DEBUG:    0.163593
DEBUG:    0.137324
DEBUG:    0.115267
DEBUG:    0.096748
DEBUG:    0.081200
WARNING:  Render update is behind -2602 microseconds! Current FPS: 28
DEBUG:    0.068147
WARNING:  Render update is behind -6780 microseconds! Current FPS: 25
DEBUG:    0.057190
WARNING:  Render update is behind -8683 microseconds! Current FPS: 24
DEBUG:    0.047992
DEBUG:    0.040271
DEBUG:    0.033791
DEBUG:    0.028352
DEBUG:    0.023788
DEBUG:    0.019957
DEBUG:    0.016743
DEBUG:    0.014046
DEBUG:    0.011782
DEBUG:    0.009883
DEBUG:    0.008290
DEBUG:    0.006953
DEBUG:    0.005832
WARNING:  Render update is behind -850 microseconds! Current FPS: 29
DEBUG:    0.004891
WARNING:  Render update is behind -8275 microseconds! Current FPS: 24
DEBUG:    0.004102
WARNING:  Render update is behind -7458 microseconds! Current FPS: 25
DEBUG:    0.003440
DEBUG:    0.002885
DEBUG:    0.002419
DEBUG:    0.002028
DEBUG:    0.001701
DEBUG:    0.001426
DEBUG:    0.001196
DEBUG:    0.001002
DEBUG:    0.000840
DEBUG:    0.000704
DEBUG:    0.000591
DEBUG:    0.000591
DEBUG:    5.000590
DEBUG:    15.000590
DEBUG:    30.000591
DEBUG:    50.000591
DEBUG:    75.000595
DEBUG:    105.000595
DEBUG:    140.000595
DEBUG:    180.000595
DEBUG:    225.000595
DEBUG:    275.000610
DEBUG:    330.000610
DEBUG:    30.000610
DEBUG:    95.000610
DEBUG:    165.000610
DEBUG:    240.000610
DEBUG:    320.000610
DEBUG:    45.000610
DEBUG:    135.000610
DEBUG:    230.000610
DEBUG:    330.000610
DEBUG:    75.000610
DEBUG:    185.000610
DEBUG:    300.000610
DEBUG:    60.000610
DEBUG:    185.000610
DEBUG:    315.000610
DEBUG:    90.000610
DEBUG:    230.000610
DEBUG:    15.000610
DEBUG:    165.000610
DEBUG:    320.000610
DEBUG:    120.000610
DEBUG:    285.000610
DEBUG:    95.000610
DEBUG:    270.000610
DEBUG:    90.000610
DEBUG:    275.000610
DEBUG:    105.000610
DEBUG:    300.000610
DEBUG:    140.000610
DEBUG:    345.000610
DEBUG:    195.000610
DEBUG:    50.000610
DEBUG:    270.000610
DEBUG:    135.000610
DEBUG:    5.000610
DEBUG:    240.000610
DEBUG:    120.000610
DEBUG:    5.000610
DEBUG:    255.000610
DEBUG:    150.000610
DEBUG:    50.000610
DEBUG:    315.000610
DEBUG:    225.000610
DEBUG:    140.000610
DEBUG:    60.000610
DEBUG:    345.000610
DEBUG:    275.000610
DEBUG:    210.000610
DEBUG:    150.000610
DEBUG:    95.000610
DEBUG:    45.000610
DEBUG:    0.000610
DEBUG:    320.000610
DEBUG:    285.000610
DEBUG:    255.000610
DEBUG:    230.000610
DEBUG:    210.000610
DEBUG:    195.000610
DEBUG:    185.000610
DEBUG:    180.000610
DEBUG:    180.000610
DEBUG:    185.000610
DEBUG:    195.000610
DEBUG:    210.000610
DEBUG:    230.000610
DEBUG:    255.000610
DEBUG:    285.000610
DEBUG:    320.000610
DEBUG:    0.000610
DEBUG:    45.000610
DEBUG:    95.000610
DEBUG:    150.000610
DEBUG:    210.000610
DEBUG:    275.000610
DEBUG:    345.000610
DEBUG:    60.000610
DEBUG:    135.000610
DEBUG:    210.000610
DEBUG:    285.000610
DEBUG:    0.000610
DEBUG:    75.000610
DEBUG:    150.000610
DEBUG:    225.000610
DEBUG:    300.000610
DEBUG:    15.000610
DEBUG:    90.000610
DEBUG:    165.000610
DEBUG:    240.000610
DEBUG:    315.000610
DEBUG:    30.000610
DEBUG:    105.000610
DEBUG:    180.000610
DEBUG:    255.000610
DEBUG:    330.000610
DEBUG:    45.000610
WARNING:  Render update is behind -3499 microseconds! Current FPS: 27
DEBUG:    120.000610
DEBUG:    195.000610
DEBUG:    270.000610
DEBUG:    345.000610
DEBUG:    60.000610
DEBUG:    135.000610
DEBUG:    210.000610
DEBUG:    160.000610
DEBUG:    115.000610
DEBUG:    75.000610
DEBUG:    40.000610
DEBUG:    10.000610
DEBUG:    345.000610
DEBUG:    325.000610
DEBUG:    310.000610
DEBUG:    300.000610
DEBUG:    295.000610
DEBUG:    295.000610
DEBUG:    300.000610
DEBUG:    310.000610
DEBUG:    325.000610
DEBUG:    345.000610
DEBUG:    10.000610
DEBUG:    40.000610
DEBUG:    75.000610
DEBUG:    115.000610
DEBUG:    160.000610
DEBUG:    210.000610
DEBUG:    265.000610
DEBUG:    325.000610
DEBUG:    30.000610
DEBUG:    100.000610
DEBUG:    175.000610
DEBUG:    255.000610
DEBUG:    340.000610
INFO:     Cleaning up...
