DEBUG:    Initializing...
DEBUG:    Initializing Main_Info...
DEBUG:    Found querty option.
DEBUG:    Getting video modes...
DEBUG:    Creating window with resolution of 1366x768...
DEBUG:    Loading images...
DEBUG:    Initializing Status_Menu...
DEBUG:    Starting window render loop...
DEBUG:    Starting window event loop...
INFO:     Initialization Finished
DEBUG:    Set FPS to 30
DEBUG:    0.000000
WARNING:  Render update is behind -29369 microseconds! Current FPS: 16
DEBUG:    90.000000
DEBUG:    180.000000
DEBUG:    270.000000
DEBUG:    0.000000
DEBUG:    90.000000
DEBUG:    180.000000
DEBUG:    270.000000
DEBUG:    0.000000
WARNING:  Render update is behind -19602 microseconds! Current FPS: 19
DEBUG:    90.000000
DEBUG:    180.000000
DEBUG:    270.000000
DEBUG:    0.000000
DEBUG:    90.000000
DEBUG:    180.000000
DEBUG:    270.000000
DEBUG:    0.000000
DEBUG:    90.000000
DEBUG:    180.000000
DEBUG:    270.000000
DEBUG:    0.000000
WARNING:  Render update is behind -5511 microseconds! Current FPS: 26
DEBUG:    90.000000
DEBUG:    180.000000
DEBUG:    270.000000
DEBUG:    0.000000
DEBUG:    90.000000
DEBUG:    180.000000
DEBUG:    270.000000
WARNING:  Render update is behind -5131 microseconds! Current FPS: 26
DEBUG:    0.000000
DEBUG:    90.000000
DEBUG:    180.000000
DEBUG:    270.000000
DEBUG:    0.000000
DEBUG:    90.000000
DEBUG:    180.000000
DEBUG:    270.000000
DEBUG:    0.000000
DEBUG:    90.000000
DEBUG:    180.000000
DEBUG:    270.000000
DEBUG:    0.000000
DEBUG:    90.000000
DEBUG:    180.000000
DEBUG:    270.000000
DEBUG:    0.000000
DEBUG:    90.000000
DEBUG:    180.000000
DEBUG:    270.000000
DEBUG:    0.000000
DEBUG:    90.000000
DEBUG:    180.000000
DEBUG:    270.000000
DEBUG:    0.000000
DEBUG:    90.000000
DEBUG:    180.000000
DEBUG:    270.000000
DEBUG:    0.000000
DEBUG:    90.000000
DEBUG:    180.000000
DEBUG:    270.000000
DEBUG:    0.000000
DEBUG:    90.000000
DEBUG:    180.000000
DEBUG:    270.000000
DEBUG:    0.000000
DEBUG:    90.000000
DEBUG:    180.000000
DEBUG:    270.000000
DEBUG:    0.000000
DEBUG:    90.000000
DEBUG:    180.000000
DEBUG:    270.000000
DEBUG:    0.000000
DEBUG:    90.000000
DEBUG:    180.000000
DEBUG:    270.000000
DEBUG:    0.000000
DEBUG:    90.000000
DEBUG:    180.000000
DEBUG:    270.000000
DEBUG:    0.000000
DEBUG:    90.000000
DEBUG:    180.000000
DEBUG:    270.000000
DEBUG:    0.000000
DEBUG:    90.000000
DEBUG:    180.000000
DEBUG:    270.000000
DEBUG:    0.000000
DEBUG:    90.000000
DEBUG:    90.000000
DEBUG:    27.500000
DEBUG:    283.333313
DEBUG:    153.125000
DEBUG:    308.449066
DEBUG:    107.744995
DEBUG:    215.374237
DEBUG:    344.134155
DEBUG:    73.991486
DEBUG:    134.337082
DEBUG:    172.512161
DEBUG:    194.230621
DEBUG:    263.917603
DEBUG:    314.980286
DEBUG:    351.691040
DEBUG:    17.415405
DEBUG:    34.795795
WARNING:  Render update is behind -3438 microseconds! Current FPS: 27
DEBUG:    45.898964
DEBUG:    52.334526
DEBUG:    55.349930
DEBUG:    55.906464
DEBUG:    54.739983
DEBUG:    52.409374
DEBUG:    49.335079
DEBUG:    45.829731
DEBUG:    42.122417
DEBUG:    38.377823
DEBUG:    34.711361
WARNING:  Render update is behind -9880 microseconds! Current FPS: 23
DEBUG:    31.201004
DEBUG:    27.896561
DEBUG:    24.826904
DEBUG:    22.005562
DEBUG:    19.435032
DEBUG:    17.110079
DEBUG:    15.020248
DEBUG:    13.151748
DEBUG:    11.488852
DEBUG:    10.014928
DEBUG:    8.713178
DEBUG:    7.567152
DEBUG:    6.561101
DEBUG:    5.680202
DEBUG:    4.910684
DEBUG:    4.073221
DEBUG:    3.854206
DEBUG:    3.435191
DEBUG:    2.816176
DEBUG:    1.997160
DEBUG:    0.978145
DEBUG:    359.759125
DEBUG:    358.340118
DEBUG:    356.721100
DEBUG:    354.902100
DEBUG:    352.883087
DEBUG:    350.664062
DEBUG:    348.245056
DEBUG:    345.626038
DEBUG:    342.807007
DEBUG:    339.787994
DEBUG:    336.568970
DEBUG:    333.149963
DEBUG:    329.530945
DEBUG:    325.711914
DEBUG:    321.692902
DEBUG:    317.473877
DEBUG:    313.054871
DEBUG:    308.435852
DEBUG:    303.616852
DEBUG:    298.597839
DEBUG:    293.378815
DEBUG:    288.159790
DEBUG:    282.940765
DEBUG:    277.721741
DEBUG:    272.502716
DEBUG:    267.283691
DEBUG:    262.064667
DEBUG:    256.845642
DEBUG:    251.626633
DEBUG:    246.407623
DEBUG:    241.188614
WARNING:  Render update is behind -2721 microseconds! Current FPS: 28
DEBUG:    235.969604
DEBUG:    230.750595
DEBUG:    225.531586
DEBUG:    220.312576
DEBUG:    215.293564
DEBUG:    210.474548
DEBUG:    205.855530
DEBUG:    201.436508
DEBUG:    197.217499
DEBUG:    193.198486
DEBUG:    189.379471
DEBUG:    185.760452
DEBUG:    182.341431
DEBUG:    179.122421
DEBUG:    176.103409
DEBUG:    173.284393
DEBUG:    170.665375
DEBUG:    168.246353
DEBUG:    166.027344
DEBUG:    164.008331
DEBUG:    162.189316
DEBUG:    160.570297
DEBUG:    159.151276
DEBUG:    157.932266
DEBUG:    156.913254
DEBUG:    156.094238
DEBUG:    155.475220
DEBUG:    155.056198
DEBUG:    154.837189
WARNING:  Render update is behind -1857 microseconds! Current FPS: 28
DEBUG:    154.818176
WARNING:  Render update is behind -46651 microseconds! Current FPS: 13
DEBUG:    154.999161
DEBUG:    155.380142
WARNING:  Render update is behind -7320 microseconds! Current FPS: 25
DEBUG:    155.961121
DEBUG:    156.542099
DEBUG:    157.123077
DEBUG:    157.704056
DEBUG:    158.285034
DEBUG:    158.866013
DEBUG:    159.446991
DEBUG:    160.027969
DEBUG:    160.608948
DEBUG:    161.189926
DEBUG:    161.770905
DEBUG:    162.351883
DEBUG:    162.932861
DEBUG:    163.513840
DEBUG:    164.094818
DEBUG:    164.675797
DEBUG:    165.256775
DEBUG:    165.837753
DEBUG:    166.418732
WARNING:  Render update is behind -21902 microseconds! Current FPS: 18
DEBUG:    166.999710
DEBUG:    167.780701
DEBUG:    168.761688
DEBUG:    169.942673
DEBUG:    171.323654
DEBUG:    172.904633
DEBUG:    174.685623
DEBUG:    176.666611
DEBUG:    178.847595
DEBUG:    181.228577
DEBUG:    183.809555
DEBUG:    186.590546
DEBUG:    189.571533
DEBUG:    192.752518
DEBUG:    196.133499
DEBUG:    199.714478
DEBUG:    203.495468
DEBUG:    207.476456
DEBUG:    211.657440
DEBUG:    216.038422
DEBUG:    220.619400
DEBUG:    225.400391
DEBUG:    230.381378
DEBUG:    235.562363
DEBUG:    240.943344
DEBUG:    246.524323
DEBUG:    252.305313
DEBUG:    258.286285
DEBUG:    264.467255
DEBUG:    270.848236
DEBUG:    277.429230
DEBUG:    284.210205
DEBUG:    291.191193
DEBUG:    298.372162
DEBUG:    305.753143
DEBUG:    313.334137
DEBUG:    320.915131
DEBUG:    328.496124
DEBUG:    336.077118
DEBUG:    343.658112
DEBUG:    351.239105
DEBUG:    358.620087
DEBUG:    5.801056
DEBUG:    12.782039
DEBUG:    19.563023
DEBUG:    26.144005
DEBUG:    32.524986
DEBUG:    38.705971
DEBUG:    44.686954
DEBUG:    50.467937
DEBUG:    56.048920
DEBUG:    61.429905
DEBUG:    66.610886
DEBUG:    71.591873
DEBUG:    76.372856
DEBUG:    80.953842
DEBUG:    85.534828
DEBUG:    90.115814
DEBUG:    94.696800
DEBUG:    99.277786
DEBUG:    103.858772
DEBUG:    108.439758
DEBUG:    113.020744
DEBUG:    117.601730
DEBUG:    122.182716
DEBUG:    126.763702
DEBUG:    131.344681
DEBUG:    135.925659
DEBUG:    140.506638
DEBUG:    145.087616
DEBUG:    149.668594
DEBUG:    154.249573
DEBUG:    158.830551
DEBUG:    163.411530
DEBUG:    167.992508
DEBUG:    172.573486
DEBUG:    177.154465
DEBUG:    181.735443
DEBUG:    186.316422
DEBUG:    190.897400
DEBUG:    195.478378
DEBUG:    200.059357
DEBUG:    204.440338
DEBUG:    208.621323
DEBUG:    212.602310
DEBUG:    216.383301
DEBUG:    219.964279
DEBUG:    223.345261
DEBUG:    226.526245
DEBUG:    229.507233
DEBUG:    232.288223
DEBUG:    234.869202
DEBUG:    237.250183
DEBUG:    239.431168
DEBUG:    241.412155
DEBUG:    243.193146
DEBUG:    244.774124
DEBUG:    246.155106
DEBUG:    247.336090
DEBUG:    248.317078
DEBUG:    249.098068
DEBUG:    249.679047
DEBUG:    250.060028
DEBUG:    250.241013
DEBUG:    250.222000
DEBUG:    250.202988
DEBUG:    250.183975
DEBUG:    250.164963
DEBUG:    250.145950
DEBUG:    250.126938
DEBUG:    250.107925
DEBUG:    250.088913
DEBUG:    250.069901
DEBUG:    250.050888
DEBUG:    250.031876
DEBUG:    250.012863
DEBUG:    249.993851
DEBUG:    249.974838
DEBUG:    249.955826
DEBUG:    249.936813
DEBUG:    249.917801
DEBUG:    249.898788
DEBUG:    249.879776
DEBUG:    249.860764
DEBUG:    249.841751
DEBUG:    249.822739
DEBUG:    249.803726
DEBUG:    249.784714
DEBUG:    249.765701
DEBUG:    249.746689
DEBUG:    249.727676
DEBUG:    249.708664
DEBUG:    249.689651
DEBUG:    249.670639
DEBUG:    249.651627
DEBUG:    249.632614
DEBUG:    249.613602
DEBUG:    249.594589
DEBUG:    249.575577
DEBUG:    249.556564
DEBUG:    249.537552
DEBUG:    249.518539
DEBUG:    249.499527
DEBUG:    249.480515
DEBUG:    249.461502
DEBUG:    249.442490
DEBUG:    249.423477
DEBUG:    249.404465
DEBUG:    249.385452
DEBUG:    249.366440
DEBUG:    249.347427
DEBUG:    249.328415
DEBUG:    249.309402
DEBUG:    267.742004
DEBUG:    283.105133
DEBUG:    295.909943
DEBUG:    306.582458
DEBUG:    315.477753
DEBUG:    322.891754
DEBUG:    329.071167
DEBUG:    334.221558
DEBUG:    338.514282
WARNING:  Render update is behind -1032 microseconds! Current FPS: 29
DEBUG:    342.092163
WARNING:  Render update is behind -2529 microseconds! Current FPS: 28
DEBUG:    345.074249
DEBUG:    347.559753
DEBUG:    349.631348
DEBUG:    351.357971
DEBUG:    352.797089
DEBUG:    353.996521
DEBUG:    354.996246
DEBUG:    355.829498
DEBUG:    356.523987
DEBUG:    357.102844
DEBUG:    357.585266
DEBUG:    357.987396
DEBUG:    358.322540
DEBUG:    358.601868
DEBUG:    358.834686
DEBUG:    359.028748
DEBUG:    359.190460
WARNING:  Render update is behind -3506 microseconds! Current FPS: 27
DEBUG:    359.325256
DEBUG:    359.437622
DEBUG:    359.531250
DEBUG:    359.609314
DEBUG:    359.674377
DEBUG:    359.728577
DEBUG:    359.773773
DEBUG:    359.811432
DEBUG:    359.842834
DEBUG:    359.868988
DEBUG:    359.890778
DEBUG:    359.908966
DEBUG:    359.924133
DEBUG:    359.936768
DEBUG:    359.947296
DEBUG:    359.956085
DEBUG:    359.963409
DEBUG:    359.969513
DEBUG:    359.974609
DEBUG:    359.978851
WARNING:  Render update is behind -2386 microseconds! Current FPS: 28
DEBUG:    359.982361
DEBUG:    359.985291
DEBUG:    359.987732
DEBUG:    359.989777
DEBUG:    359.991486
DEBUG:    359.992920
DEBUG:    359.994110
DEBUG:    359.995087
DEBUG:    359.995911
DEBUG:    359.996582
DEBUG:    359.997162
DEBUG:    359.997620
DEBUG:    359.998016
DEBUG:    359.998352
DEBUG:    359.998627
DEBUG:    359.998840
DEBUG:    359.999023
DEBUG:    359.999176
DEBUG:    359.999329
DEBUG:    359.999451
DEBUG:    359.999542
WARNING:  Render update is behind -3721 microseconds! Current FPS: 27
DEBUG:    359.999634
DEBUG:    359.999695
DEBUG:    359.999756
WARNING:  Render update is behind -5564 microseconds! Current FPS: 26
DEBUG:    359.999786
DEBUG:    359.999786
WARNING:  Render update is behind -5372 microseconds! Current FPS: 26
DEBUG:    359.999786
DEBUG:    359.999786
DEBUG:    359.999786
DEBUG:    359.999786
DEBUG:    359.999786
DEBUG:    359.999786
WARNING:  Render update is behind -1315 microseconds! Current FPS: 29
DEBUG:    359.999786
DEBUG:    4.999786
DEBUG:    14.999786
DEBUG:    29.999786
DEBUG:    49.999786
WARNING:  Render update is behind -8008 microseconds! Current FPS: 24
DEBUG:    74.999786
DEBUG:    104.999786
DEBUG:    139.999786
DEBUG:    179.999786
DEBUG:    224.999786
WARNING:  Render update is behind -1412 microseconds! Current FPS: 29
DEBUG:    274.999786
DEBUG:    329.999786
DEBUG:    29.999786
DEBUG:    94.999786
WARNING:  Render update is behind -4819 microseconds! Current FPS: 26
DEBUG:    164.999786
DEBUG:    239.999786
DEBUG:    319.999786
DEBUG:    44.999786
DEBUG:    134.999786
WARNING:  Render update is behind -2170 microseconds! Current FPS: 28
DEBUG:    229.999786
DEBUG:    329.999786
DEBUG:    74.999786
DEBUG:    184.999786
DEBUG:    299.999786
DEBUG:    59.999786
DEBUG:    184.999786
DEBUG:    314.999786
DEBUG:    89.999786
DEBUG:    229.999786
DEBUG:    14.999786
DEBUG:    164.999786
DEBUG:    319.999786
DEBUG:    119.999786
DEBUG:    284.999786
DEBUG:    94.999786
DEBUG:    269.999786
DEBUG:    89.999786
DEBUG:    274.999786
DEBUG:    104.999786
DEBUG:    299.999786
DEBUG:    139.999786
DEBUG:    344.999786
WARNING:  Render update is behind -22217 microseconds! Current FPS: 18
DEBUG:    194.999756
DEBUG:    49.999756
DEBUG:    269.999756
DEBUG:    134.999756
DEBUG:    4.999756
DEBUG:    239.999756
DEBUG:    119.999756
DEBUG:    4.999756
DEBUG:    254.999756
DEBUG:    149.999756
DEBUG:    49.999756
DEBUG:    314.999756
DEBUG:    224.999756
DEBUG:    139.999756
DEBUG:    59.999756
DEBUG:    344.999756
DEBUG:    274.999756
DEBUG:    209.999756
DEBUG:    149.999756
DEBUG:    94.999756
DEBUG:    44.999756
DEBUG:    359.999756
DEBUG:    319.999756
DEBUG:    284.999756
DEBUG:    254.999756
DEBUG:    229.999756
DEBUG:    209.999756
DEBUG:    194.999756
DEBUG:    184.999756
DEBUG:    179.999756
DEBUG:    179.999756
DEBUG:    184.999756
DEBUG:    194.999756
DEBUG:    209.999756
DEBUG:    229.999756
DEBUG:    254.999756
DEBUG:    284.999756
DEBUG:    319.999756
DEBUG:    359.999756
DEBUG:    44.999756
DEBUG:    94.999756
DEBUG:    149.999756
DEBUG:    209.999756
DEBUG:    274.999756
DEBUG:    344.999756
DEBUG:    54.999756
DEBUG:    124.999756
DEBUG:    194.999756
DEBUG:    264.999756
DEBUG:    334.999756
DEBUG:    44.999756
DEBUG:    114.999756
DEBUG:    184.999756
DEBUG:    254.999756
DEBUG:    324.999756
DEBUG:    349.999756
DEBUG:    19.999756
DEBUG:    54.999756
DEBUG:    94.999756
DEBUG:    139.999756
DEBUG:    189.999756
DEBUG:    244.999756
DEBUG:    304.999756
DEBUG:    9.999756
DEBUG:    79.999756
DEBUG:    154.999756
DEBUG:    234.999756
DEBUG:    319.999756
INFO:     Cleaning up...
