DEBUG:    Initializing...
DEBUG:    Initializing Main_Info...
DEBUG:    Found querty option.
DEBUG:    Getting video modes...
DEBUG:    Creating window with resolution of 1366x768...
DEBUG:    Loading images...
DEBUG:    Initializing Status_Menu...
DEBUG:    Starting window render loop...
DEBUG:    Starting window event loop...
INFO:     Initialization Finished
DEBUG:    Set FPS to 30
WARNING:  Render update is behind -46511 microseconds! Current FPS: 13
WARNING:  Render update is behind -84689 microseconds! Current FPS: 8
WARNING:  Render update is behind -4005 microseconds! Current FPS: 27
WARNING:  Render update is behind -21940 microseconds! Current FPS: 18
WARNING:  Render update is behind -13612 microseconds! Current FPS: 21
WARNING:  Render update is behind -1130 microseconds! Current FPS: 29
WARNING:  Render update is behind -1413 microseconds! Current FPS: 29
WARNING:  Render update is behind -6072 microseconds! Current FPS: 25
WARNING:  Render update is behind -3320 microseconds! Current FPS: 27
INFO:     Cleaning up...
