DEBUG:    Initializing...
DEBUG:    Getting video modes...
DEBUG:    Creating window with resolution of 1366x768...
DEBUG:    Loading images...
DEBUG:    Initializing Status_Menu...
DEBUG:    Starting window render loop...
DEBUG:    Starting window event loop...
INFO:     Initialization Finished
DEBUG:    Set FPS to 30
DEBUG:    1717.000000
WARNING:  Render update is behind -38029 microseconds! Current FPS: 14
DEBUG:    2751.000000
WARNING:  Render update is behind -171 microseconds! Current FPS: 30
DEBUG:    2761.000000
DEBUG:    2771.000000
DEBUG:    2781.000000
WARNING:  Render update is behind -49359 microseconds! Current FPS: 12
DEBUG:    2791.000000
DEBUG:    2801.000000
DEBUG:    2811.000000
DEBUG:    2821.000000
DEBUG:    2831.000000
DEBUG:    2841.000000
DEBUG:    2851.000000
DEBUG:    2861.000000
DEBUG:    2871.000000
DEBUG:    2881.000000
DEBUG:    2891.000000
DEBUG:    2901.000000
DEBUG:    2911.000000
DEBUG:    2921.000000
DEBUG:    2931.000000
DEBUG:    2941.000000
DEBUG:    2951.000000
DEBUG:    2961.000000
DEBUG:    2971.000000
DEBUG:    2981.000000
DEBUG:    2991.000000
DEBUG:    3001.000000
DEBUG:    3011.000000
DEBUG:    3021.000000
DEBUG:    3031.000000
DEBUG:    3041.000000
DEBUG:    3051.000000
DEBUG:    3061.000000
DEBUG:    3071.000000
DEBUG:    3081.000000
DEBUG:    3091.000000
DEBUG:    3101.000000
DEBUG:    3111.000000
DEBUG:    3121.000000
DEBUG:    3131.000000
DEBUG:    3141.000000
DEBUG:    3151.000000
DEBUG:    3161.000000
DEBUG:    3171.000000
DEBUG:    3181.000000
DEBUG:    3191.000000
DEBUG:    3201.000000
DEBUG:    3211.000000
DEBUG:    3221.000000
DEBUG:    3231.000000
DEBUG:    3241.000000
DEBUG:    3251.000000
DEBUG:    3261.000000
DEBUG:    3271.000000
DEBUG:    3281.000000
DEBUG:    3291.000000
DEBUG:    3301.000000
DEBUG:    3311.000000
DEBUG:    3321.000000
DEBUG:    3331.000000
DEBUG:    3341.000000
DEBUG:    3351.000000
DEBUG:    3361.000000
DEBUG:    3371.000000
DEBUG:    3381.000000
DEBUG:    3391.000000
DEBUG:    3401.000000
DEBUG:    3411.000000
DEBUG:    2397.000000
DEBUG:    2407.000000
DEBUG:    2417.000000
INFO:     Cleaning up...
