DEBUG:    Initializing...
DEBUG:    Initializing Main_Info...
DEBUG:    Found querty option.
DEBUG:    Getting video modes...
DEBUG:    Creating window with resolution of 1366x768...
DEBUG:    Loading images...
DEBUG:    Initializing Status_Menu...
DEBUG:    Starting window render loop...
DEBUG:    Starting window event loop...
INFO:     Initialization Finished
DEBUG:    Set FPS to 30
DEBUG:    99.000000
WARNING:  Render update is behind -23260 microseconds! Current FPS: 18
DEBUG:    98.000000
WARNING:  Render update is behind -7694 microseconds! Current FPS: 24
DEBUG:    97.000000
DEBUG:    96.000000
DEBUG:    95.000000
DEBUG:    94.000000
DEBUG:    93.000000
WARNING:  Render update is behind -4553 microseconds! Current FPS: 26
DEBUG:    92.000000
WARNING:  Render update is behind -936 microseconds! Current FPS: 29
DEBUG:    91.000000
DEBUG:    90.000000
DEBUG:    89.000000
WARNING:  Render update is behind -6913 microseconds! Current FPS: 25
DEBUG:    88.000000
DEBUG:    87.000000
DEBUG:    86.000000
DEBUG:    85.000000
DEBUG:    84.000000
DEBUG:    83.000000
DEBUG:    82.000000
DEBUG:    81.000000
DEBUG:    80.000000
DEBUG:    79.000000
DEBUG:    78.000000
DEBUG:    77.000000
DEBUG:    76.000000
DEBUG:    75.000000
DEBUG:    74.000000
DEBUG:    73.000000
DEBUG:    72.000000
DEBUG:    71.000000
DEBUG:    70.000000
DEBUG:    69.000000
DEBUG:    68.000000
DEBUG:    67.000000
DEBUG:    66.000000
DEBUG:    65.000000
DEBUG:    64.000000
DEBUG:    63.000000
DEBUG:    62.000000
DEBUG:    61.000000
DEBUG:    60.000000
DEBUG:    59.000000
WARNING:  Render update is behind -3044 microseconds! Current FPS: 27
DEBUG:    58.000000
DEBUG:    57.000000
DEBUG:    56.000000
DEBUG:    57.000000
DEBUG:    58.000000
DEBUG:    59.000000
DEBUG:    60.000000
DEBUG:    61.000000
DEBUG:    62.000000
DEBUG:    63.000000
DEBUG:    64.000000
DEBUG:    65.000000
DEBUG:    66.000000
DEBUG:    67.000000
DEBUG:    68.000000
DEBUG:    69.000000
DEBUG:    70.000000
DEBUG:    71.000000
DEBUG:    72.000000
DEBUG:    73.000000
DEBUG:    74.000000
DEBUG:    75.000000
DEBUG:    76.000000
DEBUG:    77.000000
DEBUG:    78.000000
DEBUG:    79.000000
DEBUG:    80.000000
DEBUG:    81.000000
DEBUG:    82.000000
DEBUG:    83.000000
DEBUG:    84.000000
DEBUG:    85.000000
DEBUG:    86.000000
DEBUG:    87.000000
DEBUG:    88.000000
DEBUG:    89.000000
DEBUG:    90.000000
DEBUG:    91.000000
DEBUG:    92.000000
DEBUG:    93.000000
DEBUG:    94.000000
DEBUG:    95.000000
DEBUG:    96.000000
DEBUG:    97.000000
DEBUG:    98.000000
DEBUG:    97.000000
DEBUG:    96.000000
DEBUG:    95.000000
DEBUG:    94.000000
DEBUG:    93.000000
DEBUG:    92.000000
DEBUG:    91.000000
DEBUG:    90.000000
DEBUG:    89.000000
DEBUG:    88.000000
DEBUG:    87.000000
DEBUG:    86.000000
DEBUG:    85.000000
DEBUG:    84.000000
DEBUG:    83.000000
DEBUG:    82.000000
DEBUG:    81.000000
DEBUG:    80.000000
DEBUG:    81.000000
DEBUG:    82.000000
DEBUG:    83.000000
DEBUG:    84.000000
DEBUG:    85.000000
DEBUG:    86.000000
DEBUG:    87.000000
DEBUG:    88.000000
DEBUG:    89.000000
DEBUG:    90.000000
DEBUG:    91.000000
DEBUG:    92.000000
DEBUG:    93.000000
DEBUG:    94.000000
DEBUG:    93.000000
DEBUG:    92.000000
DEBUG:    91.000000
DEBUG:    90.000000
DEBUG:    89.000000
WARNING:  Render update is behind -207 microseconds! Current FPS: 30
DEBUG:    88.000000
WARNING:  Render update is behind -568 microseconds! Current FPS: 29
DEBUG:    87.000000
DEBUG:    86.000000
DEBUG:    85.000000
DEBUG:    84.000000
DEBUG:    83.000000
DEBUG:    82.000000
DEBUG:    81.000000
DEBUG:    80.000000
DEBUG:    79.000000
DEBUG:    78.000000
DEBUG:    77.000000
DEBUG:    76.000000
DEBUG:    75.000000
DEBUG:    74.000000
DEBUG:    73.000000
DEBUG:    72.000000
DEBUG:    71.000000
DEBUG:    70.000000
DEBUG:    69.000000
DEBUG:    68.000000
DEBUG:    67.000000
DEBUG:    66.000000
DEBUG:    65.000000
DEBUG:    64.000000
DEBUG:    63.000000
DEBUG:    62.000000
DEBUG:    61.000000
DEBUG:    60.000000
DEBUG:    59.000000
DEBUG:    58.000000
DEBUG:    57.000000
DEBUG:    56.000000
DEBUG:    55.000000
DEBUG:    54.000000
DEBUG:    53.000000
DEBUG:    52.000000
DEBUG:    51.000000
DEBUG:    50.000000
DEBUG:    49.000000
DEBUG:    48.000000
DEBUG:    47.000000
DEBUG:    46.000000
DEBUG:    45.000000
DEBUG:    44.000000
DEBUG:    43.000000
DEBUG:    42.000000
DEBUG:    41.000000
DEBUG:    40.000000
DEBUG:    39.000000
DEBUG:    38.000000
DEBUG:    37.000000
DEBUG:    36.000000
DEBUG:    35.000000
DEBUG:    34.000000
DEBUG:    33.000000
DEBUG:    32.000000
DEBUG:    31.000000
DEBUG:    30.000000
DEBUG:    29.000000
DEBUG:    28.000000
DEBUG:    27.000000
DEBUG:    26.000000
DEBUG:    25.000000
DEBUG:    24.000000
DEBUG:    23.000000
DEBUG:    22.000000
DEBUG:    21.000000
DEBUG:    20.000000
DEBUG:    19.000000
DEBUG:    18.000000
DEBUG:    17.000000
DEBUG:    16.000000
DEBUG:    15.000000
DEBUG:    14.000000
DEBUG:    13.000000
DEBUG:    12.000000
DEBUG:    11.000000
DEBUG:    10.000000
DEBUG:    9.000000
DEBUG:    8.000000
DEBUG:    7.000000
DEBUG:    6.000000
DEBUG:    5.000000
DEBUG:    4.000000
DEBUG:    3.000000
DEBUG:    2.000000
DEBUG:    1.000000
DEBUG:    0.000000
DEBUG:    0.000000
DEBUG:    0.000000
DEBUG:    0.000000
DEBUG:    1.000000
DEBUG:    2.000000
DEBUG:    3.000000
DEBUG:    4.000000
DEBUG:    5.000000
DEBUG:    6.000000
DEBUG:    7.000000
DEBUG:    8.000000
DEBUG:    9.000000
DEBUG:    10.000000
DEBUG:    11.000000
DEBUG:    12.000000
DEBUG:    13.000000
DEBUG:    14.000000
DEBUG:    15.000000
DEBUG:    16.000000
DEBUG:    17.000000
DEBUG:    18.000000
DEBUG:    19.000000
DEBUG:    20.000000
DEBUG:    21.000000
DEBUG:    22.000000
DEBUG:    23.000000
DEBUG:    24.000000
DEBUG:    25.000000
DEBUG:    26.000000
DEBUG:    27.000000
DEBUG:    28.000000
DEBUG:    29.000000
DEBUG:    30.000000
DEBUG:    31.000000
DEBUG:    32.000000
DEBUG:    33.000000
DEBUG:    34.000000
DEBUG:    35.000000
DEBUG:    36.000000
DEBUG:    37.000000
DEBUG:    38.000000
DEBUG:    39.000000
DEBUG:    40.000000
DEBUG:    41.000000
DEBUG:    42.000000
DEBUG:    43.000000
DEBUG:    44.000000
DEBUG:    45.000000
DEBUG:    46.000000
DEBUG:    47.000000
DEBUG:    48.000000
DEBUG:    49.000000
DEBUG:    50.000000
DEBUG:    51.000000
DEBUG:    52.000000
DEBUG:    53.000000
DEBUG:    54.000000
DEBUG:    55.000000
DEBUG:    56.000000
DEBUG:    57.000000
DEBUG:    58.000000
DEBUG:    59.000000
DEBUG:    60.000000
DEBUG:    61.000000
DEBUG:    62.000000
DEBUG:    63.000000
DEBUG:    64.000000
DEBUG:    65.000000
DEBUG:    66.000000
DEBUG:    67.000000
DEBUG:    68.000000
DEBUG:    69.000000
DEBUG:    70.000000
DEBUG:    71.000000
DEBUG:    72.000000
DEBUG:    73.000000
DEBUG:    74.000000
DEBUG:    75.000000
DEBUG:    76.000000
DEBUG:    77.000000
DEBUG:    78.000000
DEBUG:    79.000000
DEBUG:    80.000000
DEBUG:    81.000000
DEBUG:    82.000000
DEBUG:    83.000000
DEBUG:    84.000000
DEBUG:    85.000000
DEBUG:    86.000000
DEBUG:    87.000000
DEBUG:    88.000000
DEBUG:    89.000000
DEBUG:    90.000000
DEBUG:    91.000000
DEBUG:    92.000000
DEBUG:    93.000000
DEBUG:    94.000000
DEBUG:    95.000000
DEBUG:    96.000000
DEBUG:    95.000000
DEBUG:    94.000000
DEBUG:    93.000000
DEBUG:    92.000000
DEBUG:    91.000000
DEBUG:    90.000000
DEBUG:    89.000000
DEBUG:    88.000000
DEBUG:    87.000000
DEBUG:    86.000000
DEBUG:    85.000000
DEBUG:    84.000000
DEBUG:    83.000000
DEBUG:    82.000000
DEBUG:    81.000000
DEBUG:    80.000000
DEBUG:    79.000000
DEBUG:    78.000000
DEBUG:    77.000000
WARNING:  Render update is behind -7524 microseconds! Current FPS: 24
DEBUG:    76.000000
DEBUG:    75.000000
DEBUG:    74.000000
DEBUG:    73.000000
DEBUG:    72.000000
DEBUG:    71.000000
DEBUG:    70.000000
DEBUG:    69.000000
DEBUG:    68.000000
WARNING:  Render update is behind -15712 microseconds! Current FPS: 20
DEBUG:    67.000000
DEBUG:    66.000000
DEBUG:    65.000000
DEBUG:    64.000000
WARNING:  Render update is behind -4632 microseconds! Current FPS: 26
DEBUG:    63.000000
DEBUG:    62.000000
DEBUG:    61.000000
DEBUG:    60.000000
DEBUG:    59.000000
DEBUG:    58.000000
DEBUG:    57.000000
DEBUG:    56.000000
DEBUG:    55.000000
DEBUG:    54.000000
DEBUG:    53.000000
DEBUG:    52.000000
DEBUG:    51.000000
DEBUG:    50.000000
DEBUG:    49.000000
DEBUG:    48.000000
DEBUG:    47.000000
DEBUG:    46.000000
DEBUG:    45.000000
DEBUG:    44.000000
DEBUG:    43.000000
DEBUG:    42.000000
DEBUG:    41.000000
DEBUG:    40.000000
DEBUG:    39.000000
DEBUG:    38.000000
DEBUG:    37.000000
DEBUG:    36.000000
DEBUG:    35.000000
DEBUG:    34.000000
DEBUG:    33.000000
DEBUG:    32.000000
DEBUG:    31.000000
DEBUG:    30.000000
DEBUG:    29.000000
DEBUG:    28.000000
DEBUG:    27.000000
DEBUG:    26.000000
DEBUG:    25.000000
DEBUG:    24.000000
DEBUG:    23.000000
DEBUG:    22.000000
DEBUG:    21.000000
DEBUG:    20.000000
DEBUG:    19.000000
DEBUG:    18.000000
DEBUG:    17.000000
DEBUG:    16.000000
DEBUG:    15.000000
DEBUG:    14.000000
DEBUG:    13.000000
DEBUG:    12.000000
DEBUG:    11.000000
DEBUG:    10.000000
DEBUG:    9.000000
DEBUG:    8.000000
DEBUG:    7.000000
DEBUG:    6.000000
DEBUG:    5.000000
DEBUG:    4.000000
DEBUG:    3.000000
DEBUG:    2.000000
DEBUG:    1.000000
DEBUG:    0.000000
DEBUG:    0.000000
DEBUG:    0.000000
DEBUG:    0.000000
DEBUG:    0.000000
DEBUG:    0.000000
DEBUG:    0.000000
DEBUG:    0.000000
DEBUG:    0.000000
DEBUG:    0.000000
DEBUG:    0.000000
DEBUG:    0.000000
DEBUG:    0.000000
DEBUG:    0.000000
DEBUG:    0.000000
DEBUG:    0.000000
WARNING:  Render update is behind -436 microseconds! Current FPS: 30
DEBUG:    0.000000
DEBUG:    0.000000
DEBUG:    0.000000
DEBUG:    0.000000
WARNING:  Render update is behind -2769 microseconds! Current FPS: 28
DEBUG:    0.000000
DEBUG:    0.000000
DEBUG:    0.000000
DEBUG:    0.000000
DEBUG:    0.000000
DEBUG:    0.000000
DEBUG:    0.000000
DEBUG:    0.000000
DEBUG:    0.000000
DEBUG:    0.000000
DEBUG:    0.000000
DEBUG:    0.000000
DEBUG:    0.000000
DEBUG:    0.000000
DEBUG:    0.000000
DEBUG:    0.000000
DEBUG:    0.000000
DEBUG:    0.000000
DEBUG:    0.000000
DEBUG:    0.000000
DEBUG:    1.000000
DEBUG:    2.000000
DEBUG:    3.000000
DEBUG:    4.000000
DEBUG:    5.000000
DEBUG:    6.000000
DEBUG:    7.000000
DEBUG:    8.000000
DEBUG:    9.000000
DEBUG:    10.000000
DEBUG:    11.000000
DEBUG:    12.000000
DEBUG:    13.000000
DEBUG:    14.000000
DEBUG:    15.000000
DEBUG:    16.000000
DEBUG:    17.000000
DEBUG:    18.000000
DEBUG:    19.000000
DEBUG:    20.000000
DEBUG:    21.000000
DEBUG:    22.000000
DEBUG:    23.000000
DEBUG:    24.000000
DEBUG:    25.000000
DEBUG:    26.000000
DEBUG:    27.000000
DEBUG:    28.000000
DEBUG:    29.000000
DEBUG:    30.000000
DEBUG:    31.000000
DEBUG:    32.000000
DEBUG:    33.000000
DEBUG:    34.000000
DEBUG:    35.000000
DEBUG:    36.000000
DEBUG:    37.000000
DEBUG:    38.000000
DEBUG:    39.000000
DEBUG:    40.000000
DEBUG:    41.000000
DEBUG:    42.000000
DEBUG:    43.000000
DEBUG:    44.000000
DEBUG:    45.000000
DEBUG:    46.000000
DEBUG:    47.000000
DEBUG:    48.000000
DEBUG:    49.000000
DEBUG:    50.000000
DEBUG:    51.000000
DEBUG:    52.000000
DEBUG:    53.000000
DEBUG:    54.000000
DEBUG:    55.000000
DEBUG:    56.000000
DEBUG:    57.000000
DEBUG:    58.000000
DEBUG:    59.000000
DEBUG:    60.000000
WARNING:  Render update is behind -991 microseconds! Current FPS: 29
DEBUG:    61.000000
WARNING:  Render update is behind -4194 microseconds! Current FPS: 27
DEBUG:    62.000000
WARNING:  Render update is behind -1732 microseconds! Current FPS: 29
DEBUG:    63.000000
DEBUG:    64.000000
DEBUG:    65.000000
DEBUG:    66.000000
DEBUG:    67.000000
DEBUG:    68.000000
DEBUG:    69.000000
DEBUG:    70.000000
DEBUG:    71.000000
DEBUG:    72.000000
DEBUG:    73.000000
DEBUG:    74.000000
DEBUG:    75.000000
DEBUG:    76.000000
DEBUG:    77.000000
DEBUG:    78.000000
DEBUG:    79.000000
DEBUG:    80.000000
DEBUG:    81.000000
DEBUG:    82.000000
DEBUG:    83.000000
DEBUG:    84.000000
DEBUG:    85.000000
DEBUG:    86.000000
DEBUG:    87.000000
DEBUG:    88.000000
DEBUG:    89.000000
DEBUG:    90.000000
DEBUG:    91.000000
DEBUG:    92.000000
DEBUG:    93.000000
DEBUG:    94.000000
DEBUG:    95.000000
DEBUG:    96.000000
DEBUG:    97.000000
DEBUG:    98.000000
DEBUG:    99.000000
DEBUG:    100.000000
INFO:     Cleaning up...
