DEBUG:    Initializing...
DEBUG:    Getting video modes...
DEBUG:    Creating window with resolution of 1366x768...
DEBUG:    Loading images...
DEBUG:    Initializing Status_Menu...
DEBUG:    Starting window render loop...
DEBUG:    Starting window event loop...
INFO:     Initialization Finished
DEBUG:    Set FPS to 30
DEBUG:    1717.000000
WARNING:  Render update is behind -34321 microseconds! Current FPS: 15
DEBUG:    2751.000000
WARNING:  Render update is behind -9926 microseconds! Current FPS: 23
DEBUG:    2761.000000
WARNING:  Render update is behind -29182 microseconds! Current FPS: 16
DEBUG:    2771.000000
DEBUG:    2781.000000
WARNING:  Render update is behind -15927 microseconds! Current FPS: 20
DEBUG:    2791.000000
WARNING:  Render update is behind -44221 microseconds! Current FPS: 13
DEBUG:    2801.000000
DEBUG:    2811.000000
DEBUG:    2821.000000
WARNING:  Render update is behind -19705 microseconds! Current FPS: 19
DEBUG:    2831.000000
WARNING:  Render update is behind -46231 microseconds! Current FPS: 13
DEBUG:    2841.000000
WARNING:  Render update is behind -71 microseconds! Current FPS: 30
DEBUG:    2851.000000
DEBUG:    2861.000000
DEBUG:    2871.000000
WARNING:  Render update is behind -4067 microseconds! Current FPS: 27
DEBUG:    2881.000000
DEBUG:    2891.000000
DEBUG:    2901.000000
DEBUG:    2911.000000
WARNING:  Render update is behind -25158 microseconds! Current FPS: 17
DEBUG:    2921.000000
DEBUG:    2931.000000
INFO:     Cleaning up...
