DEBUG:    Initializing...
DEBUG:    Initializing Main_Info...
DEBUG:    Found querty option.
DEBUG:    Getting video modes...
DEBUG:    Creating window with resolution of 1366x768...
DEBUG:    Loading images...
DEBUG:    Initializing Status_Menu...
DEBUG:    Starting window render loop...
DEBUG:    Starting window event loop...
INFO:     Initialization Finished
DEBUG:    Set FPS to 30
WARNING:  Render update is behind -43396 microseconds! Current FPS: 13
WARNING:  Render update is behind -6788 microseconds! Current FPS: 25
WARNING:  Render update is behind -2835 microseconds! Current FPS: 28
WARNING:  Render update is behind -2638 microseconds! Current FPS: 28
WARNING:  Render update is behind -11978 microseconds! Current FPS: 22
WARNING:  Render update is behind -13713 microseconds! Current FPS: 21
WARNING:  Render update is behind -2222 microseconds! Current FPS: 28
WARNING:  Render update is behind -18997 microseconds! Current FPS: 19
WARNING:  Render update is behind -6565 microseconds! Current FPS: 25
INFO:     Cleaning up...
