DEBUG:    Initializing...
DEBUG:    Initializing Main_Info...
DEBUG:    Found querty option.
DEBUG:    Getting video modes...
DEBUG:    Creating window with resolution of 1366x768...
DEBUG:    Loading images...
DEBUG:    Initializing Status_Menu...
DEBUG:    Starting window render loop...
DEBUG:    Starting window event loop...
INFO:     Initialization Finished
DEBUG:    Set FPS to 30
WARNING:  Render update is behind -56083 microseconds! Current FPS: 11
WARNING:  Render update is behind -14852 microseconds! Current FPS: 21
WARNING:  Render update is behind -17913 microseconds! Current FPS: 20
WARNING:  Render update is behind -7655 microseconds! Current FPS: 24
WARNING:  Render update is behind -3308 microseconds! Current FPS: 27
WARNING:  Render update is behind -24097 microseconds! Current FPS: 17
WARNING:  Render update is behind -872 microseconds! Current FPS: 29
WARNING:  Render update is behind -3248 microseconds! Current FPS: 27
WARNING:  Render update is behind -19611 microseconds! Current FPS: 19
WARNING:  Render update is behind -1390 microseconds! Current FPS: 29
WARNING:  Render update is behind -1624 microseconds! Current FPS: 29
WARNING:  Render update is behind -14800 microseconds! Current FPS: 21
WARNING:  Render update is behind -4356 microseconds! Current FPS: 27
INFO:     Cleaning up...
