DEBUG:    Initializing...
DEBUG:    Initializing Main_Info...
DEBUG:    Found querty option.
DEBUG:    Getting video modes...
DEBUG:    Creating window with resolution of 1366x768...
DEBUG:    Loading images...
DEBUG:    Initializing Status_Menu...
DEBUG:    Starting window render loop...
DEBUG:    Starting window event loop...
INFO:     Initialization Finished
DEBUG:    Set FPS to 30
WARNING:  Render update is behind -24098 microseconds! Current FPS: 17
WARNING:  Render update is behind -26605 microseconds! Current FPS: 17
WARNING:  Render update is behind -12242 microseconds! Current FPS: 22
WARNING:  Render update is behind -8935 microseconds! Current FPS: 24
WARNING:  Render update is behind -1728 microseconds! Current FPS: 29
WARNING:  Render update is behind -8733 microseconds! Current FPS: 24
WARNING:  Render update is behind -2470 microseconds! Current FPS: 28
WARNING:  Render update is behind -364 microseconds! Current FPS: 30
WARNING:  Render update is behind -21707 microseconds! Current FPS: 18
WARNING:  Render update is behind -11211 microseconds! Current FPS: 22
WARNING:  Render update is behind -1240 microseconds! Current FPS: 29
WARNING:  Render update is behind -17462 microseconds! Current FPS: 20
WARNING:  Render update is behind -21334 microseconds! Current FPS: 18
WARNING:  Render update is behind -1970 microseconds! Current FPS: 28
WARNING:  Render update is behind -4815 microseconds! Current FPS: 26
WARNING:  Render update is behind -15913 microseconds! Current FPS: 20
WARNING:  Render update is behind -15852 microseconds! Current FPS: 20
WARNING:  Render update is behind -5449 microseconds! Current FPS: 26
WARNING:  Render update is behind -3300 microseconds! Current FPS: 27
WARNING:  Render update is behind -9817 microseconds! Current FPS: 23
WARNING:  Render update is behind -5373 microseconds! Current FPS: 26
INFO:     Cleaning up...
