DEBUG:    Initializing...
DEBUG:    Initializing Main_Info...
DEBUG:    Found querty option.
DEBUG:    Getting video modes...
DEBUG:    Creating window with resolution of 1366x768...
DEBUG:    Loading images...
DEBUG:    Initializing Status_Menu...
DEBUG:    Starting window render loop...
DEBUG:    Starting window event loop...
INFO:     Initialization Finished
DEBUG:    Set FPS to 30
WARNING:  Render update is behind -16886 microseconds! Current FPS: 20
WARNING:  Render update is behind -29681 microseconds! Current FPS: 16
WARNING:  Render update is behind -513 microseconds! Current FPS: 30
WARNING:  Render update is behind -280 microseconds! Current FPS: 30
WARNING:  Render update is behind -1683 microseconds! Current FPS: 29
WARNING:  Render update is behind -757 microseconds! Current FPS: 29
WARNING:  Render update is behind -1370 microseconds! Current FPS: 29
WARNING:  Render update is behind -25656 microseconds! Current FPS: 17
WARNING:  Render update is behind -733 microseconds! Current FPS: 29
INFO:     Cleaning up...
