DEBUG:    Initializing...
DEBUG:    Getting video modes...
DEBUG:    Creating window with resolution of 1366x768...
DEBUG:    Loading images...
DEBUG:    Initializing Status_Menu...
DEBUG:    Starting window render loop...
WARNING:  Render update took 929333 microseconds!
DEBUG:    Starting window event loop...
INFO:     Initialization Finished
WARNING:  Render update took 556089 microseconds!
WARNING:  Render update took 482211 microseconds!
WARNING:  Render update took 504042 microseconds!
WARNING:  Render update took 499341 microseconds!
WARNING:  Render update took 513588 microseconds!
WARNING:  Render update took 498344 microseconds!
WARNING:  Render update took 503154 microseconds!
WARNING:  Render update took 501117 microseconds!
WARNING:  Render update took 618391 microseconds!
WARNING:  Render update took 491953 microseconds!
WARNING:  Render update took 489494 microseconds!
WARNING:  Render update took 474790 microseconds!
WARNING:  Render update took 485103 microseconds!
WARNING:  Render update took 488532 microseconds!
WARNING:  Render update took 485498 microseconds!
WARNING:  Render update took 488373 microseconds!
WARNING:  Render update took 506723 microseconds!
WARNING:  Render update took 487417 microseconds!
WARNING:  Render update took 483734 microseconds!
WARNING:  Render update took 486543 microseconds!
WARNING:  Render update took 493446 microseconds!
WARNING:  Render update took 656032 microseconds!
WARNING:  Render update took 489110 microseconds!
WARNING:  Render update took 482135 microseconds!
WARNING:  Render update took 841189 microseconds!
WARNING:  Render update took 547092 microseconds!
INFO:     Cleaning up...
