DEBUG:    Initializing...
DEBUG:    Initializing Main_Info...
DEBUG:    Found querty option.
DEBUG:    Getting video modes...
DEBUG:    Creating window with resolution of 1366x768...
DEBUG:    Loading images...
DEBUG:    Initializing Status_Menu...
DEBUG:    Starting window render loop...
DEBUG:    Starting window event loop...
INFO:     Initialization Finished
DEBUG:    Set FPS to 30
DEBUG:    99.000000
DEBUG:    98.000000
WARNING:  Render update is behind -17256 microseconds! Current FPS: 20
DEBUG:    97.000000
DEBUG:    96.000000
DEBUG:    95.000000
DEBUG:    94.000000
DEBUG:    93.000000
DEBUG:    92.000000
DEBUG:    91.000000
DEBUG:    90.000000
DEBUG:    89.000000
DEBUG:    88.000000
DEBUG:    87.000000
DEBUG:    86.000000
DEBUG:    85.000000
DEBUG:    84.000000
DEBUG:    83.000000
DEBUG:    82.000000
DEBUG:    81.000000
DEBUG:    80.000000
DEBUG:    79.000000
DEBUG:    78.000000
DEBUG:    77.000000
DEBUG:    76.000000
DEBUG:    75.000000
DEBUG:    74.000000
DEBUG:    73.000000
DEBUG:    72.000000
DEBUG:    71.000000
DEBUG:    70.000000
DEBUG:    69.000000
DEBUG:    68.000000
DEBUG:    67.000000
DEBUG:    66.000000
DEBUG:    65.000000
DEBUG:    64.000000
DEBUG:    63.000000
DEBUG:    62.000000
DEBUG:    61.000000
DEBUG:    60.000000
DEBUG:    59.000000
DEBUG:    58.000000
DEBUG:    57.000000
DEBUG:    56.000000
DEBUG:    55.000000
DEBUG:    54.000000
DEBUG:    53.000000
DEBUG:    52.000000
DEBUG:    51.000000
DEBUG:    50.000000
DEBUG:    49.000000
DEBUG:    48.000000
DEBUG:    47.000000
DEBUG:    46.000000
DEBUG:    45.000000
WARNING:  Render update is behind -1416 microseconds! Current FPS: 29
DEBUG:    44.000000
DEBUG:    43.000000
DEBUG:    42.000000
DEBUG:    41.000000
DEBUG:    40.000000
DEBUG:    39.000000
WARNING:  Render update is behind -6101 microseconds! Current FPS: 25
DEBUG:    38.000000
DEBUG:    37.000000
DEBUG:    36.000000
DEBUG:    35.000000
DEBUG:    34.000000
DEBUG:    33.000000
DEBUG:    32.000000
DEBUG:    31.000000
DEBUG:    30.000000
DEBUG:    29.000000
DEBUG:    28.000000
DEBUG:    27.000000
DEBUG:    26.000000
DEBUG:    25.000000
DEBUG:    24.000000
DEBUG:    23.000000
DEBUG:    22.000000
DEBUG:    21.000000
DEBUG:    20.000000
DEBUG:    19.000000
DEBUG:    18.000000
DEBUG:    17.000000
DEBUG:    16.000000
DEBUG:    15.000000
DEBUG:    14.000000
DEBUG:    13.000000
DEBUG:    12.000000
DEBUG:    11.000000
DEBUG:    10.000000
DEBUG:    9.000000
DEBUG:    8.000000
DEBUG:    7.000000
DEBUG:    6.000000
DEBUG:    5.000000
DEBUG:    4.000000
DEBUG:    3.000000
DEBUG:    2.000000
DEBUG:    1.000000
DEBUG:    0.000000
DEBUG:    0.000000
DEBUG:    0.000000
DEBUG:    0.000000
DEBUG:    0.000000
DEBUG:    0.000000
DEBUG:    0.000000
DEBUG:    0.000000
DEBUG:    0.000000
DEBUG:    0.000000
DEBUG:    0.000000
DEBUG:    0.000000
DEBUG:    0.000000
DEBUG:    0.000000
DEBUG:    0.000000
DEBUG:    0.000000
DEBUG:    0.000000
DEBUG:    0.000000
DEBUG:    0.000000
DEBUG:    0.000000
DEBUG:    0.000000
DEBUG:    0.000000
DEBUG:    0.000000
DEBUG:    0.000000
DEBUG:    0.000000
DEBUG:    0.000000
DEBUG:    0.000000
DEBUG:    0.000000
DEBUG:    0.000000
DEBUG:    0.000000
DEBUG:    0.000000
DEBUG:    0.000000
DEBUG:    0.000000
DEBUG:    0.000000
DEBUG:    0.000000
DEBUG:    0.000000
DEBUG:    0.000000
DEBUG:    0.000000
DEBUG:    0.000000
DEBUG:    0.000000
DEBUG:    0.000000
DEBUG:    0.000000
DEBUG:    0.000000
DEBUG:    0.000000
DEBUG:    0.000000
WARNING:  Render update is behind -873 microseconds! Current FPS: 29
DEBUG:    0.000000
DEBUG:    0.000000
DEBUG:    0.000000
DEBUG:    0.000000
DEBUG:    0.000000
DEBUG:    0.000000
DEBUG:    0.000000
DEBUG:    0.000000
DEBUG:    0.000000
DEBUG:    0.000000
DEBUG:    0.000000
DEBUG:    0.000000
DEBUG:    0.000000
DEBUG:    0.000000
DEBUG:    -1.000000
DEBUG:    -1.000000
DEBUG:    -1.000000
DEBUG:    -1.000000
DEBUG:    -1.000000
DEBUG:    -1.000000
DEBUG:    -1.000000
DEBUG:    -1.000000
DEBUG:    -1.000000
DEBUG:    -1.000000
DEBUG:    -1.000000
DEBUG:    -1.000000
DEBUG:    -1.000000
DEBUG:    -1.000000
DEBUG:    -1.000000
DEBUG:    -1.000000
DEBUG:    -1.000000
DEBUG:    -1.000000
DEBUG:    -1.000000
DEBUG:    -1.000000
DEBUG:    -1.000000
DEBUG:    -1.000000
DEBUG:    -1.000000
DEBUG:    -1.000000
DEBUG:    -1.000000
DEBUG:    -1.000000
DEBUG:    -1.000000
DEBUG:    -1.000000
DEBUG:    -1.000000
DEBUG:    -1.000000
DEBUG:    -1.000000
DEBUG:    -1.000000
DEBUG:    -1.000000
DEBUG:    -1.000000
DEBUG:    -1.000000
DEBUG:    -1.000000
DEBUG:    -1.000000
DEBUG:    -1.000000
DEBUG:    -1.000000
DEBUG:    -1.000000
DEBUG:    -1.000000
DEBUG:    -1.000000
DEBUG:    -1.000000
DEBUG:    -1.000000
DEBUG:    -1.000000
DEBUG:    -1.000000
DEBUG:    -1.000000
DEBUG:    -1.000000
DEBUG:    -1.000000
DEBUG:    -1.000000
DEBUG:    -1.000000
DEBUG:    -1.000000
DEBUG:    -1.000000
DEBUG:    -1.000000
DEBUG:    -1.000000
DEBUG:    -1.000000
DEBUG:    -1.000000
DEBUG:    -1.000000
DEBUG:    -1.000000
DEBUG:    -1.000000
DEBUG:    -1.000000
DEBUG:    -1.000000
DEBUG:    -1.000000
DEBUG:    -1.000000
DEBUG:    -1.000000
DEBUG:    -1.000000
DEBUG:    -1.000000
DEBUG:    -1.000000
WARNING:  Render update is behind -919 microseconds! Current FPS: 29
DEBUG:    -1.000000
DEBUG:    -1.000000
DEBUG:    -1.000000
DEBUG:    -1.000000
DEBUG:    -1.000000
DEBUG:    -1.000000
DEBUG:    -1.000000
DEBUG:    -1.000000
DEBUG:    -1.000000
DEBUG:    -1.000000
DEBUG:    -1.000000
DEBUG:    -1.000000
DEBUG:    -1.000000
DEBUG:    -1.000000
DEBUG:    -1.000000
DEBUG:    -1.000000
WARNING:  Render update is behind -3713 microseconds! Current FPS: 27
DEBUG:    -1.000000
DEBUG:    -1.000000
DEBUG:    -1.000000
DEBUG:    -1.000000
DEBUG:    -1.000000
DEBUG:    -1.000000
DEBUG:    -1.000000
DEBUG:    -1.000000
DEBUG:    -1.000000
DEBUG:    -1.000000
DEBUG:    -1.000000
DEBUG:    -1.000000
DEBUG:    -1.000000
DEBUG:    -1.000000
DEBUG:    -1.000000
DEBUG:    -1.000000
DEBUG:    -1.000000
DEBUG:    -1.000000
DEBUG:    -1.000000
DEBUG:    -1.000000
DEBUG:    0.000000
DEBUG:    1.000000
DEBUG:    2.000000
DEBUG:    1.000000
DEBUG:    0.000000
DEBUG:    0.000000
DEBUG:    0.000000
DEBUG:    0.000000
DEBUG:    0.000000
DEBUG:    0.000000
DEBUG:    0.000000
DEBUG:    0.000000
DEBUG:    0.000000
DEBUG:    0.000000
DEBUG:    0.000000
DEBUG:    0.000000
DEBUG:    0.000000
DEBUG:    0.000000
DEBUG:    0.000000
DEBUG:    0.000000
DEBUG:    1.000000
DEBUG:    2.000000
DEBUG:    3.000000
DEBUG:    4.000000
DEBUG:    5.000000
DEBUG:    6.000000
DEBUG:    7.000000
DEBUG:    8.000000
DEBUG:    9.000000
DEBUG:    10.000000
DEBUG:    11.000000
DEBUG:    12.000000
DEBUG:    13.000000
DEBUG:    14.000000
DEBUG:    15.000000
DEBUG:    16.000000
DEBUG:    17.000000
DEBUG:    18.000000
DEBUG:    19.000000
DEBUG:    20.000000
DEBUG:    21.000000
DEBUG:    22.000000
DEBUG:    21.000000
DEBUG:    20.000000
DEBUG:    19.000000
DEBUG:    18.000000
DEBUG:    17.000000
DEBUG:    16.000000
DEBUG:    15.000000
DEBUG:    14.000000
DEBUG:    13.000000
DEBUG:    12.000000
DEBUG:    11.000000
DEBUG:    10.000000
DEBUG:    9.000000
DEBUG:    8.000000
DEBUG:    7.000000
DEBUG:    6.000000
DEBUG:    5.000000
DEBUG:    4.000000
DEBUG:    3.000000
DEBUG:    2.000000
DEBUG:    1.000000
DEBUG:    0.000000
DEBUG:    0.000000
DEBUG:    0.000000
DEBUG:    0.000000
DEBUG:    0.000000
DEBUG:    0.000000
DEBUG:    0.000000
WARNING:  Render update is behind -4541 microseconds! Current FPS: 26
DEBUG:    0.000000
WARNING:  Render update is behind -5687 microseconds! Current FPS: 26
DEBUG:    0.000000
DEBUG:    0.000000
DEBUG:    0.000000
DEBUG:    0.000000
DEBUG:    0.000000
DEBUG:    0.000000
DEBUG:    0.000000
DEBUG:    0.000000
DEBUG:    0.000000
DEBUG:    0.000000
DEBUG:    0.000000
DEBUG:    0.000000
DEBUG:    0.000000
DEBUG:    0.000000
DEBUG:    0.000000
DEBUG:    0.000000
DEBUG:    0.000000
DEBUG:    0.000000
DEBUG:    0.000000
DEBUG:    0.000000
DEBUG:    0.000000
DEBUG:    0.000000
DEBUG:    0.000000
DEBUG:    0.000000
DEBUG:    0.000000
DEBUG:    0.000000
DEBUG:    0.000000
DEBUG:    0.000000
DEBUG:    0.000000
DEBUG:    0.000000
DEBUG:    0.000000
DEBUG:    0.000000
DEBUG:    0.000000
DEBUG:    0.000000
DEBUG:    0.000000
DEBUG:    0.000000
DEBUG:    0.000000
DEBUG:    0.000000
DEBUG:    0.000000
DEBUG:    0.000000
DEBUG:    0.000000
DEBUG:    0.000000
DEBUG:    0.000000
DEBUG:    0.000000
DEBUG:    -1.000000
DEBUG:    -1.000000
DEBUG:    -1.000000
DEBUG:    -1.000000
DEBUG:    -1.000000
DEBUG:    -1.000000
DEBUG:    -1.000000
DEBUG:    -1.000000
DEBUG:    -1.000000
DEBUG:    -1.000000
DEBUG:    -1.000000
DEBUG:    -1.000000
DEBUG:    0.000000
DEBUG:    1.000000
DEBUG:    2.000000
DEBUG:    1.000000
DEBUG:    0.000000
DEBUG:    0.000000
DEBUG:    0.000000
DEBUG:    0.000000
DEBUG:    0.000000
DEBUG:    0.000000
DEBUG:    0.000000
DEBUG:    0.000000
DEBUG:    0.000000
DEBUG:    0.000000
DEBUG:    0.000000
DEBUG:    0.000000
DEBUG:    0.000000
DEBUG:    1.000000
DEBUG:    2.000000
DEBUG:    3.000000
DEBUG:    4.000000
DEBUG:    3.000000
DEBUG:    2.000000
DEBUG:    1.000000
DEBUG:    0.000000
DEBUG:    1.000000
DEBUG:    2.000000
DEBUG:    3.000000
DEBUG:    4.000000
DEBUG:    3.000000
DEBUG:    2.000000
DEBUG:    1.000000
DEBUG:    0.000000
DEBUG:    1.000000
DEBUG:    2.000000
DEBUG:    3.000000
DEBUG:    2.000000
DEBUG:    1.000000
DEBUG:    0.000000
DEBUG:    0.000000
DEBUG:    1.000000
DEBUG:    2.000000
DEBUG:    3.000000
DEBUG:    2.000000
DEBUG:    1.000000
DEBUG:    0.000000
DEBUG:    0.000000
DEBUG:    1.000000
DEBUG:    2.000000
DEBUG:    3.000000
DEBUG:    4.000000
DEBUG:    3.000000
DEBUG:    2.000000
DEBUG:    3.000000
DEBUG:    4.000000
DEBUG:    5.000000
DEBUG:    6.000000
DEBUG:    5.000000
DEBUG:    4.000000
DEBUG:    3.000000
DEBUG:    4.000000
DEBUG:    5.000000
DEBUG:    6.000000
DEBUG:    7.000000
DEBUG:    6.000000
DEBUG:    5.000000
DEBUG:    4.000000
DEBUG:    3.000000
DEBUG:    2.000000
DEBUG:    1.000000
DEBUG:    0.000000
DEBUG:    0.000000
DEBUG:    0.000000
DEBUG:    0.000000
DEBUG:    0.000000
DEBUG:    0.000000
DEBUG:    0.000000
DEBUG:    0.000000
DEBUG:    0.000000
DEBUG:    1.000000
DEBUG:    2.000000
DEBUG:    3.000000
DEBUG:    4.000000
DEBUG:    5.000000
DEBUG:    6.000000
DEBUG:    7.000000
DEBUG:    6.000000
DEBUG:    5.000000
DEBUG:    4.000000
DEBUG:    3.000000
DEBUG:    2.000000
DEBUG:    1.000000
DEBUG:    0.000000
DEBUG:    0.000000
DEBUG:    0.000000
DEBUG:    0.000000
DEBUG:    0.000000
DEBUG:    0.000000
DEBUG:    0.000000
DEBUG:    0.000000
DEBUG:    0.000000
DEBUG:    0.000000
DEBUG:    0.000000
DEBUG:    0.000000
DEBUG:    0.000000
DEBUG:    0.000000
DEBUG:    0.000000
DEBUG:    0.000000
DEBUG:    0.000000
DEBUG:    0.000000
DEBUG:    0.000000
DEBUG:    1.000000
DEBUG:    2.000000
DEBUG:    3.000000
DEBUG:    4.000000
DEBUG:    5.000000
DEBUG:    6.000000
DEBUG:    7.000000
DEBUG:    8.000000
DEBUG:    9.000000
DEBUG:    10.000000
WARNING:  Render update is behind -5191 microseconds! Current FPS: 26
DEBUG:    11.000000
DEBUG:    12.000000
DEBUG:    13.000000
DEBUG:    14.000000
DEBUG:    15.000000
DEBUG:    16.000000
DEBUG:    17.000000
DEBUG:    18.000000
DEBUG:    19.000000
DEBUG:    20.000000
DEBUG:    21.000000
DEBUG:    22.000000
DEBUG:    23.000000
DEBUG:    22.000000
DEBUG:    21.000000
DEBUG:    20.000000
DEBUG:    19.000000
DEBUG:    18.000000
DEBUG:    17.000000
DEBUG:    16.000000
DEBUG:    15.000000
DEBUG:    14.000000
DEBUG:    13.000000
DEBUG:    12.000000
DEBUG:    11.000000
DEBUG:    10.000000
DEBUG:    9.000000
DEBUG:    8.000000
DEBUG:    7.000000
DEBUG:    6.000000
DEBUG:    5.000000
DEBUG:    4.000000
DEBUG:    3.000000
DEBUG:    2.000000
DEBUG:    1.000000
DEBUG:    0.000000
DEBUG:    0.000000
DEBUG:    0.000000
DEBUG:    0.000000
DEBUG:    0.000000
DEBUG:    0.000000
DEBUG:    0.000000
DEBUG:    0.000000
DEBUG:    0.000000
DEBUG:    0.000000
DEBUG:    0.000000
DEBUG:    0.000000
DEBUG:    0.000000
DEBUG:    0.000000
DEBUG:    0.000000
DEBUG:    0.000000
DEBUG:    0.000000
DEBUG:    0.000000
DEBUG:    0.000000
DEBUG:    0.000000
DEBUG:    0.000000
DEBUG:    0.000000
DEBUG:    0.000000
DEBUG:    0.000000
DEBUG:    0.000000
DEBUG:    0.000000
DEBUG:    0.000000
DEBUG:    0.000000
DEBUG:    0.000000
DEBUG:    0.000000
DEBUG:    0.000000
DEBUG:    0.000000
DEBUG:    0.000000
DEBUG:    0.000000
DEBUG:    0.000000
DEBUG:    0.000000
DEBUG:    0.000000
DEBUG:    0.000000
DEBUG:    0.000000
DEBUG:    0.000000
DEBUG:    0.000000
DEBUG:    0.000000
DEBUG:    0.000000
DEBUG:    0.000000
DEBUG:    0.000000
DEBUG:    0.000000
DEBUG:    0.000000
DEBUG:    0.000000
DEBUG:    0.000000
DEBUG:    0.000000
DEBUG:    0.000000
DEBUG:    0.000000
DEBUG:    -1.000000
DEBUG:    -1.000000
DEBUG:    -1.000000
DEBUG:    -1.000000
DEBUG:    -1.000000
DEBUG:    -1.000000
DEBUG:    -1.000000
DEBUG:    -1.000000
DEBUG:    -1.000000
DEBUG:    -1.000000
DEBUG:    -1.000000
DEBUG:    -1.000000
DEBUG:    -1.000000
DEBUG:    -1.000000
DEBUG:    -1.000000
DEBUG:    -1.000000
DEBUG:    -1.000000
DEBUG:    -1.000000
DEBUG:    -1.000000
DEBUG:    -1.000000
DEBUG:    -1.000000
DEBUG:    -1.000000
DEBUG:    -1.000000
DEBUG:    -1.000000
DEBUG:    -1.000000
DEBUG:    -1.000000
DEBUG:    -1.000000
DEBUG:    -1.000000
DEBUG:    -1.000000
DEBUG:    -1.000000
DEBUG:    -1.000000
DEBUG:    -1.000000
DEBUG:    -1.000000
DEBUG:    -1.000000
DEBUG:    -1.000000
WARNING:  Render update is behind -8177 microseconds! Current FPS: 24
DEBUG:    -1.000000
WARNING:  Render update is behind -1513 microseconds! Current FPS: 29
DEBUG:    -1.000000
DEBUG:    -1.000000
DEBUG:    -1.000000
DEBUG:    -1.000000
DEBUG:    -1.000000
DEBUG:    -1.000000
DEBUG:    -1.000000
DEBUG:    -1.000000
DEBUG:    -1.000000
DEBUG:    -1.000000
DEBUG:    -1.000000
DEBUG:    -1.000000
DEBUG:    -1.000000
DEBUG:    -1.000000
DEBUG:    -1.000000
DEBUG:    -1.000000
DEBUG:    -1.000000
DEBUG:    -1.000000
DEBUG:    -1.000000
DEBUG:    -1.000000
DEBUG:    -1.000000
DEBUG:    -1.000000
DEBUG:    -1.000000
DEBUG:    -1.000000
DEBUG:    -1.000000
DEBUG:    -1.000000
WARNING:  Render update is behind -12746 microseconds! Current FPS: 22
DEBUG:    -1.000000
WARNING:  Render update is behind -10741 microseconds! Current FPS: 23
DEBUG:    -1.000000
DEBUG:    -1.000000
DEBUG:    -1.000000
DEBUG:    -1.000000
DEBUG:    -1.000000
DEBUG:    -1.000000
DEBUG:    -1.000000
DEBUG:    -1.000000
DEBUG:    -1.000000
DEBUG:    -1.000000
DEBUG:    -1.000000
DEBUG:    -1.000000
DEBUG:    -1.000000
DEBUG:    -1.000000
DEBUG:    -1.000000
DEBUG:    -1.000000
DEBUG:    -1.000000
DEBUG:    -1.000000
DEBUG:    -1.000000
DEBUG:    -1.000000
DEBUG:    -1.000000
DEBUG:    -1.000000
DEBUG:    -1.000000
DEBUG:    -1.000000
DEBUG:    -1.000000
DEBUG:    -1.000000
DEBUG:    -1.000000
WARNING:  Render update is behind -10874 microseconds! Current FPS: 23
DEBUG:    -1.000000
WARNING:  Render update is behind -6647 microseconds! Current FPS: 25
DEBUG:    -1.000000
WARNING:  Render update is behind -1986 microseconds! Current FPS: 28
DEBUG:    -1.000000
WARNING:  Render update is behind -338 microseconds! Current FPS: 30
DEBUG:    -1.000000
DEBUG:    -1.000000
DEBUG:    -1.000000
DEBUG:    -1.000000
DEBUG:    -1.000000
DEBUG:    -1.000000
DEBUG:    -1.000000
DEBUG:    -1.000000
DEBUG:    -1.000000
DEBUG:    -1.000000
DEBUG:    -1.000000
DEBUG:    -1.000000
DEBUG:    -1.000000
WARNING:  Render update is behind -298 microseconds! Current FPS: 30
DEBUG:    -1.000000
DEBUG:    -1.000000
DEBUG:    -1.000000
DEBUG:    -1.000000
DEBUG:    -1.000000
DEBUG:    -1.000000
DEBUG:    -1.000000
DEBUG:    -1.000000
DEBUG:    -1.000000
DEBUG:    -1.000000
DEBUG:    -1.000000
DEBUG:    -1.000000
DEBUG:    -1.000000
DEBUG:    -1.000000
DEBUG:    0.000000
DEBUG:    1.000000
DEBUG:    2.000000
DEBUG:    3.000000
DEBUG:    2.000000
DEBUG:    1.000000
DEBUG:    0.000000
DEBUG:    0.000000
DEBUG:    0.000000
WARNING:  Render update is behind -10250 microseconds! Current FPS: 23
DEBUG:    0.000000
DEBUG:    0.000000
DEBUG:    0.000000
DEBUG:    0.000000
DEBUG:    0.000000
DEBUG:    0.000000
DEBUG:    0.000000
DEBUG:    0.000000
DEBUG:    0.000000
DEBUG:    0.000000
DEBUG:    0.000000
DEBUG:    0.000000
DEBUG:    0.000000
DEBUG:    0.000000
DEBUG:    0.000000
DEBUG:    0.000000
DEBUG:    0.000000
DEBUG:    0.000000
DEBUG:    0.000000
DEBUG:    0.000000
DEBUG:    0.000000
DEBUG:    0.000000
DEBUG:    0.000000
DEBUG:    0.000000
DEBUG:    0.000000
DEBUG:    0.000000
DEBUG:    0.000000
DEBUG:    0.000000
DEBUG:    0.000000
DEBUG:    0.000000
DEBUG:    0.000000
DEBUG:    0.000000
DEBUG:    0.000000
DEBUG:    0.000000
DEBUG:    0.000000
DEBUG:    0.000000
DEBUG:    0.000000
DEBUG:    0.000000
DEBUG:    0.000000
DEBUG:    0.000000
DEBUG:    0.000000
DEBUG:    0.000000
DEBUG:    0.000000
DEBUG:    0.000000
DEBUG:    -1.000000
DEBUG:    -1.000000
DEBUG:    -1.000000
DEBUG:    -1.000000
DEBUG:    -1.000000
DEBUG:    -1.000000
DEBUG:    -1.000000
DEBUG:    -1.000000
DEBUG:    -1.000000
DEBUG:    -1.000000
DEBUG:    -1.000000
DEBUG:    -1.000000
DEBUG:    -1.000000
DEBUG:    -1.000000
DEBUG:    -1.000000
DEBUG:    -1.000000
DEBUG:    -1.000000
DEBUG:    -1.000000
DEBUG:    -1.000000
DEBUG:    -1.000000
DEBUG:    -1.000000
DEBUG:    -1.000000
DEBUG:    -1.000000
DEBUG:    -1.000000
DEBUG:    -1.000000
DEBUG:    -1.000000
DEBUG:    -1.000000
DEBUG:    -1.000000
DEBUG:    -1.000000
DEBUG:    -1.000000
DEBUG:    -1.000000
DEBUG:    -1.000000
DEBUG:    -1.000000
DEBUG:    -1.000000
DEBUG:    -1.000000
DEBUG:    -1.000000
DEBUG:    -1.000000
DEBUG:    -1.000000
DEBUG:    -1.000000
DEBUG:    -1.000000
DEBUG:    -1.000000
DEBUG:    -1.000000
DEBUG:    -1.000000
DEBUG:    -1.000000
DEBUG:    -1.000000
DEBUG:    -1.000000
DEBUG:    -1.000000
DEBUG:    -1.000000
DEBUG:    -1.000000
DEBUG:    -1.000000
DEBUG:    -1.000000
DEBUG:    -1.000000
DEBUG:    -1.000000
DEBUG:    -1.000000
DEBUG:    -1.000000
DEBUG:    -1.000000
DEBUG:    -1.000000
DEBUG:    -1.000000
DEBUG:    -1.000000
DEBUG:    -1.000000
DEBUG:    -1.000000
DEBUG:    -1.000000
DEBUG:    -1.000000
DEBUG:    -1.000000
DEBUG:    -1.000000
DEBUG:    -1.000000
DEBUG:    -1.000000
DEBUG:    -1.000000
DEBUG:    -1.000000
DEBUG:    -1.000000
DEBUG:    -1.000000
DEBUG:    -1.000000
DEBUG:    -1.000000
DEBUG:    -1.000000
DEBUG:    -1.000000
DEBUG:    -1.000000
DEBUG:    0.000000
DEBUG:    1.000000
DEBUG:    2.000000
DEBUG:    3.000000
DEBUG:    2.000000
DEBUG:    1.000000
DEBUG:    0.000000
DEBUG:    0.000000
DEBUG:    0.000000
DEBUG:    0.000000
DEBUG:    0.000000
DEBUG:    0.000000
DEBUG:    0.000000
DEBUG:    0.000000
DEBUG:    0.000000
DEBUG:    0.000000
DEBUG:    0.000000
DEBUG:    0.000000
DEBUG:    0.000000
DEBUG:    0.000000
DEBUG:    0.000000
DEBUG:    0.000000
DEBUG:    0.000000
DEBUG:    0.000000
DEBUG:    0.000000
DEBUG:    0.000000
DEBUG:    0.000000
DEBUG:    0.000000
DEBUG:    0.000000
DEBUG:    0.000000
DEBUG:    0.000000
DEBUG:    0.000000
DEBUG:    0.000000
DEBUG:    0.000000
DEBUG:    0.000000
DEBUG:    0.000000
DEBUG:    0.000000
DEBUG:    0.000000
DEBUG:    0.000000
DEBUG:    0.000000
DEBUG:    0.000000
DEBUG:    0.000000
DEBUG:    0.000000
DEBUG:    0.000000
DEBUG:    0.000000
DEBUG:    0.000000
DEBUG:    0.000000
DEBUG:    0.000000
DEBUG:    0.000000
DEBUG:    0.000000
DEBUG:    0.000000
DEBUG:    0.000000
DEBUG:    0.000000
DEBUG:    -1.000000
DEBUG:    -1.000000
DEBUG:    -1.000000
DEBUG:    -1.000000
DEBUG:    -1.000000
DEBUG:    -1.000000
DEBUG:    -1.000000
DEBUG:    -1.000000
DEBUG:    -1.000000
DEBUG:    -1.000000
DEBUG:    -1.000000
DEBUG:    -1.000000
DEBUG:    -1.000000
DEBUG:    -1.000000
DEBUG:    -1.000000
DEBUG:    -1.000000
DEBUG:    -1.000000
DEBUG:    -1.000000
DEBUG:    -1.000000
DEBUG:    -1.000000
DEBUG:    -1.000000
DEBUG:    -1.000000
DEBUG:    -1.000000
DEBUG:    -1.000000
DEBUG:    -1.000000
DEBUG:    -1.000000
DEBUG:    -1.000000
DEBUG:    -1.000000
DEBUG:    -1.000000
DEBUG:    -1.000000
DEBUG:    -1.000000
DEBUG:    -1.000000
DEBUG:    -1.000000
DEBUG:    -1.000000
DEBUG:    -1.000000
DEBUG:    -1.000000
DEBUG:    -1.000000
DEBUG:    -1.000000
DEBUG:    -1.000000
DEBUG:    -1.000000
DEBUG:    -1.000000
DEBUG:    -1.000000
DEBUG:    -1.000000
DEBUG:    -1.000000
DEBUG:    -1.000000
DEBUG:    -1.000000
DEBUG:    -1.000000
DEBUG:    -1.000000
DEBUG:    -1.000000
DEBUG:    -1.000000
DEBUG:    -1.000000
DEBUG:    -1.000000
DEBUG:    -1.000000
DEBUG:    -1.000000
DEBUG:    -1.000000
DEBUG:    -1.000000
DEBUG:    -1.000000
DEBUG:    -1.000000
DEBUG:    -1.000000
DEBUG:    -1.000000
DEBUG:    -1.000000
DEBUG:    -1.000000
DEBUG:    -1.000000
DEBUG:    -1.000000
DEBUG:    -1.000000
DEBUG:    -1.000000
DEBUG:    -1.000000
DEBUG:    -1.000000
DEBUG:    -1.000000
DEBUG:    -1.000000
DEBUG:    -1.000000
DEBUG:    -1.000000
DEBUG:    -1.000000
DEBUG:    -1.000000
DEBUG:    -1.000000
DEBUG:    -1.000000
DEBUG:    -1.000000
DEBUG:    -1.000000
DEBUG:    -1.000000
DEBUG:    -1.000000
DEBUG:    -1.000000
DEBUG:    -1.000000
DEBUG:    -1.000000
DEBUG:    -1.000000
DEBUG:    -1.000000
DEBUG:    -1.000000
DEBUG:    -1.000000
DEBUG:    -1.000000
DEBUG:    -1.000000
DEBUG:    -1.000000
DEBUG:    -1.000000
DEBUG:    -1.000000
DEBUG:    -1.000000
DEBUG:    -1.000000
DEBUG:    -1.000000
DEBUG:    -1.000000
DEBUG:    -1.000000
DEBUG:    -1.000000
DEBUG:    -1.000000
DEBUG:    -1.000000
DEBUG:    -1.000000
DEBUG:    -1.000000
DEBUG:    -1.000000
DEBUG:    -1.000000
DEBUG:    -1.000000
DEBUG:    -1.000000
DEBUG:    -1.000000
DEBUG:    -1.000000
DEBUG:    -1.000000
DEBUG:    -1.000000
DEBUG:    -1.000000
DEBUG:    -1.000000
DEBUG:    -1.000000
DEBUG:    -1.000000
DEBUG:    -1.000000
WARNING:  Render update is behind -11582 microseconds! Current FPS: 22
DEBUG:    -1.000000
DEBUG:    -1.000000
DEBUG:    -1.000000
DEBUG:    -1.000000
DEBUG:    -1.000000
DEBUG:    -1.000000
DEBUG:    -1.000000
DEBUG:    -1.000000
DEBUG:    -1.000000
DEBUG:    -1.000000
DEBUG:    -1.000000
DEBUG:    -1.000000
DEBUG:    -1.000000
DEBUG:    -1.000000
DEBUG:    -1.000000
WARNING:  Render update is behind -811 microseconds! Current FPS: 29
DEBUG:    -1.000000
DEBUG:    -1.000000
DEBUG:    -1.000000
DEBUG:    -1.000000
DEBUG:    -1.000000
DEBUG:    -1.000000
DEBUG:    -1.000000
DEBUG:    -1.000000
DEBUG:    -1.000000
DEBUG:    -1.000000
DEBUG:    -1.000000
DEBUG:    -1.000000
DEBUG:    -1.000000
DEBUG:    -1.000000
DEBUG:    -1.000000
DEBUG:    -1.000000
DEBUG:    -1.000000
DEBUG:    -1.000000
DEBUG:    -1.000000
DEBUG:    -1.000000
DEBUG:    -1.000000
DEBUG:    -1.000000
DEBUG:    -1.000000
DEBUG:    -1.000000
DEBUG:    -1.000000
DEBUG:    -1.000000
DEBUG:    -1.000000
DEBUG:    -1.000000
DEBUG:    -1.000000
DEBUG:    -1.000000
DEBUG:    -1.000000
DEBUG:    -1.000000
DEBUG:    -1.000000
DEBUG:    -1.000000
DEBUG:    -1.000000
DEBUG:    -1.000000
DEBUG:    -1.000000
DEBUG:    -1.000000
DEBUG:    -1.000000
DEBUG:    -1.000000
DEBUG:    -1.000000
DEBUG:    -1.000000
DEBUG:    -1.000000
DEBUG:    -1.000000
DEBUG:    -1.000000
WARNING:  Render update is behind -5562 microseconds! Current FPS: 26
DEBUG:    -1.000000
DEBUG:    -1.000000
DEBUG:    -1.000000
DEBUG:    -1.000000
DEBUG:    -1.000000
DEBUG:    -1.000000
DEBUG:    -1.000000
DEBUG:    -1.000000
DEBUG:    -1.000000
DEBUG:    -1.000000
DEBUG:    -1.000000
DEBUG:    -1.000000
DEBUG:    -1.000000
DEBUG:    -1.000000
DEBUG:    -1.000000
DEBUG:    -1.000000
DEBUG:    -1.000000
DEBUG:    -1.000000
DEBUG:    -1.000000
DEBUG:    -1.000000
DEBUG:    -1.000000
DEBUG:    -1.000000
DEBUG:    -1.000000
DEBUG:    -1.000000
DEBUG:    -1.000000
DEBUG:    -1.000000
DEBUG:    -1.000000
DEBUG:    -1.000000
DEBUG:    -1.000000
DEBUG:    -1.000000
DEBUG:    -1.000000
DEBUG:    -1.000000
DEBUG:    -1.000000
DEBUG:    -1.000000
DEBUG:    -1.000000
DEBUG:    -1.000000
DEBUG:    -1.000000
DEBUG:    -1.000000
DEBUG:    -1.000000
DEBUG:    -1.000000
DEBUG:    -1.000000
DEBUG:    -1.000000
DEBUG:    -1.000000
DEBUG:    -1.000000
DEBUG:    -1.000000
DEBUG:    -1.000000
DEBUG:    -1.000000
DEBUG:    -1.000000
DEBUG:    -1.000000
DEBUG:    -1.000000
DEBUG:    -1.000000
DEBUG:    -1.000000
DEBUG:    -1.000000
DEBUG:    -1.000000
DEBUG:    -1.000000
DEBUG:    -1.000000
DEBUG:    -1.000000
DEBUG:    -1.000000
DEBUG:    -1.000000
DEBUG:    -1.000000
DEBUG:    -1.000000
DEBUG:    -1.000000
WARNING:  Render update is behind -3536 microseconds! Current FPS: 27
DEBUG:    -1.000000
DEBUG:    -1.000000
DEBUG:    -1.000000
DEBUG:    -1.000000
DEBUG:    -1.000000
DEBUG:    -1.000000
DEBUG:    -1.000000
DEBUG:    -1.000000
DEBUG:    -1.000000
DEBUG:    -1.000000
DEBUG:    -1.000000
DEBUG:    -1.000000
DEBUG:    -1.000000
DEBUG:    -1.000000
DEBUG:    -1.000000
DEBUG:    -1.000000
DEBUG:    -1.000000
DEBUG:    -1.000000
DEBUG:    -1.000000
DEBUG:    -1.000000
DEBUG:    -1.000000
DEBUG:    -1.000000
DEBUG:    -1.000000
DEBUG:    -1.000000
DEBUG:    -1.000000
DEBUG:    -1.000000
WARNING:  Render update is behind -2557 microseconds! Current FPS: 28
DEBUG:    -1.000000
WARNING:  Render update is behind -10169 microseconds! Current FPS: 23
DEBUG:    -1.000000
DEBUG:    -1.000000
DEBUG:    -1.000000
DEBUG:    -1.000000
DEBUG:    -1.000000
DEBUG:    -1.000000
DEBUG:    -1.000000
DEBUG:    -1.000000
DEBUG:    -1.000000
DEBUG:    -1.000000
DEBUG:    -1.000000
DEBUG:    -1.000000
DEBUG:    -1.000000
DEBUG:    -1.000000
DEBUG:    -1.000000
DEBUG:    -1.000000
DEBUG:    -1.000000
DEBUG:    -1.000000
DEBUG:    -1.000000
DEBUG:    -1.000000
DEBUG:    -1.000000
DEBUG:    -1.000000
DEBUG:    -1.000000
DEBUG:    -1.000000
DEBUG:    -1.000000
DEBUG:    -1.000000
DEBUG:    -1.000000
DEBUG:    -1.000000
DEBUG:    -1.000000
DEBUG:    -1.000000
DEBUG:    -1.000000
DEBUG:    -1.000000
DEBUG:    -1.000000
DEBUG:    -1.000000
DEBUG:    -1.000000
DEBUG:    -1.000000
DEBUG:    -1.000000
DEBUG:    -1.000000
DEBUG:    -1.000000
DEBUG:    -1.000000
DEBUG:    -1.000000
DEBUG:    -1.000000
DEBUG:    -1.000000
DEBUG:    -1.000000
WARNING:  Render update is behind -15221 microseconds! Current FPS: 21
DEBUG:    -1.000000
DEBUG:    -1.000000
DEBUG:    -1.000000
DEBUG:    -1.000000
DEBUG:    -1.000000
DEBUG:    -1.000000
DEBUG:    -1.000000
DEBUG:    -1.000000
DEBUG:    -1.000000
DEBUG:    -1.000000
DEBUG:    -1.000000
DEBUG:    -1.000000
DEBUG:    -1.000000
DEBUG:    -1.000000
DEBUG:    -1.000000
DEBUG:    -1.000000
DEBUG:    -1.000000
DEBUG:    -1.000000
DEBUG:    -1.000000
DEBUG:    -1.000000
DEBUG:    -1.000000
DEBUG:    -1.000000
DEBUG:    -1.000000
DEBUG:    -1.000000
DEBUG:    -1.000000
DEBUG:    -1.000000
DEBUG:    -1.000000
DEBUG:    -1.000000
DEBUG:    -1.000000
DEBUG:    -1.000000
DEBUG:    -1.000000
DEBUG:    -1.000000
DEBUG:    -1.000000
DEBUG:    -1.000000
DEBUG:    -1.000000
DEBUG:    -1.000000
DEBUG:    -1.000000
DEBUG:    -1.000000
DEBUG:    -1.000000
DEBUG:    -1.000000
DEBUG:    -1.000000
DEBUG:    -1.000000
DEBUG:    -1.000000
DEBUG:    -1.000000
DEBUG:    -1.000000
DEBUG:    -1.000000
DEBUG:    -1.000000
DEBUG:    -1.000000
DEBUG:    -1.000000
DEBUG:    -1.000000
DEBUG:    -1.000000
DEBUG:    -1.000000
DEBUG:    -1.000000
DEBUG:    -1.000000
DEBUG:    -1.000000
DEBUG:    -1.000000
DEBUG:    -1.000000
DEBUG:    -1.000000
DEBUG:    -1.000000
DEBUG:    -1.000000
WARNING:  Render update is behind -1419 microseconds! Current FPS: 29
DEBUG:    -1.000000
DEBUG:    -1.000000
DEBUG:    -1.000000
WARNING:  Render update is behind -8550 microseconds! Current FPS: 24
DEBUG:    -1.000000
DEBUG:    -1.000000
DEBUG:    -1.000000
DEBUG:    -1.000000
DEBUG:    -1.000000
DEBUG:    -1.000000
DEBUG:    -1.000000
DEBUG:    -1.000000
DEBUG:    -1.000000
DEBUG:    -1.000000
DEBUG:    -1.000000
DEBUG:    -1.000000
DEBUG:    -1.000000
DEBUG:    -1.000000
DEBUG:    -1.000000
DEBUG:    -1.000000
DEBUG:    -1.000000
DEBUG:    -1.000000
DEBUG:    -1.000000
DEBUG:    -1.000000
DEBUG:    -1.000000
DEBUG:    -1.000000
DEBUG:    -1.000000
DEBUG:    -1.000000
DEBUG:    -1.000000
DEBUG:    -1.000000
DEBUG:    -1.000000
DEBUG:    -1.000000
DEBUG:    -1.000000
DEBUG:    -1.000000
DEBUG:    -1.000000
DEBUG:    -1.000000
DEBUG:    -1.000000
DEBUG:    -1.000000
DEBUG:    -1.000000
DEBUG:    -1.000000
DEBUG:    -1.000000
DEBUG:    -1.000000
DEBUG:    -1.000000
DEBUG:    -1.000000
DEBUG:    -1.000000
DEBUG:    -1.000000
DEBUG:    -1.000000
DEBUG:    -1.000000
DEBUG:    -1.000000
DEBUG:    -1.000000
DEBUG:    -1.000000
DEBUG:    -1.000000
DEBUG:    -1.000000
DEBUG:    -1.000000
DEBUG:    -1.000000
DEBUG:    -1.000000
DEBUG:    -1.000000
DEBUG:    -1.000000
DEBUG:    -1.000000
DEBUG:    -1.000000
DEBUG:    -1.000000
DEBUG:    -1.000000
DEBUG:    -1.000000
DEBUG:    -1.000000
DEBUG:    -1.000000
DEBUG:    -1.000000
DEBUG:    -1.000000
DEBUG:    -1.000000
DEBUG:    -1.000000
DEBUG:    -1.000000
DEBUG:    -1.000000
DEBUG:    -1.000000
DEBUG:    -1.000000
DEBUG:    -1.000000
DEBUG:    -1.000000
DEBUG:    -1.000000
DEBUG:    -1.000000
DEBUG:    -1.000000
WARNING:  Render update is behind -15666 microseconds! Current FPS: 20
DEBUG:    -1.000000
WARNING:  Render update is behind -1539 microseconds! Current FPS: 29
DEBUG:    -1.000000
WARNING:  Render update is behind -1336 microseconds! Current FPS: 29
DEBUG:    -1.000000
DEBUG:    -1.000000
DEBUG:    -1.000000
DEBUG:    -1.000000
DEBUG:    -1.000000
DEBUG:    -1.000000
DEBUG:    -1.000000
DEBUG:    -1.000000
DEBUG:    -1.000000
DEBUG:    -1.000000
WARNING:  Render update is behind -1365 microseconds! Current FPS: 29
DEBUG:    -1.000000
DEBUG:    -1.000000
DEBUG:    -1.000000
DEBUG:    -1.000000
DEBUG:    -1.000000
DEBUG:    -1.000000
DEBUG:    -1.000000
DEBUG:    -1.000000
DEBUG:    -1.000000
DEBUG:    -1.000000
DEBUG:    -1.000000
DEBUG:    -1.000000
DEBUG:    -1.000000
DEBUG:    -1.000000
DEBUG:    -1.000000
DEBUG:    -1.000000
DEBUG:    -1.000000
DEBUG:    -1.000000
DEBUG:    -1.000000
DEBUG:    -1.000000
DEBUG:    -1.000000
DEBUG:    -1.000000
DEBUG:    -1.000000
DEBUG:    -1.000000
DEBUG:    -1.000000
DEBUG:    -1.000000
DEBUG:    -1.000000
DEBUG:    -1.000000
DEBUG:    -1.000000
DEBUG:    -1.000000
WARNING:  Render update is behind -1938 microseconds! Current FPS: 28
DEBUG:    -1.000000
DEBUG:    -1.000000
DEBUG:    -1.000000
DEBUG:    -1.000000
DEBUG:    -1.000000
DEBUG:    -1.000000
DEBUG:    -1.000000
DEBUG:    -1.000000
DEBUG:    -1.000000
DEBUG:    -1.000000
DEBUG:    -1.000000
DEBUG:    -1.000000
DEBUG:    -1.000000
DEBUG:    -1.000000
DEBUG:    -1.000000
DEBUG:    -1.000000
DEBUG:    -1.000000
DEBUG:    -1.000000
DEBUG:    -1.000000
DEBUG:    -1.000000
DEBUG:    -1.000000
DEBUG:    -1.000000
DEBUG:    -1.000000
DEBUG:    -1.000000
DEBUG:    -1.000000
DEBUG:    -1.000000
DEBUG:    -1.000000
DEBUG:    -1.000000
DEBUG:    -1.000000
DEBUG:    -1.000000
DEBUG:    -1.000000
DEBUG:    -1.000000
DEBUG:    -1.000000
DEBUG:    -1.000000
DEBUG:    -1.000000
DEBUG:    -1.000000
DEBUG:    -1.000000
DEBUG:    -1.000000
DEBUG:    -1.000000
DEBUG:    -1.000000
DEBUG:    -1.000000
DEBUG:    -1.000000
DEBUG:    -1.000000
DEBUG:    -1.000000
DEBUG:    -1.000000
DEBUG:    -1.000000
DEBUG:    -1.000000
DEBUG:    -1.000000
DEBUG:    -1.000000
DEBUG:    -1.000000
DEBUG:    -1.000000
DEBUG:    -1.000000
DEBUG:    -1.000000
DEBUG:    -1.000000
DEBUG:    -1.000000
DEBUG:    -1.000000
DEBUG:    -1.000000
DEBUG:    -1.000000
DEBUG:    -1.000000
DEBUG:    -1.000000
DEBUG:    -1.000000
DEBUG:    -1.000000
DEBUG:    -1.000000
DEBUG:    -1.000000
DEBUG:    -1.000000
DEBUG:    -1.000000
DEBUG:    -1.000000
DEBUG:    -1.000000
DEBUG:    -1.000000
DEBUG:    -1.000000
DEBUG:    -1.000000
DEBUG:    -1.000000
DEBUG:    -1.000000
DEBUG:    -1.000000
DEBUG:    -1.000000
DEBUG:    -1.000000
DEBUG:    -1.000000
DEBUG:    -1.000000
DEBUG:    -1.000000
DEBUG:    -1.000000
DEBUG:    -1.000000
DEBUG:    -1.000000
DEBUG:    -1.000000
DEBUG:    -1.000000
DEBUG:    -1.000000
DEBUG:    -1.000000
DEBUG:    -1.000000
DEBUG:    -1.000000
DEBUG:    -1.000000
DEBUG:    -1.000000
DEBUG:    -1.000000
DEBUG:    -1.000000
WARNING:  Render update is behind -1338 microseconds! Current FPS: 29
DEBUG:    -1.000000
DEBUG:    -1.000000
DEBUG:    -1.000000
DEBUG:    -1.000000
DEBUG:    -1.000000
DEBUG:    -1.000000
DEBUG:    -1.000000
DEBUG:    -1.000000
DEBUG:    -1.000000
DEBUG:    -1.000000
DEBUG:    -1.000000
DEBUG:    -1.000000
DEBUG:    -1.000000
DEBUG:    -1.000000
DEBUG:    -1.000000
DEBUG:    -1.000000
DEBUG:    -1.000000
DEBUG:    -1.000000
DEBUG:    -1.000000
DEBUG:    -1.000000
DEBUG:    -1.000000
DEBUG:    -1.000000
DEBUG:    -1.000000
DEBUG:    -1.000000
DEBUG:    -1.000000
DEBUG:    -1.000000
DEBUG:    -1.000000
DEBUG:    -1.000000
DEBUG:    -1.000000
DEBUG:    -1.000000
DEBUG:    -1.000000
DEBUG:    -1.000000
DEBUG:    -1.000000
DEBUG:    -1.000000
DEBUG:    -1.000000
DEBUG:    -1.000000
DEBUG:    -1.000000
DEBUG:    -1.000000
DEBUG:    -1.000000
DEBUG:    -1.000000
DEBUG:    -1.000000
DEBUG:    -1.000000
DEBUG:    -1.000000
DEBUG:    -1.000000
DEBUG:    -1.000000
DEBUG:    -1.000000
DEBUG:    -1.000000
DEBUG:    -1.000000
DEBUG:    -1.000000
DEBUG:    -1.000000
DEBUG:    -1.000000
DEBUG:    -1.000000
DEBUG:    -1.000000
DEBUG:    -1.000000
DEBUG:    -1.000000
DEBUG:    -1.000000
DEBUG:    -1.000000
DEBUG:    -1.000000
DEBUG:    -1.000000
DEBUG:    -1.000000
DEBUG:    -1.000000
DEBUG:    -1.000000
DEBUG:    -1.000000
DEBUG:    -1.000000
DEBUG:    -1.000000
DEBUG:    -1.000000
DEBUG:    -1.000000
DEBUG:    -1.000000
DEBUG:    -1.000000
DEBUG:    -1.000000
DEBUG:    -1.000000
DEBUG:    -1.000000
DEBUG:    -1.000000
DEBUG:    -1.000000
DEBUG:    -1.000000
DEBUG:    -1.000000
DEBUG:    -1.000000
DEBUG:    -1.000000
DEBUG:    -1.000000
DEBUG:    -1.000000
DEBUG:    -1.000000
DEBUG:    -1.000000
DEBUG:    -1.000000
DEBUG:    -1.000000
DEBUG:    -1.000000
DEBUG:    -1.000000
DEBUG:    -1.000000
DEBUG:    -1.000000
DEBUG:    -1.000000
DEBUG:    -1.000000
DEBUG:    -1.000000
DEBUG:    -1.000000
DEBUG:    -1.000000
DEBUG:    -1.000000
DEBUG:    -1.000000
DEBUG:    -1.000000
DEBUG:    -1.000000
DEBUG:    -1.000000
DEBUG:    -1.000000
DEBUG:    -1.000000
DEBUG:    -1.000000
DEBUG:    -1.000000
DEBUG:    -1.000000
DEBUG:    -1.000000
DEBUG:    -1.000000
DEBUG:    -1.000000
DEBUG:    -1.000000
DEBUG:    -1.000000
DEBUG:    -1.000000
DEBUG:    -1.000000
DEBUG:    -1.000000
DEBUG:    -1.000000
DEBUG:    -1.000000
DEBUG:    -1.000000
DEBUG:    -1.000000
DEBUG:    -1.000000
DEBUG:    -1.000000
DEBUG:    -1.000000
DEBUG:    -1.000000
DEBUG:    -1.000000
DEBUG:    -1.000000
DEBUG:    -1.000000
DEBUG:    -1.000000
DEBUG:    -1.000000
DEBUG:    -1.000000
DEBUG:    -1.000000
DEBUG:    -1.000000
DEBUG:    -1.000000
DEBUG:    -1.000000
DEBUG:    -1.000000
DEBUG:    -1.000000
DEBUG:    -1.000000
DEBUG:    -1.000000
DEBUG:    -1.000000
DEBUG:    -1.000000
DEBUG:    -1.000000
DEBUG:    -1.000000
DEBUG:    -1.000000
DEBUG:    -1.000000
DEBUG:    -1.000000
DEBUG:    -1.000000
DEBUG:    -1.000000
DEBUG:    -1.000000
DEBUG:    -1.000000
DEBUG:    -1.000000
DEBUG:    -1.000000
DEBUG:    -1.000000
DEBUG:    -1.000000
DEBUG:    -1.000000
DEBUG:    -1.000000
WARNING:  Render update is behind -8102 microseconds! Current FPS: 24
DEBUG:    -1.000000
DEBUG:    -1.000000
DEBUG:    -1.000000
DEBUG:    -1.000000
DEBUG:    -1.000000
DEBUG:    -1.000000
DEBUG:    -1.000000
DEBUG:    -1.000000
DEBUG:    -1.000000
DEBUG:    -1.000000
DEBUG:    -1.000000
DEBUG:    -1.000000
DEBUG:    -1.000000
DEBUG:    -1.000000
DEBUG:    -1.000000
DEBUG:    -1.000000
DEBUG:    -1.000000
DEBUG:    -1.000000
DEBUG:    -1.000000
DEBUG:    -1.000000
DEBUG:    -1.000000
DEBUG:    -1.000000
DEBUG:    -1.000000
DEBUG:    -1.000000
DEBUG:    -1.000000
DEBUG:    -1.000000
DEBUG:    -1.000000
DEBUG:    -1.000000
DEBUG:    -1.000000
DEBUG:    -1.000000
DEBUG:    -1.000000
DEBUG:    -1.000000
DEBUG:    -1.000000
DEBUG:    -1.000000
DEBUG:    -1.000000
DEBUG:    -1.000000
DEBUG:    -1.000000
DEBUG:    -1.000000
DEBUG:    -1.000000
DEBUG:    -1.000000
DEBUG:    -1.000000
WARNING:  Render update is behind -10820 microseconds! Current FPS: 23
DEBUG:    -1.000000
DEBUG:    -1.000000
WARNING:  Render update is behind -340 microseconds! Current FPS: 30
DEBUG:    -1.000000
DEBUG:    -1.000000
DEBUG:    -1.000000
DEBUG:    -1.000000
DEBUG:    -1.000000
DEBUG:    -1.000000
DEBUG:    -1.000000
DEBUG:    -1.000000
DEBUG:    -1.000000
DEBUG:    -1.000000
DEBUG:    -1.000000
DEBUG:    -1.000000
DEBUG:    -1.000000
WARNING:  Render update is behind -3132 microseconds! Current FPS: 27
DEBUG:    -1.000000
DEBUG:    -1.000000
DEBUG:    -1.000000
DEBUG:    -1.000000
DEBUG:    -1.000000
DEBUG:    -1.000000
DEBUG:    -1.000000
DEBUG:    -1.000000
DEBUG:    -1.000000
DEBUG:    -1.000000
DEBUG:    -1.000000
DEBUG:    -1.000000
DEBUG:    -1.000000
DEBUG:    -1.000000
DEBUG:    -1.000000
DEBUG:    -1.000000
DEBUG:    -1.000000
DEBUG:    -1.000000
DEBUG:    -1.000000
DEBUG:    -1.000000
DEBUG:    -1.000000
DEBUG:    -1.000000
DEBUG:    -1.000000
DEBUG:    -1.000000
DEBUG:    -1.000000
DEBUG:    -1.000000
DEBUG:    -1.000000
DEBUG:    -1.000000
DEBUG:    -1.000000
DEBUG:    -1.000000
DEBUG:    -1.000000
DEBUG:    -1.000000
DEBUG:    -1.000000
DEBUG:    -1.000000
DEBUG:    -1.000000
DEBUG:    -1.000000
DEBUG:    -1.000000
DEBUG:    -1.000000
DEBUG:    -1.000000
DEBUG:    -1.000000
DEBUG:    -1.000000
DEBUG:    -1.000000
DEBUG:    -1.000000
DEBUG:    -1.000000
DEBUG:    -1.000000
WARNING:  Render update is behind -16422 microseconds! Current FPS: 20
DEBUG:    -1.000000
DEBUG:    -1.000000
DEBUG:    -1.000000
DEBUG:    -1.000000
DEBUG:    -1.000000
DEBUG:    -1.000000
DEBUG:    -1.000000
DEBUG:    -1.000000
DEBUG:    -1.000000
DEBUG:    -1.000000
DEBUG:    -1.000000
DEBUG:    -1.000000
DEBUG:    -1.000000
WARNING:  Render update is behind -2875 microseconds! Current FPS: 28
DEBUG:    -1.000000
WARNING:  Render update is behind -8179 microseconds! Current FPS: 24
DEBUG:    -1.000000
DEBUG:    -1.000000
WARNING:  Render update is behind -3145 microseconds! Current FPS: 27
DEBUG:    -1.000000
WARNING:  Render update is behind -2364 microseconds! Current FPS: 28
DEBUG:    -1.000000
DEBUG:    -1.000000
DEBUG:    -1.000000
DEBUG:    -1.000000
DEBUG:    -1.000000
DEBUG:    -1.000000
DEBUG:    -1.000000
DEBUG:    -1.000000
DEBUG:    -1.000000
DEBUG:    -1.000000
DEBUG:    -1.000000
DEBUG:    -1.000000
DEBUG:    -1.000000
DEBUG:    -1.000000
DEBUG:    -1.000000
DEBUG:    -1.000000
DEBUG:    -1.000000
DEBUG:    -1.000000
DEBUG:    -1.000000
DEBUG:    -1.000000
DEBUG:    -1.000000
DEBUG:    -1.000000
DEBUG:    -1.000000
DEBUG:    -1.000000
DEBUG:    -1.000000
DEBUG:    -1.000000
DEBUG:    -1.000000
DEBUG:    -1.000000
DEBUG:    -1.000000
DEBUG:    -1.000000
DEBUG:    -1.000000
DEBUG:    -1.000000
DEBUG:    -1.000000
DEBUG:    -1.000000
DEBUG:    -1.000000
DEBUG:    -1.000000
DEBUG:    -1.000000
DEBUG:    -1.000000
DEBUG:    -1.000000
DEBUG:    -1.000000
DEBUG:    -1.000000
DEBUG:    -1.000000
DEBUG:    -1.000000
DEBUG:    -1.000000
DEBUG:    -1.000000
DEBUG:    -1.000000
DEBUG:    -1.000000
DEBUG:    -1.000000
DEBUG:    -1.000000
DEBUG:    -1.000000
DEBUG:    -1.000000
DEBUG:    -1.000000
DEBUG:    -1.000000
DEBUG:    -1.000000
DEBUG:    -1.000000
DEBUG:    -1.000000
DEBUG:    -1.000000
DEBUG:    -1.000000
DEBUG:    -1.000000
DEBUG:    -1.000000
DEBUG:    -1.000000
DEBUG:    -1.000000
DEBUG:    -1.000000
DEBUG:    -1.000000
DEBUG:    -1.000000
DEBUG:    -1.000000
DEBUG:    -1.000000
DEBUG:    -1.000000
DEBUG:    -1.000000
DEBUG:    -1.000000
DEBUG:    -1.000000
DEBUG:    -1.000000
DEBUG:    -1.000000
DEBUG:    -1.000000
DEBUG:    -1.000000
DEBUG:    -1.000000
DEBUG:    -1.000000
DEBUG:    -1.000000
DEBUG:    -1.000000
DEBUG:    -1.000000
DEBUG:    -1.000000
DEBUG:    -1.000000
DEBUG:    -1.000000
DEBUG:    -1.000000
DEBUG:    -1.000000
DEBUG:    -1.000000
DEBUG:    -1.000000
DEBUG:    -1.000000
DEBUG:    -1.000000
DEBUG:    -1.000000
DEBUG:    -1.000000
DEBUG:    -1.000000
DEBUG:    -1.000000
DEBUG:    -1.000000
DEBUG:    -1.000000
DEBUG:    -1.000000
DEBUG:    -1.000000
DEBUG:    -1.000000
DEBUG:    -1.000000
DEBUG:    -1.000000
DEBUG:    -1.000000
DEBUG:    -1.000000
DEBUG:    -1.000000
DEBUG:    -1.000000
DEBUG:    -1.000000
DEBUG:    -1.000000
DEBUG:    -1.000000
DEBUG:    -1.000000
DEBUG:    -1.000000
DEBUG:    -1.000000
DEBUG:    -1.000000
DEBUG:    -1.000000
DEBUG:    -1.000000
DEBUG:    -1.000000
DEBUG:    -1.000000
DEBUG:    -1.000000
DEBUG:    -1.000000
DEBUG:    -1.000000
DEBUG:    -1.000000
WARNING:  Render update is behind -9031 microseconds! Current FPS: 24
DEBUG:    -1.000000
WARNING:  Render update is behind -5448 microseconds! Current FPS: 26
DEBUG:    -1.000000
DEBUG:    -1.000000
DEBUG:    -1.000000
DEBUG:    -1.000000
DEBUG:    -1.000000
DEBUG:    -1.000000
DEBUG:    -1.000000
DEBUG:    -1.000000
DEBUG:    -1.000000
DEBUG:    -1.000000
DEBUG:    -1.000000
DEBUG:    -1.000000
DEBUG:    -1.000000
DEBUG:    -1.000000
DEBUG:    -1.000000
DEBUG:    -1.000000
DEBUG:    -1.000000
DEBUG:    -1.000000
DEBUG:    -1.000000
DEBUG:    -1.000000
DEBUG:    -1.000000
DEBUG:    -1.000000
DEBUG:    -1.000000
DEBUG:    -1.000000
DEBUG:    -1.000000
DEBUG:    -1.000000
DEBUG:    -1.000000
DEBUG:    -1.000000
DEBUG:    -1.000000
DEBUG:    -1.000000
DEBUG:    -1.000000
DEBUG:    -1.000000
DEBUG:    -1.000000
DEBUG:    -1.000000
DEBUG:    -1.000000
DEBUG:    -1.000000
DEBUG:    -1.000000
DEBUG:    -1.000000
DEBUG:    -1.000000
DEBUG:    -1.000000
DEBUG:    -1.000000
DEBUG:    -1.000000
DEBUG:    -1.000000
DEBUG:    -1.000000
DEBUG:    -1.000000
DEBUG:    -1.000000
DEBUG:    -1.000000
DEBUG:    -1.000000
DEBUG:    -1.000000
DEBUG:    -1.000000
DEBUG:    -1.000000
DEBUG:    -1.000000
DEBUG:    -1.000000
DEBUG:    -1.000000
DEBUG:    -1.000000
DEBUG:    -1.000000
DEBUG:    -1.000000
DEBUG:    -1.000000
DEBUG:    -1.000000
DEBUG:    -1.000000
DEBUG:    -1.000000
DEBUG:    -1.000000
DEBUG:    -1.000000
DEBUG:    -1.000000
DEBUG:    -1.000000
DEBUG:    -1.000000
DEBUG:    -1.000000
DEBUG:    -1.000000
DEBUG:    -1.000000
DEBUG:    -1.000000
WARNING:  Render update is behind -17355 microseconds! Current FPS: 20
DEBUG:    -1.000000
DEBUG:    -1.000000
WARNING:  Render update is behind -4451 microseconds! Current FPS: 26
DEBUG:    -1.000000
DEBUG:    -1.000000
DEBUG:    -1.000000
DEBUG:    -1.000000
DEBUG:    -1.000000
DEBUG:    -1.000000
DEBUG:    -1.000000
DEBUG:    -1.000000
DEBUG:    -1.000000
DEBUG:    -1.000000
DEBUG:    -1.000000
DEBUG:    -1.000000
DEBUG:    -1.000000
DEBUG:    -1.000000
DEBUG:    -1.000000
DEBUG:    -1.000000
DEBUG:    -1.000000
DEBUG:    -1.000000
DEBUG:    -1.000000
DEBUG:    -1.000000
DEBUG:    -1.000000
DEBUG:    -1.000000
DEBUG:    -1.000000
DEBUG:    -1.000000
DEBUG:    -1.000000
DEBUG:    -1.000000
DEBUG:    -1.000000
DEBUG:    -1.000000
DEBUG:    -1.000000
DEBUG:    -1.000000
DEBUG:    -1.000000
DEBUG:    -1.000000
DEBUG:    -1.000000
DEBUG:    -1.000000
DEBUG:    -1.000000
DEBUG:    -1.000000
DEBUG:    -1.000000
DEBUG:    -1.000000
DEBUG:    -1.000000
DEBUG:    -1.000000
DEBUG:    -1.000000
DEBUG:    -1.000000
DEBUG:    -1.000000
DEBUG:    -1.000000
DEBUG:    -1.000000
DEBUG:    -1.000000
DEBUG:    -1.000000
DEBUG:    -1.000000
DEBUG:    -1.000000
DEBUG:    -1.000000
DEBUG:    -1.000000
DEBUG:    -1.000000
DEBUG:    -1.000000
DEBUG:    -1.000000
DEBUG:    -1.000000
DEBUG:    -1.000000
DEBUG:    -1.000000
DEBUG:    -1.000000
DEBUG:    -1.000000
DEBUG:    -1.000000
DEBUG:    -1.000000
DEBUG:    -1.000000
DEBUG:    -1.000000
DEBUG:    -1.000000
DEBUG:    -1.000000
DEBUG:    -1.000000
DEBUG:    -1.000000
DEBUG:    -1.000000
DEBUG:    -1.000000
DEBUG:    -1.000000
DEBUG:    -1.000000
DEBUG:    -1.000000
DEBUG:    -1.000000
DEBUG:    -1.000000
DEBUG:    -1.000000
DEBUG:    -1.000000
DEBUG:    -1.000000
DEBUG:    -1.000000
DEBUG:    -1.000000
DEBUG:    -1.000000
DEBUG:    -1.000000
DEBUG:    -1.000000
DEBUG:    -1.000000
DEBUG:    -1.000000
DEBUG:    -1.000000
DEBUG:    -1.000000
DEBUG:    -1.000000
DEBUG:    -1.000000
DEBUG:    -1.000000
DEBUG:    -1.000000
DEBUG:    -1.000000
DEBUG:    -1.000000
DEBUG:    -1.000000
DEBUG:    -1.000000
DEBUG:    -1.000000
DEBUG:    -1.000000
DEBUG:    -1.000000
DEBUG:    -1.000000
DEBUG:    -1.000000
DEBUG:    -1.000000
DEBUG:    -1.000000
DEBUG:    -1.000000
DEBUG:    -1.000000
DEBUG:    -1.000000
DEBUG:    -1.000000
DEBUG:    -1.000000
DEBUG:    -1.000000
DEBUG:    -1.000000
DEBUG:    -1.000000
DEBUG:    -1.000000
DEBUG:    -1.000000
DEBUG:    -1.000000
DEBUG:    -1.000000
DEBUG:    -1.000000
DEBUG:    -1.000000
DEBUG:    -1.000000
DEBUG:    -1.000000
DEBUG:    -1.000000
DEBUG:    -1.000000
DEBUG:    -1.000000
DEBUG:    -1.000000
DEBUG:    -1.000000
DEBUG:    -1.000000
DEBUG:    -1.000000
DEBUG:    -1.000000
DEBUG:    -1.000000
DEBUG:    -1.000000
DEBUG:    -1.000000
DEBUG:    -1.000000
DEBUG:    -1.000000
DEBUG:    -1.000000
DEBUG:    -1.000000
DEBUG:    -1.000000
DEBUG:    -1.000000
DEBUG:    -1.000000
DEBUG:    -1.000000
DEBUG:    -1.000000
DEBUG:    -1.000000
DEBUG:    -1.000000
DEBUG:    -1.000000
DEBUG:    -1.000000
DEBUG:    -1.000000
DEBUG:    -1.000000
DEBUG:    -1.000000
DEBUG:    -1.000000
DEBUG:    -1.000000
DEBUG:    -1.000000
WARNING:  Render update is behind -2582 microseconds! Current FPS: 28
DEBUG:    -1.000000
DEBUG:    -1.000000
DEBUG:    -1.000000
DEBUG:    -1.000000
DEBUG:    -1.000000
DEBUG:    -1.000000
DEBUG:    -1.000000
DEBUG:    -1.000000
DEBUG:    -1.000000
DEBUG:    -1.000000
DEBUG:    -1.000000
DEBUG:    -1.000000
DEBUG:    -1.000000
DEBUG:    -1.000000
DEBUG:    -1.000000
WARNING:  Render update is behind -1611 microseconds! Current FPS: 29
DEBUG:    -1.000000
DEBUG:    -1.000000
DEBUG:    -1.000000
DEBUG:    -1.000000
DEBUG:    -1.000000
DEBUG:    -1.000000
DEBUG:    -1.000000
DEBUG:    -1.000000
DEBUG:    -1.000000
DEBUG:    -1.000000
DEBUG:    -1.000000
DEBUG:    -1.000000
DEBUG:    -1.000000
DEBUG:    -1.000000
DEBUG:    -1.000000
DEBUG:    -1.000000
DEBUG:    -1.000000
DEBUG:    -1.000000
DEBUG:    -1.000000
DEBUG:    -1.000000
DEBUG:    -1.000000
DEBUG:    -1.000000
DEBUG:    -1.000000
DEBUG:    -1.000000
DEBUG:    -1.000000
DEBUG:    -1.000000
DEBUG:    -1.000000
DEBUG:    -1.000000
DEBUG:    -1.000000
DEBUG:    -1.000000
DEBUG:    -1.000000
DEBUG:    -1.000000
DEBUG:    -1.000000
DEBUG:    -1.000000
DEBUG:    -1.000000
DEBUG:    -1.000000
DEBUG:    -1.000000
DEBUG:    -1.000000
DEBUG:    -1.000000
DEBUG:    -1.000000
DEBUG:    -1.000000
DEBUG:    -1.000000
DEBUG:    -1.000000
DEBUG:    -1.000000
DEBUG:    -1.000000
DEBUG:    -1.000000
DEBUG:    -1.000000
DEBUG:    -1.000000
DEBUG:    -1.000000
DEBUG:    -1.000000
DEBUG:    -1.000000
DEBUG:    -1.000000
DEBUG:    -1.000000
DEBUG:    -1.000000
DEBUG:    -1.000000
DEBUG:    -1.000000
DEBUG:    -1.000000
DEBUG:    -1.000000
DEBUG:    -1.000000
DEBUG:    -1.000000
DEBUG:    -1.000000
DEBUG:    -1.000000
DEBUG:    -1.000000
DEBUG:    -1.000000
DEBUG:    -1.000000
DEBUG:    -1.000000
DEBUG:    -1.000000
DEBUG:    -1.000000
DEBUG:    -1.000000
DEBUG:    -1.000000
DEBUG:    -1.000000
DEBUG:    -1.000000
DEBUG:    -1.000000
DEBUG:    -1.000000
DEBUG:    -1.000000
DEBUG:    -1.000000
DEBUG:    -1.000000
DEBUG:    -1.000000
DEBUG:    -1.000000
DEBUG:    -1.000000
DEBUG:    -1.000000
DEBUG:    -1.000000
DEBUG:    -1.000000
DEBUG:    -1.000000
DEBUG:    -1.000000
DEBUG:    -1.000000
DEBUG:    -1.000000
DEBUG:    -1.000000
DEBUG:    -1.000000
DEBUG:    -1.000000
DEBUG:    -1.000000
DEBUG:    -1.000000
DEBUG:    -1.000000
DEBUG:    -1.000000
DEBUG:    -1.000000
DEBUG:    -1.000000
DEBUG:    -1.000000
DEBUG:    -1.000000
DEBUG:    -1.000000
DEBUG:    -1.000000
DEBUG:    -1.000000
DEBUG:    -1.000000
DEBUG:    -1.000000
DEBUG:    -1.000000
DEBUG:    -1.000000
DEBUG:    -1.000000
DEBUG:    -1.000000
DEBUG:    -1.000000
DEBUG:    -1.000000
DEBUG:    -1.000000
DEBUG:    -1.000000
DEBUG:    -1.000000
DEBUG:    -1.000000
DEBUG:    -1.000000
DEBUG:    -1.000000
DEBUG:    -1.000000
DEBUG:    -1.000000
DEBUG:    -1.000000
DEBUG:    -1.000000
DEBUG:    -1.000000
DEBUG:    -1.000000
DEBUG:    -1.000000
DEBUG:    -1.000000
DEBUG:    -1.000000
DEBUG:    -1.000000
DEBUG:    -1.000000
DEBUG:    -1.000000
DEBUG:    -1.000000
DEBUG:    -1.000000
DEBUG:    -1.000000
DEBUG:    -1.000000
DEBUG:    -1.000000
DEBUG:    -1.000000
DEBUG:    -1.000000
WARNING:  Render update is behind -864 microseconds! Current FPS: 29
DEBUG:    -1.000000
WARNING:  Render update is behind -1112 microseconds! Current FPS: 29
DEBUG:    -1.000000
DEBUG:    -1.000000
DEBUG:    -1.000000
DEBUG:    -1.000000
DEBUG:    -1.000000
DEBUG:    -1.000000
DEBUG:    -1.000000
DEBUG:    -1.000000
DEBUG:    -1.000000
DEBUG:    -1.000000
DEBUG:    -1.000000
DEBUG:    -1.000000
DEBUG:    -1.000000
DEBUG:    -1.000000
DEBUG:    -1.000000
DEBUG:    -1.000000
DEBUG:    -1.000000
DEBUG:    -1.000000
DEBUG:    -1.000000
DEBUG:    -1.000000
DEBUG:    -1.000000
DEBUG:    -1.000000
DEBUG:    -1.000000
DEBUG:    -1.000000
DEBUG:    -1.000000
DEBUG:    -1.000000
DEBUG:    -1.000000
DEBUG:    -1.000000
DEBUG:    -1.000000
DEBUG:    -1.000000
DEBUG:    -1.000000
DEBUG:    -1.000000
DEBUG:    -1.000000
DEBUG:    -1.000000
DEBUG:    -1.000000
DEBUG:    -1.000000
DEBUG:    -1.000000
DEBUG:    -1.000000
DEBUG:    -1.000000
DEBUG:    -1.000000
DEBUG:    -1.000000
DEBUG:    -1.000000
DEBUG:    -1.000000
DEBUG:    -1.000000
DEBUG:    -1.000000
DEBUG:    -1.000000
DEBUG:    -1.000000
DEBUG:    -1.000000
DEBUG:    -1.000000
DEBUG:    -1.000000
DEBUG:    -1.000000
DEBUG:    -1.000000
DEBUG:    -1.000000
DEBUG:    -1.000000
DEBUG:    -1.000000
DEBUG:    -1.000000
DEBUG:    -1.000000
DEBUG:    -1.000000
DEBUG:    -1.000000
DEBUG:    -1.000000
DEBUG:    -1.000000
DEBUG:    -1.000000
DEBUG:    -1.000000
DEBUG:    -1.000000
DEBUG:    -1.000000
DEBUG:    -1.000000
DEBUG:    -1.000000
DEBUG:    -1.000000
DEBUG:    -1.000000
DEBUG:    -1.000000
DEBUG:    -1.000000
DEBUG:    -1.000000
DEBUG:    -1.000000
DEBUG:    -1.000000
DEBUG:    -1.000000
DEBUG:    -1.000000
DEBUG:    -1.000000
DEBUG:    -1.000000
DEBUG:    -1.000000
DEBUG:    -1.000000
DEBUG:    -1.000000
DEBUG:    -1.000000
DEBUG:    -1.000000
DEBUG:    -1.000000
DEBUG:    -1.000000
DEBUG:    -1.000000
DEBUG:    -1.000000
DEBUG:    -1.000000
DEBUG:    -1.000000
DEBUG:    -1.000000
DEBUG:    -1.000000
DEBUG:    -1.000000
DEBUG:    -1.000000
DEBUG:    -1.000000
DEBUG:    -1.000000
DEBUG:    -1.000000
DEBUG:    -1.000000
DEBUG:    -1.000000
DEBUG:    -1.000000
DEBUG:    -1.000000
DEBUG:    -1.000000
DEBUG:    -1.000000
DEBUG:    -1.000000
DEBUG:    -1.000000
DEBUG:    -1.000000
DEBUG:    -1.000000
DEBUG:    -1.000000
DEBUG:    -1.000000
DEBUG:    -1.000000
DEBUG:    -1.000000
DEBUG:    -1.000000
DEBUG:    -1.000000
DEBUG:    -1.000000
DEBUG:    -1.000000
DEBUG:    -1.000000
DEBUG:    -1.000000
DEBUG:    -1.000000
DEBUG:    -1.000000
DEBUG:    -1.000000
DEBUG:    -1.000000
DEBUG:    -1.000000
DEBUG:    -1.000000
DEBUG:    -1.000000
DEBUG:    -1.000000
DEBUG:    -1.000000
DEBUG:    -1.000000
DEBUG:    -1.000000
DEBUG:    -1.000000
DEBUG:    -1.000000
DEBUG:    -1.000000
DEBUG:    -1.000000
DEBUG:    -1.000000
DEBUG:    -1.000000
DEBUG:    -1.000000
DEBUG:    -1.000000
DEBUG:    -1.000000
DEBUG:    -1.000000
DEBUG:    -1.000000
DEBUG:    -1.000000
DEBUG:    -1.000000
DEBUG:    -1.000000
DEBUG:    -1.000000
DEBUG:    -1.000000
DEBUG:    -1.000000
DEBUG:    -1.000000
DEBUG:    -1.000000
DEBUG:    -1.000000
DEBUG:    -1.000000
DEBUG:    -1.000000
DEBUG:    -1.000000
DEBUG:    -1.000000
DEBUG:    -1.000000
DEBUG:    -1.000000
DEBUG:    -1.000000
DEBUG:    -1.000000
DEBUG:    -1.000000
DEBUG:    -1.000000
DEBUG:    -1.000000
DEBUG:    -1.000000
DEBUG:    -1.000000
DEBUG:    -1.000000
DEBUG:    -1.000000
DEBUG:    -1.000000
DEBUG:    -1.000000
DEBUG:    -1.000000
DEBUG:    -1.000000
DEBUG:    -1.000000
DEBUG:    -1.000000
DEBUG:    -1.000000
DEBUG:    -1.000000
DEBUG:    -1.000000
DEBUG:    -1.000000
DEBUG:    -1.000000
DEBUG:    -1.000000
DEBUG:    -1.000000
DEBUG:    -1.000000
DEBUG:    -1.000000
DEBUG:    -1.000000
DEBUG:    -1.000000
DEBUG:    -1.000000
DEBUG:    -1.000000
DEBUG:    -1.000000
DEBUG:    -1.000000
DEBUG:    -1.000000
DEBUG:    -1.000000
DEBUG:    -1.000000
DEBUG:    -1.000000
DEBUG:    -1.000000
DEBUG:    -1.000000
DEBUG:    -1.000000
DEBUG:    -1.000000
DEBUG:    -1.000000
DEBUG:    -1.000000
DEBUG:    -1.000000
DEBUG:    -1.000000
DEBUG:    -1.000000
DEBUG:    -1.000000
DEBUG:    -1.000000
DEBUG:    -1.000000
DEBUG:    -1.000000
DEBUG:    -1.000000
DEBUG:    -1.000000
DEBUG:    -1.000000
DEBUG:    -1.000000
DEBUG:    -1.000000
DEBUG:    -1.000000
DEBUG:    -1.000000
DEBUG:    -1.000000
DEBUG:    -1.000000
DEBUG:    -1.000000
DEBUG:    -1.000000
DEBUG:    -1.000000
DEBUG:    -1.000000
DEBUG:    -1.000000
DEBUG:    -1.000000
DEBUG:    -1.000000
DEBUG:    -1.000000
DEBUG:    -1.000000
DEBUG:    -1.000000
DEBUG:    -1.000000
DEBUG:    -1.000000
DEBUG:    -1.000000
DEBUG:    -1.000000
DEBUG:    -1.000000
DEBUG:    -1.000000
DEBUG:    -1.000000
DEBUG:    -1.000000
DEBUG:    -1.000000
DEBUG:    -1.000000
DEBUG:    -1.000000
DEBUG:    -1.000000
DEBUG:    -1.000000
DEBUG:    -1.000000
DEBUG:    -1.000000
DEBUG:    -1.000000
DEBUG:    -1.000000
DEBUG:    -1.000000
DEBUG:    -1.000000
DEBUG:    -1.000000
DEBUG:    -1.000000
DEBUG:    -1.000000
DEBUG:    -1.000000
DEBUG:    -1.000000
DEBUG:    -1.000000
DEBUG:    -1.000000
DEBUG:    -1.000000
DEBUG:    -1.000000
DEBUG:    -1.000000
DEBUG:    -1.000000
DEBUG:    -1.000000
DEBUG:    -1.000000
DEBUG:    -1.000000
DEBUG:    -1.000000
DEBUG:    -1.000000
DEBUG:    -1.000000
DEBUG:    -1.000000
DEBUG:    -1.000000
DEBUG:    -1.000000
DEBUG:    -1.000000
DEBUG:    -1.000000
DEBUG:    -1.000000
DEBUG:    -1.000000
DEBUG:    -1.000000
DEBUG:    -1.000000
DEBUG:    -1.000000
DEBUG:    -1.000000
DEBUG:    -1.000000
DEBUG:    -1.000000
DEBUG:    -1.000000
DEBUG:    -1.000000
DEBUG:    -1.000000
DEBUG:    -1.000000
DEBUG:    -1.000000
DEBUG:    -1.000000
DEBUG:    -1.000000
DEBUG:    -1.000000
DEBUG:    -1.000000
DEBUG:    -1.000000
DEBUG:    -1.000000
DEBUG:    -1.000000
DEBUG:    -1.000000
DEBUG:    -1.000000
DEBUG:    -1.000000
DEBUG:    -1.000000
DEBUG:    -1.000000
DEBUG:    -1.000000
DEBUG:    -1.000000
DEBUG:    -1.000000
DEBUG:    -1.000000
DEBUG:    -1.000000
DEBUG:    -1.000000
DEBUG:    -1.000000
DEBUG:    -1.000000
DEBUG:    -1.000000
DEBUG:    -1.000000
DEBUG:    -1.000000
DEBUG:    -1.000000
DEBUG:    -1.000000
DEBUG:    -1.000000
DEBUG:    -1.000000
DEBUG:    -1.000000
DEBUG:    -1.000000
DEBUG:    -1.000000
DEBUG:    -1.000000
DEBUG:    -1.000000
DEBUG:    -1.000000
DEBUG:    -1.000000
DEBUG:    -1.000000
DEBUG:    -1.000000
DEBUG:    -1.000000
DEBUG:    -1.000000
WARNING:  Render update is behind -212 microseconds! Current FPS: 30
DEBUG:    -1.000000
WARNING:  Render update is behind -5561 microseconds! Current FPS: 26
DEBUG:    -1.000000
DEBUG:    -1.000000
DEBUG:    -1.000000
DEBUG:    -1.000000
DEBUG:    -1.000000
DEBUG:    -1.000000
DEBUG:    -1.000000
DEBUG:    -1.000000
DEBUG:    -1.000000
DEBUG:    -1.000000
DEBUG:    -1.000000
DEBUG:    -1.000000
DEBUG:    -1.000000
DEBUG:    -1.000000
DEBUG:    -1.000000
DEBUG:    -1.000000
DEBUG:    -1.000000
DEBUG:    -1.000000
DEBUG:    -1.000000
DEBUG:    -1.000000
DEBUG:    -1.000000
DEBUG:    -1.000000
DEBUG:    -1.000000
DEBUG:    -1.000000
DEBUG:    -1.000000
DEBUG:    -1.000000
DEBUG:    -1.000000
DEBUG:    -1.000000
DEBUG:    -1.000000
DEBUG:    -1.000000
DEBUG:    -1.000000
DEBUG:    -1.000000
DEBUG:    -1.000000
DEBUG:    -1.000000
DEBUG:    -1.000000
DEBUG:    -1.000000
DEBUG:    -1.000000
DEBUG:    -1.000000
DEBUG:    -1.000000
DEBUG:    -1.000000
DEBUG:    -1.000000
DEBUG:    -1.000000
DEBUG:    -1.000000
DEBUG:    -1.000000
DEBUG:    -1.000000
DEBUG:    -1.000000
DEBUG:    -1.000000
DEBUG:    -1.000000
DEBUG:    -1.000000
DEBUG:    -1.000000
DEBUG:    -1.000000
DEBUG:    -1.000000
DEBUG:    -1.000000
DEBUG:    -1.000000
DEBUG:    -1.000000
DEBUG:    -1.000000
DEBUG:    -1.000000
DEBUG:    -1.000000
DEBUG:    -1.000000
DEBUG:    -1.000000
DEBUG:    -1.000000
DEBUG:    -1.000000
DEBUG:    -1.000000
DEBUG:    -1.000000
DEBUG:    -1.000000
DEBUG:    -1.000000
DEBUG:    -1.000000
DEBUG:    -1.000000
DEBUG:    -1.000000
DEBUG:    -1.000000
DEBUG:    -1.000000
DEBUG:    -1.000000
DEBUG:    -1.000000
DEBUG:    -1.000000
DEBUG:    -1.000000
DEBUG:    -1.000000
DEBUG:    -1.000000
DEBUG:    -1.000000
DEBUG:    -1.000000
DEBUG:    -1.000000
DEBUG:    -1.000000
DEBUG:    -1.000000
DEBUG:    -1.000000
DEBUG:    -1.000000
DEBUG:    -1.000000
DEBUG:    -1.000000
DEBUG:    -1.000000
DEBUG:    -1.000000
DEBUG:    -1.000000
WARNING:  Render update is behind -2295 microseconds! Current FPS: 28
DEBUG:    -1.000000
DEBUG:    -1.000000
DEBUG:    -1.000000
DEBUG:    -1.000000
DEBUG:    -1.000000
DEBUG:    -1.000000
DEBUG:    -1.000000
DEBUG:    -1.000000
DEBUG:    -1.000000
DEBUG:    -1.000000
DEBUG:    -1.000000
DEBUG:    -1.000000
DEBUG:    -1.000000
DEBUG:    -1.000000
DEBUG:    -1.000000
DEBUG:    -1.000000
DEBUG:    -1.000000
DEBUG:    -1.000000
DEBUG:    -1.000000
DEBUG:    -1.000000
DEBUG:    -1.000000
DEBUG:    -1.000000
DEBUG:    -1.000000
DEBUG:    -1.000000
DEBUG:    -1.000000
DEBUG:    -1.000000
DEBUG:    -1.000000
DEBUG:    -1.000000
DEBUG:    -1.000000
DEBUG:    -1.000000
DEBUG:    -1.000000
DEBUG:    -1.000000
DEBUG:    -1.000000
DEBUG:    -1.000000
DEBUG:    -1.000000
DEBUG:    -1.000000
DEBUG:    -1.000000
DEBUG:    -1.000000
DEBUG:    -1.000000
DEBUG:    -1.000000
DEBUG:    -1.000000
DEBUG:    -1.000000
DEBUG:    -1.000000
DEBUG:    -1.000000
DEBUG:    -1.000000
DEBUG:    -1.000000
DEBUG:    -1.000000
DEBUG:    -1.000000
DEBUG:    -1.000000
DEBUG:    -1.000000
DEBUG:    -1.000000
DEBUG:    -1.000000
DEBUG:    -1.000000
DEBUG:    -1.000000
DEBUG:    -1.000000
DEBUG:    -1.000000
DEBUG:    -1.000000
DEBUG:    -1.000000
DEBUG:    -1.000000
DEBUG:    -1.000000
DEBUG:    -1.000000
DEBUG:    -1.000000
DEBUG:    -1.000000
DEBUG:    -1.000000
DEBUG:    -1.000000
DEBUG:    -1.000000
DEBUG:    -1.000000
DEBUG:    -1.000000
DEBUG:    -1.000000
DEBUG:    -1.000000
DEBUG:    -1.000000
DEBUG:    -1.000000
DEBUG:    -1.000000
DEBUG:    -1.000000
DEBUG:    -1.000000
DEBUG:    -1.000000
DEBUG:    -1.000000
DEBUG:    -1.000000
DEBUG:    -1.000000
DEBUG:    -1.000000
DEBUG:    -1.000000
DEBUG:    -1.000000
DEBUG:    -1.000000
DEBUG:    -1.000000
DEBUG:    -1.000000
DEBUG:    -1.000000
DEBUG:    -1.000000
DEBUG:    -1.000000
DEBUG:    -1.000000
DEBUG:    -1.000000
DEBUG:    -1.000000
DEBUG:    -1.000000
DEBUG:    -1.000000
DEBUG:    -1.000000
DEBUG:    -1.000000
DEBUG:    -1.000000
DEBUG:    -1.000000
DEBUG:    -1.000000
DEBUG:    -1.000000
DEBUG:    -1.000000
DEBUG:    -1.000000
DEBUG:    -1.000000
DEBUG:    -1.000000
DEBUG:    -1.000000
DEBUG:    -1.000000
DEBUG:    -1.000000
DEBUG:    -1.000000
DEBUG:    -1.000000
DEBUG:    -1.000000
DEBUG:    -1.000000
DEBUG:    -1.000000
DEBUG:    -1.000000
DEBUG:    -1.000000
DEBUG:    -1.000000
DEBUG:    -1.000000
DEBUG:    -1.000000
DEBUG:    -1.000000
DEBUG:    -1.000000
DEBUG:    -1.000000
DEBUG:    -1.000000
DEBUG:    -1.000000
DEBUG:    -1.000000
DEBUG:    -1.000000
DEBUG:    -1.000000
DEBUG:    -1.000000
DEBUG:    -1.000000
DEBUG:    -1.000000
DEBUG:    -1.000000
DEBUG:    -1.000000
DEBUG:    -1.000000
DEBUG:    -1.000000
DEBUG:    -1.000000
DEBUG:    -1.000000
DEBUG:    -1.000000
DEBUG:    -1.000000
DEBUG:    -1.000000
DEBUG:    -1.000000
DEBUG:    -1.000000
DEBUG:    -1.000000
DEBUG:    -1.000000
DEBUG:    -1.000000
DEBUG:    -1.000000
DEBUG:    -1.000000
DEBUG:    -1.000000
DEBUG:    -1.000000
DEBUG:    -1.000000
DEBUG:    -1.000000
DEBUG:    -1.000000
DEBUG:    -1.000000
DEBUG:    -1.000000
DEBUG:    -1.000000
DEBUG:    -1.000000
DEBUG:    -1.000000
DEBUG:    -1.000000
DEBUG:    -1.000000
DEBUG:    -1.000000
DEBUG:    -1.000000
DEBUG:    -1.000000
DEBUG:    -1.000000
DEBUG:    -1.000000
DEBUG:    -1.000000
DEBUG:    -1.000000
DEBUG:    -1.000000
DEBUG:    -1.000000
DEBUG:    -1.000000
DEBUG:    -1.000000
DEBUG:    -1.000000
DEBUG:    -1.000000
DEBUG:    -1.000000
DEBUG:    -1.000000
DEBUG:    -1.000000
DEBUG:    -1.000000
DEBUG:    -1.000000
DEBUG:    -1.000000
DEBUG:    -1.000000
DEBUG:    -1.000000
DEBUG:    -1.000000
DEBUG:    -1.000000
WARNING:  Render update is behind -14066 microseconds! Current FPS: 21
DEBUG:    -1.000000
DEBUG:    -1.000000
WARNING:  Render update is behind -3109 microseconds! Current FPS: 27
DEBUG:    -1.000000
WARNING:  Render update is behind -313 microseconds! Current FPS: 30
DEBUG:    -1.000000
WARNING:  Render update is behind -448 microseconds! Current FPS: 30
DEBUG:    -1.000000
DEBUG:    -1.000000
DEBUG:    -1.000000
DEBUG:    -1.000000
DEBUG:    -1.000000
DEBUG:    -1.000000
DEBUG:    -1.000000
DEBUG:    -1.000000
DEBUG:    -1.000000
DEBUG:    -1.000000
DEBUG:    -1.000000
DEBUG:    -1.000000
DEBUG:    -1.000000
DEBUG:    -1.000000
DEBUG:    -1.000000
DEBUG:    -1.000000
DEBUG:    -1.000000
DEBUG:    -1.000000
DEBUG:    -1.000000
DEBUG:    -1.000000
DEBUG:    -1.000000
DEBUG:    -1.000000
DEBUG:    -1.000000
DEBUG:    -1.000000
DEBUG:    -1.000000
DEBUG:    -1.000000
DEBUG:    -1.000000
DEBUG:    -1.000000
DEBUG:    -1.000000
DEBUG:    -1.000000
DEBUG:    -1.000000
DEBUG:    -1.000000
DEBUG:    -1.000000
DEBUG:    -1.000000
DEBUG:    -1.000000
DEBUG:    -1.000000
DEBUG:    -1.000000
DEBUG:    -1.000000
DEBUG:    -1.000000
DEBUG:    -1.000000
DEBUG:    -1.000000
DEBUG:    -1.000000
DEBUG:    -1.000000
DEBUG:    -1.000000
DEBUG:    -1.000000
DEBUG:    -1.000000
DEBUG:    -1.000000
DEBUG:    -1.000000
DEBUG:    -1.000000
DEBUG:    -1.000000
DEBUG:    -1.000000
DEBUG:    -1.000000
DEBUG:    -1.000000
DEBUG:    -1.000000
DEBUG:    -1.000000
DEBUG:    -1.000000
DEBUG:    -1.000000
DEBUG:    -1.000000
DEBUG:    -1.000000
DEBUG:    -1.000000
DEBUG:    -1.000000
DEBUG:    -1.000000
DEBUG:    -1.000000
DEBUG:    -1.000000
DEBUG:    -1.000000
DEBUG:    -1.000000
DEBUG:    -1.000000
DEBUG:    -1.000000
DEBUG:    -1.000000
DEBUG:    -1.000000
DEBUG:    -1.000000
DEBUG:    -1.000000
DEBUG:    -1.000000
DEBUG:    -1.000000
DEBUG:    -1.000000
DEBUG:    -1.000000
DEBUG:    -1.000000
DEBUG:    -1.000000
DEBUG:    -1.000000
DEBUG:    -1.000000
DEBUG:    -1.000000
DEBUG:    -1.000000
DEBUG:    -1.000000
DEBUG:    -1.000000
DEBUG:    -1.000000
DEBUG:    -1.000000
DEBUG:    -1.000000
DEBUG:    -1.000000
DEBUG:    -1.000000
DEBUG:    -1.000000
DEBUG:    -1.000000
DEBUG:    -1.000000
DEBUG:    -1.000000
DEBUG:    -1.000000
DEBUG:    -1.000000
DEBUG:    -1.000000
DEBUG:    -1.000000
DEBUG:    -1.000000
DEBUG:    -1.000000
DEBUG:    -1.000000
DEBUG:    -1.000000
DEBUG:    -1.000000
DEBUG:    -1.000000
DEBUG:    -1.000000
DEBUG:    -1.000000
DEBUG:    -1.000000
DEBUG:    -1.000000
DEBUG:    -1.000000
DEBUG:    -1.000000
DEBUG:    -1.000000
DEBUG:    -1.000000
DEBUG:    -1.000000
DEBUG:    -1.000000
DEBUG:    -1.000000
DEBUG:    -1.000000
DEBUG:    -1.000000
DEBUG:    -1.000000
DEBUG:    -1.000000
DEBUG:    -1.000000
DEBUG:    -1.000000
DEBUG:    -1.000000
DEBUG:    -1.000000
DEBUG:    -1.000000
DEBUG:    -1.000000
DEBUG:    -1.000000
DEBUG:    -1.000000
DEBUG:    -1.000000
DEBUG:    -1.000000
DEBUG:    -1.000000
DEBUG:    -1.000000
DEBUG:    -1.000000
DEBUG:    -1.000000
DEBUG:    -1.000000
DEBUG:    -1.000000
DEBUG:    -1.000000
DEBUG:    -1.000000
DEBUG:    -1.000000
DEBUG:    -1.000000
DEBUG:    -1.000000
DEBUG:    -1.000000
DEBUG:    -1.000000
DEBUG:    -1.000000
DEBUG:    -1.000000
DEBUG:    -1.000000
DEBUG:    -1.000000
DEBUG:    -1.000000
DEBUG:    -1.000000
DEBUG:    -1.000000
DEBUG:    -1.000000
DEBUG:    -1.000000
DEBUG:    -1.000000
DEBUG:    -1.000000
DEBUG:    -1.000000
DEBUG:    -1.000000
DEBUG:    -1.000000
DEBUG:    -1.000000
DEBUG:    -1.000000
DEBUG:    -1.000000
DEBUG:    -1.000000
DEBUG:    -1.000000
DEBUG:    -1.000000
DEBUG:    -1.000000
DEBUG:    -1.000000
DEBUG:    -1.000000
DEBUG:    -1.000000
DEBUG:    -1.000000
DEBUG:    -1.000000
DEBUG:    -1.000000
DEBUG:    -1.000000
DEBUG:    -1.000000
DEBUG:    -1.000000
DEBUG:    -1.000000
DEBUG:    -1.000000
DEBUG:    -1.000000
DEBUG:    -1.000000
DEBUG:    -1.000000
DEBUG:    -1.000000
DEBUG:    -1.000000
DEBUG:    -1.000000
DEBUG:    -1.000000
DEBUG:    -1.000000
DEBUG:    -1.000000
DEBUG:    -1.000000
DEBUG:    -1.000000
DEBUG:    -1.000000
DEBUG:    -1.000000
DEBUG:    -1.000000
DEBUG:    -1.000000
DEBUG:    -1.000000
DEBUG:    -1.000000
DEBUG:    -1.000000
DEBUG:    -1.000000
DEBUG:    -1.000000
DEBUG:    -1.000000
DEBUG:    -1.000000
DEBUG:    -1.000000
DEBUG:    -1.000000
DEBUG:    -1.000000
DEBUG:    -1.000000
DEBUG:    -1.000000
DEBUG:    -1.000000
DEBUG:    -1.000000
DEBUG:    -1.000000
DEBUG:    -1.000000
DEBUG:    -1.000000
DEBUG:    -1.000000
DEBUG:    -1.000000
DEBUG:    -1.000000
DEBUG:    -1.000000
DEBUG:    -1.000000
DEBUG:    -1.000000
DEBUG:    -1.000000
DEBUG:    -1.000000
DEBUG:    -1.000000
DEBUG:    -1.000000
DEBUG:    -1.000000
DEBUG:    -1.000000
DEBUG:    -1.000000
DEBUG:    -1.000000
DEBUG:    -1.000000
DEBUG:    -1.000000
DEBUG:    -1.000000
DEBUG:    -1.000000
DEBUG:    -1.000000
DEBUG:    -1.000000
DEBUG:    -1.000000
DEBUG:    -1.000000
DEBUG:    -1.000000
DEBUG:    -1.000000
DEBUG:    -1.000000
DEBUG:    -1.000000
DEBUG:    -1.000000
DEBUG:    -1.000000
DEBUG:    -1.000000
DEBUG:    -1.000000
DEBUG:    -1.000000
DEBUG:    -1.000000
DEBUG:    -1.000000
DEBUG:    -1.000000
DEBUG:    -1.000000
DEBUG:    -1.000000
DEBUG:    -1.000000
DEBUG:    -1.000000
DEBUG:    -1.000000
DEBUG:    -1.000000
DEBUG:    -1.000000
DEBUG:    -1.000000
DEBUG:    -1.000000
DEBUG:    -1.000000
DEBUG:    -1.000000
DEBUG:    -1.000000
DEBUG:    -1.000000
DEBUG:    -1.000000
DEBUG:    -1.000000
DEBUG:    -1.000000
DEBUG:    -1.000000
DEBUG:    -1.000000
DEBUG:    -1.000000
DEBUG:    -1.000000
DEBUG:    -1.000000
DEBUG:    -1.000000
DEBUG:    -1.000000
DEBUG:    -1.000000
DEBUG:    -1.000000
DEBUG:    -1.000000
DEBUG:    -1.000000
DEBUG:    -1.000000
DEBUG:    -1.000000
DEBUG:    -1.000000
DEBUG:    -1.000000
DEBUG:    -1.000000
DEBUG:    -1.000000
DEBUG:    -1.000000
DEBUG:    -1.000000
DEBUG:    -1.000000
DEBUG:    -1.000000
DEBUG:    -1.000000
DEBUG:    -1.000000
DEBUG:    -1.000000
DEBUG:    -1.000000
DEBUG:    -1.000000
DEBUG:    -1.000000
DEBUG:    -1.000000
DEBUG:    -1.000000
DEBUG:    -1.000000
DEBUG:    -1.000000
DEBUG:    -1.000000
DEBUG:    -1.000000
DEBUG:    -1.000000
DEBUG:    -1.000000
DEBUG:    -1.000000
DEBUG:    -1.000000
DEBUG:    -1.000000
DEBUG:    -1.000000
DEBUG:    -1.000000
DEBUG:    -1.000000
DEBUG:    -1.000000
DEBUG:    -1.000000
DEBUG:    -1.000000
DEBUG:    -1.000000
DEBUG:    -1.000000
DEBUG:    -1.000000
DEBUG:    -1.000000
DEBUG:    -1.000000
DEBUG:    -1.000000
DEBUG:    -1.000000
DEBUG:    -1.000000
DEBUG:    -1.000000
DEBUG:    -1.000000
DEBUG:    -1.000000
DEBUG:    -1.000000
DEBUG:    0.000000
DEBUG:    1.000000
DEBUG:    2.000000
DEBUG:    3.000000
DEBUG:    4.000000
WARNING:  Render update is behind -2316 microseconds! Current FPS: 28
DEBUG:    5.000000
DEBUG:    6.000000
DEBUG:    7.000000
DEBUG:    8.000000
DEBUG:    9.000000
DEBUG:    10.000000
DEBUG:    9.000000
DEBUG:    8.000000
DEBUG:    7.000000
DEBUG:    6.000000
DEBUG:    5.000000
DEBUG:    4.000000
DEBUG:    3.000000
DEBUG:    2.000000
DEBUG:    1.000000
DEBUG:    0.000000
DEBUG:    0.000000
DEBUG:    0.000000
DEBUG:    1.000000
DEBUG:    2.000000
DEBUG:    3.000000
DEBUG:    4.000000
DEBUG:    5.000000
DEBUG:    6.000000
DEBUG:    7.000000
DEBUG:    8.000000
DEBUG:    9.000000
DEBUG:    10.000000
DEBUG:    11.000000
DEBUG:    12.000000
WARNING:  Render update is behind -1884 microseconds! Current FPS: 28
DEBUG:    13.000000
DEBUG:    14.000000
DEBUG:    15.000000
DEBUG:    16.000000
DEBUG:    17.000000
DEBUG:    18.000000
DEBUG:    19.000000
DEBUG:    20.000000
DEBUG:    21.000000
DEBUG:    22.000000
DEBUG:    23.000000
WARNING:  Render update is behind -331 microseconds! Current FPS: 30
DEBUG:    24.000000
DEBUG:    25.000000
DEBUG:    26.000000
DEBUG:    27.000000
DEBUG:    28.000000
WARNING:  Render update is behind -1044 microseconds! Current FPS: 29
DEBUG:    29.000000
DEBUG:    30.000000
DEBUG:    31.000000
DEBUG:    32.000000
DEBUG:    33.000000
DEBUG:    34.000000
DEBUG:    35.000000
DEBUG:    36.000000
DEBUG:    37.000000
DEBUG:    38.000000
DEBUG:    39.000000
DEBUG:    40.000000
DEBUG:    41.000000
DEBUG:    42.000000
DEBUG:    43.000000
DEBUG:    44.000000
DEBUG:    45.000000
DEBUG:    46.000000
DEBUG:    47.000000
DEBUG:    48.000000
DEBUG:    49.000000
DEBUG:    50.000000
DEBUG:    51.000000
DEBUG:    52.000000
DEBUG:    53.000000
DEBUG:    54.000000
DEBUG:    55.000000
DEBUG:    56.000000
DEBUG:    57.000000
DEBUG:    58.000000
DEBUG:    59.000000
DEBUG:    60.000000
DEBUG:    61.000000
DEBUG:    62.000000
DEBUG:    63.000000
DEBUG:    64.000000
DEBUG:    65.000000
DEBUG:    66.000000
DEBUG:    67.000000
DEBUG:    68.000000
DEBUG:    69.000000
DEBUG:    70.000000
DEBUG:    71.000000
DEBUG:    72.000000
DEBUG:    73.000000
DEBUG:    74.000000
DEBUG:    75.000000
DEBUG:    76.000000
DEBUG:    77.000000
DEBUG:    78.000000
DEBUG:    79.000000
DEBUG:    80.000000
DEBUG:    81.000000
DEBUG:    82.000000
DEBUG:    83.000000
DEBUG:    84.000000
DEBUG:    85.000000
DEBUG:    86.000000
DEBUG:    87.000000
WARNING:  Render update is behind -6419 microseconds! Current FPS: 25
DEBUG:    88.000000
DEBUG:    89.000000
DEBUG:    90.000000
INFO:     Cleaning up...
