DEBUG:    Initializing...
DEBUG:    Initializing Main_Info...
DEBUG:    Found querty option.
DEBUG:    Getting video modes...
DEBUG:    Creating window with resolution of 1366x768...
DEBUG:    Loading images...
DEBUG:    Initializing Status_Menu...
DEBUG:    Starting window render loop...
DEBUG:    Starting window event loop...
INFO:     Initialization Finished
DEBUG:    Set FPS to 30
DEBUG:    0.000000
WARNING:  Render update is behind -31080 microseconds! Current FPS: 16
DEBUG:    90.000000
DEBUG:    180.000000
DEBUG:    270.000000
DEBUG:    0.000000
DEBUG:    90.000000
DEBUG:    180.000000
DEBUG:    270.000000
DEBUG:    0.000000
DEBUG:    90.000000
DEBUG:    180.000000
DEBUG:    270.000000
DEBUG:    0.000000
DEBUG:    90.000000
DEBUG:    180.000000
DEBUG:    270.000000
DEBUG:    0.000000
DEBUG:    90.000000
DEBUG:    180.000000
DEBUG:    270.000000
DEBUG:    0.000000
DEBUG:    90.000000
DEBUG:    180.000000
DEBUG:    270.000000
DEBUG:    0.000000
DEBUG:    90.000000
DEBUG:    180.000000
DEBUG:    270.000000
DEBUG:    0.000000
DEBUG:    90.000000
DEBUG:    180.000000
DEBUG:    270.000000
DEBUG:    0.000000
DEBUG:    90.000000
DEBUG:    180.000000
DEBUG:    270.000000
DEBUG:    0.000000
DEBUG:    90.000000
DEBUG:    180.000000
DEBUG:    270.000000
DEBUG:    0.000000
DEBUG:    90.000000
DEBUG:    180.000000
DEBUG:    270.000000
DEBUG:    0.000000
DEBUG:    90.000000
DEBUG:    180.000000
DEBUG:    270.000000
DEBUG:    0.000000
DEBUG:    90.000000
DEBUG:    180.000000
DEBUG:    270.000000
DEBUG:    0.000000
DEBUG:    90.000000
DEBUG:    180.000000
DEBUG:    270.000000
DEBUG:    0.000000
DEBUG:    90.000000
DEBUG:    180.000000
DEBUG:    270.000000
DEBUG:    0.000000
DEBUG:    90.000000
DEBUG:    180.000000
DEBUG:    270.000000
DEBUG:    0.000000
DEBUG:    90.000000
DEBUG:    180.000000
DEBUG:    270.000000
DEBUG:    0.000000
DEBUG:    90.000000
DEBUG:    180.000000
DEBUG:    270.000000
DEBUG:    0.000000
DEBUG:    90.000000
DEBUG:    180.000000
DEBUG:    270.000000
DEBUG:    0.000000
DEBUG:    90.000000
DEBUG:    180.000000
DEBUG:    270.000000
DEBUG:    0.000000
WARNING:  Render update is behind -1923 microseconds! Current FPS: 28
DEBUG:    90.000000
DEBUG:    180.000000
DEBUG:    270.000000
DEBUG:    0.000000
DEBUG:    90.000000
DEBUG:    180.000000
DEBUG:    270.000000
DEBUG:    0.000000
DEBUG:    90.000000
DEBUG:    90.000000
DEBUG:    27.500000
DEBUG:    283.333313
DEBUG:    153.125000
DEBUG:    308.449066
DEBUG:    107.744995
DEBUG:    215.374237
DEBUG:    344.134155
DEBUG:    73.991486
DEBUG:    134.337082
DEBUG:    172.512161
DEBUG:    194.230621
DEBUG:    263.917603
DEBUG:    314.980286
DEBUG:    351.691040
DEBUG:    17.415405
DEBUG:    34.795795
DEBUG:    45.898964
DEBUG:    52.334526
DEBUG:    55.349930
DEBUG:    55.906464
DEBUG:    54.739983
DEBUG:    52.409374
DEBUG:    49.335079
DEBUG:    45.829731
DEBUG:    42.122417
DEBUG:    38.377823
DEBUG:    34.711361
DEBUG:    31.201004
DEBUG:    27.896561
DEBUG:    24.826904
DEBUG:    22.005562
DEBUG:    19.435032
DEBUG:    17.110079
DEBUG:    15.020248
DEBUG:    12.985081
DEBUG:    13.253288
DEBUG:    13.321496
DEBUG:    13.189704
DEBUG:    12.857911
DEBUG:    12.326118
DEBUG:    11.594326
DEBUG:    10.662534
DEBUG:    9.530742
DEBUG:    8.198949
WARNING:  Render update is behind -1168 microseconds! Current FPS: 29
DEBUG:    6.667156
DEBUG:    4.935364
DEBUG:    3.003571
DEBUG:    0.871778
DEBUG:    358.539978
DEBUG:    356.008179
DEBUG:    353.276398
DEBUG:    350.344604
DEBUG:    347.212799
DEBUG:    343.881012
DEBUG:    340.349213
DEBUG:    336.617432
DEBUG:    332.685638
WARNING:  Render update is behind -10471 microseconds! Current FPS: 23
DEBUG:    328.553833
DEBUG:    324.222046
DEBUG:    319.690247
DEBUG:    314.958466
DEBUG:    310.026672
WARNING:  Render update is behind -8431 microseconds! Current FPS: 24
DEBUG:    304.894867
DEBUG:    299.563080
DEBUG:    294.031281
DEBUG:    288.299500
DEBUG:    282.367706
DEBUG:    276.235901
DEBUG:    269.904114
DEBUG:    263.372314
DEBUG:    256.640533
DEBUG:    249.708740
DEBUG:    242.576950
DEBUG:    235.245163
DEBUG:    227.713379
WARNING:  Render update is behind -1711 microseconds! Current FPS: 29
DEBUG:    219.981583
WARNING:  Render update is behind -6143 microseconds! Current FPS: 25
DEBUG:    212.049789
WARNING:  Render update is behind -3864 microseconds! Current FPS: 27
DEBUG:    203.917999
DEBUG:    195.586212
DEBUG:    187.054428
DEBUG:    178.322632
DEBUG:    169.390839
DEBUG:    160.459045
DEBUG:    151.527252
DEBUG:    142.595459
WARNING:  Render update is behind -1080 microseconds! Current FPS: 29
DEBUG:    133.663666
DEBUG:    124.731880
DEBUG:    115.800095
DEBUG:    106.868309
DEBUG:    97.936523
DEBUG:    89.004738
DEBUG:    80.072952
DEBUG:    71.141167
DEBUG:    62.209377
DEBUG:    53.277588
DEBUG:    44.345798
DEBUG:    35.414009
DEBUG:    26.482220
DEBUG:    17.550430
DEBUG:    8.618642
DEBUG:    359.686859
DEBUG:    350.755066
DEBUG:    341.823273
DEBUG:    332.891479
DEBUG:    323.959686
DEBUG:    315.027893
DEBUG:    306.096100
DEBUG:    297.164307
DEBUG:    288.232513
DEBUG:    279.300720
DEBUG:    270.368927
DEBUG:    261.437134
DEBUG:    252.505341
DEBUG:    243.573547
DEBUG:    234.641754
DEBUG:    225.709961
DEBUG:    216.978180
DEBUG:    208.446396
DEBUG:    200.114609
DEBUG:    191.982819
DEBUG:    184.051025
DEBUG:    176.319229
DEBUG:    168.787445
DEBUG:    161.455658
DEBUG:    154.323868
DEBUG:    147.392075
DEBUG:    140.660278
DEBUG:    134.128494
DEBUG:    127.796707
DEBUG:    121.664917
DEBUG:    115.733124
DEBUG:    110.001335
DEBUG:    104.469543
DEBUG:    99.137749
DEBUG:    94.005959
DEBUG:    89.074165
DEBUG:    84.342377
DEBUG:    79.810585
DEBUG:    75.278793
DEBUG:    70.747002
DEBUG:    66.215210
DEBUG:    61.683418
DEBUG:    57.151627
DEBUG:    52.619835
DEBUG:    52.619835
DEBUG:    57.619835
DEBUG:    67.619835
DEBUG:    82.619835
DEBUG:    102.619835
DEBUG:    127.619835
DEBUG:    157.619843
DEBUG:    192.619843
DEBUG:    232.619843
DEBUG:    277.619843
DEBUG:    327.619843
DEBUG:    22.619843
WARNING:  Render update is behind -2607 microseconds! Current FPS: 28
DEBUG:    82.619843
DEBUG:    147.619843
DEBUG:    217.619843
DEBUG:    292.619843
DEBUG:    12.619843
DEBUG:    97.619843
DEBUG:    187.619843
DEBUG:    282.619843
DEBUG:    22.619843
DEBUG:    127.619843
DEBUG:    237.619843
DEBUG:    352.619843
DEBUG:    112.619843
DEBUG:    237.619843
DEBUG:    7.619843
DEBUG:    142.619843
DEBUG:    282.619843
DEBUG:    67.619843
DEBUG:    217.619843
DEBUG:    12.619843
DEBUG:    172.619843
DEBUG:    337.619843
DEBUG:    147.619843
DEBUG:    322.619843
DEBUG:    142.619843
DEBUG:    327.619843
DEBUG:    157.619873
DEBUG:    352.619873
DEBUG:    192.619873
DEBUG:    37.619873
DEBUG:    247.619873
DEBUG:    102.619873
DEBUG:    322.619873
DEBUG:    187.619873
DEBUG:    57.619873
DEBUG:    292.619873
DEBUG:    172.619873
DEBUG:    57.619873
DEBUG:    307.619873
DEBUG:    202.619873
DEBUG:    102.619873
DEBUG:    7.619873
DEBUG:    277.619873
DEBUG:    192.619873
DEBUG:    112.619873
DEBUG:    37.619873
DEBUG:    327.619873
DEBUG:    262.619873
DEBUG:    202.619873
DEBUG:    147.619873
DEBUG:    97.619873
DEBUG:    52.619873
DEBUG:    12.619873
DEBUG:    337.619873
DEBUG:    307.619873
DEBUG:    282.619873
DEBUG:    262.619873
DEBUG:    247.619873
DEBUG:    237.619873
DEBUG:    232.619873
DEBUG:    232.619873
DEBUG:    237.619873
DEBUG:    247.619873
DEBUG:    262.619873
DEBUG:    282.619873
DEBUG:    307.619873
DEBUG:    337.619873
DEBUG:    12.619873
DEBUG:    52.619873
DEBUG:    97.619873
DEBUG:    147.619873
DEBUG:    202.619873
DEBUG:    262.619873
DEBUG:    327.619873
DEBUG:    32.619873
DEBUG:    97.619873
DEBUG:    162.619873
DEBUG:    227.619873
WARNING:  Render update is behind -294 microseconds! Current FPS: 30
DEBUG:    292.619873
DEBUG:    357.619873
DEBUG:    62.619873
DEBUG:    127.619873
DEBUG:    157.619873
DEBUG:    192.619873
DEBUG:    232.619873
DEBUG:    277.619873
DEBUG:    327.619873
DEBUG:    22.619873
DEBUG:    82.619873
DEBUG:    147.619873
DEBUG:    217.619873
DEBUG:    292.619873
DEBUG:    12.619873
DEBUG:    97.619873
INFO:     Cleaning up...
