DEBUG:    Initializing...
DEBUG:    Getting video modes...
DEBUG:    Creating window with resolution of 1366x768...
DEBUG:    Loading images...
DEBUG:    Initializing Status_Menu...
DEBUG:    Starting window render loop...
DEBUG:    Starting window event loop...
INFO:     Initialization Finished
DEBUG:    Set FPS to 30
DEBUG:    2079.000000
WARNING:  Render update is behind -23229 microseconds! Current FPS: 18
DEBUG:    2109.000000
DEBUG:    2139.000000
DEBUG:    2169.000000
WARNING:  Render update is behind -8514 microseconds! Current FPS: 24
DEBUG:    2199.000000
DEBUG:    2229.000000
DEBUG:    2259.000000
DEBUG:    2289.000000
DEBUG:    2319.000000
DEBUG:    2349.000000
DEBUG:    2379.000000
DEBUG:    2409.000000
DEBUG:    2439.000000
DEBUG:    2469.000000
DEBUG:    2499.000000
DEBUG:    2529.000000
DEBUG:    2559.000000
DEBUG:    2589.000000
DEBUG:    2619.000000
DEBUG:    2649.000000
DEBUG:    2679.000000
DEBUG:    2709.000000
DEBUG:    2739.000000
DEBUG:    2769.000000
DEBUG:    2799.000000
DEBUG:    2829.000000
DEBUG:    2859.000000
DEBUG:    2889.000000
WARNING:  Render update is behind -11129 microseconds! Current FPS: 22
DEBUG:    2919.000000
DEBUG:    2949.000000
DEBUG:    2979.000000
DEBUG:    3009.000000
DEBUG:    3039.000000
DEBUG:    3069.000000
DEBUG:    3099.000000
DEBUG:    3129.000000
DEBUG:    3159.000000
DEBUG:    3189.000000
DEBUG:    3219.000000
DEBUG:    3249.000000
DEBUG:    3279.000000
DEBUG:    3309.000000
DEBUG:    3339.000000
DEBUG:    3369.000000
DEBUG:    3399.000000
DEBUG:    2063.000000
DEBUG:    2093.000000
DEBUG:    2123.000000
DEBUG:    2153.000000
DEBUG:    2183.000000
DEBUG:    2213.000000
DEBUG:    2243.000000
DEBUG:    2273.000000
DEBUG:    2303.000000
DEBUG:    2333.000000
DEBUG:    2363.000000
DEBUG:    2393.000000
DEBUG:    2423.000000
DEBUG:    2453.000000
DEBUG:    2483.000000
DEBUG:    2513.000000
DEBUG:    2543.000000
DEBUG:    2573.000000
DEBUG:    2603.000000
DEBUG:    2633.000000
DEBUG:    2663.000000
DEBUG:    2693.000000
DEBUG:    2723.000000
DEBUG:    2753.000000
DEBUG:    2783.000000
DEBUG:    2813.000000
DEBUG:    2843.000000
DEBUG:    2873.000000
DEBUG:    2903.000000
DEBUG:    2933.000000
DEBUG:    2963.000000
DEBUG:    2993.000000
DEBUG:    3023.000000
DEBUG:    3053.000000
DEBUG:    3083.000000
DEBUG:    3113.000000
DEBUG:    3143.000000
DEBUG:    3173.000000
DEBUG:    3203.000000
DEBUG:    3233.000000
DEBUG:    3263.000000
DEBUG:    3293.000000
DEBUG:    3323.000000
DEBUG:    3353.000000
DEBUG:    3383.000000
DEBUG:    3413.000000
DEBUG:    2077.000000
DEBUG:    2107.000000
DEBUG:    2137.000000
DEBUG:    2167.000000
DEBUG:    2197.000000
DEBUG:    2227.000000
DEBUG:    2257.000000
DEBUG:    2287.000000
DEBUG:    2317.000000
DEBUG:    2347.000000
DEBUG:    2377.000000
DEBUG:    2407.000000
DEBUG:    2437.000000
DEBUG:    2467.000000
DEBUG:    2497.000000
DEBUG:    2527.000000
DEBUG:    2557.000000
DEBUG:    2587.000000
DEBUG:    2617.000000
DEBUG:    2647.000000
DEBUG:    2677.000000
DEBUG:    2707.000000
DEBUG:    2737.000000
DEBUG:    2767.000000
DEBUG:    2797.000000
DEBUG:    2827.000000
DEBUG:    2857.000000
DEBUG:    2887.000000
DEBUG:    2917.000000
DEBUG:    2947.000000
DEBUG:    2977.000000
DEBUG:    3007.000000
DEBUG:    3037.000000
DEBUG:    3067.000000
DEBUG:    3097.000000
DEBUG:    3127.000000
DEBUG:    3157.000000
DEBUG:    3187.000000
DEBUG:    3217.000000
DEBUG:    3247.000000
DEBUG:    3277.000000
DEBUG:    3307.000000
DEBUG:    3337.000000
DEBUG:    3367.000000
DEBUG:    3397.000000
DEBUG:    2061.000000
DEBUG:    2091.000000
DEBUG:    2121.000000
DEBUG:    2151.000000
DEBUG:    2181.000000
DEBUG:    2211.000000
DEBUG:    2241.000000
DEBUG:    2271.000000
DEBUG:    2301.000000
DEBUG:    2331.000000
DEBUG:    2361.000000
DEBUG:    2391.000000
DEBUG:    2421.000000
DEBUG:    2451.000000
DEBUG:    2481.000000
DEBUG:    2511.000000
DEBUG:    2541.000000
DEBUG:    2571.000000
DEBUG:    2601.000000
DEBUG:    2631.000000
DEBUG:    2661.000000
DEBUG:    2691.000000
DEBUG:    2721.000000
DEBUG:    2751.000000
DEBUG:    2781.000000
DEBUG:    2811.000000
DEBUG:    2841.000000
DEBUG:    2871.000000
DEBUG:    2901.000000
DEBUG:    2931.000000
DEBUG:    2961.000000
DEBUG:    2991.000000
DEBUG:    3021.000000
DEBUG:    3051.000000
DEBUG:    3081.000000
DEBUG:    3111.000000
DEBUG:    3141.000000
DEBUG:    3171.000000
DEBUG:    3201.000000
DEBUG:    3231.000000
DEBUG:    3261.000000
DEBUG:    3291.000000
DEBUG:    3321.000000
DEBUG:    3351.000000
DEBUG:    3381.000000
DEBUG:    3411.000000
DEBUG:    2075.000000
DEBUG:    2105.000000
DEBUG:    2135.000000
DEBUG:    2165.000000
DEBUG:    2195.000000
DEBUG:    2225.000000
DEBUG:    2255.000000
DEBUG:    2285.000000
DEBUG:    2315.000000
DEBUG:    2345.000000
DEBUG:    2375.000000
DEBUG:    2405.000000
DEBUG:    2435.000000
DEBUG:    2465.000000
DEBUG:    2495.000000
DEBUG:    2525.000000
DEBUG:    2555.000000
DEBUG:    2585.000000
DEBUG:    2615.000000
DEBUG:    2645.000000
DEBUG:    2675.000000
DEBUG:    2705.000000
DEBUG:    2735.000000
DEBUG:    2765.000000
DEBUG:    2795.000000
DEBUG:    2825.000000
DEBUG:    2855.000000
DEBUG:    2885.000000
DEBUG:    2915.000000
DEBUG:    2945.000000
DEBUG:    2975.000000
DEBUG:    3005.000000
DEBUG:    3035.000000
DEBUG:    3065.000000
DEBUG:    3095.000000
DEBUG:    3125.000000
DEBUG:    3155.000000
DEBUG:    3185.000000
DEBUG:    3215.000000
DEBUG:    3245.000000
DEBUG:    3275.000000
DEBUG:    3305.000000
DEBUG:    3335.000000
DEBUG:    3365.000000
DEBUG:    3395.000000
DEBUG:    2059.000000
DEBUG:    2089.000000
DEBUG:    2119.000000
DEBUG:    2149.000000
DEBUG:    2179.000000
DEBUG:    2209.000000
DEBUG:    2239.000000
DEBUG:    2269.000000
DEBUG:    2299.000000
DEBUG:    2329.000000
DEBUG:    2359.000000
DEBUG:    2389.000000
DEBUG:    2419.000000
DEBUG:    2449.000000
DEBUG:    2479.000000
DEBUG:    2509.000000
DEBUG:    2539.000000
DEBUG:    2569.000000
DEBUG:    2599.000000
DEBUG:    2629.000000
DEBUG:    2659.000000
DEBUG:    2689.000000
DEBUG:    2719.000000
DEBUG:    2749.000000
DEBUG:    2779.000000
DEBUG:    2809.000000
DEBUG:    2839.000000
DEBUG:    2869.000000
DEBUG:    2899.000000
DEBUG:    2929.000000
DEBUG:    2959.000000
DEBUG:    2989.000000
DEBUG:    3019.000000
DEBUG:    3049.000000
DEBUG:    3079.000000
DEBUG:    3109.000000
DEBUG:    3139.000000
DEBUG:    3169.000000
DEBUG:    3199.000000
DEBUG:    3229.000000
DEBUG:    3259.000000
DEBUG:    3289.000000
DEBUG:    3319.000000
DEBUG:    3349.000000
DEBUG:    3379.000000
DEBUG:    3409.000000
DEBUG:    2073.000000
DEBUG:    2103.000000
DEBUG:    2133.000000
DEBUG:    2163.000000
DEBUG:    2193.000000
DEBUG:    2223.000000
DEBUG:    2253.000000
DEBUG:    2283.000000
DEBUG:    2313.000000
DEBUG:    2343.000000
DEBUG:    2373.000000
DEBUG:    2403.000000
DEBUG:    2433.000000
DEBUG:    2463.000000
DEBUG:    2493.000000
DEBUG:    2523.000000
DEBUG:    2553.000000
DEBUG:    2583.000000
DEBUG:    2613.000000
DEBUG:    2643.000000
DEBUG:    2673.000000
DEBUG:    2703.000000
DEBUG:    2733.000000
DEBUG:    2763.000000
DEBUG:    2793.000000
DEBUG:    2823.000000
DEBUG:    2853.000000
DEBUG:    2883.000000
DEBUG:    2913.000000
DEBUG:    2943.000000
DEBUG:    2973.000000
DEBUG:    3003.000000
DEBUG:    3033.000000
DEBUG:    3063.000000
DEBUG:    3093.000000
DEBUG:    3123.000000
DEBUG:    3153.000000
DEBUG:    3183.000000
DEBUG:    3213.000000
DEBUG:    3243.000000
DEBUG:    3273.000000
DEBUG:    3303.000000
DEBUG:    3333.000000
DEBUG:    3363.000000
DEBUG:    3393.000000
DEBUG:    2057.000000
DEBUG:    2087.000000
DEBUG:    2117.000000
DEBUG:    2147.000000
DEBUG:    2177.000000
DEBUG:    2207.000000
DEBUG:    2237.000000
DEBUG:    2267.000000
DEBUG:    2297.000000
DEBUG:    2327.000000
DEBUG:    2357.000000
DEBUG:    2387.000000
DEBUG:    2417.000000
DEBUG:    2447.000000
DEBUG:    2477.000000
DEBUG:    2507.000000
DEBUG:    2537.000000
DEBUG:    2567.000000
DEBUG:    2597.000000
DEBUG:    2627.000000
DEBUG:    2657.000000
WARNING:  Render update is behind -12953 microseconds! Current FPS: 22
DEBUG:    2687.000000
DEBUG:    2717.000000
DEBUG:    2747.000000
DEBUG:    2777.000000
DEBUG:    2807.000000
DEBUG:    2837.000000
DEBUG:    2867.000000
DEBUG:    2897.000000
DEBUG:    2927.000000
DEBUG:    2957.000000
DEBUG:    2987.000000
DEBUG:    3017.000000
DEBUG:    3047.000000
DEBUG:    3077.000000
DEBUG:    3107.000000
DEBUG:    3137.000000
DEBUG:    3167.000000
DEBUG:    3197.000000
DEBUG:    3227.000000
DEBUG:    3257.000000
DEBUG:    3287.000000
DEBUG:    3317.000000
DEBUG:    3347.000000
DEBUG:    3377.000000
DEBUG:    3407.000000
DEBUG:    2071.000000
DEBUG:    2101.000000
DEBUG:    2131.000000
DEBUG:    2161.000000
DEBUG:    2191.000000
DEBUG:    2221.000000
DEBUG:    2251.000000
DEBUG:    2281.000000
DEBUG:    2311.000000
DEBUG:    2341.000000
DEBUG:    2371.000000
DEBUG:    2401.000000
DEBUG:    2431.000000
DEBUG:    2461.000000
DEBUG:    2491.000000
DEBUG:    2521.000000
DEBUG:    2551.000000
DEBUG:    2581.000000
DEBUG:    2611.000000
DEBUG:    2641.000000
DEBUG:    2671.000000
DEBUG:    2701.000000
DEBUG:    2731.000000
DEBUG:    2761.000000
DEBUG:    2791.000000
DEBUG:    2821.000000
DEBUG:    2851.000000
DEBUG:    2881.000000
DEBUG:    2911.000000
DEBUG:    2941.000000
DEBUG:    2971.000000
DEBUG:    3001.000000
DEBUG:    3031.000000
DEBUG:    3061.000000
DEBUG:    3091.000000
DEBUG:    3121.000000
DEBUG:    3151.000000
DEBUG:    3181.000000
DEBUG:    3211.000000
DEBUG:    3241.000000
DEBUG:    3271.000000
DEBUG:    3301.000000
DEBUG:    3331.000000
DEBUG:    3361.000000
DEBUG:    3391.000000
DEBUG:    2055.000000
DEBUG:    2085.000000
DEBUG:    2115.000000
DEBUG:    2145.000000
DEBUG:    2175.000000
DEBUG:    2205.000000
DEBUG:    2235.000000
DEBUG:    2265.000000
DEBUG:    2295.000000
DEBUG:    2325.000000
DEBUG:    2355.000000
DEBUG:    2385.000000
DEBUG:    2415.000000
DEBUG:    2445.000000
DEBUG:    2475.000000
DEBUG:    2505.000000
DEBUG:    2535.000000
DEBUG:    2565.000000
DEBUG:    2595.000000
DEBUG:    2625.000000
DEBUG:    2655.000000
DEBUG:    2685.000000
DEBUG:    2715.000000
DEBUG:    2745.000000
DEBUG:    2775.000000
DEBUG:    2805.000000
DEBUG:    2835.000000
DEBUG:    2865.000000
DEBUG:    2895.000000
DEBUG:    2925.000000
DEBUG:    2955.000000
DEBUG:    2985.000000
DEBUG:    3015.000000
DEBUG:    3045.000000
DEBUG:    3075.000000
DEBUG:    3105.000000
DEBUG:    3135.000000
DEBUG:    3165.000000
DEBUG:    3195.000000
DEBUG:    3225.000000
DEBUG:    3255.000000
DEBUG:    3285.000000
DEBUG:    3315.000000
DEBUG:    3345.000000
DEBUG:    3375.000000
DEBUG:    3405.000000
DEBUG:    2069.000000
DEBUG:    2099.000000
DEBUG:    2129.000000
DEBUG:    2159.000000
DEBUG:    2189.000000
DEBUG:    2219.000000
DEBUG:    2249.000000
DEBUG:    2279.000000
DEBUG:    2309.000000
DEBUG:    2339.000000
DEBUG:    2369.000000
DEBUG:    2399.000000
DEBUG:    2429.000000
DEBUG:    2459.000000
DEBUG:    2489.000000
DEBUG:    2519.000000
DEBUG:    2549.000000
DEBUG:    2579.000000
DEBUG:    2609.000000
DEBUG:    2639.000000
DEBUG:    2669.000000
DEBUG:    2699.000000
DEBUG:    2729.000000
DEBUG:    2759.000000
DEBUG:    2789.000000
DEBUG:    2819.000000
DEBUG:    2849.000000
DEBUG:    2879.000000
DEBUG:    2909.000000
DEBUG:    2939.000000
DEBUG:    2969.000000
DEBUG:    2999.000000
DEBUG:    3029.000000
DEBUG:    3059.000000
DEBUG:    3089.000000
DEBUG:    3119.000000
DEBUG:    3149.000000
DEBUG:    3179.000000
DEBUG:    3209.000000
DEBUG:    3239.000000
DEBUG:    3269.000000
DEBUG:    3299.000000
DEBUG:    3329.000000
DEBUG:    3359.000000
DEBUG:    3389.000000
DEBUG:    2053.000000
DEBUG:    2083.000000
DEBUG:    2113.000000
DEBUG:    2143.000000
DEBUG:    2173.000000
INFO:     Cleaning up...
