DEBUG:    Initializing...
DEBUG:    Initializing Main_Info...
DEBUG:    Found querty option.
DEBUG:    Getting video modes...
DEBUG:    Creating window with resolution of 1366x768...
DEBUG:    Loading images...
DEBUG:    Initializing Status_Menu...
DEBUG:    Starting window render loop...
DEBUG:    Starting window event loop...
INFO:     Initialization Finished
DEBUG:    Set FPS to 30
DEBUG:    0.000000
WARNING:  Render update is behind -10422 microseconds! Current FPS: 23
DEBUG:    90.000000
WARNING:  Render update is behind -6102 microseconds! Current FPS: 25
DEBUG:    180.000000
WARNING:  Render update is behind -517 microseconds! Current FPS: 30
DEBUG:    270.000000
DEBUG:    0.000000
DEBUG:    90.000000
DEBUG:    180.000000
DEBUG:    270.000000
DEBUG:    0.000000
DEBUG:    90.000000
DEBUG:    180.000000
DEBUG:    270.000000
DEBUG:    0.000000
DEBUG:    90.000000
DEBUG:    180.000000
DEBUG:    270.000000
DEBUG:    0.000000
DEBUG:    90.000000
DEBUG:    180.000000
DEBUG:    270.000000
DEBUG:    0.000000
DEBUG:    90.000000
DEBUG:    180.000000
WARNING:  Render update is behind -1387 microseconds! Current FPS: 29
DEBUG:    270.000000
DEBUG:    0.000000
DEBUG:    90.000000
DEBUG:    180.000000
DEBUG:    270.000000
DEBUG:    0.000000
DEBUG:    90.000000
DEBUG:    180.000000
DEBUG:    270.000000
DEBUG:    0.000000
DEBUG:    90.000000
DEBUG:    180.000000
DEBUG:    270.000000
DEBUG:    0.000000
DEBUG:    90.000000
DEBUG:    180.000000
DEBUG:    270.000000
DEBUG:    0.000000
DEBUG:    90.000000
DEBUG:    180.000000
DEBUG:    270.000000
DEBUG:    0.000000
DEBUG:    90.000000
DEBUG:    180.000000
DEBUG:    270.000000
DEBUG:    0.000000
DEBUG:    90.000000
DEBUG:    180.000000
DEBUG:    270.000000
DEBUG:    0.000000
DEBUG:    90.000000
DEBUG:    180.000000
DEBUG:    270.000000
DEBUG:    0.000000
DEBUG:    90.000000
DEBUG:    180.000000
DEBUG:    270.000000
WARNING:  Render update is behind -5512 microseconds! Current FPS: 26
DEBUG:    0.000000
DEBUG:    90.000000
DEBUG:    180.000000
DEBUG:    270.000000
DEBUG:    0.000000
WARNING:  Render update is behind -1873 microseconds! Current FPS: 28
DEBUG:    90.000000
DEBUG:    180.000000
DEBUG:    270.000000
DEBUG:    0.000000
DEBUG:    90.000000
DEBUG:    180.000000
DEBUG:    270.000000
DEBUG:    0.000000
DEBUG:    90.000000
DEBUG:    180.000000
DEBUG:    270.000000
DEBUG:    0.000000
DEBUG:    90.000000
DEBUG:    180.000000
DEBUG:    270.000000
DEBUG:    0.000000
DEBUG:    90.000000
DEBUG:    180.000000
DEBUG:    270.000000
DEBUG:    0.000000
DEBUG:    90.000000
DEBUG:    180.000000
DEBUG:    270.000000
DEBUG:    0.000000
DEBUG:    90.000000
DEBUG:    90.000000
DEBUG:    27.500000
DEBUG:    283.333313
DEBUG:    153.125000
DEBUG:    308.449066
DEBUG:    107.744995
DEBUG:    215.374237
DEBUG:    344.134155
DEBUG:    73.991486
DEBUG:    134.337082
DEBUG:    172.512161
DEBUG:    194.230621
DEBUG:    263.917603
WARNING:  Render update is behind -23969 microseconds! Current FPS: 17
DEBUG:    314.980286
WARNING:  Render update is behind -1417 microseconds! Current FPS: 29
DEBUG:    351.691040
DEBUG:    17.415405
DEBUG:    34.795795
DEBUG:    45.898964
DEBUG:    52.334526
DEBUG:    55.349930
DEBUG:    55.906464
DEBUG:    54.739983
DEBUG:    52.409374
DEBUG:    49.335079
DEBUG:    45.829731
DEBUG:    42.122417
DEBUG:    38.377823
WARNING:  Render update is behind -378 microseconds! Current FPS: 30
DEBUG:    34.711361
WARNING:  Render update is behind -10239 microseconds! Current FPS: 23
DEBUG:    31.201004
WARNING:  Render update is behind -8952 microseconds! Current FPS: 24
DEBUG:    27.896561
WARNING:  Render update is behind -6731 microseconds! Current FPS: 25
DEBUG:    24.826904
DEBUG:    22.005562
DEBUG:    19.435032
DEBUG:    17.110079
DEBUG:    15.020248
DEBUG:    13.151748
DEBUG:    11.488852
DEBUG:    10.014928
DEBUG:    8.713178
DEBUG:    7.567152
DEBUG:    6.561101
WARNING:  Render update is behind -714 microseconds! Current FPS: 29
DEBUG:    5.680202
WARNING:  Render update is behind -379 microseconds! Current FPS: 30
DEBUG:    4.744017
DEBUG:    4.554532
DEBUG:    4.165047
DEBUG:    3.575562
DEBUG:    2.786077
DEBUG:    1.796592
DEBUG:    0.607107
DEBUG:    359.217621
DEBUG:    357.628143
DEBUG:    355.838654
DEBUG:    353.849182
DEBUG:    351.859711
DEBUG:    349.870239
DEBUG:    348.080750
DEBUG:    346.491272
DEBUG:    345.101776
DEBUG:    343.912292
DEBUG:    342.922821
DEBUG:    342.133331
DEBUG:    341.543854
DEBUG:    341.154358
DEBUG:    340.964874
DEBUG:    340.975403
DEBUG:    341.185913
DEBUG:    341.596436
DEBUG:    342.206940
DEBUG:    343.017456
DEBUG:    344.027985
DEBUG:    345.238495
DEBUG:    346.649017
WARNING:  Render update is behind -19824 microseconds! Current FPS: 19
DEBUG:    348.259521
WARNING:  Render update is behind -782 microseconds! Current FPS: 29
DEBUG:    350.070038
DEBUG:    352.080566
DEBUG:    354.291077
DEBUG:    356.701599
DEBUG:    359.312103
DEBUG:    2.122620
DEBUG:    5.133135
DEBUG:    8.343651
DEBUG:    11.754167
DEBUG:    15.364682
DEBUG:    19.175198
DEBUG:    23.185713
DEBUG:    27.396229
DEBUG:    31.806744
WARNING:  Render update is behind -17089 microseconds! Current FPS: 20
DEBUG:    36.417259
WARNING:  Render update is behind -1099 microseconds! Current FPS: 29
DEBUG:    41.227776
DEBUG:    46.038292
WARNING:  Render update is behind -79 microseconds! Current FPS: 30
DEBUG:    50.848808
DEBUG:    55.659325
DEBUG:    60.469841
DEBUG:    65.280357
DEBUG:    70.090874
DEBUG:    74.701385
DEBUG:    79.111900
DEBUG:    83.322418
WARNING:  Render update is behind -8796 microseconds! Current FPS: 24
DEBUG:    87.332932
DEBUG:    91.143448
DEBUG:    94.753967
DEBUG:    98.164482
DEBUG:    101.375000
DEBUG:    104.385513
DEBUG:    107.196030
DEBUG:    109.806541
DEBUG:    112.217056
DEBUG:    114.427574
DEBUG:    116.438087
DEBUG:    118.248604
DEBUG:    119.859116
DEBUG:    121.269630
DEBUG:    122.480148
DEBUG:    123.490662
WARNING:  Render update is behind -7253 microseconds! Current FPS: 25
DEBUG:    124.301178
DEBUG:    124.911690
DEBUG:    125.322205
DEBUG:    125.532722
DEBUG:    125.543236
DEBUG:    125.353752
DEBUG:    124.964264
DEBUG:    124.374779
DEBUG:    123.585297
DEBUG:    122.595810
DEBUG:    121.406326
DEBUG:    120.016838
DEBUG:    118.427353
DEBUG:    116.837868
DEBUG:    115.248383
DEBUG:    113.658897
WARNING:  Render update is behind -29 microseconds! Current FPS: 30
DEBUG:    112.069412
DEBUG:    110.479927
DEBUG:    108.890442
DEBUG:    107.300957
DEBUG:    105.711472
DEBUG:    104.121986
DEBUG:    102.532501
DEBUG:    100.943016
DEBUG:    99.553528
DEBUG:    98.364044
DEBUG:    97.374557
DEBUG:    96.585075
DEBUG:    95.995590
DEBUG:    95.606102
DEBUG:    95.416618
DEBUG:    95.427132
DEBUG:    95.637650
DEBUG:    95.848167
DEBUG:    96.058685
DEBUG:    96.269203
DEBUG:    96.479721
DEBUG:    96.690239
DEBUG:    96.900757
DEBUG:    97.111275
DEBUG:    97.321793
DEBUG:    97.532310
DEBUG:    97.742828
WARNING:  Render update is behind -9862 microseconds! Current FPS: 23
DEBUG:    97.953346
DEBUG:    98.163864
DEBUG:    98.374382
DEBUG:    98.584900
DEBUG:    98.795418
DEBUG:    99.005936
DEBUG:    99.216454
DEBUG:    99.426971
DEBUG:    99.637489
DEBUG:    99.848007
DEBUG:    100.058525
DEBUG:    100.269043
DEBUG:    100.479561
DEBUG:    100.690079
DEBUG:    100.900597
DEBUG:    101.111115
DEBUG:    101.321632
DEBUG:    101.532150
DEBUG:    101.742668
DEBUG:    101.953186
DEBUG:    102.163704
DEBUG:    102.374222
DEBUG:    102.584740
DEBUG:    102.795258
DEBUG:    102.795258
DEBUG:    107.795258
DEBUG:    117.795258
DEBUG:    132.795258
DEBUG:    152.795258
DEBUG:    177.795258
DEBUG:    207.795258
DEBUG:    242.795258
DEBUG:    282.795258
DEBUG:    327.795258
DEBUG:    17.795258
DEBUG:    72.795258
DEBUG:    132.795258
DEBUG:    197.795258
DEBUG:    267.795258
DEBUG:    342.795258
DEBUG:    62.795258
DEBUG:    147.795258
DEBUG:    237.795258
DEBUG:    332.795258
DEBUG:    72.795258
DEBUG:    177.795258
DEBUG:    287.795258
DEBUG:    42.795258
DEBUG:    162.795258
DEBUG:    287.795258
DEBUG:    57.795258
DEBUG:    192.795258
WARNING:  Render update is behind -10553 microseconds! Current FPS: 23
DEBUG:    332.795258
DEBUG:    117.795258
DEBUG:    267.795258
DEBUG:    62.795258
DEBUG:    222.795258
DEBUG:    27.795258
DEBUG:    197.795258
DEBUG:    12.795258
DEBUG:    192.795258
DEBUG:    17.795258
DEBUG:    207.795258
DEBUG:    42.795258
DEBUG:    242.795258
DEBUG:    87.795258
DEBUG:    292.795258
DEBUG:    137.795258
DEBUG:    342.795258
DEBUG:    187.795288
DEBUG:    32.795288
DEBUG:    237.795288
DEBUG:    82.795288
DEBUG:    239.829407
DEBUG:    42.218964
DEBUG:    153.816727
DEBUG:    227.042480
DEBUG:    331.586975
DEBUG:    44.976562
DEBUG:    94.692200
WARNING:  Render update is behind -2018 microseconds! Current FPS: 28
DEBUG:    126.586609
DEBUG:    145.219208
DEBUG:    154.124649
DEBUG:    156.027740
DEBUG:    153.015228
DEBUG:    146.672791
DEBUG:    138.194077
DEBUG:    128.467346
DEBUG:    118.144142
DEBUG:    107.693466
DEBUG:    97.444565
DEBUG:    87.620483
DEBUG:    78.364296
DEBUG:    69.759605
DEBUG:    61.846359
DEBUG:    54.633095
DEBUG:    48.106300
DEBUG:    35.197929
DEBUG:    25.686602
DEBUG:    18.701527
DEBUG:    13.586899
DEBUG:    9.851824
DEBUG:    7.130764
DEBUG:    5.152767
DEBUG:    3.717788
DEBUG:    2.678657
DEBUG:    1.927442
DEBUG:    1.385212
DEBUG:    0.994391
DEBUG:    0.713075
DEBUG:    0.613002
DEBUG:    0.526478
DEBUG:    0.451768
DEBUG:    0.387336
DEBUG:    0.331833
DEBUG:    0.284072
DEBUG:    0.243013
DEBUG:    0.207750
DEBUG:    0.177491
DEBUG:    0.151547
DEBUG:    0.129321
DEBUG:    0.110294
DEBUG:    0.094017
DEBUG:    0.080102
DEBUG:    0.068214
DEBUG:    0.058063
DEBUG:    0.049401
DEBUG:    0.042014
DEBUG:    0.035717
DEBUG:    0.030351
DEBUG:    0.025783
DEBUG:    0.021893
DEBUG:    0.018585
DEBUG:    0.015771
DEBUG:    0.013378
DEBUG:    0.013614
DEBUG:    0.013851
DEBUG:    0.014087
DEBUG:    0.014323
DEBUG:    0.014559
DEBUG:    0.014795
DEBUG:    0.015031
DEBUG:    0.015267
DEBUG:    0.015503
DEBUG:    0.015740
DEBUG:    0.015976
DEBUG:    0.016212
DEBUG:    0.016448
DEBUG:    0.016684
DEBUG:    0.016920
DEBUG:    0.017156
DEBUG:    0.017393
WARNING:  Render update is behind -3833 microseconds! Current FPS: 27
DEBUG:    0.017629
DEBUG:    0.017865
DEBUG:    0.018101
DEBUG:    0.018337
DEBUG:    0.018573
DEBUG:    0.018809
DEBUG:    0.015871
DEBUG:    0.013390
DEBUG:    0.011295
DEBUG:    0.009526
DEBUG:    0.008034
DEBUG:    0.006774
DEBUG:    0.005711
DEBUG:    0.004814
DEBUG:    0.004057
DEBUG:    0.003419
DEBUG:    0.003457
DEBUG:    0.003457
DEBUG:    5.003458
DEBUG:    15.003458
DEBUG:    30.003458
DEBUG:    50.003456
DEBUG:    75.003456
DEBUG:    105.003456
DEBUG:    140.003448
DEBUG:    180.003448
DEBUG:    243.336197
DEBUG:    290.557922
WARNING:  Render update is behind -4200 microseconds! Current FPS: 27
DEBUG:    325.279724
WARNING:  Render update is behind -7868 microseconds! Current FPS: 24
DEBUG:    350.356567
WARNING:  Render update is behind -976 microseconds! Current FPS: 29
DEBUG:    8.038910
WARNING:  Render update is behind -1335 microseconds! Current FPS: 29
DEBUG:    20.095009
WARNING:  Render update is behind -325 microseconds! Current FPS: 30
DEBUG:    23.257587
DEBUG:    22.611324
WARNING:  Render update is behind -1396 microseconds! Current FPS: 29
DEBUG:    20.188574
DEBUG:    17.135305
DEBUG:    14.063033
DEBUG:    11.268436
DEBUG:    8.868666
DEBUG:    6.883353
DEBUG:    5.283271
DEBUG:    4.018358
DEBUG:    3.033179
DEBUG:    2.274883
DEBUG:    1.696800
DEBUG:    1.259597
DEBUG:    0.931154
WARNING:  Render update is behind -56 microseconds! Current FPS: 30
DEBUG:    0.685824
DEBUG:    0.604178
WARNING:  Render update is behind -124 microseconds! Current FPS: 30
DEBUG:    0.530697
WARNING:  Render update is behind -880 microseconds! Current FPS: 29
DEBUG:    0.464927
DEBUG:    0.406338
DEBUG:    0.354365
DEBUG:    0.308429
DEBUG:    0.321553
DEBUG:    0.334678
DEBUG:    0.347802
DEBUG:    0.347802
DEBUG:    5.347802
DEBUG:    15.347802
DEBUG:    30.347801
DEBUG:    37.789833
DEBUG:    41.908195
DEBUG:    43.604050
DEBUG:    43.570503
DEBUG:    42.336918
DEBUG:    40.304234
DEBUG:    37.773087
DEBUG:    34.966091
DEBUG:    32.045509
DEBUG:    29.127174
DEBUG:    26.291466
DEBUG:    23.591906
DEBUG:    21.061880
DEBUG:    18.719866
DEBUG:    16.573469
DEBUG:    14.622542
DEBUG:    12.861550
DEBUG:    11.281374
DEBUG:    9.870658
DEBUG:    8.616809
DEBUG:    7.506725
DEBUG:    6.527313
DEBUG:    5.665852
DEBUG:    4.091858
DEBUG:    2.950762
DEBUG:    2.124969
DEBUG:    1.528332
DEBUG:    1.097911
DEBUG:    0.787833
DEBUG:    0.564742
DEBUG:    0.485314
DEBUG:    0.416675
DEBUG:    0.357435
DEBUG:    0.306367
DEBUG:    0.262393
DEBUG:    0.224567
DEBUG:    0.192061
DEBUG:    0.164152
DEBUG:    0.140211
DEBUG:    0.119691
WARNING:  Render update is behind -1621 microseconds! Current FPS: 29
DEBUG:    0.102116
DEBUG:    0.087075
DEBUG:    0.074210
DEBUG:    0.063216
DEBUG:    0.053824
DEBUG:    0.045807
DEBUG:    0.046761
DEBUG:    0.047715
DEBUG:    0.048669
DEBUG:    0.049623
DEBUG:    0.050577
DEBUG:    0.051531
DEBUG:    0.052484
DEBUG:    0.053438
DEBUG:    0.054392
DEBUG:    0.055346
DEBUG:    0.056300
WARNING:  Render update is behind -2538 microseconds! Current FPS: 28
DEBUG:    0.057254
DEBUG:    0.058208
DEBUG:    0.059162
DEBUG:    0.060115
DEBUG:    0.061069
DEBUG:    0.062023
DEBUG:    0.062977
DEBUG:    0.063931
DEBUG:    0.064885
DEBUG:    0.065839
DEBUG:    0.066792
DEBUG:    0.067746
DEBUG:    0.068700
DEBUG:    0.069654
DEBUG:    0.070608
DEBUG:    0.071562
DEBUG:    0.072516
DEBUG:    0.073469
DEBUG:    0.074423
DEBUG:    0.075377
DEBUG:    0.076331
DEBUG:    0.077285
DEBUG:    0.078239
DEBUG:    0.079193
DEBUG:    0.080146
DEBUG:    0.081100
DEBUG:    0.082054
WARNING:  Render update is behind -8857 microseconds! Current FPS: 24
DEBUG:    0.083008
DEBUG:    0.083962
DEBUG:    0.084916
DEBUG:    0.085870
DEBUG:    0.086823
DEBUG:    0.087777
DEBUG:    0.088731
DEBUG:    0.089685
DEBUG:    0.090639
DEBUG:    0.091593
DEBUG:    0.092547
DEBUG:    0.093500
DEBUG:    0.094454
DEBUG:    0.095408
DEBUG:    0.096362
DEBUG:    0.097316
DEBUG:    0.098270
WARNING:  Render update is behind -951 microseconds! Current FPS: 29
DEBUG:    0.099224
DEBUG:    0.100178
DEBUG:    0.101131
DEBUG:    0.102085
DEBUG:    0.103039
DEBUG:    0.103993
DEBUG:    0.104947
DEBUG:    0.105901
DEBUG:    0.106855
DEBUG:    0.107808
DEBUG:    0.108762
DEBUG:    0.109716
DEBUG:    0.110670
DEBUG:    0.111624
DEBUG:    0.112578
DEBUG:    0.113532
DEBUG:    0.114485
DEBUG:    0.115439
DEBUG:    0.116393
DEBUG:    0.117347
DEBUG:    0.118301
DEBUG:    0.119255
DEBUG:    0.120209
DEBUG:    0.121162
DEBUG:    0.122116
DEBUG:    0.123070
DEBUG:    0.124024
DEBUG:    0.124978
DEBUG:    0.125932
DEBUG:    0.126886
DEBUG:    0.127839
DEBUG:    0.128793
DEBUG:    0.129747
DEBUG:    0.130701
DEBUG:    0.131655
DEBUG:    0.132609
DEBUG:    0.133563
DEBUG:    359.934509
DEBUG:    359.535461
DEBUG:    358.936401
DEBUG:    358.137360
DEBUG:    357.138306
DEBUG:    355.939270
DEBUG:    354.540222
DEBUG:    352.941162
DEBUG:    351.142120
DEBUG:    349.143066
DEBUG:    346.944031
DEBUG:    344.544983
DEBUG:    341.945923
DEBUG:    339.146881
DEBUG:    336.147827
DEBUG:    332.948792
DEBUG:    329.549744
DEBUG:    325.950684
DEBUG:    322.151642
DEBUG:    318.152588
DEBUG:    313.953552
DEBUG:    309.554504
DEBUG:    304.955444
WARNING:  Render update is behind -13894 microseconds! Current FPS: 21
DEBUG:    300.156403
DEBUG:    295.157349
DEBUG:    289.958313
DEBUG:    284.559265
DEBUG:    278.960205
DEBUG:    273.161163
DEBUG:    267.162109
DEBUG:    260.963074
DEBUG:    254.564026
DEBUG:    247.964981
DEBUG:    241.165939
DEBUG:    234.166901
DEBUG:    226.967850
DEBUG:    219.568802
DEBUG:    211.969757
DEBUG:    204.170715
DEBUG:    196.171677
DEBUG:    187.972626
DEBUG:    179.573578
DEBUG:    170.974533
DEBUG:    162.175491
DEBUG:    153.176453
DEBUG:    143.977417
DEBUG:    134.578369
DEBUG:    124.979324
DEBUG:    115.180283
DEBUG:    105.181244
WARNING:  Render update is behind -17516 microseconds! Current FPS: 20
DEBUG:    94.982201
WARNING:  Render update is behind -12129 microseconds! Current FPS: 22
DEBUG:    84.583160
DEBUG:    73.984116
DEBUG:    63.185074
DEBUG:    52.186035
DEBUG:    40.986996
DEBUG:    29.587955
DEBUG:    17.988914
DEBUG:    6.189875
DEBUG:    354.190826
DEBUG:    341.991791
DEBUG:    329.592743
DEBUG:    316.993713
DEBUG:    304.194672
DEBUG:    291.195618
DEBUG:    277.996582
DEBUG:    264.597534
DEBUG:    250.998489
WARNING:  Render update is behind -4551 microseconds! Current FPS: 26
DEBUG:    237.199448
DEBUG:    223.200409
DEBUG:    209.001373
DEBUG:    194.602341
DEBUG:    180.003296
DEBUG:    165.204254
DEBUG:    150.205215
DEBUG:    135.006180
DEBUG:    119.607147
DEBUG:    104.008110
DEBUG:    88.209076
DEBUG:    72.210037
DEBUG:    56.011002
DEBUG:    39.611965
DEBUG:    23.012928
DEBUG:    6.213890
WARNING:  Render update is behind -6554 microseconds! Current FPS: 25
DEBUG:    349.214844
DEBUG:    332.015808
DEBUG:    314.616760
DEBUG:    297.017731
DEBUG:    279.218689
DEBUG:    261.219635
DEBUG:    243.020599
DEBUG:    224.621552
DEBUG:    206.022507
DEBUG:    187.223465
DEBUG:    168.224426
DEBUG:    149.025375
DEBUG:    129.626328
DEBUG:    110.027283
DEBUG:    90.228233
DEBUG:    70.229187
DEBUG:    50.030136
DEBUG:    29.631084
DEBUG:    9.032032
DEBUG:    348.232971
DEBUG:    327.233917
DEBUG:    306.034851
DEBUG:    284.635803
DEBUG:    263.036743
DEBUG:    241.237686
DEBUG:    219.238632
DEBUG:    197.039581
DEBUG:    174.640518
DEBUG:    152.041458
DEBUG:    129.242401
DEBUG:    106.243340
DEBUG:    83.044281
DEBUG:    59.645218
DEBUG:    36.046154
DEBUG:    12.247089
DEBUG:    348.248016
DEBUG:    324.048950
DEBUG:    299.649872
DEBUG:    275.050812
DEBUG:    250.251740
DEBUG:    225.252670
WARNING:  Render update is behind -17275 microseconds! Current FPS: 20
DEBUG:    200.053604
DEBUG:    174.654541
DEBUG:    149.055466
DEBUG:    123.256393
DEBUG:    97.257324
DEBUG:    71.058250
DEBUG:    44.659176
DEBUG:    18.060101
DEBUG:    351.261017
DEBUG:    324.261932
DEBUG:    297.062866
DEBUG:    269.663788
DEBUG:    242.064713
DEBUG:    214.265625
DEBUG:    186.266541
DEBUG:    158.067459
DEBUG:    129.668381
DEBUG:    101.069298
DEBUG:    72.270218
DEBUG:    43.271133
DEBUG:    14.072048
DEBUG:    344.672974
DEBUG:    315.073883
DEBUG:    285.274780
DEBUG:    255.275696
DEBUG:    225.076599
DEBUG:    194.677505
DEBUG:    164.078415
DEBUG:    133.279327
DEBUG:    102.280235
DEBUG:    71.081146
DEBUG:    39.682053
DEBUG:    8.082958
DEBUG:    336.283875
DEBUG:    304.284790
DEBUG:    272.085693
DEBUG:    239.686600
DEBUG:    207.087494
DEBUG:    174.288391
DEBUG:    141.289291
DEBUG:    108.090195
DEBUG:    74.691093
DEBUG:    41.091991
WARNING:  Render update is behind -5440 microseconds! Current FPS: 26
DEBUG:    7.292889
DEBUG:    333.293793
DEBUG:    299.094696
DEBUG:    264.695587
DEBUG:    230.096481
DEBUG:    195.297379
DEBUG:    160.298279
DEBUG:    125.099167
DEBUG:    89.700058
DEBUG:    54.100948
DEBUG:    18.301838
DEBUG:    342.302734
DEBUG:    306.103638
DEBUG:    269.704529
DEBUG:    233.105408
WARNING:  Render update is behind -3620 microseconds! Current FPS: 27
DEBUG:    196.306290
DEBUG:    159.307175
DEBUG:    122.108063
DEBUG:    84.708946
DEBUG:    47.109829
DEBUG:    9.310711
DEBUG:    331.311584
DEBUG:    293.112457
DEBUG:    254.713333
DEBUG:    216.114212
DEBUG:    177.315094
DEBUG:    138.315979
DEBUG:    99.116852
DEBUG:    59.717728
DEBUG:    20.118603
DEBUG:    340.319489
DEBUG:    300.320374
DEBUG:    260.121246
DEBUG:    219.722122
DEBUG:    179.122986
DEBUG:    138.323853
DEBUG:    97.324722
DEBUG:    56.125591
DEBUG:    14.726460
DEBUG:    333.127319
DEBUG:    291.328186
DEBUG:    249.329056
DEBUG:    207.129913
DEBUG:    164.730774
DEBUG:    122.131638
WARNING:  Render update is behind -12103 microseconds! Current FPS: 22
DEBUG:    79.332504
WARNING:  Render update is behind -2096 microseconds! Current FPS: 28
DEBUG:    36.333366
WARNING:  Render update is behind -2395 microseconds! Current FPS: 28
DEBUG:    353.134216
DEBUG:    309.735077
DEBUG:    266.135925
DEBUG:    222.336792
DEBUG:    178.337646
DEBUG:    134.138504
DEBUG:    89.739365
DEBUG:    45.140221
DEBUG:    0.341076
DEBUG:    315.341919
DEBUG:    270.142761
DEBUG:    224.743622
DEBUG:    179.144470
DEBUG:    133.345322
DEBUG:    87.346176
DEBUG:    41.147026
DEBUG:    354.747864
DEBUG:    308.148712
DEBUG:    261.349548
DEBUG:    214.350403
DEBUG:    167.151245
DEBUG:    119.752090
DEBUG:    72.152939
DEBUG:    24.353783
DEBUG:    336.354614
DEBUG:    288.155457
DEBUG:    239.756302
DEBUG:    191.157135
DEBUG:    142.357971
DEBUG:    93.358810
WARNING:  Render update is behind -3385 microseconds! Current FPS: 27
DEBUG:    44.159649
DEBUG:    354.760498
DEBUG:    305.161346
WARNING:  Render update is behind -578 microseconds! Current FPS: 29
DEBUG:    255.362183
DEBUG:    205.363022
DEBUG:    155.163849
DEBUG:    104.764679
WARNING:  Render update is behind -8306 microseconds! Current FPS: 24
DEBUG:    54.165512
WARNING:  Render update is behind -7694 microseconds! Current FPS: 24
DEBUG:    3.366344
DEBUG:    312.367188
WARNING:  Render update is behind -1483 microseconds! Current FPS: 29
DEBUG:    261.168030
DEBUG:    209.768860
DEBUG:    158.169693
DEBUG:    106.370522
DEBUG:    54.371349
DEBUG:    2.172176
DEBUG:    309.773010
DEBUG:    257.173828
DEBUG:    204.374649
DEBUG:    151.375473
DEBUG:    98.176300
DEBUG:    44.777122
DEBUG:    351.177948
DEBUG:    297.378784
DEBUG:    243.379608
DEBUG:    189.180420
DEBUG:    134.781235
DEBUG:    80.182053
DEBUG:    25.382870
DEBUG:    330.383698
DEBUG:    275.184509
DEBUG:    219.785324
DEBUG:    164.186142
DEBUG:    108.386955
DEBUG:    52.387768
DEBUG:    356.188568
DEBUG:    299.789368
DEBUG:    243.190186
DEBUG:    186.390991
DEBUG:    129.391800
DEBUG:    72.192612
WARNING:  Render update is behind -3168 microseconds! Current FPS: 27
DEBUG:    14.793419
DEBUG:    317.194214
DEBUG:    259.395020
DEBUG:    201.395828
DEBUG:    143.196625
DEBUG:    84.797424
DEBUG:    26.198227
DEBUG:    327.399017
DEBUG:    268.399811
DEBUG:    209.200607
DEBUG:    149.801407
DEBUG:    90.202209
DEBUG:    30.403008
DEBUG:    330.403809
DEBUG:    270.204590
DEBUG:    209.805389
DEBUG:    149.206177
WARNING:  Render update is behind -413 microseconds! Current FPS: 30
DEBUG:    88.406967
DEBUG:    27.407761
DEBUG:    326.208557
DEBUG:    264.809357
DEBUG:    203.210144
DEBUG:    141.410934
DEBUG:    79.411728
DEBUG:    17.212517
DEBUG:    314.813293
DEBUG:    252.214081
DEBUG:    189.414871
DEBUG:    126.415657
DEBUG:    63.216442
WARNING:  Render update is behind -1730 microseconds! Current FPS: 29
DEBUG:    359.817230
WARNING:  Render update is behind -437 microseconds! Current FPS: 30
DEBUG:    296.218018
DEBUG:    232.418793
DEBUG:    168.419571
DEBUG:    104.220352
DEBUG:    39.821136
DEBUG:    335.221924
DEBUG:    270.422729
DEBUG:    205.423523
DEBUG:    140.224319
DEBUG:    74.825119
DEBUG:    9.225922
DEBUG:    303.426727
DEBUG:    237.427536
DEBUG:    171.228348
DEBUG:    104.829163
DEBUG:    38.229980
DEBUG:    331.430786
DEBUG:    264.431610
WARNING:  Render update is behind -901 microseconds! Current FPS: 29
DEBUG:    197.232437
DEBUG:    129.833267
DEBUG:    62.234100
DEBUG:    354.434937
DEBUG:    286.435791
DEBUG:    218.236633
DEBUG:    149.837479
DEBUG:    81.238327
DEBUG:    12.439178
DEBUG:    303.440033
DEBUG:    234.240891
DEBUG:    164.841751
DEBUG:    95.242615
DEBUG:    25.443481
DEBUG:    315.444336
DEBUG:    245.245209
DEBUG:    174.846085
DEBUG:    104.246964
DEBUG:    33.447845
DEBUG:    322.448730
DEBUG:    251.249619
DEBUG:    179.850510
DEBUG:    108.251404
DEBUG:    36.452301
DEBUG:    324.453186
DEBUG:    252.254089
DEBUG:    179.854996
WARNING:  Render update is behind -9484 microseconds! Current FPS: 23
DEBUG:    107.255905
DEBUG:    34.456818
DEBUG:    321.457733
DEBUG:    248.258652
DEBUG:    174.859573
DEBUG:    101.260498
DEBUG:    27.461426
DEBUG:    313.462341
DEBUG:    239.263275
DEBUG:    164.864212
DEBUG:    90.265152
DEBUG:    15.466095
DEBUG:    300.467041
DEBUG:    225.267990
WARNING:  Render update is behind -10232 microseconds! Current FPS: 23
DEBUG:    149.868942
DEBUG:    74.269897
DEBUG:    358.470856
DEBUG:    282.471802
DEBUG:    206.272766
DEBUG:    129.873734
DEBUG:    53.274704
DEBUG:    336.475677
DEBUG:    259.476654
DEBUG:    182.277634
DEBUG:    104.878616
DEBUG:    27.279602
DEBUG:    309.480591
DEBUG:    231.481583
DEBUG:    153.282578
DEBUG:    74.883575
DEBUG:    356.284576
DEBUG:    277.485596
DEBUG:    198.486603
WARNING:  Render update is behind -2934 microseconds! Current FPS: 28
DEBUG:    119.287613
WARNING:  Render update is behind -19624 microseconds! Current FPS: 19
DEBUG:    39.888626
DEBUG:    320.289642
DEBUG:    240.490662
DEBUG:    160.491684
DEBUG:    80.292709
DEBUG:    359.893738
DEBUG:    279.294769
DEBUG:    198.495804
DEBUG:    117.496841
DEBUG:    36.297882
DEBUG:    314.898926
DEBUG:    233.299973
DEBUG:    151.501022
DEBUG:    69.502075
DEBUG:    347.303131
DEBUG:    264.904175
DEBUG:    182.305237
DEBUG:    99.506302
DEBUG:    16.507370
DEBUG:    293.308441
DEBUG:    209.909515
DEBUG:    126.310593
DEBUG:    42.511673
DEBUG:    318.512756
DEBUG:    234.313843
DEBUG:    149.914932
DEBUG:    65.316025
DEBUG:    340.517120
DEBUG:    255.518219
DEBUG:    170.319321
DEBUG:    84.920425
DEBUG:    359.321533
DEBUG:    273.522644
DEBUG:    187.523758
DEBUG:    101.324875
DEBUG:    14.925995
DEBUG:    288.327118
DEBUG:    201.528244
DEBUG:    114.529373
DEBUG:    27.330505
DEBUG:    299.931641
DEBUG:    212.332779
DEBUG:    124.533920
DEBUG:    36.535065
DEBUG:    308.336212
DEBUG:    219.937363
DEBUG:    131.338516
DEBUG:    42.539673
DEBUG:    313.540833
DEBUG:    224.341995
DEBUG:    134.943161
DEBUG:    45.344330
DEBUG:    315.545502
WARNING:  Render update is behind -5398 microseconds! Current FPS: 26
DEBUG:    225.546677
DEBUG:    135.347855
WARNING:  Render update is behind -1416 microseconds! Current FPS: 29
DEBUG:    44.949036
WARNING:  Render update is behind -6946 microseconds! Current FPS: 25
DEBUG:    314.350220
DEBUG:    223.551407
DEBUG:    132.552597
DEBUG:    41.353790
DEBUG:    309.954987
DEBUG:    218.356186
DEBUG:    126.557388
DEBUG:    34.558594
DEBUG:    302.359802
DEBUG:    209.961014
DEBUG:    117.362228
DEBUG:    24.563446
DEBUG:    291.764648
DEBUG:    198.965866
DEBUG:    106.167084
DEBUG:    13.368301
DEBUG:    280.569519
DEBUG:    187.970734
DEBUG:    95.571945
DEBUG:    3.373154
DEBUG:    271.374359
DEBUG:    179.575562
DEBUG:    87.976761
DEBUG:    356.577942
DEBUG:    265.379150
DEBUG:    174.380341
DEBUG:    83.581528
DEBUG:    352.982727
DEBUG:    262.583923
DEBUG:    172.385101
DEBUG:    82.386276
DEBUG:    352.587463
DEBUG:    262.788635
DEBUG:    172.989807
DEBUG:    83.190979
DEBUG:    353.392151
DEBUG:    263.593323
DEBUG:    173.794495
DEBUG:    83.995667
DEBUG:    354.196838
DEBUG:    264.398010
DEBUG:    174.599182
DEBUG:    84.800354
DEBUG:    355.001526
DEBUG:    265.202698
DEBUG:    175.403870
DEBUG:    85.605042
DEBUG:    355.806213
DEBUG:    266.007385
DEBUG:    176.208557
DEBUG:    86.409729
DEBUG:    356.610901
DEBUG:    266.812073
DEBUG:    177.013245
DEBUG:    87.214417
DEBUG:    357.415588
DEBUG:    267.616760
DEBUG:    177.817932
DEBUG:    88.019104
DEBUG:    358.220276
DEBUG:    268.421448
DEBUG:    178.622620
DEBUG:    88.823792
DEBUG:    359.024963
DEBUG:    269.226135
DEBUG:    179.427307
DEBUG:    89.628479
DEBUG:    359.829651
DEBUG:    270.030823
DEBUG:    180.231995
DEBUG:    90.433167
DEBUG:    0.634338
DEBUG:    270.835510
DEBUG:    181.036682
DEBUG:    91.237854
DEBUG:    1.439026
DEBUG:    271.640198
DEBUG:    181.641373
DEBUG:    91.442551
DEBUG:    1.043732
DEBUG:    270.444916
DEBUG:    179.646103
DEBUG:    88.647293
DEBUG:    357.448486
DEBUG:    266.049683
DEBUG:    174.450882
DEBUG:    82.652084
DEBUG:    350.653290
DEBUG:    258.454498
DEBUG:    166.055710
DEBUG:    73.456924
DEBUG:    340.658142
DEBUG:    247.659363
DEBUG:    154.460587
DEBUG:    61.061813
DEBUG:    327.463043
DEBUG:    233.664276
DEBUG:    139.665512
DEBUG:    45.466751
DEBUG:    311.067993
DEBUG:    216.469238
DEBUG:    121.670486
DEBUG:    26.671738
DEBUG:    291.472992
DEBUG:    196.074249
DEBUG:    100.475510
DEBUG:    4.676773
DEBUG:    268.678040
DEBUG:    172.479309
DEBUG:    76.080582
DEBUG:    339.481873
DEBUG:    242.683151
DEBUG:    145.684433
DEBUG:    48.485718
DEBUG:    311.087006
DEBUG:    213.488297
DEBUG:    115.689590
DEBUG:    17.690887
DEBUG:    279.492188
DEBUG:    181.093491
DEBUG:    82.494797
DEBUG:    343.696106
DEBUG:    244.697418
DEBUG:    145.498734
DEBUG:    46.100052
DEBUG:    306.501373
DEBUG:    206.702698
DEBUG:    106.704025
DEBUG:    6.505356
DEBUG:    266.106689
DEBUG:    165.508026
DEBUG:    64.709366
DEBUG:    323.710693
DEBUG:    222.512039
DEBUG:    121.113388
DEBUG:    19.514740
DEBUG:    277.716095
DEBUG:    175.717453
DEBUG:    73.518814
DEBUG:    331.120178
DEBUG:    228.521545
DEBUG:    125.722916
DEBUG:    22.724289
DEBUG:    279.525665
DEBUG:    176.127045
DEBUG:    72.528427
DEBUG:    328.729797
DEBUG:    224.731186
DEBUG:    120.532578
DEBUG:    16.133972
DEBUG:    271.535370
DEBUG:    166.736771
DEBUG:    61.738174
DEBUG:    316.539581
DEBUG:    211.140991
DEBUG:    105.542404
DEBUG:    359.743835
DEBUG:    253.745255
DEBUG:    147.546677
DEBUG:    41.148102
DEBUG:    294.549530
DEBUG:    187.750961
DEBUG:    80.752396
DEBUG:    333.553833
DEBUG:    226.155273
DEBUG:    118.556717
DEBUG:    10.758163
DEBUG:    262.759613
DEBUG:    154.561066
DEBUG:    46.162521
DEBUG:    297.563965
DEBUG:    188.765427
DEBUG:    79.766891
DEBUG:    330.568359
DEBUG:    221.169830
DEBUG:    111.771301
DEBUG:    2.372772
DEBUG:    252.974243
DEBUG:    143.575714
DEBUG:    34.177185
DEBUG:    284.778656
DEBUG:    175.380127
DEBUG:    65.981598
DEBUG:    316.583069
DEBUG:    207.184540
DEBUG:    97.786011
DEBUG:    348.387482
DEBUG:    238.988953
DEBUG:    129.590424
DEBUG:    20.191895
DEBUG:    270.793365
DEBUG:    161.394836
DEBUG:    51.996307
DEBUG:    302.597778
DEBUG:    193.199249
DEBUG:    83.800720
DEBUG:    334.402191
DEBUG:    225.003662
DEBUG:    115.605133
DEBUG:    6.206604
DEBUG:    256.808075
DEBUG:    147.409546
DEBUG:    38.011017
DEBUG:    288.612488
DEBUG:    179.213959
DEBUG:    69.815430
DEBUG:    320.416901
DEBUG:    211.018372
DEBUG:    101.619843
DEBUG:    352.221313
DEBUG:    242.822784
DEBUG:    133.424255
DEBUG:    24.025726
DEBUG:    274.627197
WARNING:  Render update is behind -1988 microseconds! Current FPS: 28
DEBUG:    165.228668
DEBUG:    55.830139
DEBUG:    306.431610
DEBUG:    197.033081
DEBUG:    87.634552
DEBUG:    338.236023
DEBUG:    228.837494
DEBUG:    119.438965
DEBUG:    10.040436
DEBUG:    260.641907
DEBUG:    151.243378
DEBUG:    41.844849
DEBUG:    292.446320
DEBUG:    183.047791
DEBUG:    73.449265
DEBUG:    323.650757
DEBUG:    213.652237
DEBUG:    103.453720
DEBUG:    353.055206
DEBUG:    242.456696
DEBUG:    131.658188
DEBUG:    20.659683
DEBUG:    269.461182
DEBUG:    158.062683
WARNING:  Render update is behind -938 microseconds! Current FPS: 29
DEBUG:    46.464188
DEBUG:    294.665710
DEBUG:    182.667221
DEBUG:    70.468735
DEBUG:    318.070251
DEBUG:    205.471771
DEBUG:    92.673294
DEBUG:    339.674805
DEBUG:    226.476334
DEBUG:    113.077866
DEBUG:    359.479401
WARNING:  Render update is behind -13183 microseconds! Current FPS: 21
DEBUG:    245.680939
DEBUG:    131.682480
DEBUG:    17.484024
DEBUG:    263.085571
DEBUG:    148.487122
DEBUG:    33.688675
DEBUG:    278.690247
DEBUG:    163.491806
DEBUG:    48.093369
DEBUG:    292.494934
DEBUG:    176.696503
DEBUG:    60.698074
DEBUG:    304.499634
DEBUG:    188.101212
DEBUG:    71.502792
WARNING:  Render update is behind -16828 microseconds! Current FPS: 20
DEBUG:    314.704376
DEBUG:    197.705963
DEBUG:    80.507553
DEBUG:    323.109131
DEBUG:    205.510727
DEBUG:    87.712326
DEBUG:    329.713928
DEBUG:    211.515533
DEBUG:    93.117142
DEBUG:    334.518738
DEBUG:    215.720352
DEBUG:    96.721970
DEBUG:    337.523590
DEBUG:    218.125214
DEBUG:    98.726837
DEBUG:    339.328461
DEBUG:    219.930084
DEBUG:    100.531708
DEBUG:    341.133331
DEBUG:    221.734955
DEBUG:    102.336578
DEBUG:    342.938202
DEBUG:    223.539825
DEBUG:    104.141449
DEBUG:    344.743073
DEBUG:    225.344696
DEBUG:    105.946320
DEBUG:    346.547943
DEBUG:    227.149567
DEBUG:    107.751190
DEBUG:    348.352814
DEBUG:    228.954437
DEBUG:    109.556061
DEBUG:    350.157684
DEBUG:    230.759308
DEBUG:    111.360931
DEBUG:    351.962555
DEBUG:    232.564178
DEBUG:    113.165802
DEBUG:    353.767426
DEBUG:    234.169052
DEBUG:    114.370682
DEBUG:    354.572327
DEBUG:    234.773956
DEBUG:    114.975586
DEBUG:    355.177216
DEBUG:    235.378845
DEBUG:    115.580475
DEBUG:    355.782104
DEBUG:    235.983734
DEBUG:    116.185364
DEBUG:    356.386993
DEBUG:    236.588623
DEBUG:    116.790253
DEBUG:    356.991882
DEBUG:    237.193512
DEBUG:    117.395142
DEBUG:    357.596771
DEBUG:    237.798401
DEBUG:    118.000031
DEBUG:    358.201660
DEBUG:    238.403290
DEBUG:    118.604919
DEBUG:    358.806549
DEBUG:    239.008179
DEBUG:    119.209808
DEBUG:    359.211426
DEBUG:    239.013062
DEBUG:    118.814697
DEBUG:    358.616333
DEBUG:    238.417969
DEBUG:    118.219604
DEBUG:    358.021240
DEBUG:    237.822876
DEBUG:    117.624512
DEBUG:    357.426147
DEBUG:    237.227783
DEBUG:    117.029419
DEBUG:    356.831055
DEBUG:    236.632690
DEBUG:    116.434326
DEBUG:    356.235962
DEBUG:    236.037598
DEBUG:    115.839233
DEBUG:    355.640869
DEBUG:    235.442505
DEBUG:    115.244141
DEBUG:    355.045776
DEBUG:    234.847412
DEBUG:    114.649048
DEBUG:    354.450684
DEBUG:    234.252319
DEBUG:    114.053955
DEBUG:    353.855591
DEBUG:    233.657227
DEBUG:    113.458862
DEBUG:    353.260498
DEBUG:    233.062134
DEBUG:    112.863770
DEBUG:    352.665405
DEBUG:    232.467041
DEBUG:    112.268677
DEBUG:    352.070312
DEBUG:    231.871948
DEBUG:    111.673584
DEBUG:    351.475220
DEBUG:    231.276855
DEBUG:    111.078491
DEBUG:    350.880127
DEBUG:    230.681763
DEBUG:    110.483398
DEBUG:    350.285034
DEBUG:    230.086670
DEBUG:    109.888306
DEBUG:    349.689941
DEBUG:    229.491577
DEBUG:    109.293213
DEBUG:    349.094849
DEBUG:    228.896484
DEBUG:    108.698120
DEBUG:    348.499756
DEBUG:    228.301392
DEBUG:    108.103027
DEBUG:    348.104675
DEBUG:    228.306305
DEBUG:    108.507935
DEBUG:    348.709564
DEBUG:    228.911194
DEBUG:    109.112823
DEBUG:    349.314453
DEBUG:    229.516083
DEBUG:    109.717712
DEBUG:    349.919342
DEBUG:    230.120972
DEBUG:    110.322601
DEBUG:    350.524231
DEBUG:    230.725861
DEBUG:    110.927490
DEBUG:    351.129120
DEBUG:    231.330750
DEBUG:    111.532379
DEBUG:    351.734009
DEBUG:    231.935638
DEBUG:    112.137268
DEBUG:    352.338898
DEBUG:    232.540527
DEBUG:    112.742157
DEBUG:    352.943787
DEBUG:    233.145416
DEBUG:    113.347046
DEBUG:    353.548676
DEBUG:    233.750305
DEBUG:    113.951935
DEBUG:    354.153564
DEBUG:    234.355194
DEBUG:    114.556824
DEBUG:    354.758453
DEBUG:    234.960083
DEBUG:    115.161713
DEBUG:    355.363342
DEBUG:    235.564972
DEBUG:    115.766602
DEBUG:    355.968231
DEBUG:    236.169861
DEBUG:    116.371490
DEBUG:    356.573120
DEBUG:    236.574753
DEBUG:    116.376389
DEBUG:    355.978027
DEBUG:    235.379669
DEBUG:    114.581314
DEBUG:    353.582947
DEBUG:    232.384598
DEBUG:    110.986252
DEBUG:    349.387909
DEBUG:    227.589569
DEBUG:    105.591232
DEBUG:    343.392883
DEBUG:    220.994553
DEBUG:    98.396225
DEBUG:    335.597900
DEBUG:    212.599579
DEBUG:    89.401260
DEBUG:    326.002930
DEBUG:    202.404617
DEBUG:    78.606308
DEBUG:    314.608002
DEBUG:    190.409698
DEBUG:    66.011398
DEBUG:    301.413086
DEBUG:    176.614792
DEBUG:    51.616501
DEBUG:    286.418213
DEBUG:    161.019928
DEBUG:    35.421646
DEBUG:    269.623352
WARNING:  Render update is behind -11193 microseconds! Current FPS: 22
DEBUG:    143.625076
DEBUG:    17.426804
WARNING:  Render update is behind -9162 microseconds! Current FPS: 24
DEBUG:    251.028534
DEBUG:    124.430267
DEBUG:    357.632019
DEBUG:    230.633759
DEBUG:    103.435501
DEBUG:    336.037231
DEBUG:    208.438980
DEBUG:    80.640732
DEBUG:    312.642487
DEBUG:    184.444244
DEBUG:    56.046005
DEBUG:    287.447754
WARNING:  Render update is behind -5140 microseconds! Current FPS: 26
DEBUG:    158.649521
DEBUG:    29.651291
DEBUG:    260.453064
DEBUG:    131.054840
DEBUG:    1.456619
DEBUG:    231.658401
DEBUG:    101.660187
DEBUG:    331.461975
DEBUG:    201.063766
DEBUG:    70.465561
DEBUG:    299.667358
DEBUG:    168.669159
DEBUG:    37.470963
DEBUG:    266.072754
DEBUG:    134.474564
DEBUG:    2.676376
DEBUG:    230.678192
DEBUG:    98.480011
DEBUG:    326.081848
DEBUG:    193.483673
DEBUG:    60.685501
DEBUG:    287.687317
DEBUG:    154.489151
DEBUG:    21.090988
DEBUG:    247.492828
DEBUG:    113.694672
DEBUG:    339.696533
DEBUG:    205.498383
DEBUG:    71.100235
DEBUG:    296.502075
DEBUG:    161.703934
DEBUG:    26.705795
DEBUG:    251.507660
DEBUG:    116.109528
DEBUG:    340.511414
DEBUG:    204.713287
DEBUG:    68.715164
DEBUG:    292.517029
DEBUG:    156.118912
DEBUG:    19.520798
DEBUG:    242.722687
DEBUG:    105.724579
WARNING:  Render update is behind -378 microseconds! Current FPS: 30
DEBUG:    328.526489
DEBUG:    191.128387
DEBUG:    53.530289
DEBUG:    275.732178
DEBUG:    137.734085
DEBUG:    359.536011
DEBUG:    221.137924
DEBUG:    82.539841
DEBUG:    303.741760
DEBUG:    164.743683
DEBUG:    25.545609
DEBUG:    246.147537
DEBUG:    106.549469
DEBUG:    326.751404
DEBUG:    186.753342
DEBUG:    46.555283
DEBUG:    266.157227
DEBUG:    125.559174
DEBUG:    344.761108
DEBUG:    203.763062
DEBUG:    62.565018
DEBUG:    281.166992
DEBUG:    139.568954
DEBUG:    357.770935
DEBUG:    215.772903
DEBUG:    73.574875
DEBUG:    291.176849
DEBUG:    148.578827
DEBUG:    5.780807
DEBUG:    222.782791
DEBUG:    79.584778
DEBUG:    296.186768
DEBUG:    152.588760
DEBUG:    8.790756
DEBUG:    224.792755
DEBUG:    80.594757
DEBUG:    296.196777
DEBUG:    151.598785
DEBUG:    6.800797
DEBUG:    221.802811
DEBUG:    76.604828
DEBUG:    291.206848
DEBUG:    145.608871
DEBUG:    359.810913
DEBUG:    213.812943
DEBUG:    67.614975
DEBUG:    281.217010
DEBUG:    134.619049
DEBUG:    347.821106
DEBUG:    200.823151
DEBUG:    53.625198
DEBUG:    266.227234
DEBUG:    118.629288
DEBUG:    330.831360
DEBUG:    182.833420
DEBUG:    34.635483
DEBUG:    246.237549
DEBUG:    97.639618
DEBUG:    308.841675
DEBUG:    159.843750
DEBUG:    10.645828
DEBUG:    221.247910
DEBUG:    71.649994
WARNING:  Render update is behind -3940 microseconds! Current FPS: 27
DEBUG:    281.852081
WARNING:  Render update is behind -4369 microseconds! Current FPS: 27
DEBUG:    131.854172
DEBUG:    341.656250
DEBUG:    191.258347
DEBUG:    40.660446
DEBUG:    249.862549
DEBUG:    98.864655
DEBUG:    307.666748
DEBUG:    156.268860
DEBUG:    4.670975
DEBUG:    212.873093
DEBUG:    60.875214
DEBUG:    268.677338
DEBUG:    116.279465
DEBUG:    323.681580
DEBUG:    170.883713
DEBUG:    17.885849
DEBUG:    224.687988
DEBUG:    71.290131
DEBUG:    277.692261
DEBUG:    123.894409
DEBUG:    329.896545
DEBUG:    175.698700
DEBUG:    21.300858
DEBUG:    226.703018
DEBUG:    71.905182
DEBUG:    276.907349
DEBUG:    121.709518
DEBUG:    326.311707
DEBUG:    170.713882
DEBUG:    14.916061
DEBUG:    218.918243
DEBUG:    62.720428
DEBUG:    266.322632
DEBUG:    109.724823
DEBUG:    312.927002
DEBUG:    155.929199
DEBUG:    358.731384
DEBUG:    201.333588
DEBUG:    43.735794
DEBUG:    245.938004
DEBUG:    87.940216
DEBUG:    289.742432
DEBUG:    131.344650
DEBUG:    332.746887
DEBUG:    173.949112
DEBUG:    14.951340
DEBUG:    215.753571
DEBUG:    56.355804
DEBUG:    256.758057
DEBUG:    96.960297
DEBUG:    296.962524
DEBUG:    136.764771
DEBUG:    336.367004
DEBUG:    175.769257
DEBUG:    14.971512
DEBUG:    213.973770
WARNING:  Render update is behind -4244 microseconds! Current FPS: 27
DEBUG:    52.776031
WARNING:  Render update is behind -468 microseconds! Current FPS: 30
DEBUG:    251.378296
DEBUG:    89.780563
DEBUG:    287.982849
DEBUG:    125.985123
DEBUG:    323.787415
DEBUG:    161.389694
DEBUG:    358.791992
DEBUG:    195.994278
DEBUG:    32.996567
DEBUG:    229.798859
DEBUG:    66.401154
DEBUG:    262.803467
DEBUG:    99.005768
DEBUG:    295.008057
DEBUG:    130.810364
DEBUG:    326.412659
DEBUG:    161.814972
DEBUG:    357.017273
DEBUG:    192.019592
DEBUG:    26.821915
DEBUG:    221.424240
DEBUG:    55.826569
DEBUG:    250.028900
DEBUG:    84.031235
DEBUG:    277.833557
DEBUG:    111.435898
DEBUG:    304.838257
DEBUG:    138.040604
WARNING:  Render update is behind -1656 microseconds! Current FPS: 29
DEBUG:    331.042969
WARNING:  Render update is behind -3189 microseconds! Current FPS: 27
DEBUG:    163.845322
DEBUG:    356.447693
DEBUG:    188.850052
DEBUG:    21.052414
DEBUG:    213.054779
DEBUG:    44.857147
DEBUG:    236.459518
DEBUG:    67.861893
DEBUG:    259.064270
DEBUG:    90.066650
DEBUG:    280.869019
DEBUG:    111.471405
DEBUG:    301.873779
DEBUG:    132.076172
DEBUG:    322.078552
DEBUG:    151.880951
DEBUG:    341.483337
DEBUG:    170.885742
DEBUG:    0.088150
DEBUG:    189.090561
DEBUG:    17.892975
DEBUG:    206.495392
DEBUG:    34.897812
DEBUG:    223.100235
DEBUG:    51.102661
DEBUG:    238.905090
DEBUG:    66.507523
DEBUG:    253.909958
DEBUG:    81.112396
DEBUG:    268.114838
DEBUG:    94.917282
DEBUG:    281.519714
DEBUG:    107.922165
DEBUG:    294.324615
DEBUG:    120.727066
DEBUG:    307.129517
DEBUG:    133.531967
DEBUG:    319.934418
DEBUG:    146.336868
DEBUG:    332.739319
DEBUG:    159.141769
DEBUG:    345.544220
DEBUG:    171.946671
DEBUG:    358.349121
DEBUG:    184.551575
DEBUG:    10.554031
DEBUG:    196.356491
DEBUG:    21.958954
DEBUG:    207.361420
DEBUG:    32.563889
DEBUG:    217.566360
DEBUG:    42.368835
DEBUG:    226.971313
DEBUG:    51.373795
DEBUG:    235.576279
DEBUG:    59.778763
DEBUG:    243.981247
DEBUG:    67.983734
DEBUG:    251.786224
DEBUG:    75.388718
DEBUG:    258.791199
DEBUG:    81.993698
DEBUG:    264.996216
DEBUG:    87.798721
DEBUG:    270.401245
DEBUG:    92.803757
DEBUG:    275.006287
DEBUG:    97.008804
DEBUG:    278.811340
DEBUG:    100.413864
DEBUG:    281.816406
DEBUG:    103.018936
DEBUG:    284.021484
DEBUG:    104.824020
DEBUG:    285.426575
DEBUG:    105.829117
DEBUG:    286.031677
DEBUG:    106.034225
DEBUG:    285.836792
DEBUG:    105.439346
DEBUG:    284.841919
DEBUG:    104.244476
DEBUG:    283.647034
DEBUG:    103.049591
DEBUG:    282.452148
DEBUG:    101.854706
DEBUG:    281.257263
DEBUG:    100.659821
WARNING:  Render update is behind -3343 microseconds! Current FPS: 27
DEBUG:    280.062378
DEBUG:    99.464935
DEBUG:    278.867493
DEBUG:    98.270050
DEBUG:    277.672607
DEBUG:    97.075165
DEBUG:    276.477722
DEBUG:    96.080276
DEBUG:    275.882812
DEBUG:    95.885361
DEBUG:    276.087891
DEBUG:    96.290436
DEBUG:    276.492981
DEBUG:    96.695526
DEBUG:    276.898071
DEBUG:    97.100616
DEBUG:    277.303162
DEBUG:    97.505707
DEBUG:    277.708252
DEBUG:    97.910797
DEBUG:    278.113342
DEBUG:    98.315887
DEBUG:    278.518433
DEBUG:    98.720978
DEBUG:    278.923523
DEBUG:    99.126068
DEBUG:    279.328613
DEBUG:    99.531158
DEBUG:    279.733704
WARNING:  Render update is behind -11180 microseconds! Current FPS: 22
DEBUG:    99.936249
WARNING:  Render update is behind -578 microseconds! Current FPS: 29
DEBUG:    280.138794
DEBUG:    100.341339
DEBUG:    280.543884
DEBUG:    100.746429
DEBUG:    280.948975
DEBUG:    101.151520
DEBUG:    281.354065
DEBUG:    101.556610
DEBUG:    281.759155
DEBUG:    101.761703
DEBUG:    281.564270
DEBUG:    101.166824
DEBUG:    280.769379
DEBUG:    100.371933
DEBUG:    279.974487
DEBUG:    99.577042
DEBUG:    279.179596
DEBUG:    98.782150
DEBUG:    278.384705
DEBUG:    97.987259
DEBUG:    277.589813
DEBUG:    97.192368
DEBUG:    276.794922
DEBUG:    96.397476
DEBUG:    276.000031
WARNING:  Render update is behind -1892 microseconds! Current FPS: 28
DEBUG:    95.802582
DEBUG:    275.805115
DEBUG:    96.007660
DEBUG:    276.210205
DEBUG:    96.412750
DEBUG:    276.615295
DEBUG:    96.817841
DEBUG:    277.020386
DEBUG:    97.222931
DEBUG:    277.425476
DEBUG:    97.628021
DEBUG:    277.830566
DEBUG:    98.033112
WARNING:  Render update is behind -931 microseconds! Current FPS: 29
DEBUG:    278.235657
DEBUG:    98.438202
DEBUG:    278.640747
DEBUG:    278.640747
DEBUG:    283.640747
DEBUG:    293.640747
DEBUG:    308.640747
DEBUG:    328.640747
DEBUG:    353.640747
DEBUG:    23.640747
DEBUG:    58.640747
DEBUG:    98.640747
DEBUG:    143.640747
DEBUG:    193.640747
DEBUG:    248.640747
DEBUG:    308.640747
DEBUG:    13.640747
DEBUG:    83.640747
DEBUG:    158.640747
DEBUG:    238.640747
DEBUG:    323.640747
DEBUG:    53.640747
DEBUG:    148.640747
DEBUG:    248.640747
DEBUG:    353.640747
DEBUG:    103.640747
DEBUG:    218.640747
DEBUG:    338.640747
DEBUG:    103.640747
DEBUG:    233.640747
DEBUG:    8.640747
DEBUG:    148.640747
DEBUG:    293.640747
DEBUG:    83.640747
DEBUG:    238.640747
DEBUG:    38.640747
DEBUG:    198.640747
DEBUG:    358.640747
DEBUG:    158.640747
WARNING:  Render update is behind -651 microseconds! Current FPS: 29
DEBUG:    318.640747
DEBUG:    118.640747
DEBUG:    278.640747
DEBUG:    78.640747
DEBUG:    238.640747
DEBUG:    38.640747
DEBUG:    198.640747
DEBUG:    358.640747
DEBUG:    158.640747
DEBUG:    318.640747
DEBUG:    118.640747
DEBUG:    278.640747
DEBUG:    78.640747
DEBUG:    238.640747
DEBUG:    38.640747
DEBUG:    198.640747
DEBUG:    358.640747
DEBUG:    158.640747
DEBUG:    318.640747
DEBUG:    98.867310
DEBUG:    193.500534
DEBUG:    313.843018
DEBUG:    38.696350
DEBUG:    96.380707
DEBUG:    133.595367
DEBUG:    155.561249
DEBUG:    166.327515
DEBUG:    169.017212
DEBUG:    166.023468
DEBUG:    190.999252
DEBUG:    215.775040
DEBUG:    240.350830
DEBUG:    264.726624
DEBUG:    288.902405
DEBUG:    312.878174
DEBUG:    336.653961
DEBUG:    0.229736
DEBUG:    23.605518
DEBUG:    46.781300
DEBUG:    69.757080
DEBUG:    92.532860
DEBUG:    115.108643
DEBUG:    137.484421
DEBUG:    159.660202
DEBUG:    181.635986
DEBUG:    203.411758
DEBUG:    224.987534
DEBUG:    246.363312
DEBUG:    267.539093
DEBUG:    288.514862
DEBUG:    309.290649
DEBUG:    329.866425
DEBUG:    350.442200
DEBUG:    11.017975
DEBUG:    31.593746
DEBUG:    52.169518
WARNING:  Render update is behind -2871 microseconds! Current FPS: 28
DEBUG:    72.745285
DEBUG:    93.321060
DEBUG:    113.896835
DEBUG:    134.472610
DEBUG:    155.048386
DEBUG:    175.624161
DEBUG:    196.199936
DEBUG:    216.775711
DEBUG:    237.351486
DEBUG:    257.927246
DEBUG:    278.503021
DEBUG:    299.078796
DEBUG:    319.654572
DEBUG:    340.230347
DEBUG:    0.806122
DEBUG:    21.381893
DEBUG:    41.957664
DEBUG:    62.533436
DEBUG:    83.109207
DEBUG:    103.684982
DEBUG:    124.260757
DEBUG:    144.836533
DEBUG:    165.412308
DEBUG:    185.988083
DEBUG:    206.563858
DEBUG:    227.139633
DEBUG:    247.715408
DEBUG:    268.291168
DEBUG:    288.866943
DEBUG:    309.442719
DEBUG:    330.018494
DEBUG:    350.594269
DEBUG:    11.170044
DEBUG:    31.745815
DEBUG:    52.321587
DEBUG:    72.897354
DEBUG:    93.473129
DEBUG:    114.048904
DEBUG:    134.624680
DEBUG:    155.200455
DEBUG:    175.776230
DEBUG:    196.352005
DEBUG:    216.927780
DEBUG:    237.503555
WARNING:  Render update is behind -2644 microseconds! Current FPS: 28
DEBUG:    258.079315
DEBUG:    278.655090
DEBUG:    299.430847
DEBUG:    320.406616
DEBUG:    341.582397
DEBUG:    2.958160
DEBUG:    24.533936
DEBUG:    46.309711
DEBUG:    68.285492
DEBUG:    90.461273
DEBUG:    112.837051
DEBUG:    135.412827
DEBUG:    158.188599
DEBUG:    181.164383
DEBUG:    204.340164
DEBUG:    227.715942
DEBUG:    251.291718
DEBUG:    275.067505
DEBUG:    299.043274
DEBUG:    323.219055
DEBUG:    347.594849
DEBUG:    12.170624
DEBUG:    36.946411
DEBUG:    61.922199
DEBUG:    87.097992
DEBUG:    112.473785
DEBUG:    138.049576
DEBUG:    163.825363
DEBUG:    189.801147
DEBUG:    215.976944
DEBUG:    242.352737
DEBUG:    268.928528
DEBUG:    295.704315
DEBUG:    322.680115
DEBUG:    349.855896
DEBUG:    17.031677
DEBUG:    44.207474
DEBUG:    71.383270
DEBUG:    82.132553
DEBUG:    87.315872
DEBUG:    88.489967
DEBUG:    86.847252
DEBUG:    83.294052
DEBUG:    78.512833
DEBUG:    73.011627
WARNING:  Render update is behind -1949 microseconds! Current FPS: 28
DEBUG:    67.163246
DEBUG:    61.236225
DEBUG:    55.419231
DEBUG:    49.840229
DEBUG:    44.581470
DEBUG:    39.691181
DEBUG:    35.192616
DEBUG:    31.091038
DEBUG:    27.379080
DEBUG:    24.040800
DEBUG:    21.054752
DEBUG:    18.396254
DEBUG:    16.039066
DEBUG:    13.956601
DEBUG:    12.122761
DEBUG:    10.512518
DEBUG:    9.102279
DEBUG:    7.870105
DEBUG:    6.795815
DEBUG:    5.861008
DEBUG:    5.049030
DEBUG:    4.344906
DEBUG:    3.735239
DEBUG:    3.208103
DEBUG:    2.752922
DEBUG:    2.360354
DEBUG:    2.022172
DEBUG:    1.731152
DEBUG:    1.480967
DEBUG:    1.266089
WARNING:  Render update is behind -4201 microseconds! Current FPS: 27
DEBUG:    1.081700
WARNING:  Render update is behind -3122 microseconds! Current FPS: 27
DEBUG:    0.923604
WARNING:  Render update is behind -3654 microseconds! Current FPS: 27
DEBUG:    0.788160
WARNING:  Render update is behind -2795 microseconds! Current FPS: 28
DEBUG:    0.672208
WARNING:  Render update is behind -2857 microseconds! Current FPS: 28
DEBUG:    0.573014
WARNING:  Render update is behind -1139 microseconds! Current FPS: 29
DEBUG:    0.488212
DEBUG:    0.415760
DEBUG:    0.353897
DEBUG:    0.301106
DEBUG:    0.256082
DEBUG:    0.217702
DEBUG:    0.185002
DEBUG:    0.157154
DEBUG:    0.133450
DEBUG:    0.113282
DEBUG:    0.096130
DEBUG:    0.081549
DEBUG:    0.069157
DEBUG:    0.058631
DEBUG:    0.049693
DEBUG:    0.042105
DEBUG:    0.035666
DEBUG:    0.030204
DEBUG:    0.025572
DEBUG:    0.021645
DEBUG:    0.018317
DEBUG:    0.015496
DEBUG:    0.015729
DEBUG:    0.015962
DEBUG:    0.016194
DEBUG:    0.016427
DEBUG:    0.016659
DEBUG:    0.016892
DEBUG:    0.017124
DEBUG:    0.017357
DEBUG:    0.017590
DEBUG:    0.017822
DEBUG:    0.018055
DEBUG:    0.018287
DEBUG:    0.018520
DEBUG:    0.018520
DEBUG:    5.018520
DEBUG:    15.018520
DEBUG:    30.018520
DEBUG:    50.018520
DEBUG:    75.018524
DEBUG:    105.018524
DEBUG:    140.018524
DEBUG:    180.018524
DEBUG:    225.018524
DEBUG:    275.018524
DEBUG:    330.018524
DEBUG:    30.018524
DEBUG:    95.018524
DEBUG:    165.018524
DEBUG:    240.018524
DEBUG:    320.018524
DEBUG:    45.018524
DEBUG:    135.018524
DEBUG:    230.018524
DEBUG:    330.018524
DEBUG:    75.018524
DEBUG:    185.018524
DEBUG:    300.018524
DEBUG:    60.018524
DEBUG:    185.018524
DEBUG:    315.018524
DEBUG:    90.018524
DEBUG:    230.018524
DEBUG:    15.018524
DEBUG:    165.018524
DEBUG:    320.018524
DEBUG:    120.018524
DEBUG:    285.018524
DEBUG:    95.018524
DEBUG:    270.018524
DEBUG:    90.018524
DEBUG:    275.018524
DEBUG:    105.018524
DEBUG:    300.018524
DEBUG:    140.018524
DEBUG:    345.018524
DEBUG:    195.018555
DEBUG:    50.018555
DEBUG:    270.018555
DEBUG:    135.018555
DEBUG:    5.018555
DEBUG:    240.018555
DEBUG:    120.018555
DEBUG:    5.018555
DEBUG:    255.018555
DEBUG:    150.018555
DEBUG:    50.018555
DEBUG:    315.018555
DEBUG:    225.018555
DEBUG:    140.018555
DEBUG:    60.018555
DEBUG:    345.018555
DEBUG:    275.018555
DEBUG:    210.018555
DEBUG:    150.018555
DEBUG:    95.018555
DEBUG:    45.018555
DEBUG:    0.018555
DEBUG:    320.018555
DEBUG:    285.018555
DEBUG:    255.018555
DEBUG:    230.018555
DEBUG:    210.018555
DEBUG:    195.018555
DEBUG:    185.018555
DEBUG:    180.018555
DEBUG:    180.018555
DEBUG:    185.018555
DEBUG:    195.018555
DEBUG:    210.018555
DEBUG:    230.018555
DEBUG:    255.018555
DEBUG:    285.018555
DEBUG:    320.018555
DEBUG:    0.018555
DEBUG:    45.018555
DEBUG:    95.018555
DEBUG:    150.018555
DEBUG:    210.018555
DEBUG:    275.018555
DEBUG:    345.018555
DEBUG:    60.018555
DEBUG:    140.018555
DEBUG:    225.018555
INFO:     Cleaning up...
