DEBUG:    Initializing...
DEBUG:    Initializing Main_Info...
DEBUG:    Found querty option.
DEBUG:    Getting video modes...
DEBUG:    Creating window with resolution of 1366x768...
DEBUG:    Loading images...
DEBUG:    Initializing Status_Menu...
DEBUG:    Starting window render loop...
DEBUG:    Starting window event loop...
INFO:     Initialization Finished
DEBUG:    Set FPS to 30
WARNING:  Render update is behind -70640 microseconds! Current FPS: 10
WARNING:  Render update is behind -8654 microseconds! Current FPS: 24
WARNING:  Render update is behind -16130 microseconds! Current FPS: 20
WARNING:  Render update is behind -213 microseconds! Current FPS: 30
WARNING:  Render update is behind -6929 microseconds! Current FPS: 25
WARNING:  Render update is behind -11187 microseconds! Current FPS: 22
WARNING:  Render update is behind -582 microseconds! Current FPS: 29
WARNING:  Render update is behind -911 microseconds! Current FPS: 29
WARNING:  Render update is behind -3258 microseconds! Current FPS: 27
WARNING:  Render update is behind -15220 microseconds! Current FPS: 21
WARNING:  Render update is behind -2208 microseconds! Current FPS: 28
WARNING:  Render update is behind -663 microseconds! Current FPS: 29
WARNING:  Render update is behind -2581 microseconds! Current FPS: 28
WARNING:  Render update is behind -742 microseconds! Current FPS: 29
WARNING:  Render update is behind -2667 microseconds! Current FPS: 28
INFO:     Cleaning up...
