DEBUG:    Initializing...
DEBUG:    Initializing Main_Info...
DEBUG:    Found querty option.
DEBUG:    Getting video modes...
DEBUG:    Creating window with resolution of 1366x768...
DEBUG:    Loading images...
DEBUG:    Initializing Status_Menu...
DEBUG:    Starting window render loop...
DEBUG:    Starting window event loop...
INFO:     Initialization Finished
DEBUG:    Set FPS to 30
DEBUG:    99.000000
WARNING:  Render update is behind -34986 microseconds! Current FPS: 15
DEBUG:    98.000000
WARNING:  Render update is behind -9978 microseconds! Current FPS: 23
DEBUG:    97.000000
WARNING:  Render update is behind -1579 microseconds! Current FPS: 29
DEBUG:    96.000000
WARNING:  Render update is behind -13453 microseconds! Current FPS: 21
DEBUG:    95.000000
WARNING:  Render update is behind -16437 microseconds! Current FPS: 20
DEBUG:    94.000000
DEBUG:    93.000000
DEBUG:    92.000000
DEBUG:    91.000000
WARNING:  Render update is behind -6233 microseconds! Current FPS: 25
DEBUG:    90.000000
DEBUG:    89.000000
DEBUG:    88.000000
DEBUG:    87.000000
WARNING:  Render update is behind -2112 microseconds! Current FPS: 28
DEBUG:    86.000000
DEBUG:    85.000000
DEBUG:    84.000000
DEBUG:    83.000000
DEBUG:    82.000000
DEBUG:    81.000000
DEBUG:    80.000000
DEBUG:    79.000000
DEBUG:    78.000000
DEBUG:    77.000000
DEBUG:    76.000000
DEBUG:    75.000000
DEBUG:    74.000000
DEBUG:    73.000000
DEBUG:    72.000000
DEBUG:    71.000000
DEBUG:    70.000000
DEBUG:    69.000000
DEBUG:    68.000000
DEBUG:    67.000000
DEBUG:    66.000000
DEBUG:    65.000000
DEBUG:    64.000000
DEBUG:    63.000000
DEBUG:    62.000000
DEBUG:    61.000000
DEBUG:    60.000000
DEBUG:    59.000000
DEBUG:    58.000000
DEBUG:    57.000000
DEBUG:    56.000000
DEBUG:    55.000000
DEBUG:    54.000000
DEBUG:    53.000000
DEBUG:    52.000000
DEBUG:    51.000000
DEBUG:    50.000000
DEBUG:    49.000000
DEBUG:    48.000000
DEBUG:    47.000000
DEBUG:    46.000000
DEBUG:    45.000000
DEBUG:    44.000000
DEBUG:    43.000000
DEBUG:    42.000000
DEBUG:    41.000000
DEBUG:    40.000000
DEBUG:    39.000000
DEBUG:    38.000000
DEBUG:    37.000000
DEBUG:    36.000000
DEBUG:    35.000000
DEBUG:    34.000000
DEBUG:    33.000000
DEBUG:    32.000000
DEBUG:    31.000000
DEBUG:    30.000000
WARNING:  Render update is behind -9653 microseconds! Current FPS: 23
DEBUG:    29.000000
DEBUG:    28.000000
DEBUG:    27.000000
DEBUG:    26.000000
DEBUG:    25.000000
DEBUG:    24.000000
DEBUG:    23.000000
DEBUG:    22.000000
DEBUG:    21.000000
DEBUG:    20.000000
DEBUG:    19.000000
DEBUG:    18.000000
DEBUG:    17.000000
DEBUG:    16.000000
DEBUG:    15.000000
DEBUG:    14.000000
DEBUG:    13.000000
DEBUG:    12.000000
DEBUG:    11.000000
DEBUG:    10.000000
DEBUG:    8.000000
DEBUG:    7.000000
DEBUG:    6.000000
DEBUG:    5.000000
DEBUG:    4.000000
DEBUG:    3.000000
DEBUG:    2.000000
DEBUG:    1.000000
DEBUG:    0.000000
DEBUG:    0.000000
DEBUG:    0.000000
DEBUG:    0.000000
DEBUG:    0.000000
DEBUG:    0.000000
DEBUG:    0.000000
DEBUG:    0.000000
DEBUG:    0.000000
DEBUG:    0.000000
DEBUG:    0.000000
DEBUG:    0.000000
DEBUG:    0.000000
DEBUG:    0.000000
DEBUG:    0.000000
DEBUG:    0.000000
DEBUG:    0.000000
WARNING:  Render update is behind -1551 microseconds! Current FPS: 29
DEBUG:    0.000000
DEBUG:    0.000000
DEBUG:    0.000000
DEBUG:    0.000000
DEBUG:    0.000000
DEBUG:    0.000000
DEBUG:    0.000000
DEBUG:    0.000000
DEBUG:    0.000000
DEBUG:    0.000000
DEBUG:    0.000000
DEBUG:    0.000000
DEBUG:    0.000000
DEBUG:    0.000000
DEBUG:    0.000000
DEBUG:    0.000000
DEBUG:    0.000000
DEBUG:    0.000000
DEBUG:    0.000000
DEBUG:    0.000000
DEBUG:    0.000000
DEBUG:    0.000000
DEBUG:    0.000000
DEBUG:    0.000000
DEBUG:    0.000000
DEBUG:    0.000000
DEBUG:    0.000000
DEBUG:    0.000000
DEBUG:    0.000000
DEBUG:    0.000000
DEBUG:    0.000000
DEBUG:    0.000000
DEBUG:    0.000000
DEBUG:    0.000000
DEBUG:    0.000000
DEBUG:    0.000000
DEBUG:    0.000000
DEBUG:    0.000000
DEBUG:    0.000000
DEBUG:    0.000000
DEBUG:    0.000000
DEBUG:    0.000000
DEBUG:    0.000000
DEBUG:    -1.000000
DEBUG:    -1.000000
DEBUG:    -1.000000
DEBUG:    -1.000000
DEBUG:    -1.000000
DEBUG:    -1.000000
DEBUG:    -1.000000
DEBUG:    -1.000000
DEBUG:    -1.000000
DEBUG:    -1.000000
DEBUG:    -1.000000
DEBUG:    -1.000000
DEBUG:    -1.000000
DEBUG:    -1.000000
DEBUG:    -1.000000
DEBUG:    -1.000000
DEBUG:    -1.000000
DEBUG:    -1.000000
DEBUG:    -1.000000
DEBUG:    -1.000000
DEBUG:    -1.000000
DEBUG:    -1.000000
DEBUG:    -1.000000
DEBUG:    -1.000000
DEBUG:    -1.000000
DEBUG:    -1.000000
DEBUG:    -1.000000
DEBUG:    -1.000000
DEBUG:    -1.000000
DEBUG:    -1.000000
DEBUG:    -1.000000
DEBUG:    -1.000000
DEBUG:    -1.000000
DEBUG:    -1.000000
DEBUG:    -1.000000
DEBUG:    -1.000000
DEBUG:    -1.000000
DEBUG:    -1.000000
DEBUG:    -1.000000
DEBUG:    -1.000000
DEBUG:    -1.000000
DEBUG:    -1.000000
DEBUG:    -1.000000
DEBUG:    -1.000000
DEBUG:    -1.000000
DEBUG:    -1.000000
DEBUG:    -1.000000
DEBUG:    -1.000000
DEBUG:    -1.000000
DEBUG:    -1.000000
DEBUG:    -1.000000
DEBUG:    -1.000000
DEBUG:    -1.000000
DEBUG:    -1.000000
DEBUG:    -1.000000
DEBUG:    -1.000000
DEBUG:    -1.000000
DEBUG:    -1.000000
DEBUG:    -1.000000
DEBUG:    -1.000000
DEBUG:    -1.000000
WARNING:  Render update is behind -575 microseconds! Current FPS: 29
DEBUG:    -1.000000
DEBUG:    -1.000000
DEBUG:    -1.000000
DEBUG:    -1.000000
DEBUG:    -1.000000
DEBUG:    -1.000000
DEBUG:    -1.000000
DEBUG:    -1.000000
DEBUG:    -1.000000
DEBUG:    -1.000000
DEBUG:    -1.000000
DEBUG:    -1.000000
DEBUG:    -1.000000
DEBUG:    -1.000000
DEBUG:    -1.000000
DEBUG:    -1.000000
DEBUG:    -1.000000
DEBUG:    -1.000000
DEBUG:    -1.000000
DEBUG:    -1.000000
DEBUG:    -1.000000
DEBUG:    -1.000000
DEBUG:    -1.000000
DEBUG:    -1.000000
DEBUG:    -1.000000
DEBUG:    -1.000000
DEBUG:    -1.000000
DEBUG:    -1.000000
DEBUG:    -1.000000
DEBUG:    -1.000000
DEBUG:    -1.000000
DEBUG:    -1.000000
DEBUG:    -1.000000
DEBUG:    -1.000000
DEBUG:    -1.000000
DEBUG:    -1.000000
DEBUG:    -1.000000
DEBUG:    -1.000000
DEBUG:    -1.000000
DEBUG:    -1.000000
DEBUG:    -1.000000
DEBUG:    -1.000000
DEBUG:    -1.000000
DEBUG:    -1.000000
DEBUG:    -1.000000
DEBUG:    -1.000000
DEBUG:    -1.000000
DEBUG:    -1.000000
DEBUG:    -1.000000
DEBUG:    -1.000000
DEBUG:    -1.000000
DEBUG:    -1.000000
DEBUG:    -1.000000
DEBUG:    -1.000000
WARNING:  Render update is behind -11653 microseconds! Current FPS: 22
DEBUG:    -1.000000
DEBUG:    -1.000000
DEBUG:    -1.000000
DEBUG:    -1.000000
DEBUG:    -1.000000
WARNING:  Render update is behind -10496 microseconds! Current FPS: 23
DEBUG:    -1.000000
WARNING:  Render update is behind -987 microseconds! Current FPS: 29
DEBUG:    -1.000000
DEBUG:    -1.000000
DEBUG:    -1.000000
DEBUG:    -1.000000
DEBUG:    -1.000000
DEBUG:    -1.000000
DEBUG:    -1.000000
DEBUG:    -1.000000
DEBUG:    -1.000000
DEBUG:    -1.000000
DEBUG:    -1.000000
DEBUG:    -1.000000
DEBUG:    -1.000000
DEBUG:    -1.000000
WARNING:  Render update is behind -1387 microseconds! Current FPS: 29
DEBUG:    -1.000000
DEBUG:    -1.000000
DEBUG:    -1.000000
DEBUG:    -1.000000
DEBUG:    -1.000000
DEBUG:    -1.000000
DEBUG:    -1.000000
DEBUG:    -1.000000
DEBUG:    -1.000000
DEBUG:    -1.000000
DEBUG:    -1.000000
DEBUG:    -1.000000
DEBUG:    -1.000000
DEBUG:    -1.000000
WARNING:  Render update is behind -22513 microseconds! Current FPS: 18
DEBUG:    -1.000000
DEBUG:    -1.000000
WARNING:  Render update is behind -11202 microseconds! Current FPS: 22
DEBUG:    -1.000000
WARNING:  Render update is behind -7811 microseconds! Current FPS: 24
DEBUG:    -1.000000
DEBUG:    -1.000000
DEBUG:    -1.000000
DEBUG:    -1.000000
DEBUG:    -1.000000
DEBUG:    -1.000000
DEBUG:    -1.000000
DEBUG:    -1.000000
DEBUG:    -1.000000
DEBUG:    -1.000000
DEBUG:    -1.000000
DEBUG:    -1.000000
DEBUG:    -1.000000
DEBUG:    -1.000000
DEBUG:    -1.000000
DEBUG:    -1.000000
DEBUG:    -1.000000
DEBUG:    -1.000000
DEBUG:    -1.000000
DEBUG:    -1.000000
DEBUG:    -1.000000
DEBUG:    -1.000000
DEBUG:    -1.000000
DEBUG:    -1.000000
DEBUG:    -1.000000
DEBUG:    -1.000000
DEBUG:    -1.000000
DEBUG:    -1.000000
DEBUG:    -1.000000
DEBUG:    -1.000000
DEBUG:    -1.000000
DEBUG:    -1.000000
DEBUG:    -1.000000
DEBUG:    -1.000000
DEBUG:    -1.000000
DEBUG:    -1.000000
DEBUG:    -1.000000
DEBUG:    -1.000000
DEBUG:    -1.000000
DEBUG:    -1.000000
DEBUG:    -1.000000
DEBUG:    -1.000000
DEBUG:    -1.000000
DEBUG:    -1.000000
DEBUG:    -1.000000
DEBUG:    -1.000000
DEBUG:    -1.000000
DEBUG:    -1.000000
DEBUG:    -1.000000
DEBUG:    -1.000000
DEBUG:    -1.000000
DEBUG:    -1.000000
DEBUG:    -1.000000
DEBUG:    -1.000000
DEBUG:    -1.000000
DEBUG:    -1.000000
WARNING:  Render update is behind -3783 microseconds! Current FPS: 27
DEBUG:    -1.000000
DEBUG:    -1.000000
DEBUG:    -1.000000
DEBUG:    -1.000000
DEBUG:    -1.000000
DEBUG:    -1.000000
DEBUG:    -1.000000
DEBUG:    -1.000000
DEBUG:    -1.000000
DEBUG:    -1.000000
DEBUG:    -1.000000
DEBUG:    -1.000000
DEBUG:    -1.000000
DEBUG:    -1.000000
DEBUG:    -1.000000
DEBUG:    -1.000000
DEBUG:    -1.000000
DEBUG:    -1.000000
DEBUG:    -1.000000
DEBUG:    -1.000000
DEBUG:    -1.000000
DEBUG:    -1.000000
DEBUG:    -1.000000
DEBUG:    -1.000000
DEBUG:    -1.000000
DEBUG:    -1.000000
DEBUG:    -1.000000
DEBUG:    -1.000000
DEBUG:    -1.000000
DEBUG:    -1.000000
DEBUG:    -1.000000
DEBUG:    -1.000000
WARNING:  Render update is behind -5962 microseconds! Current FPS: 25
DEBUG:    -1.000000
WARNING:  Render update is behind -9815 microseconds! Current FPS: 23
DEBUG:    -1.000000
WARNING:  Render update is behind -200 microseconds! Current FPS: 30
DEBUG:    -1.000000
DEBUG:    -1.000000
WARNING:  Render update is behind -445 microseconds! Current FPS: 30
DEBUG:    -1.000000
DEBUG:    -1.000000
DEBUG:    -1.000000
DEBUG:    -1.000000
WARNING:  Render update is behind -798 microseconds! Current FPS: 29
DEBUG:    -1.000000
DEBUG:    -1.000000
DEBUG:    -1.000000
DEBUG:    -1.000000
DEBUG:    -1.000000
DEBUG:    -1.000000
DEBUG:    -1.000000
DEBUG:    -1.000000
DEBUG:    -1.000000
DEBUG:    -1.000000
DEBUG:    -1.000000
DEBUG:    -1.000000
DEBUG:    -1.000000
DEBUG:    -1.000000
DEBUG:    -1.000000
DEBUG:    -1.000000
DEBUG:    -1.000000
DEBUG:    -1.000000
DEBUG:    -1.000000
DEBUG:    -1.000000
DEBUG:    -1.000000
DEBUG:    -1.000000
DEBUG:    -1.000000
DEBUG:    -1.000000
DEBUG:    -1.000000
DEBUG:    -1.000000
DEBUG:    -1.000000
DEBUG:    -1.000000
DEBUG:    -1.000000
DEBUG:    -1.000000
DEBUG:    -1.000000
DEBUG:    -1.000000
DEBUG:    -1.000000
DEBUG:    -1.000000
DEBUG:    -1.000000
DEBUG:    -1.000000
DEBUG:    -1.000000
DEBUG:    -1.000000
DEBUG:    -1.000000
DEBUG:    -1.000000
DEBUG:    -1.000000
DEBUG:    -1.000000
DEBUG:    -1.000000
DEBUG:    -1.000000
DEBUG:    -1.000000
DEBUG:    -1.000000
DEBUG:    -1.000000
DEBUG:    -1.000000
DEBUG:    -1.000000
DEBUG:    -1.000000
DEBUG:    -1.000000
DEBUG:    -1.000000
DEBUG:    -1.000000
DEBUG:    -1.000000
DEBUG:    -1.000000
DEBUG:    -1.000000
DEBUG:    -1.000000
DEBUG:    -1.000000
DEBUG:    -1.000000
DEBUG:    -1.000000
DEBUG:    -1.000000
DEBUG:    -1.000000
DEBUG:    -1.000000
DEBUG:    -1.000000
DEBUG:    0.000000
DEBUG:    1.000000
DEBUG:    2.000000
DEBUG:    3.000000
DEBUG:    4.000000
DEBUG:    3.000000
DEBUG:    2.000000
DEBUG:    1.000000
DEBUG:    0.000000
DEBUG:    0.000000
DEBUG:    0.000000
DEBUG:    0.000000
DEBUG:    0.000000
DEBUG:    0.000000
DEBUG:    0.000000
DEBUG:    0.000000
DEBUG:    0.000000
DEBUG:    0.000000
DEBUG:    0.000000
DEBUG:    0.000000
DEBUG:    0.000000
DEBUG:    0.000000
DEBUG:    0.000000
DEBUG:    0.000000
DEBUG:    0.000000
DEBUG:    0.000000
DEBUG:    0.000000
DEBUG:    0.000000
DEBUG:    0.000000
DEBUG:    0.000000
DEBUG:    0.000000
DEBUG:    0.000000
DEBUG:    0.000000
DEBUG:    0.000000
DEBUG:    0.000000
DEBUG:    0.000000
DEBUG:    0.000000
DEBUG:    0.000000
DEBUG:    0.000000
DEBUG:    0.000000
DEBUG:    0.000000
DEBUG:    0.000000
DEBUG:    0.000000
DEBUG:    0.000000
DEBUG:    0.000000
DEBUG:    0.000000
DEBUG:    0.000000
DEBUG:    0.000000
DEBUG:    0.000000
DEBUG:    0.000000
DEBUG:    0.000000
DEBUG:    0.000000
DEBUG:    0.000000
DEBUG:    0.000000
DEBUG:    0.000000
DEBUG:    -1.000000
DEBUG:    -1.000000
DEBUG:    -1.000000
DEBUG:    -1.000000
DEBUG:    -1.000000
DEBUG:    -1.000000
DEBUG:    -1.000000
DEBUG:    -1.000000
DEBUG:    -1.000000
DEBUG:    -1.000000
DEBUG:    -1.000000
DEBUG:    -1.000000
DEBUG:    -1.000000
DEBUG:    -1.000000
DEBUG:    -1.000000
DEBUG:    -1.000000
DEBUG:    -1.000000
DEBUG:    -1.000000
DEBUG:    -1.000000
DEBUG:    -1.000000
WARNING:  Render update is behind -179 microseconds! Current FPS: 30
DEBUG:    -1.000000
DEBUG:    -1.000000
DEBUG:    -1.000000
DEBUG:    -1.000000
DEBUG:    -1.000000
DEBUG:    -1.000000
DEBUG:    -1.000000
DEBUG:    -1.000000
DEBUG:    -1.000000
DEBUG:    -1.000000
DEBUG:    -1.000000
DEBUG:    -1.000000
DEBUG:    -1.000000
DEBUG:    -1.000000
DEBUG:    -1.000000
DEBUG:    -1.000000
DEBUG:    -1.000000
DEBUG:    -1.000000
DEBUG:    -1.000000
DEBUG:    -1.000000
DEBUG:    -1.000000
DEBUG:    -1.000000
DEBUG:    -1.000000
DEBUG:    -1.000000
DEBUG:    -1.000000
DEBUG:    -1.000000
DEBUG:    -1.000000
DEBUG:    -1.000000
DEBUG:    -1.000000
DEBUG:    -1.000000
DEBUG:    -1.000000
DEBUG:    -1.000000
DEBUG:    -1.000000
DEBUG:    -1.000000
DEBUG:    -1.000000
DEBUG:    -1.000000
DEBUG:    -1.000000
DEBUG:    -1.000000
DEBUG:    -1.000000
DEBUG:    -1.000000
DEBUG:    -1.000000
DEBUG:    -1.000000
DEBUG:    -1.000000
DEBUG:    -1.000000
DEBUG:    -1.000000
DEBUG:    -1.000000
DEBUG:    -1.000000
DEBUG:    -1.000000
DEBUG:    -1.000000
DEBUG:    -1.000000
DEBUG:    -1.000000
DEBUG:    -1.000000
DEBUG:    -1.000000
DEBUG:    -1.000000
DEBUG:    -1.000000
DEBUG:    -1.000000
DEBUG:    -1.000000
DEBUG:    -1.000000
DEBUG:    -1.000000
DEBUG:    -1.000000
DEBUG:    -1.000000
DEBUG:    -1.000000
DEBUG:    -1.000000
DEBUG:    -1.000000
DEBUG:    -1.000000
DEBUG:    -1.000000
DEBUG:    -1.000000
DEBUG:    -1.000000
DEBUG:    -1.000000
DEBUG:    -1.000000
DEBUG:    -1.000000
DEBUG:    -1.000000
DEBUG:    -1.000000
DEBUG:    -1.000000
DEBUG:    -1.000000
DEBUG:    -1.000000
DEBUG:    -1.000000
DEBUG:    -1.000000
DEBUG:    -1.000000
DEBUG:    -1.000000
DEBUG:    -1.000000
DEBUG:    -1.000000
DEBUG:    -1.000000
DEBUG:    -1.000000
DEBUG:    -1.000000
DEBUG:    -1.000000
DEBUG:    -1.000000
DEBUG:    -1.000000
DEBUG:    -1.000000
DEBUG:    -1.000000
DEBUG:    -1.000000
DEBUG:    -1.000000
DEBUG:    -1.000000
DEBUG:    -1.000000
DEBUG:    -1.000000
DEBUG:    -1.000000
DEBUG:    -1.000000
DEBUG:    -1.000000
DEBUG:    -1.000000
DEBUG:    -1.000000
DEBUG:    -1.000000
DEBUG:    -1.000000
DEBUG:    -1.000000
DEBUG:    -1.000000
DEBUG:    -1.000000
DEBUG:    -1.000000
DEBUG:    -1.000000
DEBUG:    -1.000000
DEBUG:    -1.000000
DEBUG:    -1.000000
DEBUG:    -1.000000
DEBUG:    -1.000000
DEBUG:    -1.000000
DEBUG:    -1.000000
DEBUG:    -1.000000
DEBUG:    -1.000000
DEBUG:    -1.000000
DEBUG:    -1.000000
DEBUG:    -1.000000
DEBUG:    -1.000000
DEBUG:    -1.000000
DEBUG:    -1.000000
DEBUG:    -1.000000
DEBUG:    -1.000000
DEBUG:    -1.000000
DEBUG:    -1.000000
DEBUG:    -1.000000
DEBUG:    -1.000000
DEBUG:    -1.000000
DEBUG:    -1.000000
DEBUG:    -1.000000
DEBUG:    -1.000000
DEBUG:    -1.000000
DEBUG:    -1.000000
DEBUG:    -1.000000
DEBUG:    -1.000000
DEBUG:    -1.000000
DEBUG:    -1.000000
DEBUG:    -1.000000
DEBUG:    -1.000000
DEBUG:    -1.000000
DEBUG:    -1.000000
DEBUG:    -1.000000
DEBUG:    -1.000000
DEBUG:    -1.000000
DEBUG:    -1.000000
DEBUG:    -1.000000
DEBUG:    -1.000000
DEBUG:    -1.000000
DEBUG:    -1.000000
DEBUG:    -1.000000
DEBUG:    -1.000000
DEBUG:    -1.000000
DEBUG:    -1.000000
DEBUG:    -1.000000
DEBUG:    -1.000000
DEBUG:    -1.000000
DEBUG:    -1.000000
DEBUG:    -1.000000
DEBUG:    -1.000000
DEBUG:    -1.000000
DEBUG:    -1.000000
DEBUG:    -1.000000
DEBUG:    -1.000000
DEBUG:    -1.000000
DEBUG:    -1.000000
DEBUG:    -1.000000
DEBUG:    -1.000000
DEBUG:    -1.000000
DEBUG:    -1.000000
DEBUG:    -1.000000
DEBUG:    -1.000000
DEBUG:    -1.000000
DEBUG:    -1.000000
DEBUG:    -1.000000
DEBUG:    -1.000000
DEBUG:    -1.000000
DEBUG:    -1.000000
DEBUG:    -1.000000
DEBUG:    -1.000000
DEBUG:    -1.000000
DEBUG:    -1.000000
DEBUG:    -1.000000
DEBUG:    -1.000000
DEBUG:    -1.000000
DEBUG:    -1.000000
DEBUG:    -1.000000
DEBUG:    -1.000000
DEBUG:    -1.000000
DEBUG:    -1.000000
DEBUG:    -1.000000
DEBUG:    -1.000000
DEBUG:    -1.000000
DEBUG:    -1.000000
DEBUG:    -1.000000
DEBUG:    -1.000000
DEBUG:    -1.000000
DEBUG:    -1.000000
DEBUG:    -1.000000
DEBUG:    -1.000000
DEBUG:    -1.000000
DEBUG:    -1.000000
DEBUG:    -1.000000
DEBUG:    -1.000000
DEBUG:    -1.000000
DEBUG:    -1.000000
DEBUG:    -1.000000
DEBUG:    -1.000000
DEBUG:    -1.000000
DEBUG:    -1.000000
DEBUG:    -1.000000
DEBUG:    -1.000000
DEBUG:    -1.000000
DEBUG:    -1.000000
DEBUG:    -1.000000
DEBUG:    -1.000000
DEBUG:    -1.000000
DEBUG:    -1.000000
DEBUG:    -1.000000
DEBUG:    -1.000000
DEBUG:    -1.000000
DEBUG:    -1.000000
DEBUG:    -1.000000
DEBUG:    -1.000000
DEBUG:    -1.000000
DEBUG:    -1.000000
DEBUG:    -1.000000
DEBUG:    -1.000000
DEBUG:    -1.000000
DEBUG:    -1.000000
DEBUG:    -1.000000
DEBUG:    -1.000000
DEBUG:    -1.000000
DEBUG:    -1.000000
DEBUG:    -1.000000
DEBUG:    -1.000000
DEBUG:    -1.000000
DEBUG:    -1.000000
DEBUG:    -1.000000
DEBUG:    -1.000000
DEBUG:    -1.000000
DEBUG:    -1.000000
DEBUG:    -1.000000
DEBUG:    -1.000000
DEBUG:    -1.000000
DEBUG:    -1.000000
DEBUG:    -1.000000
DEBUG:    -1.000000
DEBUG:    -1.000000
DEBUG:    -1.000000
DEBUG:    -1.000000
DEBUG:    -1.000000
DEBUG:    -1.000000
DEBUG:    -1.000000
DEBUG:    -1.000000
DEBUG:    -1.000000
DEBUG:    -1.000000
DEBUG:    -1.000000
DEBUG:    -1.000000
DEBUG:    -1.000000
DEBUG:    -1.000000
DEBUG:    -1.000000
DEBUG:    -1.000000
DEBUG:    -1.000000
DEBUG:    -1.000000
DEBUG:    -1.000000
DEBUG:    -1.000000
DEBUG:    -1.000000
DEBUG:    -1.000000
DEBUG:    -1.000000
DEBUG:    -1.000000
DEBUG:    -1.000000
DEBUG:    -1.000000
DEBUG:    -1.000000
DEBUG:    -1.000000
DEBUG:    -1.000000
DEBUG:    -1.000000
DEBUG:    -1.000000
DEBUG:    -1.000000
DEBUG:    -1.000000
DEBUG:    -1.000000
DEBUG:    -1.000000
DEBUG:    -1.000000
DEBUG:    -1.000000
WARNING:  Render update is behind -8277 microseconds! Current FPS: 24
DEBUG:    -1.000000
DEBUG:    -1.000000
DEBUG:    -1.000000
DEBUG:    -1.000000
DEBUG:    -1.000000
DEBUG:    -1.000000
DEBUG:    -1.000000
DEBUG:    -1.000000
DEBUG:    -1.000000
DEBUG:    -1.000000
DEBUG:    -1.000000
DEBUG:    -1.000000
DEBUG:    -1.000000
DEBUG:    -1.000000
DEBUG:    -1.000000
DEBUG:    -1.000000
DEBUG:    -1.000000
WARNING:  Render update is behind -270 microseconds! Current FPS: 30
DEBUG:    -1.000000
DEBUG:    -1.000000
DEBUG:    -1.000000
DEBUG:    -1.000000
DEBUG:    -1.000000
DEBUG:    -1.000000
DEBUG:    -1.000000
DEBUG:    -1.000000
DEBUG:    -1.000000
DEBUG:    -1.000000
DEBUG:    -1.000000
WARNING:  Render update is behind -16998 microseconds! Current FPS: 20
DEBUG:    -1.000000
DEBUG:    -1.000000
DEBUG:    -1.000000
DEBUG:    -1.000000
DEBUG:    -1.000000
DEBUG:    -1.000000
DEBUG:    -1.000000
DEBUG:    -1.000000
DEBUG:    -1.000000
DEBUG:    -1.000000
DEBUG:    -1.000000
DEBUG:    -1.000000
DEBUG:    -1.000000
DEBUG:    -1.000000
WARNING:  Render update is behind -4569 microseconds! Current FPS: 26
DEBUG:    -1.000000
DEBUG:    -1.000000
DEBUG:    -1.000000
DEBUG:    -1.000000
DEBUG:    -1.000000
DEBUG:    -1.000000
DEBUG:    -1.000000
DEBUG:    -1.000000
DEBUG:    -1.000000
DEBUG:    -1.000000
DEBUG:    -1.000000
DEBUG:    -1.000000
DEBUG:    -1.000000
DEBUG:    -1.000000
DEBUG:    -1.000000
DEBUG:    -1.000000
DEBUG:    -1.000000
DEBUG:    -1.000000
DEBUG:    -1.000000
WARNING:  Render update is behind -2032 microseconds! Current FPS: 28
DEBUG:    -1.000000
DEBUG:    -1.000000
WARNING:  Render update is behind -1607 microseconds! Current FPS: 29
DEBUG:    -1.000000
DEBUG:    -1.000000
DEBUG:    -1.000000
DEBUG:    -1.000000
DEBUG:    -1.000000
DEBUG:    -1.000000
DEBUG:    -1.000000
DEBUG:    -1.000000
DEBUG:    -1.000000
DEBUG:    -1.000000
WARNING:  Render update is behind -14678 microseconds! Current FPS: 21
DEBUG:    -1.000000
DEBUG:    -1.000000
DEBUG:    -1.000000
DEBUG:    -1.000000
DEBUG:    -1.000000
DEBUG:    -1.000000
DEBUG:    -1.000000
DEBUG:    -1.000000
DEBUG:    -1.000000
DEBUG:    -1.000000
DEBUG:    -1.000000
DEBUG:    -1.000000
DEBUG:    -1.000000
DEBUG:    -1.000000
DEBUG:    -1.000000
WARNING:  Render update is behind -9932 microseconds! Current FPS: 23
DEBUG:    -1.000000
DEBUG:    -1.000000
DEBUG:    -1.000000
DEBUG:    -1.000000
DEBUG:    -1.000000
DEBUG:    -1.000000
DEBUG:    -1.000000
DEBUG:    -1.000000
DEBUG:    -1.000000
DEBUG:    -1.000000
DEBUG:    -1.000000
DEBUG:    -1.000000
DEBUG:    -1.000000
DEBUG:    -1.000000
DEBUG:    -1.000000
DEBUG:    -1.000000
DEBUG:    -1.000000
DEBUG:    -1.000000
DEBUG:    -1.000000
DEBUG:    -1.000000
DEBUG:    -1.000000
DEBUG:    -1.000000
DEBUG:    -1.000000
DEBUG:    -1.000000
DEBUG:    -1.000000
DEBUG:    -1.000000
DEBUG:    -1.000000
DEBUG:    -1.000000
DEBUG:    -1.000000
DEBUG:    -1.000000
DEBUG:    -1.000000
DEBUG:    -1.000000
DEBUG:    -1.000000
DEBUG:    -1.000000
DEBUG:    -1.000000
DEBUG:    -1.000000
DEBUG:    -1.000000
DEBUG:    -1.000000
DEBUG:    -1.000000
DEBUG:    -1.000000
DEBUG:    -1.000000
DEBUG:    -1.000000
DEBUG:    -1.000000
DEBUG:    -1.000000
DEBUG:    -1.000000
DEBUG:    -1.000000
DEBUG:    -1.000000
DEBUG:    -1.000000
DEBUG:    -1.000000
DEBUG:    -1.000000
DEBUG:    -1.000000
DEBUG:    -1.000000
DEBUG:    -1.000000
DEBUG:    -1.000000
DEBUG:    -1.000000
DEBUG:    -1.000000
DEBUG:    -1.000000
DEBUG:    -1.000000
DEBUG:    -1.000000
DEBUG:    -1.000000
DEBUG:    -1.000000
DEBUG:    -1.000000
DEBUG:    -1.000000
DEBUG:    -1.000000
DEBUG:    -1.000000
DEBUG:    -1.000000
DEBUG:    -1.000000
DEBUG:    -1.000000
DEBUG:    -1.000000
DEBUG:    -1.000000
DEBUG:    -1.000000
DEBUG:    -1.000000
DEBUG:    -1.000000
DEBUG:    -1.000000
DEBUG:    -1.000000
DEBUG:    -1.000000
DEBUG:    -1.000000
DEBUG:    -1.000000
DEBUG:    -1.000000
DEBUG:    -1.000000
DEBUG:    -1.000000
DEBUG:    -1.000000
DEBUG:    -1.000000
DEBUG:    -1.000000
DEBUG:    -1.000000
DEBUG:    -1.000000
DEBUG:    -1.000000
DEBUG:    -1.000000
DEBUG:    -1.000000
DEBUG:    -1.000000
DEBUG:    -1.000000
WARNING:  Render update is behind -6190 microseconds! Current FPS: 25
DEBUG:    -1.000000
DEBUG:    -1.000000
DEBUG:    -1.000000
DEBUG:    -1.000000
DEBUG:    -1.000000
DEBUG:    -1.000000
DEBUG:    -1.000000
DEBUG:    -1.000000
DEBUG:    -1.000000
DEBUG:    -1.000000
DEBUG:    -1.000000
DEBUG:    -1.000000
DEBUG:    -1.000000
DEBUG:    -1.000000
DEBUG:    -1.000000
DEBUG:    -1.000000
DEBUG:    -1.000000
DEBUG:    -1.000000
DEBUG:    -1.000000
DEBUG:    -1.000000
DEBUG:    -1.000000
DEBUG:    -1.000000
DEBUG:    -1.000000
DEBUG:    -1.000000
DEBUG:    -1.000000
DEBUG:    -1.000000
DEBUG:    -1.000000
DEBUG:    -1.000000
DEBUG:    -1.000000
DEBUG:    -1.000000
DEBUG:    -1.000000
DEBUG:    -1.000000
DEBUG:    -1.000000
DEBUG:    -1.000000
DEBUG:    -1.000000
DEBUG:    -1.000000
DEBUG:    -1.000000
DEBUG:    -1.000000
DEBUG:    -1.000000
DEBUG:    -1.000000
DEBUG:    -1.000000
DEBUG:    -1.000000
DEBUG:    -1.000000
DEBUG:    -1.000000
DEBUG:    -1.000000
DEBUG:    -1.000000
DEBUG:    -1.000000
DEBUG:    -1.000000
DEBUG:    -1.000000
DEBUG:    -1.000000
DEBUG:    -1.000000
DEBUG:    -1.000000
DEBUG:    -1.000000
DEBUG:    -1.000000
DEBUG:    -1.000000
DEBUG:    -1.000000
DEBUG:    -1.000000
DEBUG:    -1.000000
DEBUG:    -1.000000
DEBUG:    -1.000000
DEBUG:    -1.000000
DEBUG:    -1.000000
DEBUG:    -1.000000
DEBUG:    -1.000000
DEBUG:    -1.000000
DEBUG:    -1.000000
DEBUG:    -1.000000
DEBUG:    -1.000000
DEBUG:    -1.000000
DEBUG:    -1.000000
DEBUG:    -1.000000
DEBUG:    -1.000000
DEBUG:    -1.000000
DEBUG:    -1.000000
DEBUG:    -1.000000
DEBUG:    -1.000000
DEBUG:    -1.000000
DEBUG:    -1.000000
DEBUG:    -1.000000
DEBUG:    -1.000000
DEBUG:    -1.000000
DEBUG:    -1.000000
DEBUG:    -1.000000
DEBUG:    -1.000000
DEBUG:    -1.000000
DEBUG:    -1.000000
DEBUG:    -1.000000
DEBUG:    -1.000000
DEBUG:    -1.000000
DEBUG:    -1.000000
DEBUG:    -1.000000
DEBUG:    -1.000000
DEBUG:    -1.000000
DEBUG:    -1.000000
DEBUG:    -1.000000
DEBUG:    -1.000000
DEBUG:    -1.000000
DEBUG:    -1.000000
DEBUG:    -1.000000
DEBUG:    -1.000000
DEBUG:    -1.000000
DEBUG:    -1.000000
DEBUG:    -1.000000
DEBUG:    -1.000000
DEBUG:    -1.000000
DEBUG:    -1.000000
DEBUG:    -1.000000
DEBUG:    -1.000000
DEBUG:    -1.000000
DEBUG:    -1.000000
DEBUG:    -1.000000
DEBUG:    -1.000000
DEBUG:    -1.000000
DEBUG:    -1.000000
DEBUG:    -1.000000
DEBUG:    -1.000000
DEBUG:    -1.000000
DEBUG:    -1.000000
DEBUG:    -1.000000
DEBUG:    -1.000000
DEBUG:    -1.000000
DEBUG:    -1.000000
DEBUG:    -1.000000
DEBUG:    -1.000000
DEBUG:    -1.000000
DEBUG:    -1.000000
DEBUG:    -1.000000
DEBUG:    -1.000000
DEBUG:    -1.000000
DEBUG:    -1.000000
DEBUG:    -1.000000
DEBUG:    -1.000000
DEBUG:    -1.000000
DEBUG:    -1.000000
DEBUG:    -1.000000
DEBUG:    -1.000000
DEBUG:    -1.000000
DEBUG:    -1.000000
DEBUG:    -1.000000
DEBUG:    -1.000000
DEBUG:    -1.000000
DEBUG:    -1.000000
DEBUG:    -1.000000
DEBUG:    -1.000000
DEBUG:    -1.000000
DEBUG:    -1.000000
WARNING:  Render update is behind -11948 microseconds! Current FPS: 22
DEBUG:    -1.000000
DEBUG:    -1.000000
DEBUG:    -1.000000
DEBUG:    -1.000000
DEBUG:    -1.000000
DEBUG:    -1.000000
DEBUG:    -1.000000
DEBUG:    -1.000000
DEBUG:    -1.000000
DEBUG:    -1.000000
DEBUG:    -1.000000
DEBUG:    -1.000000
DEBUG:    -1.000000
DEBUG:    -1.000000
DEBUG:    -1.000000
DEBUG:    -1.000000
DEBUG:    -1.000000
DEBUG:    -1.000000
DEBUG:    -1.000000
DEBUG:    -1.000000
DEBUG:    -1.000000
DEBUG:    -1.000000
DEBUG:    -1.000000
DEBUG:    -1.000000
DEBUG:    -1.000000
DEBUG:    -1.000000
DEBUG:    -1.000000
DEBUG:    -1.000000
DEBUG:    -1.000000
DEBUG:    -1.000000
DEBUG:    -1.000000
DEBUG:    -1.000000
DEBUG:    -1.000000
DEBUG:    -1.000000
DEBUG:    -1.000000
DEBUG:    -1.000000
DEBUG:    -1.000000
DEBUG:    -1.000000
DEBUG:    -1.000000
DEBUG:    -1.000000
DEBUG:    -1.000000
DEBUG:    -1.000000
DEBUG:    -1.000000
DEBUG:    -1.000000
DEBUG:    -1.000000
DEBUG:    -1.000000
DEBUG:    -1.000000
DEBUG:    -1.000000
DEBUG:    -1.000000
DEBUG:    -1.000000
DEBUG:    -1.000000
DEBUG:    -1.000000
DEBUG:    -1.000000
DEBUG:    -1.000000
DEBUG:    -1.000000
DEBUG:    -1.000000
DEBUG:    -1.000000
DEBUG:    -1.000000
DEBUG:    -1.000000
DEBUG:    0.000000
DEBUG:    1.000000
DEBUG:    2.000000
DEBUG:    3.000000
DEBUG:    4.000000
DEBUG:    5.000000
DEBUG:    6.000000
DEBUG:    7.000000
DEBUG:    8.000000
DEBUG:    9.000000
DEBUG:    10.000000
DEBUG:    11.000000
DEBUG:    12.000000
DEBUG:    13.000000
DEBUG:    14.000000
DEBUG:    15.000000
DEBUG:    16.000000
DEBUG:    17.000000
DEBUG:    18.000000
DEBUG:    19.000000
DEBUG:    20.000000
DEBUG:    21.000000
DEBUG:    22.000000
DEBUG:    23.000000
DEBUG:    24.000000
DEBUG:    25.000000
DEBUG:    26.000000
DEBUG:    27.000000
DEBUG:    28.000000
DEBUG:    29.000000
DEBUG:    30.000000
WARNING:  Render update is behind -1562 microseconds! Current FPS: 29
DEBUG:    31.000000
DEBUG:    32.000000
DEBUG:    33.000000
DEBUG:    34.000000
DEBUG:    35.000000
DEBUG:    36.000000
DEBUG:    37.000000
DEBUG:    38.000000
DEBUG:    39.000000
DEBUG:    40.000000
DEBUG:    41.000000
DEBUG:    42.000000
DEBUG:    43.000000
DEBUG:    44.000000
DEBUG:    45.000000
WARNING:  Render update is behind -3111 microseconds! Current FPS: 27
DEBUG:    46.000000
DEBUG:    47.000000
DEBUG:    48.000000
DEBUG:    49.000000
DEBUG:    50.000000
DEBUG:    51.000000
DEBUG:    52.000000
DEBUG:    53.000000
DEBUG:    54.000000
DEBUG:    55.000000
DEBUG:    56.000000
DEBUG:    57.000000
DEBUG:    58.000000
DEBUG:    59.000000
DEBUG:    60.000000
DEBUG:    61.000000
DEBUG:    62.000000
DEBUG:    63.000000
DEBUG:    64.000000
DEBUG:    65.000000
DEBUG:    66.000000
DEBUG:    67.000000
DEBUG:    68.000000
DEBUG:    69.000000
DEBUG:    70.000000
DEBUG:    71.000000
DEBUG:    72.000000
DEBUG:    73.000000
DEBUG:    74.000000
DEBUG:    75.000000
DEBUG:    76.000000
DEBUG:    77.000000
DEBUG:    78.000000
DEBUG:    79.000000
DEBUG:    80.000000
DEBUG:    81.000000
DEBUG:    82.000000
DEBUG:    83.000000
DEBUG:    84.000000
DEBUG:    85.000000
DEBUG:    86.000000
DEBUG:    87.000000
DEBUG:    88.000000
DEBUG:    89.000000
DEBUG:    90.000000
INFO:     Cleaning up...
