DEBUG:    Initializing...
DEBUG:    Initializing Main_Info...
DEBUG:    Found querty option.
DEBUG:    Getting video modes...
DEBUG:    Creating window with resolution of 1366x768...
DEBUG:    Loading images...
DEBUG:    Initializing Status_Menu...
DEBUG:    Starting window render loop...
DEBUG:    Starting window event loop...
INFO:     Initialization Finished
DEBUG:    Set FPS to 30
WARNING:  Render update is behind -30328 microseconds! Current FPS: 16
WARNING:  Render update is behind -22449 microseconds! Current FPS: 18
WARNING:  Render update is behind -14710 microseconds! Current FPS: 21
WARNING:  Render update is behind -13074 microseconds! Current FPS: 22
WARNING:  Render update is behind -935 microseconds! Current FPS: 29
WARNING:  Render update is behind -27026 microseconds! Current FPS: 17
WARNING:  Render update is behind -2215 microseconds! Current FPS: 28
WARNING:  Render update is behind -334 microseconds! Current FPS: 30
WARNING:  Render update is behind -9677 microseconds! Current FPS: 23
WARNING:  Render update is behind -16424 microseconds! Current FPS: 20
WARNING:  Render update is behind -2170 microseconds! Current FPS: 28
WARNING:  Render update is behind -919 microseconds! Current FPS: 29
WARNING:  Render update is behind -6491 microseconds! Current FPS: 25
WARNING:  Render update is behind -1695 microseconds! Current FPS: 29
WARNING:  Render update is behind -4140 microseconds! Current FPS: 27
WARNING:  Render update is behind -7115 microseconds! Current FPS: 25
WARNING:  Render update is behind -737 microseconds! Current FPS: 29
WARNING:  Render update is behind -8427 microseconds! Current FPS: 24
INFO:     Cleaning up...
