DEBUG:    Initializing...
DEBUG:    Initializing Main_Info...
DEBUG:    Found querty option.
DEBUG:    Getting video modes...
DEBUG:    Creating window with resolution of 1366x768...
DEBUG:    Loading images...
DEBUG:    Initializing Status_Menu...
DEBUG:    Starting window render loop...
DEBUG:    Starting window event loop...
INFO:     Initialization Finished
DEBUG:    Set FPS to 30
WARNING:  Render update is behind -74468 microseconds! Current FPS: 9
WARNING:  Render update is behind -7577 microseconds! Current FPS: 24
WARNING:  Render update is behind -23670 microseconds! Current FPS: 18
WARNING:  Render update is behind -3241 microseconds! Current FPS: 27
WARNING:  Render update is behind -588 microseconds! Current FPS: 29
WARNING:  Render update is behind -18230 microseconds! Current FPS: 19
WARNING:  Render update is behind -537 microseconds! Current FPS: 30
WARNING:  Render update is behind -818 microseconds! Current FPS: 29
WARNING:  Render update is behind -2236 microseconds! Current FPS: 28
WARNING:  Render update is behind -4247 microseconds! Current FPS: 27
WARNING:  Render update is behind -936 microseconds! Current FPS: 29
INFO:     Cleaning up...
