DEBUG:    Initializing...
DEBUG:    Initializing Main_Info...
DEBUG:    Found querty option.
DEBUG:    Getting video modes...
DEBUG:    Creating window with resolution of 1366x768...
DEBUG:    Loading images...
DEBUG:    Initializing Status_Menu...
DEBUG:    Starting window render loop...
DEBUG:    Starting window event loop...
INFO:     Initialization Finished
DEBUG:    Set FPS to 30
WARNING:  Render update is behind -28930 microseconds! Current FPS: 16
WARNING:  Render update is behind -13996 microseconds! Current FPS: 21
WARNING:  Render update is behind -771 microseconds! Current FPS: 29
WARNING:  Render update is behind -28167 microseconds! Current FPS: 16
WARNING:  Render update is behind -9152 microseconds! Current FPS: 24
WARNING:  Render update is behind -422 microseconds! Current FPS: 30
WARNING:  Render update is behind -3234 microseconds! Current FPS: 27
WARNING:  Render update is behind -43 microseconds! Current FPS: 30
INFO:     Cleaning up...
