DEBUG:    Initializing...
DEBUG:    Initializing Main_Info...
DEBUG:    Found querty option.
DEBUG:    Getting video modes...
DEBUG:    Creating window with resolution of 1366x768...
DEBUG:    Loading images...
DEBUG:    Initializing Status_Menu...
DEBUG:    Starting window render loop...
DEBUG:    Starting window event loop...
INFO:     Initialization Finished
DEBUG:    Set FPS to 30
DEBUG:    0.000000
WARNING:  Render update is behind -18708 microseconds! Current FPS: 19
DEBUG:    90.000000
WARNING:  Render update is behind -25222 microseconds! Current FPS: 17
DEBUG:    180.000000
DEBUG:    270.000000
DEBUG:    0.000000
WARNING:  Render update is behind -55903 microseconds! Current FPS: 11
DEBUG:    90.000000
DEBUG:    180.000000
DEBUG:    270.000000
DEBUG:    0.000000
DEBUG:    90.000000
DEBUG:    180.000000
DEBUG:    270.000000
DEBUG:    0.000000
DEBUG:    90.000000
DEBUG:    180.000000
DEBUG:    270.000000
DEBUG:    0.000000
DEBUG:    90.000000
DEBUG:    180.000000
DEBUG:    270.000000
DEBUG:    0.000000
DEBUG:    90.000000
DEBUG:    180.000000
DEBUG:    270.000000
DEBUG:    0.000000
DEBUG:    90.000000
DEBUG:    180.000000
DEBUG:    270.000000
DEBUG:    0.000000
DEBUG:    90.000000
DEBUG:    180.000000
DEBUG:    270.000000
DEBUG:    0.000000
DEBUG:    90.000000
DEBUG:    180.000000
DEBUG:    270.000000
DEBUG:    0.000000
DEBUG:    90.000000
DEBUG:    180.000000
DEBUG:    270.000000
DEBUG:    0.000000
DEBUG:    90.000000
DEBUG:    180.000000
WARNING:  Render update is behind -3024 microseconds! Current FPS: 28
DEBUG:    270.000000
DEBUG:    0.000000
DEBUG:    90.000000
DEBUG:    180.000000
DEBUG:    270.000000
DEBUG:    0.000000
DEBUG:    90.000000
DEBUG:    180.000000
DEBUG:    270.000000
DEBUG:    0.000000
WARNING:  Render update is behind -3208 microseconds! Current FPS: 27
DEBUG:    90.000000
DEBUG:    180.000000
DEBUG:    270.000000
DEBUG:    0.000000
DEBUG:    90.000000
DEBUG:    180.000000
DEBUG:    270.000000
DEBUG:    0.000000
DEBUG:    90.000000
DEBUG:    180.000000
DEBUG:    270.000000
DEBUG:    0.000000
DEBUG:    90.000000
DEBUG:    180.000000
DEBUG:    270.000000
DEBUG:    0.000000
DEBUG:    90.000000
DEBUG:    180.000000
DEBUG:    270.000000
DEBUG:    0.000000
DEBUG:    90.000000
DEBUG:    180.000000
DEBUG:    270.000000
DEBUG:    0.000000
DEBUG:    90.000000
DEBUG:    180.000000
DEBUG:    270.000000
DEBUG:    0.000000
DEBUG:    90.000000
DEBUG:    180.000000
DEBUG:    270.000000
DEBUG:    0.000000
DEBUG:    90.000000
DEBUG:    180.000000
DEBUG:    270.000000
DEBUG:    0.000000
DEBUG:    90.000000
DEBUG:    90.000000
DEBUG:    27.500000
DEBUG:    283.333313
DEBUG:    153.125000
DEBUG:    308.449066
DEBUG:    107.744995
DEBUG:    215.374237
DEBUG:    344.134155
DEBUG:    73.991486
DEBUG:    134.337082
DEBUG:    172.512161
DEBUG:    194.230621
DEBUG:    263.917603
DEBUG:    314.980286
DEBUG:    351.691040
DEBUG:    17.415405
DEBUG:    34.795795
DEBUG:    45.898964
DEBUG:    52.334526
DEBUG:    55.349930
DEBUG:    55.906464
DEBUG:    54.739983
DEBUG:    52.409374
DEBUG:    49.335079
DEBUG:    45.829731
DEBUG:    42.122417
DEBUG:    38.377823
DEBUG:    34.711361
DEBUG:    31.201004
DEBUG:    27.896561
DEBUG:    24.826904
DEBUG:    22.005562
DEBUG:    19.435032
DEBUG:    17.110079
DEBUG:    15.020248
DEBUG:    13.151748
DEBUG:    11.488852
DEBUG:    10.014928
DEBUG:    8.713178
DEBUG:    7.567152
DEBUG:    6.561101
DEBUG:    5.680202
DEBUG:    4.910684
DEBUG:    4.239888
DEBUG:    3.656283
DEBUG:    3.149438
DEBUG:    2.709978
DEBUG:    2.329520
DEBUG:    2.000605
WARNING:  Render update is behind -6317 microseconds! Current FPS: 25
DEBUG:    1.716619
DEBUG:    1.471723
DEBUG:    1.260774
DEBUG:    1.079261
DEBUG:    0.923231
DEBUG:    0.789231
DEBUG:    0.809103
DEBUG:    0.828975
DEBUG:    0.848848
DEBUG:    0.868720
DEBUG:    0.888592
DEBUG:    0.908464
DEBUG:    0.928336
DEBUG:    0.948208
DEBUG:    0.968080
DEBUG:    0.987952
DEBUG:    1.007825
DEBUG:    1.027697
DEBUG:    1.047569
DEBUG:    1.067441
DEBUG:    1.087313
DEBUG:    1.107185
DEBUG:    1.127057
DEBUG:    1.146929
WARNING:  Render update is behind -6195 microseconds! Current FPS: 25
DEBUG:    1.166801
DEBUG:    1.186673
DEBUG:    1.206545
DEBUG:    1.226417
DEBUG:    1.246289
DEBUG:    1.266161
DEBUG:    1.286034
WARNING:  Render update is behind -4949 microseconds! Current FPS: 26
DEBUG:    1.305906
DEBUG:    1.325778
WARNING:  Render update is behind -5469 microseconds! Current FPS: 26
DEBUG:    1.345650
DEBUG:    1.365522
DEBUG:    1.385394
DEBUG:    1.405266
DEBUG:    1.425138
DEBUG:    1.445010
DEBUG:    1.464882
DEBUG:    1.484754
DEBUG:    1.504626
DEBUG:    1.524498
DEBUG:    1.544370
DEBUG:    1.564242
DEBUG:    1.584115
DEBUG:    1.603987
DEBUG:    1.623859
DEBUG:    1.643731
DEBUG:    1.663603
DEBUG:    1.683475
DEBUG:    1.703347
DEBUG:    1.723219
DEBUG:    1.743091
DEBUG:    1.762963
DEBUG:    1.782835
DEBUG:    1.802707
DEBUG:    1.822579
DEBUG:    1.842451
DEBUG:    1.862324
WARNING:  Render update is behind -15753 microseconds! Current FPS: 20
DEBUG:    1.882196
DEBUG:    1.902068
DEBUG:    1.921940
DEBUG:    1.941812
DEBUG:    1.961684
DEBUG:    1.981556
DEBUG:    2.001428
DEBUG:    2.021300
DEBUG:    2.041173
DEBUG:    2.061045
DEBUG:    2.080917
DEBUG:    2.100789
DEBUG:    2.120661
DEBUG:    2.140533
DEBUG:    2.160406
DEBUG:    2.180278
DEBUG:    2.200150
DEBUG:    2.220022
WARNING:  Render update is behind -2560 microseconds! Current FPS: 28
DEBUG:    2.239894
WARNING:  Render update is behind -3802 microseconds! Current FPS: 27
DEBUG:    2.259767
DEBUG:    2.279639
DEBUG:    2.299511
DEBUG:    2.319383
DEBUG:    2.339255
DEBUG:    2.359128
DEBUG:    2.379000
DEBUG:    2.398872
DEBUG:    2.418744
DEBUG:    2.438616
DEBUG:    2.458488
DEBUG:    2.478361
DEBUG:    2.498233
DEBUG:    2.518105
DEBUG:    2.537977
DEBUG:    2.557849
DEBUG:    2.577722
DEBUG:    2.597594
WARNING:  Render update is behind -2308 microseconds! Current FPS: 28
DEBUG:    2.617466
DEBUG:    2.637338
DEBUG:    2.657210
WARNING:  Render update is behind -8474 microseconds! Current FPS: 24
DEBUG:    2.677083
DEBUG:    2.696955
DEBUG:    2.716827
DEBUG:    2.736699
DEBUG:    2.756571
DEBUG:    2.776443
WARNING:  Render update is behind -5220 microseconds! Current FPS: 26
DEBUG:    2.796316
DEBUG:    2.816188
DEBUG:    2.836060
DEBUG:    2.855932
WARNING:  Render update is behind -2442 microseconds! Current FPS: 28
DEBUG:    2.875804
DEBUG:    2.895677
DEBUG:    2.915549
DEBUG:    2.935421
DEBUG:    2.955293
DEBUG:    2.975165
DEBUG:    2.995038
WARNING:  Render update is behind -8884 microseconds! Current FPS: 24
DEBUG:    3.014910
DEBUG:    3.034782
DEBUG:    3.054654
DEBUG:    3.074526
DEBUG:    3.094398
DEBUG:    3.114271
DEBUG:    3.134143
DEBUG:    3.154015
DEBUG:    3.173887
DEBUG:    3.193759
DEBUG:    3.213632
DEBUG:    3.233504
DEBUG:    3.253376
DEBUG:    3.273248
DEBUG:    3.293120
DEBUG:    3.312993
DEBUG:    3.332865
DEBUG:    3.352737
DEBUG:    3.372609
DEBUG:    3.392481
DEBUG:    3.412354
DEBUG:    3.432226
DEBUG:    3.452098
DEBUG:    3.471970
DEBUG:    3.491842
DEBUG:    3.511714
DEBUG:    3.531587
DEBUG:    3.551459
DEBUG:    3.571331
DEBUG:    3.591203
DEBUG:    3.611075
DEBUG:    3.630948
DEBUG:    3.650820
DEBUG:    3.670692
WARNING:  Render update is behind -17786 microseconds! Current FPS: 20
DEBUG:    3.690564
DEBUG:    3.710436
WARNING:  Render update is behind -22889 microseconds! Current FPS: 18
DEBUG:    3.730309
DEBUG:    3.750181
DEBUG:    3.770053
WARNING:  Render update is behind -7610 microseconds! Current FPS: 24
DEBUG:    3.789925
DEBUG:    3.809797
DEBUG:    3.829669
DEBUG:    3.849542
DEBUG:    3.869414
DEBUG:    3.889286
DEBUG:    3.909158
DEBUG:    3.929030
DEBUG:    3.948903
DEBUG:    3.968775
DEBUG:    3.988647
DEBUG:    4.008519
DEBUG:    4.028391
DEBUG:    4.048264
DEBUG:    4.068136
DEBUG:    4.088008
DEBUG:    4.107880
DEBUG:    4.127752
DEBUG:    4.147624
DEBUG:    4.167497
DEBUG:    4.187369
DEBUG:    4.207241
DEBUG:    4.227113
DEBUG:    4.246985
DEBUG:    4.266858
DEBUG:    4.286730
DEBUG:    4.306602
DEBUG:    4.326474
DEBUG:    4.346346
DEBUG:    4.366219
DEBUG:    4.386091
DEBUG:    4.405963
DEBUG:    4.425835
DEBUG:    4.445707
DEBUG:    4.465580
DEBUG:    4.485452
DEBUG:    4.505324
DEBUG:    4.525196
DEBUG:    4.545068
DEBUG:    4.564940
DEBUG:    4.584813
DEBUG:    4.604685
DEBUG:    4.624557
DEBUG:    4.644429
DEBUG:    4.664301
DEBUG:    4.684174
DEBUG:    4.704046
DEBUG:    4.723918
DEBUG:    4.743790
DEBUG:    4.763662
DEBUG:    4.783535
DEBUG:    4.803407
WARNING:  Render update is behind -850 microseconds! Current FPS: 29
DEBUG:    4.823279
WARNING:  Render update is behind -44356 microseconds! Current FPS: 13
DEBUG:    4.843151
DEBUG:    4.863023
DEBUG:    4.882895
DEBUG:    4.902768
DEBUG:    4.922640
DEBUG:    4.942512
DEBUG:    4.962384
DEBUG:    4.982256
DEBUG:    5.002129
DEBUG:    5.022001
DEBUG:    5.041873
DEBUG:    5.061745
DEBUG:    5.081617
DEBUG:    5.101490
WARNING:  Render update is behind -20629 microseconds! Current FPS: 19
DEBUG:    5.121362
DEBUG:    5.141234
WARNING:  Render update is behind -696 microseconds! Current FPS: 29
DEBUG:    5.161106
DEBUG:    5.180978
DEBUG:    5.200850
DEBUG:    5.220723
DEBUG:    5.240595
DEBUG:    5.260467
DEBUG:    5.280339
DEBUG:    5.300211
DEBUG:    5.320084
DEBUG:    5.339956
DEBUG:    5.359828
DEBUG:    5.379700
DEBUG:    5.399572
DEBUG:    5.419445
DEBUG:    5.439317
WARNING:  Render update is behind -15337 microseconds! Current FPS: 21
DEBUG:    5.459189
DEBUG:    5.479061
DEBUG:    5.498933
DEBUG:    5.518806
DEBUG:    5.538678
DEBUG:    5.558550
DEBUG:    5.578422
DEBUG:    5.598294
DEBUG:    5.618166
DEBUG:    5.638039
DEBUG:    5.657911
DEBUG:    5.677783
DEBUG:    5.697655
DEBUG:    5.717527
DEBUG:    5.737400
DEBUG:    5.757272
WARNING:  Render update is behind -1469 microseconds! Current FPS: 29
DEBUG:    5.777144
DEBUG:    5.797016
DEBUG:    5.816888
DEBUG:    5.836761
DEBUG:    5.856633
DEBUG:    5.876505
WARNING:  Render update is behind -1270 microseconds! Current FPS: 29
DEBUG:    5.896377
DEBUG:    5.916249
DEBUG:    5.936121
DEBUG:    5.955994
DEBUG:    5.975866
DEBUG:    5.995738
DEBUG:    6.015610
DEBUG:    6.035482
DEBUG:    6.055355
DEBUG:    6.075227
WARNING:  Render update is behind -929 microseconds! Current FPS: 29
DEBUG:    6.095099
DEBUG:    6.114971
DEBUG:    6.134843
DEBUG:    6.154716
DEBUG:    6.174588
DEBUG:    6.194460
WARNING:  Render update is behind -2217 microseconds! Current FPS: 28
DEBUG:    6.214332
DEBUG:    6.234204
DEBUG:    6.254076
DEBUG:    6.273949
DEBUG:    6.293821
DEBUG:    6.313693
DEBUG:    6.333565
DEBUG:    6.353437
DEBUG:    6.373310
DEBUG:    6.393182
DEBUG:    6.413054
DEBUG:    6.432926
DEBUG:    6.452798
DEBUG:    6.472671
DEBUG:    6.492543
DEBUG:    6.512415
DEBUG:    6.532287
DEBUG:    6.552159
DEBUG:    6.572031
DEBUG:    6.591904
DEBUG:    6.611776
DEBUG:    6.631648
DEBUG:    6.651520
DEBUG:    6.671392
DEBUG:    6.691265
DEBUG:    6.711137
WARNING:  Render update is behind -4440 microseconds! Current FPS: 26
DEBUG:    6.731009
DEBUG:    6.750881
DEBUG:    6.770753
DEBUG:    6.790626
DEBUG:    6.810498
