DEBUG:    Initializing...
DEBUG:    Initializing Main_Info...
DEBUG:    Found querty option.
DEBUG:    Getting video modes...
DEBUG:    Creating window with resolution of 1366x768...
DEBUG:    Loading images...
DEBUG:    Initializing Status_Menu...
DEBUG:    Starting window render loop...
DEBUG:    Starting window event loop...
INFO:     Initialization Finished
DEBUG:    Set FPS to 30
WARNING:  Render update is behind -20209 microseconds! Current FPS: 19
WARNING:  Render update is behind -44368 microseconds! Current FPS: 13
WARNING:  Render update is behind -20715 microseconds! Current FPS: 19
WARNING:  Render update is behind -15557 microseconds! Current FPS: 20
WARNING:  Render update is behind -19064 microseconds! Current FPS: 19
WARNING:  Render update is behind -14886 microseconds! Current FPS: 21
WARNING:  Render update is behind -2942 microseconds! Current FPS: 28
WARNING:  Render update is behind -993 microseconds! Current FPS: 29
WARNING:  Render update is behind -7065 microseconds! Current FPS: 25
WARNING:  Render update is behind -1096 microseconds! Current FPS: 29
WARNING:  Render update is behind -423 microseconds! Current FPS: 30
WARNING:  Render update is behind -3409 microseconds! Current FPS: 27
WARNING:  Render update is behind -9335 microseconds! Current FPS: 23
WARNING:  Render update is behind -527 microseconds! Current FPS: 30
WARNING:  Render update is behind -11619 microseconds! Current FPS: 22
WARNING:  Render update is behind -83 microseconds! Current FPS: 30
INFO:     Cleaning up...
