DEBUG:    Initializing...
DEBUG:    Getting video modes...
DEBUG:    Creating window with resolution of 1366x768...
DEBUG:    Loading images...
DEBUG:    Initializing Status_Menu...
DEBUG:    Starting window render loop...
DEBUG:    Starting window event loop...
INFO:     Initialization Finished
DEBUG:    FPS: 28
WARNING:  Render update is behind -19355 microseconds!
DEBUG:    FPS: 11
WARNING:  Render update is behind -71289 microseconds!
DEBUG:    FPS: 29
WARNING:  Render update is behind -17113 microseconds!
DEBUG:    FPS: 20
WARNING:  Render update is behind -31399 microseconds!
DEBUG:    FPS: 83
DEBUG:    FPS: 48
WARNING:  Render update is behind -4142 microseconds!
DEBUG:    FPS: 132
DEBUG:    FPS: 30
WARNING:  Render update is behind -16080 microseconds!
DEBUG:    FPS: 21
WARNING:  Render update is behind -30183 microseconds!
INFO:     Cleaning up...
