DEBUG:    Initializing...
DEBUG:    Initializing Main_Info...
DEBUG:    Found querty option.
DEBUG:    Getting video modes...
DEBUG:    Creating window with resolution of 1366x768...
DEBUG:    Loading images...
DEBUG:    Initializing Status_Menu...
DEBUG:    Starting window render loop...
DEBUG:    Starting window event loop...
INFO:     Initialization Finished
DEBUG:    Set FPS to 30
WARNING:  Render update is behind -41824 microseconds! Current FPS: 13
WARNING:  Render update is behind -26081 microseconds! Current FPS: 17
WARNING:  Render update is behind -1773 microseconds! Current FPS: 28
WARNING:  Render update is behind -22744 microseconds! Current FPS: 18
WARNING:  Render update is behind -19708 microseconds! Current FPS: 19
WARNING:  Render update is behind -5278 microseconds! Current FPS: 26
WARNING:  Render update is behind -8420 microseconds! Current FPS: 24
WARNING:  Render update is behind -2295 microseconds! Current FPS: 28
WARNING:  Render update is behind -573 microseconds! Current FPS: 29
WARNING:  Render update is behind -2643 microseconds! Current FPS: 28
WARNING:  Render update is behind -4081 microseconds! Current FPS: 27
WARNING:  Render update is behind -16070 microseconds! Current FPS: 20
WARNING:  Render update is behind -13701 microseconds! Current FPS: 21
WARNING:  Render update is behind -14883 microseconds! Current FPS: 21
WARNING:  Render update is behind -1604 microseconds! Current FPS: 29
INFO:     Cleaning up...
