DEBUG:    Initializing...
DEBUG:    Initializing Main_Info...
DEBUG:    Found querty option.
DEBUG:    Getting video modes...
DEBUG:    Creating window with resolution of 1366x768...
DEBUG:    Loading images...
DEBUG:    Initializing Status_Menu...
DEBUG:    Starting window render loop...
DEBUG:    Starting window event loop...
INFO:     Initialization Finished
DEBUG:    Set FPS to 30
DEBUG:    0.000000
WARNING:  Render update is behind -21553 microseconds! Current FPS: 18
DEBUG:    90.000000
DEBUG:    180.000000
DEBUG:    270.000000
DEBUG:    0.000000
DEBUG:    90.000000
DEBUG:    180.000000
DEBUG:    270.000000
DEBUG:    0.000000
DEBUG:    90.000000
DEBUG:    180.000000
DEBUG:    270.000000
DEBUG:    0.000000
DEBUG:    90.000000
DEBUG:    180.000000
DEBUG:    270.000000
DEBUG:    0.000000
DEBUG:    90.000000
DEBUG:    180.000000
DEBUG:    270.000000
DEBUG:    0.000000
DEBUG:    90.000000
DEBUG:    180.000000
DEBUG:    270.000000
DEBUG:    0.000000
DEBUG:    90.000000
DEBUG:    180.000000
DEBUG:    270.000000
DEBUG:    0.000000
DEBUG:    90.000000
DEBUG:    180.000000
DEBUG:    270.000000
WARNING:  Render update is behind -13363 microseconds! Current FPS: 21
DEBUG:    0.000000
DEBUG:    90.000000
DEBUG:    180.000000
DEBUG:    270.000000
DEBUG:    0.000000
DEBUG:    90.000000
DEBUG:    180.000000
DEBUG:    270.000000
DEBUG:    0.000000
DEBUG:    90.000000
DEBUG:    180.000000
DEBUG:    270.000000
DEBUG:    0.000000
DEBUG:    90.000000
DEBUG:    180.000000
DEBUG:    270.000000
DEBUG:    0.000000
DEBUG:    90.000000
DEBUG:    180.000000
DEBUG:    270.000000
DEBUG:    0.000000
DEBUG:    90.000000
DEBUG:    180.000000
DEBUG:    270.000000
DEBUG:    0.000000
DEBUG:    90.000000
DEBUG:    180.000000
DEBUG:    270.000000
DEBUG:    0.000000
DEBUG:    90.000000
DEBUG:    180.000000
DEBUG:    270.000000
DEBUG:    0.000000
DEBUG:    90.000000
DEBUG:    180.000000
DEBUG:    270.000000
DEBUG:    0.000000
DEBUG:    90.000000
DEBUG:    180.000000
DEBUG:    270.000000
DEBUG:    0.000000
DEBUG:    90.000000
DEBUG:    180.000000
DEBUG:    270.000000
DEBUG:    0.000000
DEBUG:    90.000000
DEBUG:    180.000000
DEBUG:    270.000000
DEBUG:    0.000000
DEBUG:    90.000000
DEBUG:    180.000000
DEBUG:    270.000000
DEBUG:    0.000000
DEBUG:    90.000000
DEBUG:    180.000000
DEBUG:    270.000000
DEBUG:    0.000000
DEBUG:    90.000000
DEBUG:    90.000000
DEBUG:    27.500000
DEBUG:    283.333313
DEBUG:    153.125000
WARNING:  Render update is behind -15348 microseconds! Current FPS: 21
DEBUG:    308.449066
DEBUG:    107.744995
DEBUG:    215.374237
DEBUG:    344.134155
DEBUG:    73.991486
DEBUG:    134.337082
DEBUG:    172.512161
DEBUG:    194.230621
DEBUG:    263.917603
DEBUG:    314.980286
DEBUG:    351.691040
DEBUG:    17.415405
DEBUG:    34.795795
DEBUG:    45.898964
DEBUG:    52.334526
DEBUG:    55.349930
DEBUG:    55.906464
DEBUG:    54.739983
DEBUG:    52.409374
DEBUG:    49.335079
DEBUG:    45.829731
DEBUG:    42.122417
DEBUG:    38.377823
DEBUG:    34.711361
DEBUG:    31.201004
DEBUG:    27.896561
DEBUG:    24.826904
DEBUG:    22.005562
DEBUG:    19.435032
DEBUG:    17.110079
DEBUG:    15.020248
DEBUG:    13.151748
DEBUG:    11.488852
DEBUG:    10.014928
DEBUG:    8.713178
WARNING:  Render update is behind -2514 microseconds! Current FPS: 28
DEBUG:    7.567152
DEBUG:    6.394435
DEBUG:    6.282910
DEBUG:    5.971385
DEBUG:    5.459860
DEBUG:    4.748335
DEBUG:    4.036810
DEBUG:    3.325285
DEBUG:    2.613760
DEBUG:    1.902235
DEBUG:    1.190710
DEBUG:    0.479185
DEBUG:    359.767670
DEBUG:    359.056152
DEBUG:    358.344635
DEBUG:    357.633118
DEBUG:    356.921600
DEBUG:    356.210083
DEBUG:    355.298553
DEBUG:    354.187042
DEBUG:    352.875519
DEBUG:    351.363983
DEBUG:    349.652466
DEBUG:    347.740936
DEBUG:    345.629425
DEBUG:    343.517914
DEBUG:    341.406403
DEBUG:    339.294891
DEBUG:    337.183380
DEBUG:    335.071869
DEBUG:    332.960358
DEBUG:    330.848846
DEBUG:    328.937317
DEBUG:    327.225800
DEBUG:    325.714264
DEBUG:    324.402740
DEBUG:    323.291229
DEBUG:    322.379700
DEBUG:    321.668182
DEBUG:    321.156647
DEBUG:    320.845123
DEBUG:    320.733612
WARNING:  Render update is behind -68125 microseconds! Current FPS: 10
DEBUG:    320.822083
DEBUG:    321.110565
DEBUG:    321.599030
DEBUG:    322.287506
DEBUG:    323.175995
DEBUG:    324.264465
DEBUG:    325.552948
DEBUG:    327.041412
DEBUG:    328.529877
DEBUG:    330.018341
DEBUG:    331.506805
DEBUG:    332.995270
DEBUG:    334.483734
DEBUG:    334.483734
DEBUG:    339.483734
DEBUG:    349.483734
DEBUG:    4.483734
DEBUG:    24.483734
DEBUG:    49.483734
DEBUG:    79.483734
DEBUG:    114.483734
DEBUG:    154.483734
DEBUG:    199.483734
DEBUG:    249.483734
DEBUG:    304.483734
DEBUG:    4.483734
DEBUG:    69.483734
DEBUG:    139.483734
DEBUG:    214.483734
DEBUG:    294.483734
DEBUG:    19.483734
DEBUG:    109.483734
DEBUG:    204.483734
DEBUG:    304.483734
DEBUG:    49.483734
DEBUG:    159.483734
DEBUG:    274.483734
DEBUG:    34.483734
DEBUG:    159.483734
DEBUG:    289.483734
DEBUG:    64.483734
DEBUG:    204.483734
DEBUG:    349.483734
DEBUG:    139.483734
DEBUG:    294.483734
DEBUG:    94.483734
DEBUG:    259.483734
DEBUG:    69.483734
DEBUG:    244.483734
DEBUG:    64.483734
DEBUG:    249.483734
DEBUG:    79.483734
DEBUG:    274.483734
DEBUG:    114.483734
DEBUG:    319.483734
DEBUG:    169.483765
DEBUG:    24.483765
DEBUG:    244.483765
DEBUG:    109.483765
DEBUG:    339.483765
DEBUG:    214.483765
DEBUG:    94.483765
DEBUG:    339.483765
DEBUG:    229.483765
DEBUG:    124.483765
DEBUG:    24.483765
DEBUG:    289.483765
DEBUG:    199.483765
DEBUG:    114.483765
DEBUG:    34.483765
DEBUG:    319.483765
DEBUG:    249.483765
DEBUG:    184.483765
DEBUG:    124.483765
DEBUG:    69.483765
DEBUG:    19.483765
DEBUG:    334.483765
DEBUG:    294.483765
DEBUG:    259.483765
WARNING:  Render update is behind -3511 microseconds! Current FPS: 27
DEBUG:    229.483765
DEBUG:    204.483765
DEBUG:    184.483765
DEBUG:    169.483765
DEBUG:    159.483765
DEBUG:    154.483765
DEBUG:    154.483765
DEBUG:    159.483765
DEBUG:    169.483765
DEBUG:    184.483765
DEBUG:    204.483765
DEBUG:    229.483765
DEBUG:    259.483765
DEBUG:    294.483765
DEBUG:    334.483765
DEBUG:    19.483765
DEBUG:    69.483765
DEBUG:    124.483765
DEBUG:    184.483765
DEBUG:    249.483765
DEBUG:    319.483765
DEBUG:    34.483765
DEBUG:    114.483765
DEBUG:    199.483765
INFO:     Cleaning up...
