DEBUG:    Initializing...
DEBUG:    Initializing Main_Info...
DEBUG:    Found querty option.
DEBUG:    Getting video modes...
DEBUG:    Creating window with resolution of 1366x768...
DEBUG:    Loading images...
DEBUG:    Initializing Status_Menu...
DEBUG:    Starting window render loop...
DEBUG:    Starting window event loop...
INFO:     Initialization Finished
DEBUG:    Set FPS to 30
DEBUG:    0.000000
WARNING:  Render update is behind -48197 microseconds! Current FPS: 12
DEBUG:    90.000000
DEBUG:    180.000000
DEBUG:    270.000000
DEBUG:    0.000000
DEBUG:    90.000000
DEBUG:    180.000000
DEBUG:    270.000000
DEBUG:    0.000000
DEBUG:    90.000000
DEBUG:    180.000000
DEBUG:    270.000000
DEBUG:    0.000000
DEBUG:    90.000000
DEBUG:    180.000000
DEBUG:    270.000000
DEBUG:    0.000000
DEBUG:    90.000000
DEBUG:    180.000000
DEBUG:    270.000000
DEBUG:    0.000000
DEBUG:    90.000000
DEBUG:    180.000000
DEBUG:    270.000000
DEBUG:    0.000000
DEBUG:    90.000000
DEBUG:    180.000000
DEBUG:    270.000000
DEBUG:    0.000000
DEBUG:    90.000000
DEBUG:    180.000000
DEBUG:    270.000000
DEBUG:    0.000000
DEBUG:    90.000000
DEBUG:    180.000000
DEBUG:    270.000000
DEBUG:    0.000000
DEBUG:    90.000000
DEBUG:    180.000000
DEBUG:    270.000000
WARNING:  Render update is behind -1656 microseconds! Current FPS: 29
DEBUG:    0.000000
DEBUG:    90.000000
WARNING:  Render update is behind -3639 microseconds! Current FPS: 27
DEBUG:    180.000000
DEBUG:    270.000000
DEBUG:    0.000000
DEBUG:    90.000000
DEBUG:    180.000000
DEBUG:    270.000000
DEBUG:    0.000000
DEBUG:    90.000000
DEBUG:    180.000000
DEBUG:    270.000000
DEBUG:    0.000000
DEBUG:    90.000000
DEBUG:    180.000000
DEBUG:    270.000000
DEBUG:    0.000000
DEBUG:    90.000000
DEBUG:    180.000000
DEBUG:    270.000000
DEBUG:    0.000000
DEBUG:    90.000000
DEBUG:    180.000000
DEBUG:    10.000000
DEBUG:    205.000000
DEBUG:    45.000000
DEBUG:    250.000000
DEBUG:    100.000000
DEBUG:    315.000000
DEBUG:    170.000000
WARNING:  Render update is behind -2821 microseconds! Current FPS: 28
DEBUG:    25.000000
DEBUG:    240.000000
DEBUG:    95.000000
DEBUG:    310.000000
DEBUG:    165.000000
DEBUG:    20.000000
DEBUG:    235.000000
DEBUG:    90.000000
DEBUG:    305.000000
WARNING:  Render update is behind -8506 microseconds! Current FPS: 24
DEBUG:    160.000000
DEBUG:    15.000000
DEBUG:    230.000000
DEBUG:    85.000000
DEBUG:    300.000000
DEBUG:    155.000000
DEBUG:    10.000000
DEBUG:    225.000000
DEBUG:    80.000000
DEBUG:    295.000000
DEBUG:    150.000000
DEBUG:    5.000000
DEBUG:    115.000000
DEBUG:    230.000000
DEBUG:    350.000000
DEBUG:    115.000000
DEBUG:    245.000000
DEBUG:    20.000000
DEBUG:    160.000000
DEBUG:    305.000000
WARNING:  Render update is behind -4391 microseconds! Current FPS: 27
DEBUG:    95.000000
DEBUG:    250.000000
DEBUG:    50.000000
DEBUG:    215.000000
DEBUG:    25.000000
WARNING:  Render update is behind -13358 microseconds! Current FPS: 21
DEBUG:    200.000000
WARNING:  Render update is behind -12369 microseconds! Current FPS: 22
DEBUG:    20.000000
DEBUG:    205.000000
DEBUG:    35.000000
DEBUG:    230.000000
DEBUG:    70.000000
DEBUG:    275.000000
DEBUG:    125.000000
DEBUG:    340.000000
DEBUG:    200.000000
DEBUG:    65.000000
DEBUG:    295.000000
DEBUG:    170.000000
DEBUG:    50.000000
DEBUG:    295.000000
DEBUG:    185.000000
DEBUG:    80.000000
DEBUG:    340.000000
DEBUG:    245.000000
DEBUG:    155.000000
DEBUG:    70.000000
WARNING:  Render update is behind -4322 microseconds! Current FPS: 27
DEBUG:    350.000000
DEBUG:    275.000000
DEBUG:    205.000000
DEBUG:    140.000000
DEBUG:    80.000000
DEBUG:    25.000000
DEBUG:    335.000000
DEBUG:    290.000000
DEBUG:    250.000000
DEBUG:    215.000000
DEBUG:    185.000000
DEBUG:    160.000000
DEBUG:    140.000000
DEBUG:    125.000000
DEBUG:    115.000000
DEBUG:    110.000000
DEBUG:    110.000000
DEBUG:    115.000000
DEBUG:    125.000000
DEBUG:    140.000000
DEBUG:    160.000000
DEBUG:    185.000000
WARNING:  Render update is behind -8958 microseconds! Current FPS: 24
DEBUG:    215.000000
DEBUG:    250.000000
DEBUG:    290.000000
DEBUG:    335.000000
DEBUG:    25.000000
DEBUG:    80.000000
DEBUG:    140.000000
DEBUG:    205.000000
DEBUG:    275.000000
DEBUG:    350.000000
DEBUG:    70.000000
DEBUG:    155.000000
INFO:     Cleaning up...
