DEBUG:    Initializing...
DEBUG:    Initializing Main_Info...
DEBUG:    Found querty option.
DEBUG:    Getting video modes...
DEBUG:    Creating window with resolution of 1366x768...
DEBUG:    Loading images...
DEBUG:    Initializing Status_Menu...
DEBUG:    Starting window render loop...
DEBUG:    Starting window event loop...
INFO:     Initialization Finished
DEBUG:    Set FPS to 30
DEBUG:    0.000000
WARNING:  Render update is behind -48289 microseconds! Current FPS: 12
DEBUG:    90.000000
WARNING:  Render update is behind -16401 microseconds! Current FPS: 20
DEBUG:    180.000000
DEBUG:    270.000000
WARNING:  Render update is behind -35455 microseconds! Current FPS: 15
DEBUG:    0.000000
DEBUG:    90.000000
WARNING:  Render update is behind -2540 microseconds! Current FPS: 28
DEBUG:    180.000000
DEBUG:    270.000000
WARNING:  Render update is behind -7833 microseconds! Current FPS: 24
DEBUG:    0.000000
DEBUG:    90.000000
DEBUG:    180.000000
DEBUG:    270.000000
DEBUG:    0.000000
DEBUG:    90.000000
DEBUG:    180.000000
DEBUG:    270.000000
DEBUG:    0.000000
DEBUG:    90.000000
DEBUG:    180.000000
DEBUG:    270.000000
DEBUG:    0.000000
WARNING:  Render update is behind -9605 microseconds! Current FPS: 23
DEBUG:    90.000000
WARNING:  Render update is behind -8409 microseconds! Current FPS: 24
DEBUG:    180.000000
DEBUG:    270.000000
DEBUG:    0.000000
DEBUG:    90.000000
DEBUG:    180.000000
DEBUG:    270.000000
DEBUG:    0.000000
DEBUG:    90.000000
DEBUG:    180.000000
DEBUG:    270.000000
DEBUG:    0.000000
DEBUG:    90.000000
DEBUG:    180.000000
DEBUG:    270.000000
DEBUG:    0.000000
DEBUG:    90.000000
DEBUG:    180.000000
DEBUG:    270.000000
DEBUG:    0.000000
DEBUG:    90.000000
DEBUG:    180.000000
DEBUG:    270.000000
DEBUG:    0.000000
DEBUG:    90.000000
DEBUG:    180.000000
DEBUG:    270.000000
DEBUG:    0.000000
DEBUG:    90.000000
DEBUG:    180.000000
WARNING:  Render update is behind -2311 microseconds! Current FPS: 28
DEBUG:    270.000000
DEBUG:    0.000000
DEBUG:    90.000000
DEBUG:    180.000000
DEBUG:    270.000000
DEBUG:    0.000000
DEBUG:    90.000000
DEBUG:    180.000000
DEBUG:    270.000000
DEBUG:    0.000000
DEBUG:    90.000000
DEBUG:    180.000000
DEBUG:    270.000000
DEBUG:    0.000000
DEBUG:    90.000000
DEBUG:    180.000000
DEBUG:    270.000000
DEBUG:    0.000000
DEBUG:    90.000000
DEBUG:    180.000000
DEBUG:    270.000000
DEBUG:    0.000000
DEBUG:    90.000000
DEBUG:    180.000000
DEBUG:    270.000000
DEBUG:    0.000000
DEBUG:    90.000000
DEBUG:    180.000000
DEBUG:    270.000000
DEBUG:    0.000000
DEBUG:    90.000000
DEBUG:    180.000000
DEBUG:    270.000000
DEBUG:    0.000000
DEBUG:    90.000000
DEBUG:    180.000000
DEBUG:    270.000000
DEBUG:    0.000000
DEBUG:    90.000000
DEBUG:    90.000000
DEBUG:    27.500000
DEBUG:    283.333313
DEBUG:    153.125000
DEBUG:    308.449066
DEBUG:    107.744995
DEBUG:    215.374237
DEBUG:    344.134155
DEBUG:    73.991486
DEBUG:    134.337082
DEBUG:    172.512161
DEBUG:    194.230621
DEBUG:    263.917603
DEBUG:    314.980286
DEBUG:    351.691040
DEBUG:    17.415405
DEBUG:    34.795795
DEBUG:    45.898964
DEBUG:    52.334526
DEBUG:    55.349930
DEBUG:    55.906464
DEBUG:    54.739983
DEBUG:    52.409374
DEBUG:    49.335079
DEBUG:    45.829731
DEBUG:    42.122417
DEBUG:    38.377823
DEBUG:    34.711361
DEBUG:    31.201004
DEBUG:    27.896561
DEBUG:    24.826904
DEBUG:    22.005562
DEBUG:    19.435032
DEBUG:    17.110079
DEBUG:    15.020248
DEBUG:    13.151748
DEBUG:    11.488852
DEBUG:    10.014928
DEBUG:    8.713178
DEBUG:    7.567152
DEBUG:    6.561101
DEBUG:    5.680202
DEBUG:    5.892820
DEBUG:    6.105438
DEBUG:    6.318056
DEBUG:    6.530674
DEBUG:    6.743292
DEBUG:    6.955910
DEBUG:    7.168528
DEBUG:    7.381145
WARNING:  Render update is behind -19087 microseconds! Current FPS: 19
DEBUG:    7.593763
WARNING:  Render update is behind -20895 microseconds! Current FPS: 18
DEBUG:    7.806381
WARNING:  Render update is behind -7121 microseconds! Current FPS: 25
DEBUG:    8.018999
WARNING:  Render update is behind -9435 microseconds! Current FPS: 23
DEBUG:    8.231617
DEBUG:    8.444235
DEBUG:    8.656853
DEBUG:    8.869471
DEBUG:    9.082088
DEBUG:    9.294706
DEBUG:    9.507324
DEBUG:    9.719942
DEBUG:    9.932560
DEBUG:    10.145178
DEBUG:    10.357796
DEBUG:    10.570414
DEBUG:    10.783031
DEBUG:    10.995649
DEBUG:    11.208267
DEBUG:    11.420885
DEBUG:    11.633503
DEBUG:    11.846121
DEBUG:    12.058739
DEBUG:    12.271357
DEBUG:    12.483974
DEBUG:    12.696592
DEBUG:    12.909210
DEBUG:    13.121828
DEBUG:    13.334446
DEBUG:    13.547064
DEBUG:    13.759682
DEBUG:    13.972300
DEBUG:    14.184917
DEBUG:    14.397535
DEBUG:    14.610153
DEBUG:    14.822771
DEBUG:    15.035389
DEBUG:    15.248007
DEBUG:    15.460625
DEBUG:    15.673243
DEBUG:    15.885860
DEBUG:    16.098478
DEBUG:    16.311096
DEBUG:    16.523714
DEBUG:    16.736332
DEBUG:    16.948950
DEBUG:    17.161568
DEBUG:    17.374186
DEBUG:    17.586803
DEBUG:    17.799421
DEBUG:    18.012039
DEBUG:    18.224657
DEBUG:    18.437275
DEBUG:    18.649893
DEBUG:    18.862511
DEBUG:    19.075129
DEBUG:    19.287746
DEBUG:    19.500364
WARNING:  Render update is behind -4615 microseconds! Current FPS: 26
DEBUG:    19.712982
DEBUG:    19.925600
DEBUG:    20.138218
DEBUG:    20.350836
DEBUG:    20.563454
DEBUG:    20.776072
DEBUG:    20.988689
DEBUG:    21.201307
DEBUG:    21.413925
DEBUG:    21.626543
DEBUG:    21.839161
DEBUG:    22.051779
DEBUG:    22.264397
DEBUG:    22.477015
DEBUG:    22.689632
DEBUG:    22.902250
DEBUG:    23.114868
DEBUG:    23.327486
DEBUG:    23.540104
DEBUG:    23.752722
DEBUG:    23.965340
DEBUG:    24.177958
DEBUG:    24.390575
DEBUG:    24.603193
DEBUG:    24.815811
DEBUG:    25.028429
DEBUG:    25.241047
DEBUG:    25.453665
DEBUG:    25.666283
DEBUG:    25.878901
DEBUG:    26.091518
DEBUG:    26.304136
DEBUG:    26.516754
DEBUG:    26.729372
DEBUG:    26.941990
DEBUG:    26.941990
DEBUG:    31.941990
DEBUG:    41.941990
DEBUG:    56.941990
DEBUG:    76.941986
DEBUG:    101.941986
DEBUG:    131.941986
DEBUG:    166.941986
DEBUG:    206.941986
DEBUG:    251.941986
DEBUG:    301.941986
DEBUG:    356.941986
DEBUG:    56.941986
DEBUG:    121.941986
DEBUG:    191.941986
DEBUG:    266.941986
DEBUG:    346.941986
DEBUG:    71.941986
DEBUG:    161.941986
DEBUG:    256.941986
DEBUG:    356.941986
DEBUG:    101.941986
DEBUG:    211.941986
DEBUG:    321.941986
DEBUG:    71.941986
DEBUG:    181.941986
DEBUG:    291.941986
DEBUG:    41.941986
DEBUG:    151.941986
DEBUG:    261.941986
DEBUG:    11.941986
DEBUG:    121.941986
DEBUG:    231.941986
DEBUG:    341.941986
DEBUG:    91.941986
DEBUG:    168.284988
DEBUG:    216.793030
DEBUG:    304.623810
DEBUG:    7.322327
DEBUG:    50.826218
DEBUG:    79.792084
DEBUG:    97.857483
DEBUG:    107.851303
DEBUG:    111.962250
DEBUG:    111.873680
DEBUG:    108.871239
DEBUG:    103.928673
DEBUG:    97.776093
DEBUG:    90.954140
DEBUG:    83.856834
DEBUG:    76.765457
DEBUG:    69.875183
DEBUG:    63.315960
DEBUG:    57.168831
DEBUG:    51.478638
DEBUG:    46.263817
DEBUG:    41.523975
DEBUG:    37.245644
DEBUG:    33.406643
DEBUG:    29.979376
DEBUG:    26.933235
DEBUG:    24.236382
DEBUG:    21.857000
DEBUG:    19.764179
DEBUG:    17.928493
DEBUG:    16.322365
DEBUG:    14.920265
DEBUG:    13.698800
DEBUG:    12.636704
WARNING:  Render update is behind -21076 microseconds! Current FPS: 18
DEBUG:    11.714786
DEBUG:    10.915820
DEBUG:    10.224432
DEBUG:    9.626956
DEBUG:    9.111293
DEBUG:    8.666769
DEBUG:    8.283996
DEBUG:    7.954737
WARNING:  Render update is behind -2410 microseconds! Current FPS: 28
DEBUG:    7.671786
DEBUG:    7.428854
DEBUG:    7.220461
DEBUG:    7.041842
DEBUG:    6.888861
DEBUG:    6.757934
WARNING:  Render update is behind -13156 microseconds! Current FPS: 22
DEBUG:    7.975150
DEBUG:    9.392366
DEBUG:    11.009583
DEBUG:    12.826799
DEBUG:    14.844016
DEBUG:    17.061234
DEBUG:    19.478451
DEBUG:    22.095667
DEBUG:    24.912884
DEBUG:    27.930099
DEBUG:    31.147316
DEBUG:    34.564533
DEBUG:    38.181751
DEBUG:    41.998970
DEBUG:    46.016186
DEBUG:    50.233402
DEBUG:    54.650620
DEBUG:    59.267838
DEBUG:    64.085052
DEBUG:    69.102264
DEBUG:    74.119476
DEBUG:    79.136688
DEBUG:    84.153900
DEBUG:    89.171112
DEBUG:    94.188324
DEBUG:    99.005539
DEBUG:    103.622757
DEBUG:    108.039970
DEBUG:    112.257187
DEBUG:    116.274406
DEBUG:    120.091621
DEBUG:    123.708839
DEBUG:    127.126053
DEBUG:    130.343262
DEBUG:    133.360474
DEBUG:    136.177689
DEBUG:    138.794907
DEBUG:    141.412125
DEBUG:    144.029343
DEBUG:    146.646561
DEBUG:    149.263779
DEBUG:    149.263779
DEBUG:    154.263779
DEBUG:    164.263779
DEBUG:    179.263779
DEBUG:    199.263779
DEBUG:    224.263779
DEBUG:    254.263779
DEBUG:    289.263794
DEBUG:    329.263794
DEBUG:    14.263794
DEBUG:    64.263794
DEBUG:    119.263794
DEBUG:    179.263794
DEBUG:    244.263794
DEBUG:    314.263794
DEBUG:    29.263794
DEBUG:    109.263794
DEBUG:    194.263794
DEBUG:    279.263794
DEBUG:    4.263794
DEBUG:    89.263794
DEBUG:    174.263794
DEBUG:    259.263794
DEBUG:    344.263794
DEBUG:    69.263794
DEBUG:    128.553162
DEBUG:    166.155411
DEBUG:    187.652664
DEBUG:    257.535400
DEBUG:    309.077972
DEBUG:    346.452606
DEBUG:    12.950195
DEBUG:    31.158237
DEBUG:    43.103874
DEBUG:    50.368790
DEBUG:    54.181404
DEBUG:    55.490677
DEBUG:    55.025154
DEBUG:    53.340065
DEBUG:    50.854862
DEBUG:    47.883057
DEBUG:    44.655884
DEBUG:    41.341019
DEBUG:    38.057331
DEBUG:    34.886513
DEBUG:    31.882153
DEBUG:    29.076843
DEBUG:    26.487688
DEBUG:    24.120562
DEBUG:    21.973373
DEBUG:    20.038567
DEBUG:    18.304991
DEBUG:    16.759314
DEBUG:    15.387057
DEBUG:    14.173349
DEBUG:    13.103459
DEBUG:    12.163162
DEBUG:    11.338979
DEBUG:    10.618324
DEBUG:    9.989583
DEBUG:    9.442136
DEBUG:    8.966349
DEBUG:    8.553543
DEBUG:    8.195940
WARNING:  Render update is behind -3771 microseconds! Current FPS: 27
DEBUG:    7.886606
WARNING:  Render update is behind -8591 microseconds! Current FPS: 24
DEBUG:    7.619386
DEBUG:    7.388833
DEBUG:    7.190148
DEBUG:    7.019114
DEBUG:    6.872030
DEBUG:    6.745666
DEBUG:    7.964641
DEBUG:    9.383615
DEBUG:    11.002590
DEBUG:    12.821565
DEBUG:    14.840539
DEBUG:    17.059513
DEBUG:    19.478487
DEBUG:    22.097462
DEBUG:    24.916437
DEBUG:    27.935411
DEBUG:    31.154387
DEBUG:    34.573360
DEBUG:    38.192337
DEBUG:    42.011311
DEBUG:    46.030285
DEBUG:    50.249260
DEBUG:    54.668236
DEBUG:    59.287209
DEBUG:    64.106186
DEBUG:    69.125160
DEBUG:    74.344131
DEBUG:    79.563103
DEBUG:    84.782074
DEBUG:    90.001045
DEBUG:    95.220016
DEBUG:    100.238991
DEBUG:    105.057968
DEBUG:    109.676941
DEBUG:    114.095917
DEBUG:    118.314888
DEBUG:    122.533859
DEBUG:    126.752831
DEBUG:    130.971802
DEBUG:    135.190781
DEBUG:    139.409760
DEBUG:    139.409760
DEBUG:    144.409760
DEBUG:    154.409760
DEBUG:    169.409760
DEBUG:    189.409760
DEBUG:    214.409760
DEBUG:    244.409760
DEBUG:    279.409760
DEBUG:    319.409760
DEBUG:    4.409760
DEBUG:    54.409760
DEBUG:    109.409760
DEBUG:    169.409760
DEBUG:    234.409760
DEBUG:    304.409760
DEBUG:    19.409760
DEBUG:    99.409760
DEBUG:    184.409760
DEBUG:    274.409760
DEBUG:    9.409760
DEBUG:    109.409760
DEBUG:    214.409760
DEBUG:    324.409760
DEBUG:    79.409760
DEBUG:    199.409760
DEBUG:    324.409760
DEBUG:    94.409760
DEBUG:    224.409760
DEBUG:    354.409760
DEBUG:    124.409760
DEBUG:    254.409760
DEBUG:    24.409760
DEBUG:    154.409760
DEBUG:    284.409760
DEBUG:    54.409760
DEBUG:    184.409760
DEBUG:    314.409760
DEBUG:    84.409760
DEBUG:    214.409760
DEBUG:    344.409760
DEBUG:    114.409760
DEBUG:    244.409760
DEBUG:    14.409760
DEBUG:    120.341469
DEBUG:    190.729004
DEBUG:    294.477875
DEBUG:    8.512421
DEBUG:    59.855515
DEBUG:    94.014450
DEBUG:    115.291092
WARNING:  Render update is behind -1584 microseconds! Current FPS: 29
DEBUG:    127.030678
DEBUG:    131.821213
DEBUG:    131.652939
DEBUG:    128.045715
DEBUG:    122.150543
DEBUG:    114.830276
DEBUG:    106.723686
DEBUG:    98.296227
DEBUG:    89.880043
DEBUG:    81.705475
DEBUG:    73.925758
DEBUG:    66.636353
DEBUG:    59.889919
DEBUG:    53.707954
DEBUG:    48.089703
DEBUG:    43.018982
DEBUG:    38.469341
DEBUG:    34.407944
DEBUG:    30.798418
DEBUG:    27.602959
DEBUG:    24.783808
DEBUG:    22.304291
DEBUG:    20.129507
DEBUG:    18.226755
DEBUG:    16.565767
DEBUG:    15.118810
DEBUG:    13.860679
DEBUG:    12.768624
DEBUG:    11.822235
DEBUG:    11.003292
DEBUG:    10.295601
DEBUG:    9.684827
DEBUG:    9.158322
DEBUG:    8.704963
DEBUG:    8.314992
DEBUG:    7.979874
DEBUG:    7.692156
DEBUG:    7.445348
DEBUG:    7.233805
DEBUG:    7.052628
DEBUG:    6.897571
DEBUG:    6.764959
DEBUG:    7.981944
DEBUG:    9.398928
DEBUG:    11.015912
DEBUG:    12.832896
DEBUG:    14.849880
DEBUG:    17.066864
DEBUG:    19.483849
DEBUG:    22.100834
DEBUG:    24.917818
DEBUG:    27.934803
DEBUG:    31.151787
DEBUG:    34.568771
DEBUG:    38.185757
DEBUG:    42.002743
WARNING:  Render update is behind -5695 microseconds! Current FPS: 26
DEBUG:    46.019726
DEBUG:    50.236710
DEBUG:    54.653694
DEBUG:    59.270679
DEBUG:    64.087662
DEBUG:    69.104645
DEBUG:    74.321625
DEBUG:    79.738609
DEBUG:    85.355591
DEBUG:    90.972572
DEBUG:    96.589554
DEBUG:    102.206535
DEBUG:    107.823517
DEBUG:    113.240501
DEBUG:    118.457481
DEBUG:    123.474464
DEBUG:    128.291443
DEBUG:    132.908432
DEBUG:    137.325409
DEBUG:    141.542389
DEBUG:    145.559372
DEBUG:    149.376358
DEBUG:    152.993347
DEBUG:    156.410324
DEBUG:    159.627304
DEBUG:    162.644287
DEBUG:    165.461273
DEBUG:    168.078262
DEBUG:    170.495239
DEBUG:    172.712219
DEBUG:    174.729202
DEBUG:    176.546188
DEBUG:    178.163177
DEBUG:    179.580154
DEBUG:    180.797134
DEBUG:    181.814117
DEBUG:    182.631104
DEBUG:    183.248093
DEBUG:    183.665070
DEBUG:    183.882050
DEBUG:    183.899033
DEBUG:    183.716019
DEBUG:    183.333008
DEBUG:    182.749985
DEBUG:    181.966965
DEBUG:    180.983948
DEBUG:    179.800934
DEBUG:    178.417923
DEBUG:    176.834900
DEBUG:    175.051880
DEBUG:    173.068863
DEBUG:    170.885849
DEBUG:    168.502838
DEBUG:    165.919815
DEBUG:    163.136795
DEBUG:    160.153778
DEBUG:    156.970764
DEBUG:    153.587753
DEBUG:    150.004730
DEBUG:    146.221710
WARNING:  Render update is behind -617 microseconds! Current FPS: 29
DEBUG:    142.238693
DEBUG:    138.055679
DEBUG:    133.672668
DEBUG:    129.089645
DEBUG:    124.306625
DEBUG:    119.323608
DEBUG:    114.140594
DEBUG:    108.757576
DEBUG:    103.174561
DEBUG:    97.391548
DEBUG:    91.408531
DEBUG:    85.225517
DEBUG:    78.842499
DEBUG:    72.259483
DEBUG:    65.476471
DEBUG:    58.493458
DEBUG:    51.310444
DEBUG:    44.127430
DEBUG:    36.944416
DEBUG:    29.761402
DEBUG:    22.578388
DEBUG:    15.395374
DEBUG:    8.212360
DEBUG:    1.229346
DEBUG:    354.446320
DEBUG:    347.863312
DEBUG:    341.480286
DEBUG:    335.297272
DEBUG:    329.314270
DEBUG:    323.531250
DEBUG:    317.948242
DEBUG:    312.565216
DEBUG:    307.182190
DEBUG:    301.799164
DEBUG:    296.416138
DEBUG:    291.033112
DEBUG:    285.650085
DEBUG:    280.267059
DEBUG:    274.884033
DEBUG:    269.501007
DEBUG:    264.117981
DEBUG:    258.734955
DEBUG:    253.351944
DEBUG:    247.968933
DEBUG:    242.585922
DEBUG:    237.202911
DEBUG:    231.819901
DEBUG:    226.436890
DEBUG:    226.436890
DEBUG:    231.436890
DEBUG:    241.436890
DEBUG:    256.436890
DEBUG:    276.436890
DEBUG:    301.436890
WARNING:  Render update is behind -3875 microseconds! Current FPS: 27
DEBUG:    331.436890
DEBUG:    6.436890
DEBUG:    46.436890
DEBUG:    91.436890
DEBUG:    141.436890
DEBUG:    196.436890
DEBUG:    256.436890
DEBUG:    321.436890
DEBUG:    31.436890
DEBUG:    106.436890
WARNING:  Render update is behind -9092 microseconds! Current FPS: 24
DEBUG:    186.436890
DEBUG:    271.436890
DEBUG:    1.436890
DEBUG:    96.436890
DEBUG:    196.436890
DEBUG:    301.436890
DEBUG:    51.436890
DEBUG:    166.436890
DEBUG:    286.436890
DEBUG:    51.436890
DEBUG:    181.436890
DEBUG:    316.436890
DEBUG:    96.436890
WARNING:  Render update is behind -4648 microseconds! Current FPS: 26
DEBUG:    241.436890
DEBUG:    31.436890
DEBUG:    186.436890
DEBUG:    346.436890
DEBUG:    151.436890
DEBUG:    321.436890
DEBUG:    136.436890
DEBUG:    316.436890
DEBUG:    141.436890
DEBUG:    331.436890
DEBUG:    166.436890
DEBUG:    6.436890
DEBUG:    211.436890
DEBUG:    61.436890
DEBUG:    276.436890
DEBUG:    136.436890
DEBUG:    1.436890
DEBUG:    231.436890
DEBUG:    106.436890
DEBUG:    346.436890
DEBUG:    231.436890
DEBUG:    121.436890
DEBUG:    16.436890
DEBUG:    276.436890
DEBUG:    181.436890
DEBUG:    91.436890
DEBUG:    6.436890
DEBUG:    286.436890
DEBUG:    211.436890
DEBUG:    141.436890
DEBUG:    76.436890
DEBUG:    16.436890
DEBUG:    321.436890
DEBUG:    271.436890
DEBUG:    226.436890
DEBUG:    186.436890
DEBUG:    151.436890
DEBUG:    121.436890
DEBUG:    96.436890
DEBUG:    76.436890
DEBUG:    61.436890
DEBUG:    51.436890
DEBUG:    46.436890
DEBUG:    46.436890
DEBUG:    51.436890
DEBUG:    61.436890
DEBUG:    76.436890
DEBUG:    96.436890
DEBUG:    121.436890
DEBUG:    151.436890
DEBUG:    186.436890
DEBUG:    226.436890
DEBUG:    271.436890
DEBUG:    321.436890
DEBUG:    16.436890
DEBUG:    76.436890
DEBUG:    141.436890
DEBUG:    211.436890
DEBUG:    286.436890
DEBUG:    6.436890
DEBUG:    91.436890
INFO:     Cleaning up...
