DEBUG:    Initializing...
DEBUG:    Initializing Main_Info...
DEBUG:    Found querty option.
DEBUG:    Getting video modes...
DEBUG:    Creating window with resolution of 1366x768...
DEBUG:    Loading images...
DEBUG:    Initializing Status_Menu...
DEBUG:    Starting window render loop...
INFO:     Initialization Finished
DEBUG:    FPS: 59
DEBUG:    FPS: 62
DEBUG:    FPS: 65
DEBUG:    FPS: 65
DEBUG:    FPS: 63
DEBUG:    FPS: 61
DEBUG:    FPS: 60
DEBUG:    FPS: 64
DEBUG:    FPS: 63
DEBUG:    FPS: 61
DEBUG:    FPS: 60
DEBUG:    FPS: 64
DEBUG:    FPS: 60
DEBUG:    FPS: 61
DEBUG:    FPS: 64
DEBUG:    FPS: 62
DEBUG:    FPS: 58
DEBUG:    FPS: 66
DEBUG:    FPS: 65
DEBUG:    FPS: 66
DEBUG:    FPS: 64
DEBUG:    FPS: 65
DEBUG:    FPS: 65
DEBUG:    FPS: 64
DEBUG:    FPS: 61
DEBUG:    FPS: 63
DEBUG:    FPS: 62
DEBUG:    FPS: 64
DEBUG:    FPS: 62
DEBUG:    FPS: 64
DEBUG:    FPS: 61
DEBUG:    FPS: 63
DEBUG:    FPS: 64
DEBUG:    FPS: 62
DEBUG:    FPS: 61
DEBUG:    FPS: 61
DEBUG:    FPS: 63
DEBUG:    FPS: 64
DEBUG:    FPS: 67
DEBUG:    FPS: 59
DEBUG:    FPS: 62
DEBUG:    FPS: 63
DEBUG:    FPS: 65
DEBUG:    FPS: 64
DEBUG:    FPS: 65
DEBUG:    FPS: 59
DEBUG:    FPS: 61
DEBUG:    FPS: 62
DEBUG:    FPS: 61
DEBUG:    FPS: 62
DEBUG:    FPS: 65
DEBUG:    FPS: 63
DEBUG:    FPS: 65
DEBUG:    FPS: 60
DEBUG:    FPS: 61
DEBUG:    FPS: 64
DEBUG:    FPS: 63
DEBUG:    FPS: 65
INFO:     Cleaning up...
