DEBUG:    Initializing...
DEBUG:    Initializing Main_Info...
DEBUG:    Found querty option.
DEBUG:    Getting video modes...
DEBUG:    Creating window with resolution of 1366x768...
DEBUG:    Loading images...
DEBUG:    Initializing Status_Menu...
DEBUG:    Starting window render loop...
DEBUG:    Starting window event loop...
INFO:     Initialization Finished
DEBUG:    Set FPS to 30
DEBUG:    0.000000
WARNING:  Render update is behind -39847 microseconds! Current FPS: 14
DEBUG:    90.000000
DEBUG:    180.000000
DEBUG:    270.000000
DEBUG:    0.000000
DEBUG:    90.000000
DEBUG:    180.000000
DEBUG:    270.000000
DEBUG:    0.000000
DEBUG:    90.000000
DEBUG:    180.000000
DEBUG:    270.000000
DEBUG:    0.000000
DEBUG:    90.000000
DEBUG:    180.000000
DEBUG:    270.000000
DEBUG:    0.000000
DEBUG:    90.000000
DEBUG:    180.000000
DEBUG:    270.000000
DEBUG:    0.000000
DEBUG:    90.000000
DEBUG:    180.000000
DEBUG:    270.000000
DEBUG:    0.000000
DEBUG:    90.000000
DEBUG:    180.000000
DEBUG:    270.000000
DEBUG:    0.000000
DEBUG:    90.000000
DEBUG:    180.000000
DEBUG:    270.000000
DEBUG:    0.000000
DEBUG:    90.000000
DEBUG:    180.000000
DEBUG:    270.000000
DEBUG:    0.000000
DEBUG:    90.000000
DEBUG:    180.000000
WARNING:  Render update is behind -3332 microseconds! Current FPS: 27
DEBUG:    270.000000
DEBUG:    0.000000
DEBUG:    90.000000
DEBUG:    180.000000
DEBUG:    270.000000
DEBUG:    0.000000
DEBUG:    90.000000
DEBUG:    180.000000
DEBUG:    270.000000
DEBUG:    0.000000
DEBUG:    90.000000
DEBUG:    180.000000
DEBUG:    270.000000
DEBUG:    0.000000
DEBUG:    90.000000
DEBUG:    180.000000
DEBUG:    270.000000
DEBUG:    0.000000
DEBUG:    90.000000
DEBUG:    180.000000
DEBUG:    270.000000
DEBUG:    0.000000
DEBUG:    90.000000
DEBUG:    180.000000
DEBUG:    270.000000
DEBUG:    0.000000
DEBUG:    90.000000
DEBUG:    180.000000
DEBUG:    270.000000
DEBUG:    0.000000
DEBUG:    90.000000
DEBUG:    180.000000
DEBUG:    270.000000
DEBUG:    0.000000
DEBUG:    90.000000
DEBUG:    180.000000
DEBUG:    270.000000
DEBUG:    0.000000
DEBUG:    90.000000
DEBUG:    180.000000
DEBUG:    270.000000
DEBUG:    0.000000
DEBUG:    90.000000
DEBUG:    180.000000
DEBUG:    270.000000
DEBUG:    0.000000
DEBUG:    90.000000
DEBUG:    180.000000
DEBUG:    270.000000
DEBUG:    0.000000
DEBUG:    90.000000
DEBUG:    90.000000
DEBUG:    27.500000
DEBUG:    283.333313
DEBUG:    153.125000
DEBUG:    308.449066
DEBUG:    107.744995
WARNING:  Render update is behind -9063 microseconds! Current FPS: 24
DEBUG:    215.374237
DEBUG:    344.134155
DEBUG:    73.991486
DEBUG:    134.337082
DEBUG:    172.512161
DEBUG:    194.230621
DEBUG:    263.917603
DEBUG:    314.980286
DEBUG:    351.691040
DEBUG:    17.415405
DEBUG:    34.795795
DEBUG:    45.898964
DEBUG:    52.334526
DEBUG:    55.349930
WARNING:  Render update is behind -5745 microseconds! Current FPS: 26
