DEBUG:    Initializing...
DEBUG:    Initializing Main_Info...
DEBUG:    Found querty option.
DEBUG:    Getting video modes...
DEBUG:    Creating window with resolution of 1366x768...
DEBUG:    Loading images...
DEBUG:    Initializing Status_Menu...
DEBUG:    Starting window render loop...
DEBUG:    Starting window event loop...
INFO:     Initialization Finished
DEBUG:    Set FPS to 30
WARNING:  Render update is behind -30227 microseconds! Current FPS: 16
WARNING:  Render update is behind -88436 microseconds! Current FPS: 8
WARNING:  Render update is behind -42063 microseconds! Current FPS: 13
WARNING:  Render update is behind -30551 microseconds! Current FPS: 16
WARNING:  Render update is behind -1698 microseconds! Current FPS: 29
WARNING:  Render update is behind -24202 microseconds! Current FPS: 17
WARNING:  Render update is behind -4445 microseconds! Current FPS: 26
WARNING:  Render update is behind -8443 microseconds! Current FPS: 24
WARNING:  Render update is behind -25323 microseconds! Current FPS: 17
WARNING:  Render update is behind -583 microseconds! Current FPS: 29
WARNING:  Render update is behind -6496 microseconds! Current FPS: 25
WARNING:  Render update is behind -24730 microseconds! Current FPS: 17
WARNING:  Render update is behind -1600 microseconds! Current FPS: 29
WARNING:  Render update is behind -63 microseconds! Current FPS: 30
WARNING:  Render update is behind -2664 microseconds! Current FPS: 28
WARNING:  Render update is behind -7938 microseconds! Current FPS: 24
INFO:     Cleaning up...
