DEBUG:    Initializing...
DEBUG:    Initializing Main_Info...
DEBUG:    Found querty option.
DEBUG:    Getting video modes...
DEBUG:    Creating window with resolution of 1366x768...
DEBUG:    Loading images...
DEBUG:    Initializing Status_Menu...
DEBUG:    Starting window render loop...
DEBUG:    Starting window event loop...
INFO:     Initialization Finished
DEBUG:    Set FPS to 30
WARNING:  Render update is behind -73679 microseconds! Current FPS: 9
WARNING:  Render update is behind -96988 microseconds! Current FPS: 8
WARNING:  Render update is behind -11233 microseconds! Current FPS: 22
WARNING:  Render update is behind -21194 microseconds! Current FPS: 18
WARNING:  Render update is behind -5533 microseconds! Current FPS: 26
WARNING:  Render update is behind -3414 microseconds! Current FPS: 27
WARNING:  Render update is behind -1370 microseconds! Current FPS: 29
DEBUG:    5.000000
DEBUG:    1.388885
DEBUG:    0.694458
WARNING:  Render update is behind -4224 microseconds! Current FPS: 27
DEBUG:    0.501556
DEBUG:    0.405090
DEBUG:    0.335449
DEBUG:    0.279175
DEBUG:    0.232574
DEBUG:    0.193817
DEBUG:    0.161499
DEBUG:    0.134583
DEBUG:    0.112152
DEBUG:    0.093475
DEBUG:    0.077881
DEBUG:    0.064911
DEBUG:    0.054077
DEBUG:    0.045074
WARNING:  Render update is behind -1218 microseconds! Current FPS: 29
DEBUG:    0.037567
DEBUG:    0.031311
DEBUG:    0.026093
DEBUG:    0.021729
DEBUG:    0.018127
DEBUG:    0.015106
DEBUG:    0.012573
DEBUG:    0.010498
INFO:     Cleaning up...
