DEBUG:    Initializing...
DEBUG:    Initializing Main_Info...
DEBUG:    Found querty option.
DEBUG:    Getting video modes...
DEBUG:    Creating window with resolution of 1366x768...
DEBUG:    Loading images...
DEBUG:    Initializing Status_Menu...
DEBUG:    Starting window render loop...
DEBUG:    Starting window event loop...
INFO:     Initialization Finished
DEBUG:    Set FPS to 30
DEBUG:    0.000000
WARNING:  Render update is behind -9115 microseconds! Current FPS: 24
DEBUG:    90.000000
DEBUG:    180.000000
DEBUG:    270.000000
DEBUG:    0.000000
DEBUG:    90.000000
DEBUG:    180.000000
DEBUG:    270.000000
DEBUG:    0.000000
DEBUG:    90.000000
DEBUG:    180.000000
DEBUG:    270.000000
WARNING:  Render update is behind -600 microseconds! Current FPS: 29
DEBUG:    0.000000
WARNING:  Render update is behind -34661 microseconds! Current FPS: 15
DEBUG:    90.000000
DEBUG:    180.000000
DEBUG:    270.000000
DEBUG:    0.000000
DEBUG:    90.000000
DEBUG:    180.000000
DEBUG:    270.000000
DEBUG:    0.000000
DEBUG:    90.000000
DEBUG:    180.000000
DEBUG:    270.000000
DEBUG:    0.000000
DEBUG:    90.000000
DEBUG:    180.000000
DEBUG:    270.000000
DEBUG:    0.000000
DEBUG:    90.000000
DEBUG:    180.000000
DEBUG:    270.000000
DEBUG:    0.000000
DEBUG:    90.000000
DEBUG:    180.000000
DEBUG:    270.000000
DEBUG:    0.000000
DEBUG:    90.000000
DEBUG:    180.000000
DEBUG:    270.000000
WARNING:  Render update is behind -1285 microseconds! Current FPS: 29
DEBUG:    0.000000
DEBUG:    90.000000
DEBUG:    180.000000
DEBUG:    270.000000
DEBUG:    0.000000
DEBUG:    90.000000
DEBUG:    180.000000
DEBUG:    270.000000
DEBUG:    0.000000
DEBUG:    90.000000
DEBUG:    180.000000
DEBUG:    270.000000
DEBUG:    0.000000
WARNING:  Render update is behind -2950 microseconds! Current FPS: 28
DEBUG:    90.000000
DEBUG:    180.000000
DEBUG:    270.000000
DEBUG:    0.000000
WARNING:  Render update is behind -9364 microseconds! Current FPS: 23
DEBUG:    90.000000
DEBUG:    180.000000
DEBUG:    270.000000
DEBUG:    0.000000
DEBUG:    90.000000
DEBUG:    180.000000
DEBUG:    270.000000
DEBUG:    0.000000
DEBUG:    90.000000
DEBUG:    180.000000
DEBUG:    270.000000
DEBUG:    0.000000
DEBUG:    90.000000
DEBUG:    180.000000
DEBUG:    270.000000
DEBUG:    0.000000
DEBUG:    90.000000
DEBUG:    180.000000
DEBUG:    270.000000
DEBUG:    0.000000
DEBUG:    90.000000
DEBUG:    180.000000
DEBUG:    270.000000
DEBUG:    0.000000
DEBUG:    90.000000
DEBUG:    180.000000
WARNING:  Render update is behind -1997 microseconds! Current FPS: 28
DEBUG:    270.000000
DEBUG:    0.000000
DEBUG:    90.000000
DEBUG:    180.000000
DEBUG:    270.000000
DEBUG:    0.000000
DEBUG:    90.000000
DEBUG:    90.000000
DEBUG:    27.500000
DEBUG:    283.333313
DEBUG:    153.125000
DEBUG:    308.449066
DEBUG:    107.744995
DEBUG:    215.374237
DEBUG:    344.134155
DEBUG:    73.991486
DEBUG:    134.337082
DEBUG:    172.512161
DEBUG:    194.230621
DEBUG:    263.917603
DEBUG:    314.980286
DEBUG:    351.691040
DEBUG:    17.415405
DEBUG:    34.795795
DEBUG:    45.898964
DEBUG:    52.334526
DEBUG:    55.349930
DEBUG:    55.906464
DEBUG:    54.739983
DEBUG:    52.409374
DEBUG:    49.335079
WARNING:  Render update is behind -1723 microseconds! Current FPS: 29
DEBUG:    45.829731
DEBUG:    42.122417
DEBUG:    38.377823
DEBUG:    34.711361
DEBUG:    31.201004
DEBUG:    27.896561
DEBUG:    24.826904
DEBUG:    22.005562
DEBUG:    19.435032
DEBUG:    17.110079
DEBUG:    15.020248
DEBUG:    13.151748
DEBUG:    11.488852
DEBUG:    10.014928
DEBUG:    8.713178
DEBUG:    7.567152
DEBUG:    6.561101
WARNING:  Render update is behind -11635 microseconds! Current FPS: 22
DEBUG:    5.680202
DEBUG:    4.910684
DEBUG:    4.239888
DEBUG:    3.656283
DEBUG:    3.149438
DEBUG:    2.709978
DEBUG:    2.329520
DEBUG:    2.000605
DEBUG:    1.716619
DEBUG:    1.471723
DEBUG:    1.260774
DEBUG:    1.079261
DEBUG:    0.923231
DEBUG:    0.789231
DEBUG:    0.809103
DEBUG:    0.828975
DEBUG:    0.848848
DEBUG:    0.868720
DEBUG:    0.888592
DEBUG:    0.908464
DEBUG:    0.928336
DEBUG:    0.948208
DEBUG:    0.968080
DEBUG:    0.987952
DEBUG:    1.007825
DEBUG:    1.027697
DEBUG:    1.047569
DEBUG:    1.067441
DEBUG:    1.087313
DEBUG:    1.107185
DEBUG:    1.127057
DEBUG:    1.146929
DEBUG:    1.166801
DEBUG:    1.186673
DEBUG:    1.206545
DEBUG:    1.226417
DEBUG:    1.246289
DEBUG:    1.266161
DEBUG:    1.286034
DEBUG:    1.305906
DEBUG:    1.325778
DEBUG:    1.345650
DEBUG:    1.365522
DEBUG:    1.185394
DEBUG:    0.805266
DEBUG:    0.225138
DEBUG:    359.445007
DEBUG:    358.664886
DEBUG:    357.884766
DEBUG:    357.104645
DEBUG:    356.324524
DEBUG:    355.544403
DEBUG:    354.764282
DEBUG:    353.984161
DEBUG:    353.204041
DEBUG:    352.423920
DEBUG:    351.643799
DEBUG:    350.863678
DEBUG:    350.083557
DEBUG:    349.303436
DEBUG:    348.523315
DEBUG:    347.743195
DEBUG:    346.963074
DEBUG:    346.182953
DEBUG:    345.402832
DEBUG:    344.622711
DEBUG:    343.842590
DEBUG:    343.062469
DEBUG:    342.282349
DEBUG:    341.502228
DEBUG:    340.722107
DEBUG:    339.941986
DEBUG:    339.161865
DEBUG:    338.381744
WARNING:  Render update is behind -1599 microseconds! Current FPS: 29
DEBUG:    337.601624
DEBUG:    336.821503
DEBUG:    336.041382
DEBUG:    335.261261
DEBUG:    334.481140
DEBUG:    333.701019
DEBUG:    332.920898
DEBUG:    332.140778
DEBUG:    331.360657
DEBUG:    330.580536
DEBUG:    329.800415
DEBUG:    329.020294
DEBUG:    328.240173
DEBUG:    327.460052
DEBUG:    326.679932
DEBUG:    325.899811
DEBUG:    325.119690
DEBUG:    324.339569
DEBUG:    323.559448
DEBUG:    322.779327
DEBUG:    321.999207
DEBUG:    321.219086
DEBUG:    320.438965
DEBUG:    319.658844
DEBUG:    318.878723
DEBUG:    318.098602
DEBUG:    317.318481
DEBUG:    316.538361
DEBUG:    315.758240
DEBUG:    314.978119
DEBUG:    314.197998
DEBUG:    313.417877
DEBUG:    312.637756
DEBUG:    311.857635
DEBUG:    311.077515
DEBUG:    310.297394
DEBUG:    309.517273
DEBUG:    308.737152
DEBUG:    307.957031
DEBUG:    307.176910
DEBUG:    306.396790
DEBUG:    305.616669
DEBUG:    304.836548
DEBUG:    304.056427
DEBUG:    303.276306
DEBUG:    302.496185
DEBUG:    301.916046
DEBUG:    301.535919
DEBUG:    301.355804
DEBUG:    301.375671
DEBUG:    301.595551
DEBUG:    302.015411
DEBUG:    302.635284
DEBUG:    303.255157
DEBUG:    303.875031
DEBUG:    304.494904
DEBUG:    305.114777
DEBUG:    305.734650
DEBUG:    306.354523
DEBUG:    306.974396
DEBUG:    307.594269
DEBUG:    308.214142
DEBUG:    308.834015
DEBUG:    309.453888
DEBUG:    310.073761
DEBUG:    310.693634
DEBUG:    311.313507
DEBUG:    311.933380
DEBUG:    312.553253
DEBUG:    313.173126
DEBUG:    313.792999
WARNING:  Render update is behind -133 microseconds! Current FPS: 30
DEBUG:    314.412872
DEBUG:    315.032745
DEBUG:    315.652618
DEBUG:    316.272491
DEBUG:    316.892365
DEBUG:    317.512238
DEBUG:    318.132111
DEBUG:    318.751984
DEBUG:    319.371857
DEBUG:    319.991730
DEBUG:    320.611603
DEBUG:    321.231476
DEBUG:    321.851349
DEBUG:    322.471222
DEBUG:    323.091095
DEBUG:    323.710968
DEBUG:    324.330841
DEBUG:    324.950714
DEBUG:    325.570587
DEBUG:    326.190460
DEBUG:    326.810333
DEBUG:    327.430206
DEBUG:    328.050079
DEBUG:    328.669952
DEBUG:    329.289825
DEBUG:    329.909698
DEBUG:    330.529572
DEBUG:    331.149445
DEBUG:    331.769318
DEBUG:    332.389191
DEBUG:    333.009064
DEBUG:    333.628937
DEBUG:    334.248810
DEBUG:    334.868683
DEBUG:    335.488556
DEBUG:    336.108429
DEBUG:    336.728302
DEBUG:    337.348175
DEBUG:    337.968048
DEBUG:    338.587921
DEBUG:    339.207794
DEBUG:    339.827667
DEBUG:    340.447540
DEBUG:    341.067413
DEBUG:    341.687286
DEBUG:    342.307159
DEBUG:    342.927032
DEBUG:    343.546906
DEBUG:    344.166779
DEBUG:    344.786652
DEBUG:    345.406525
DEBUG:    346.026398
DEBUG:    346.646271
DEBUG:    347.266144
DEBUG:    347.886017
DEBUG:    348.505890
DEBUG:    349.125763
DEBUG:    349.745636
DEBUG:    350.365509
DEBUG:    350.985382
DEBUG:    351.405243
DEBUG:    351.625122
WARNING:  Render update is behind -4787 microseconds! Current FPS: 26
DEBUG:    351.644989
DEBUG:    351.464874
DEBUG:    351.084747
DEBUG:    350.704620
DEBUG:    350.324493
DEBUG:    349.944366
DEBUG:    349.564240
DEBUG:    349.184113
DEBUG:    348.803986
DEBUG:    348.423859
DEBUG:    348.043732
DEBUG:    347.663605
DEBUG:    347.283478
DEBUG:    346.903351
DEBUG:    346.523224
DEBUG:    346.143097
DEBUG:    345.762970
DEBUG:    345.382843
DEBUG:    345.002716
DEBUG:    344.622589
DEBUG:    344.242462
DEBUG:    343.862335
DEBUG:    343.482208
DEBUG:    343.102081
DEBUG:    342.721954
DEBUG:    342.341827
DEBUG:    341.961700
DEBUG:    341.581573
DEBUG:    341.201447
DEBUG:    340.821320
DEBUG:    340.441193
DEBUG:    340.061066
WARNING:  Render update is behind -4819 microseconds! Current FPS: 26
DEBUG:    339.680939
DEBUG:    339.300812
DEBUG:    338.920685
DEBUG:    338.540558
DEBUG:    338.160431
WARNING:  Render update is behind -5843 microseconds! Current FPS: 26
DEBUG:    337.780304
DEBUG:    337.400177
DEBUG:    337.020050
DEBUG:    336.639923
DEBUG:    336.259796
DEBUG:    335.879669
DEBUG:    335.499542
DEBUG:    334.919403
DEBUG:    334.139282
DEBUG:    333.159149
DEBUG:    331.979034
DEBUG:    330.598907
DEBUG:    329.018768
DEBUG:    327.238647
DEBUG:    325.258514
DEBUG:    323.078400
DEBUG:    320.698273
DEBUG:    318.118134
DEBUG:    315.338013
DEBUG:    312.357880
DEBUG:    309.177765
DEBUG:    305.797638
DEBUG:    302.417511
DEBUG:    299.037384
DEBUG:    295.657257
DEBUG:    292.277130
DEBUG:    288.897003
DEBUG:    285.516876
DEBUG:    282.136749
DEBUG:    278.756622
DEBUG:    275.376495
DEBUG:    272.196381
DEBUG:    269.216248
DEBUG:    266.436127
DEBUG:    263.855988
DEBUG:    261.475861
DEBUG:    259.095734
DEBUG:    256.715607
DEBUG:    254.335480
DEBUG:    251.955353
DEBUG:    249.575226
DEBUG:    247.195099
DEBUG:    244.814972
DEBUG:    242.434845
DEBUG:    240.054718
DEBUG:    237.674591
DEBUG:    235.294464
DEBUG:    232.914337
DEBUG:    230.534210
DEBUG:    228.154083
DEBUG:    225.773956
DEBUG:    223.393829
WARNING:  Render update is behind -4953 microseconds! Current FPS: 26
DEBUG:    221.013702
DEBUG:    218.633575
WARNING:  Render update is behind -7327 microseconds! Current FPS: 25
DEBUG:    216.453445
WARNING:  Render update is behind -1704 microseconds! Current FPS: 29
DEBUG:    214.473312
DEBUG:    212.693192
DEBUG:    211.113068
DEBUG:    209.732941
DEBUG:    208.552811
DEBUG:    207.572678
DEBUG:    206.792557
DEBUG:    206.012436
DEBUG:    205.232315
DEBUG:    204.452194
DEBUG:    203.672073
DEBUG:    202.891953
DEBUG:    202.111832
DEBUG:    201.331711
DEBUG:    200.551590
DEBUG:    199.771469
DEBUG:    198.991348
DEBUG:    198.211227
DEBUG:    197.431107
DEBUG:    196.650986
DEBUG:    195.870865
DEBUG:    195.090744
DEBUG:    194.310623
DEBUG:    193.530502
DEBUG:    192.750381
DEBUG:    191.970261
DEBUG:    191.190140
DEBUG:    190.410019
DEBUG:    189.629898
DEBUG:    188.849777
DEBUG:    188.069656
DEBUG:    187.289536
DEBUG:    186.509415
DEBUG:    185.729294
DEBUG:    184.749161
DEBUG:    183.569031
DEBUG:    182.188904
DEBUG:    180.608780
DEBUG:    178.828659
DEBUG:    176.848526
DEBUG:    174.668396
DEBUG:    172.288269
DEBUG:    169.708145
WARNING:  Render update is behind -19713 microseconds! Current FPS: 19
DEBUG:    166.928024
DEBUG:    163.947891
DEBUG:    160.767761
DEBUG:    157.387634
DEBUG:    153.807510
DEBUG:    150.227386
DEBUG:    146.647263
DEBUG:    142.867126
DEBUG:    138.886993
DEBUG:    134.706863
DEBUG:    130.326736
DEBUG:    125.746605
DEBUG:    120.966476
DEBUG:    115.986351
DEBUG:    111.006226
DEBUG:    106.026100
DEBUG:    101.045975
DEBUG:    96.065849
DEBUG:    91.085724
DEBUG:    86.105598
DEBUG:    81.125473
DEBUG:    76.145348
DEBUG:    71.165222
DEBUG:    66.185097
DEBUG:    61.204967
DEBUG:    56.224838
DEBUG:    51.244709
DEBUG:    46.264580
DEBUG:    41.284451
DEBUG:    36.504322
DEBUG:    31.924194
DEBUG:    27.544065
DEBUG:    23.363937
DEBUG:    19.383808
DEBUG:    15.603680
DEBUG:    12.023551
DEBUG:    8.643423
DEBUG:    5.463295
DEBUG:    2.483167
DEBUG:    359.703033
DEBUG:    357.122894
DEBUG:    354.742767
DEBUG:    352.562653
DEBUG:    350.582520
DEBUG:    348.802399
DEBUG:    347.222260
DEBUG:    345.842133
WARNING:  Render update is behind -13827 microseconds! Current FPS: 21
DEBUG:    344.662018
DEBUG:    343.681885
DEBUG:    342.901764
DEBUG:    342.121643
DEBUG:    341.341522
DEBUG:    340.561401
DEBUG:    339.781281
DEBUG:    339.001160
DEBUG:    338.221039
DEBUG:    337.440918
DEBUG:    336.660797
DEBUG:    335.880676
DEBUG:    335.100555
DEBUG:    334.320435
DEBUG:    333.540314
WARNING:  Render update is behind -1701 microseconds! Current FPS: 29
DEBUG:    332.760193
DEBUG:    331.980072
DEBUG:    331.199951
DEBUG:    330.419830
DEBUG:    329.639709
DEBUG:    328.859589
DEBUG:    328.079468
DEBUG:    327.299347
DEBUG:    326.519226
DEBUG:    325.739105
DEBUG:    324.958984
DEBUG:    324.178864
DEBUG:    323.398743
DEBUG:    322.818604
WARNING:  Render update is behind -339 microseconds! Current FPS: 30
DEBUG:    322.438477
DEBUG:    322.258362
DEBUG:    322.278229
DEBUG:    322.298096
DEBUG:    322.317963
DEBUG:    322.337830
DEBUG:    322.357697
DEBUG:    322.377563
DEBUG:    322.397430
DEBUG:    322.417297
DEBUG:    322.437164
DEBUG:    322.457031
DEBUG:    322.476898
DEBUG:    322.496765
DEBUG:    322.516632
DEBUG:    322.536499
DEBUG:    322.556366
DEBUG:    322.576233
DEBUG:    322.596100
DEBUG:    322.615967
DEBUG:    322.635834
DEBUG:    322.655701
DEBUG:    322.675568
DEBUG:    322.695435
DEBUG:    322.715302
WARNING:  Render update is behind -8973 microseconds! Current FPS: 24
DEBUG:    322.735168
DEBUG:    322.755035
DEBUG:    322.774902
DEBUG:    322.794769
DEBUG:    322.814636
DEBUG:    322.834503
DEBUG:    322.854370
DEBUG:    322.874237
DEBUG:    322.894104
DEBUG:    322.913971
DEBUG:    322.933838
DEBUG:    322.953705
DEBUG:    322.973572
DEBUG:    322.993439
DEBUG:    323.013306
WARNING:  Render update is behind -962 microseconds! Current FPS: 29
DEBUG:    323.033173
DEBUG:    323.053040
DEBUG:    323.072906
DEBUG:    323.092773
DEBUG:    323.112640
DEBUG:    323.132507
DEBUG:    323.152374
DEBUG:    323.172241
DEBUG:    323.192108
DEBUG:    323.211975
DEBUG:    323.231842
DEBUG:    323.251709
DEBUG:    323.271576
DEBUG:    323.291443
DEBUG:    323.311310
DEBUG:    323.331177
DEBUG:    323.551056
DEBUG:    323.970917
DEBUG:    324.590790
DEBUG:    325.410675
DEBUG:    326.430542
DEBUG:    327.650421
DEBUG:    328.870300
DEBUG:    330.090179
DEBUG:    331.310059
DEBUG:    332.529938
DEBUG:    333.749817
DEBUG:    334.969696
DEBUG:    336.189575
DEBUG:    337.409454
DEBUG:    338.629333
DEBUG:    339.849213
DEBUG:    341.069092
DEBUG:    342.288971
DEBUG:    343.508850
DEBUG:    344.728729
DEBUG:    345.948608
DEBUG:    347.168488
DEBUG:    348.388367
DEBUG:    349.608246
DEBUG:    350.828125
DEBUG:    352.048004
DEBUG:    353.267883
DEBUG:    354.487762
DEBUG:    355.707642
DEBUG:    356.927521
DEBUG:    358.147400
DEBUG:    359.367279
DEBUG:    0.587158
DEBUG:    1.807030
DEBUG:    3.026902
DEBUG:    4.246775
DEBUG:    5.466647
DEBUG:    6.686519
DEBUG:    7.906391
DEBUG:    9.126263
DEBUG:    10.346135
DEBUG:    11.366007
DEBUG:    12.185879
DEBUG:    12.805751
DEBUG:    13.225623
WARNING:  Render update is behind -1895 microseconds! Current FPS: 28
DEBUG:    13.445496
DEBUG:    13.465367
DEBUG:    13.485239
DEBUG:    13.505111
DEBUG:    13.524982
DEBUG:    13.544854
DEBUG:    13.564726
DEBUG:    13.584598
DEBUG:    13.604469
DEBUG:    13.624341
DEBUG:    13.644213
DEBUG:    13.664084
DEBUG:    13.683956
DEBUG:    13.703828
DEBUG:    13.723700
DEBUG:    13.743571
DEBUG:    13.763443
DEBUG:    13.783315
DEBUG:    13.803186
DEBUG:    13.823058
DEBUG:    13.842930
DEBUG:    13.862802
DEBUG:    13.882673
DEBUG:    13.902545
DEBUG:    13.722417
DEBUG:    13.342289
DEBUG:    12.762161
DEBUG:    11.982034
DEBUG:    11.001905
DEBUG:    9.821777
DEBUG:    8.441649
DEBUG:    6.861522
DEBUG:    5.081394
DEBUG:    3.101266
DEBUG:    0.921138
DEBUG:    358.541016
DEBUG:    356.160889
DEBUG:    353.780762
DEBUG:    351.400635
DEBUG:    349.020508
DEBUG:    346.640381
WARNING:  Render update is behind -9440 microseconds! Current FPS: 23
DEBUG:    344.260254
DEBUG:    341.880127
DEBUG:    339.500000
DEBUG:    337.119873
DEBUG:    334.739746
DEBUG:    332.359619
DEBUG:    329.979492
DEBUG:    327.599365
DEBUG:    325.219238
DEBUG:    322.839111
DEBUG:    320.458984
DEBUG:    318.078857
DEBUG:    315.698730
DEBUG:    313.318604
DEBUG:    310.938477
DEBUG:    308.558350
DEBUG:    306.178223
DEBUG:    303.798096
DEBUG:    301.417969
DEBUG:    299.037842
DEBUG:    296.657715
DEBUG:    294.277588
DEBUG:    291.897461
DEBUG:    289.517334
DEBUG:    287.137207
DEBUG:    284.757080
DEBUG:    282.376953
DEBUG:    279.996826
DEBUG:    277.616699
DEBUG:    275.236572
DEBUG:    272.856445
DEBUG:    270.476318
DEBUG:    268.096191
DEBUG:    265.716064
DEBUG:    263.335938
WARNING:  Render update is behind -528 microseconds! Current FPS: 30
DEBUG:    260.955811
DEBUG:    258.575684
DEBUG:    256.195557
DEBUG:    253.815430
DEBUG:    251.435303
DEBUG:    249.055176
DEBUG:    246.475052
DEBUG:    243.694931
DEBUG:    240.714798
DEBUG:    237.534668
DEBUG:    234.154541
DEBUG:    230.774414
DEBUG:    227.394287
DEBUG:    224.014160
DEBUG:    220.634033
DEBUG:    217.253906
DEBUG:    213.873779
DEBUG:    210.493652
DEBUG:    207.113525
DEBUG:    203.733398
DEBUG:    200.353271
WARNING:  Render update is behind -323 microseconds! Current FPS: 30
DEBUG:    196.973145
DEBUG:    193.593018
DEBUG:    190.212891
DEBUG:    186.832764
DEBUG:    183.452637
DEBUG:    180.072510
DEBUG:    176.692383
DEBUG:    173.312256
DEBUG:    169.932129
DEBUG:    166.552002
DEBUG:    163.171875
DEBUG:    159.791748
DEBUG:    156.411621
DEBUG:    153.031494
DEBUG:    149.651367
DEBUG:    146.271240
DEBUG:    142.891113
DEBUG:    139.510986
DEBUG:    136.130859
DEBUG:    132.750732
DEBUG:    129.370605
DEBUG:    125.990479
DEBUG:    122.610352
DEBUG:    119.230225
DEBUG:    115.850098
DEBUG:    112.469971
DEBUG:    109.089844
DEBUG:    105.709717
DEBUG:    102.329590
DEBUG:    98.949463
DEBUG:    95.569336
DEBUG:    92.189209
DEBUG:    88.809082
DEBUG:    85.428955
DEBUG:    82.048828
DEBUG:    78.668701
DEBUG:    75.288574
DEBUG:    71.908447
DEBUG:    68.528320
DEBUG:    65.148193
DEBUG:    61.768066
DEBUG:    58.387939
DEBUG:    55.007812
DEBUG:    51.627686
DEBUG:    48.247559
DEBUG:    44.867432
DEBUG:    41.487305
DEBUG:    38.107178
DEBUG:    34.727051
DEBUG:    31.346922
DEBUG:    27.966793
DEBUG:    24.586664
DEBUG:    21.206535
DEBUG:    17.826406
DEBUG:    14.446278
DEBUG:    11.066149
DEBUG:    7.686020
DEBUG:    4.305892
DEBUG:    0.925764
DEBUG:    357.545624
DEBUG:    354.165497
DEBUG:    350.785370
DEBUG:    347.405243
DEBUG:    344.025116
DEBUG:    340.644989
DEBUG:    337.264862
DEBUG:    333.884735
DEBUG:    330.504608
DEBUG:    327.124481
DEBUG:    323.744354
DEBUG:    320.364227
DEBUG:    316.984100
DEBUG:    313.803986
DEBUG:    310.823853
DEBUG:    308.043732
DEBUG:    305.463593
DEBUG:    303.083466
DEBUG:    300.903351
DEBUG:    298.923218
DEBUG:    297.143097
DEBUG:    295.362976
DEBUG:    293.582855
DEBUG:    291.802734
DEBUG:    290.022614
DEBUG:    288.242493
DEBUG:    286.462372
DEBUG:    284.682251
DEBUG:    282.902130
DEBUG:    281.122009
DEBUG:    279.341888
DEBUG:    277.561768
DEBUG:    275.781647
DEBUG:    274.001526
DEBUG:    272.221405
DEBUG:    270.641266
DEBUG:    269.261139
WARNING:  Render update is behind -15957 microseconds! Current FPS: 20
DEBUG:    268.081024
DEBUG:    267.100891
DEBUG:    266.320770
DEBUG:    265.740631
DEBUG:    265.360504
DEBUG:    265.180389
DEBUG:    265.200256
DEBUG:    265.420135
DEBUG:    265.839996
DEBUG:    266.259857
DEBUG:    266.679718
DEBUG:    267.099579
DEBUG:    267.519440
DEBUG:    267.939301
WARNING:  Render update is behind -8320 microseconds! Current FPS: 24
DEBUG:    268.359161
DEBUG:    268.779022
DEBUG:    269.198883
DEBUG:    269.618744
DEBUG:    270.038605
DEBUG:    270.458466
DEBUG:    270.878326
DEBUG:    271.298187
DEBUG:    271.718048
DEBUG:    272.137909
DEBUG:    272.557770
DEBUG:    272.977631
DEBUG:    273.397491
DEBUG:    273.817352
DEBUG:    274.237213
DEBUG:    274.657074
WARNING:  Render update is behind -1093 microseconds! Current FPS: 29
DEBUG:    275.076935
WARNING:  Render update is behind -12541 microseconds! Current FPS: 22
DEBUG:    275.496796
DEBUG:    275.916656
DEBUG:    276.336517
DEBUG:    276.756378
DEBUG:    277.176239
DEBUG:    277.596100
DEBUG:    278.015961
DEBUG:    278.435822
DEBUG:    278.855682
DEBUG:    279.275543
DEBUG:    279.695404
DEBUG:    280.115265
DEBUG:    280.535126
DEBUG:    280.954987
DEBUG:    281.374847
DEBUG:    281.794708
DEBUG:    282.214569
DEBUG:    282.634430
DEBUG:    283.054291
DEBUG:    283.474152
DEBUG:    283.894012
DEBUG:    284.313873
DEBUG:    284.733734
DEBUG:    285.153595
DEBUG:    285.573456
DEBUG:    285.993317
DEBUG:    286.413177
DEBUG:    286.833038
DEBUG:    287.252899
DEBUG:    287.672760
DEBUG:    288.092621
DEBUG:    288.512482
DEBUG:    288.932343
DEBUG:    289.352203
DEBUG:    289.772064
DEBUG:    290.191925
DEBUG:    290.611786
DEBUG:    291.031647
DEBUG:    291.451508
DEBUG:    291.871368
DEBUG:    292.291229
DEBUG:    292.711090
DEBUG:    293.130951
DEBUG:    293.550812
DEBUG:    293.970673
DEBUG:    294.390533
DEBUG:    294.810394
DEBUG:    295.230255
DEBUG:    295.650116
DEBUG:    296.069977
DEBUG:    296.489838
DEBUG:    296.909698
DEBUG:    297.329559
DEBUG:    297.749420
DEBUG:    298.169281
DEBUG:    298.589142
DEBUG:    299.009003
DEBUG:    299.428864
DEBUG:    299.848724
DEBUG:    300.268585
WARNING:  Render update is behind -88 microseconds! Current FPS: 30
DEBUG:    300.688446
DEBUG:    301.108307
DEBUG:    301.528168
DEBUG:    301.948029
DEBUG:    302.367889
DEBUG:    302.787750
DEBUG:    303.207611
DEBUG:    303.627472
DEBUG:    304.047333
DEBUG:    304.467194
DEBUG:    304.887054
DEBUG:    305.306915
DEBUG:    305.726776
DEBUG:    306.146637
DEBUG:    306.566498
DEBUG:    306.986359
DEBUG:    307.406219
DEBUG:    307.826080
DEBUG:    308.245941
DEBUG:    308.665802
DEBUG:    309.085663
DEBUG:    309.505524
DEBUG:    309.925385
DEBUG:    310.345245
DEBUG:    310.765106
DEBUG:    311.184967
WARNING:  Render update is behind -1434 microseconds! Current FPS: 29
DEBUG:    311.604828
DEBUG:    312.024689
WARNING:  Render update is behind -4527 microseconds! Current FPS: 26
DEBUG:    312.444550
DEBUG:    312.864410
DEBUG:    313.284271
DEBUG:    313.704132
DEBUG:    314.123993
DEBUG:    314.543854
DEBUG:    314.963715
DEBUG:    315.383575
DEBUG:    315.803436
DEBUG:    316.223297
DEBUG:    316.643158
DEBUG:    317.063019
DEBUG:    317.482880
DEBUG:    317.902740
DEBUG:    318.322601
DEBUG:    318.742462
DEBUG:    319.162323
DEBUG:    319.582184
DEBUG:    320.002045
DEBUG:    320.421906
DEBUG:    320.841766
DEBUG:    321.261627
DEBUG:    321.681488
DEBUG:    322.101349
DEBUG:    322.521210
DEBUG:    322.941071
DEBUG:    323.360931
DEBUG:    323.780792
DEBUG:    324.200653
DEBUG:    324.620514
DEBUG:    325.040375
DEBUG:    325.460236
DEBUG:    325.880096
DEBUG:    326.299957
DEBUG:    326.719818
DEBUG:    327.139679
DEBUG:    327.559540
DEBUG:    327.779419
DEBUG:    327.799286
DEBUG:    327.619171
DEBUG:    327.239044
DEBUG:    326.658905
DEBUG:    326.078766
DEBUG:    325.498627
DEBUG:    324.918488
DEBUG:    324.338348
DEBUG:    323.758209
DEBUG:    323.178070
DEBUG:    322.597931
DEBUG:    322.017792
DEBUG:    321.437653
DEBUG:    320.857513
DEBUG:    320.277374
DEBUG:    319.697235
DEBUG:    319.117096
DEBUG:    318.536957
DEBUG:    317.956818
DEBUG:    317.376678
DEBUG:    316.796539
DEBUG:    316.216400
DEBUG:    315.636261
DEBUG:    315.056122
DEBUG:    314.475983
DEBUG:    313.895844
DEBUG:    313.315704
DEBUG:    312.735565
DEBUG:    312.155426
DEBUG:    311.575287
DEBUG:    310.995148
DEBUG:    310.415009
DEBUG:    309.834869
DEBUG:    309.254730
DEBUG:    308.674591
DEBUG:    308.094452
DEBUG:    307.514313
DEBUG:    306.934174
WARNING:  Render update is behind -7933 microseconds! Current FPS: 24
DEBUG:    306.354034
DEBUG:    305.773895
DEBUG:    305.193756
DEBUG:    304.613617
DEBUG:    304.033478
DEBUG:    303.453339
DEBUG:    302.873199
DEBUG:    302.293060
DEBUG:    301.712921
DEBUG:    301.132782
DEBUG:    300.552643
DEBUG:    299.972504
DEBUG:    299.392365
DEBUG:    298.812225
DEBUG:    298.232086
DEBUG:    297.651947
DEBUG:    297.071808
DEBUG:    296.491669
DEBUG:    295.911530
DEBUG:    295.331390
DEBUG:    294.751251
DEBUG:    294.171112
DEBUG:    293.590973
DEBUG:    293.010834
DEBUG:    292.430695
DEBUG:    291.850555
DEBUG:    291.270416
DEBUG:    290.890289
DEBUG:    290.710175
DEBUG:    290.730042
DEBUG:    290.949921
DEBUG:    291.369781
DEBUG:    291.989655
DEBUG:    292.809540
DEBUG:    293.829407
DEBUG:    295.049286
DEBUG:    296.469147
DEBUG:    298.089020
DEBUG:    299.908905
DEBUG:    301.928772
DEBUG:    304.148651
DEBUG:    306.568512
WARNING:  Render update is behind -10795 microseconds! Current FPS: 23
DEBUG:    308.988373
DEBUG:    311.408234
DEBUG:    313.828094
DEBUG:    316.247955
DEBUG:    318.667816
DEBUG:    321.087677
DEBUG:    323.507538
DEBUG:    325.927399
DEBUG:    328.347260
DEBUG:    330.767120
DEBUG:    333.186981
DEBUG:    335.606842
DEBUG:    338.026703
DEBUG:    340.446564
DEBUG:    342.866425
DEBUG:    345.286285
DEBUG:    347.706146
DEBUG:    350.126007
DEBUG:    352.545868
DEBUG:    354.965729
DEBUG:    357.385590
DEBUG:    359.805450
DEBUG:    2.225311
DEBUG:    4.645184
DEBUG:    7.065056
DEBUG:    9.484928
DEBUG:    11.904800
DEBUG:    14.324673
DEBUG:    16.744545
DEBUG:    19.164417
DEBUG:    21.584290
DEBUG:    24.004162
DEBUG:    26.424034
WARNING:  Render update is behind -503 microseconds! Current FPS: 30
DEBUG:    28.843906
DEBUG:    28.843906
DEBUG:    33.843906
DEBUG:    43.843906
DEBUG:    58.843906
DEBUG:    78.843903
DEBUG:    103.843903
DEBUG:    133.843903
DEBUG:    168.843903
DEBUG:    208.843903
DEBUG:    253.843903
DEBUG:    303.843903
DEBUG:    358.843903
DEBUG:    58.843903
WARNING:  Render update is behind -2514 microseconds! Current FPS: 28
DEBUG:    123.843903
DEBUG:    193.843903
DEBUG:    268.843903
DEBUG:    348.843903
DEBUG:    73.843903
DEBUG:    163.843903
DEBUG:    258.843903
DEBUG:    358.843903
DEBUG:    103.843903
DEBUG:    213.843903
DEBUG:    328.843903
DEBUG:    88.843903
DEBUG:    213.843903
DEBUG:    343.843903
DEBUG:    118.843903
DEBUG:    258.843903
DEBUG:    43.843903
DEBUG:    193.843903
DEBUG:    348.843903
DEBUG:    148.843903
DEBUG:    313.843903
DEBUG:    123.843903
DEBUG:    298.843903
DEBUG:    118.843903
DEBUG:    303.843903
DEBUG:    133.843903
DEBUG:    328.843903
DEBUG:    168.843872
DEBUG:    13.843872
DEBUG:    223.843872
DEBUG:    78.843872
DEBUG:    298.843872
DEBUG:    163.843872
DEBUG:    33.843872
WARNING:  Render update is behind -1011 microseconds! Current FPS: 29
DEBUG:    268.843872
WARNING:  Render update is behind -2577 microseconds! Current FPS: 28
DEBUG:    148.843872
DEBUG:    33.843872
DEBUG:    283.843872
DEBUG:    178.843872
DEBUG:    78.843872
DEBUG:    343.843872
DEBUG:    253.843872
DEBUG:    168.843872
DEBUG:    88.843872
DEBUG:    13.843872
DEBUG:    303.843872
DEBUG:    238.843872
DEBUG:    178.843872
DEBUG:    123.843872
DEBUG:    73.843872
DEBUG:    28.843872
DEBUG:    348.843872
DEBUG:    313.843872
DEBUG:    283.843872
DEBUG:    258.843872
DEBUG:    238.843872
DEBUG:    223.843872
DEBUG:    213.843872
DEBUG:    208.843872
DEBUG:    208.843872
DEBUG:    213.843872
DEBUG:    223.843872
DEBUG:    238.843872
DEBUG:    258.843872
DEBUG:    278.843872
DEBUG:    298.843872
DEBUG:    318.843872
DEBUG:    338.843872
DEBUG:    358.843872
DEBUG:    18.843872
DEBUG:    38.843872
DEBUG:    58.843872
DEBUG:    78.843872
DEBUG:    98.843872
WARNING:  Render update is behind -2922 microseconds! Current FPS: 28
DEBUG:    118.843872
DEBUG:    138.843872
DEBUG:    103.843872
DEBUG:    73.843872
DEBUG:    48.843872
DEBUG:    28.843872
DEBUG:    13.843872
DEBUG:    3.843872
DEBUG:    358.843872
DEBUG:    358.843872
DEBUG:    3.843872
DEBUG:    13.843872
DEBUG:    28.843872
DEBUG:    48.843872
DEBUG:    73.843872
DEBUG:    103.843872
DEBUG:    133.843872
DEBUG:    163.843872
DEBUG:    193.843872
DEBUG:    223.843872
DEBUG:    253.843872
DEBUG:    283.843872
DEBUG:    313.843872
DEBUG:    343.843872
DEBUG:    13.843872
DEBUG:    43.843872
DEBUG:    73.843872
WARNING:  Render update is behind -3815 microseconds! Current FPS: 27
DEBUG:    103.843872
DEBUG:    133.843872
DEBUG:    163.843872
DEBUG:    128.843872
DEBUG:    98.843872
DEBUG:    73.843872
DEBUG:    53.843872
DEBUG:    38.843872
DEBUG:    28.843872
DEBUG:    18.843872
DEBUG:    8.843872
DEBUG:    358.843872
DEBUG:    348.843872
DEBUG:    338.843872
DEBUG:    328.843872
DEBUG:    318.843872
DEBUG:    308.843872
DEBUG:    298.843872
DEBUG:    248.843872
DEBUG:    203.843872
DEBUG:    163.843872
DEBUG:    128.843872
DEBUG:    98.843872
DEBUG:    73.843872
DEBUG:    53.843872
DEBUG:    38.843872
DEBUG:    28.843872
DEBUG:    23.843872
DEBUG:    23.843872
DEBUG:    28.843872
DEBUG:    38.843872
DEBUG:    53.843872
DEBUG:    73.843872
DEBUG:    98.843872
DEBUG:    128.843872
DEBUG:    163.843872
DEBUG:    203.843872
DEBUG:    248.843872
DEBUG:    298.843872
DEBUG:    353.843872
DEBUG:    53.843872
DEBUG:    118.843872
DEBUG:    188.843872
DEBUG:    263.843872
DEBUG:    343.843872
WARNING:  Render update is behind -9478 microseconds! Current FPS: 23
DEBUG:    68.843872
INFO:     Cleaning up...
