DEBUG:    Initializing...
DEBUG:    Initializing Main_Info...
DEBUG:    Found querty option.
DEBUG:    Getting video modes...
DEBUG:    Creating window with resolution of 1366x768...
DEBUG:    Loading images...
DEBUG:    Initializing Status_Menu...
DEBUG:    Starting window render loop...
DEBUG:    Starting window event loop...
INFO:     Initialization Finished
DEBUG:    Set FPS to 30
DEBUG:    0.000000  0.000000   0.000000
WARNING:  Render update is behind -75998 microseconds! Current FPS: 9
DEBUG:    0.000000  0.000000   0.000000
WARNING:  Render update is behind -23698 microseconds! Current FPS: 18
DEBUG:    0.000000  0.000000   0.000000
DEBUG:    0.000000  0.000000   0.000000
DEBUG:    0.000000  0.000000   0.000000
WARNING:  Render update is behind -367 microseconds! Current FPS: 30
DEBUG:    0.000000  0.000000   0.000000
DEBUG:    0.000000  0.000000   0.000000
DEBUG:    0.000000  0.000000   0.000000
DEBUG:    0.000000  0.000000   0.000000
DEBUG:    0.000000  0.000000   0.000000
WARNING:  Render update is behind -10403 microseconds! Current FPS: 23
DEBUG:    0.000000  0.000000   0.000000
DEBUG:    0.000000  0.000000   0.000000
DEBUG:    0.000000  0.000000   1.000000
DEBUG:    0.000000  0.000000   3.000000
DEBUG:    0.000000  0.000000   6.000000
WARNING:  Render update is behind -6067 microseconds! Current FPS: 25
DEBUG:    0.000000  0.000000   10.000000
DEBUG:    0.000000  0.000000   15.000000
WARNING:  Render update is behind -15623 microseconds! Current FPS: 20
DEBUG:    0.000000  0.000000   21.000000
WARNING:  Render update is behind -6799 microseconds! Current FPS: 25
DEBUG:    0.000000  0.000000   28.000000
WARNING:  Render update is behind -5482 microseconds! Current FPS: 26
DEBUG:    0.000000  0.000000   36.000000
DEBUG:    0.000000  0.000000   45.000000
DEBUG:    0.000000  0.000000   55.000000
DEBUG:    0.000000  0.000000   66.000000
DEBUG:    0.000000  0.000000   78.000000
WARNING:  Render update is behind -9970 microseconds! Current FPS: 23
DEBUG:    0.000000  0.000000   91.000000
DEBUG:    0.000000  0.000000   105.000000
WARNING:  Render update is behind -6216 microseconds! Current FPS: 25
DEBUG:    0.000000  0.000000   120.000000
DEBUG:    0.000000  0.000000   136.000000
DEBUG:    0.000000  0.000000   153.000000
DEBUG:    0.000000  0.000000   171.000000
DEBUG:    0.000000  0.000000   190.000000
DEBUG:    0.000000  0.000000   210.000000
DEBUG:    0.000000  0.000000   231.000000
DEBUG:    0.000000  0.000000   253.000000
DEBUG:    0.000000  0.000000   276.000000
DEBUG:    0.000000  0.000000   300.000000
DEBUG:    0.000000  0.000000   325.000000
DEBUG:    0.000000  0.000000   351.000000
DEBUG:    0.000000  0.000000   18.000000
DEBUG:    0.000000  0.000000   46.000000
DEBUG:    0.000000  0.000000   75.000000
DEBUG:    0.000000  0.000000   105.000000
DEBUG:    0.000000  0.000000   136.000000
DEBUG:    0.000000  0.000000   168.000000
DEBUG:    0.000000  0.000000   201.000000
DEBUG:    0.000000  0.000000   235.000000
DEBUG:    0.000000  0.000000   270.000000
DEBUG:    0.000000  0.000000   306.000000
DEBUG:    0.000000  0.000000   343.000000
DEBUG:    0.000000  0.000000   21.000000
DEBUG:    0.000000  0.000000   60.000000
DEBUG:    0.000000  0.000000   100.000000
DEBUG:    0.000000  0.000000   141.000000
DEBUG:    0.000000  0.000000   183.000000
DEBUG:    0.000000  0.000000   226.000000
DEBUG:    0.000000  0.000000   270.000000
DEBUG:    0.000000  0.000000   315.000000
DEBUG:    0.000000  0.000000   1.000000
DEBUG:    0.000000  0.000000   48.000000
DEBUG:    0.000000  0.000000   96.000000
DEBUG:    0.000000  0.000000   145.000000
DEBUG:    0.000000  0.000000   195.000000
DEBUG:    0.000000  0.000000   246.000000
DEBUG:    0.000000  0.000000   298.000000
DEBUG:    0.000000  0.000000   351.000000
DEBUG:    0.000000  0.000000   45.000000
DEBUG:    0.000000  0.000000   100.000000
DEBUG:    0.000000  0.000000   156.000000
WARNING:  Render update is behind -520 microseconds! Current FPS: 30
DEBUG:    0.000000  0.000000   213.000000
DEBUG:    0.000000  0.000000   271.000000
DEBUG:    0.000000  0.000000   330.000000
DEBUG:    0.000000  0.000000   30.000000
DEBUG:    0.000000  0.000000   91.000000
DEBUG:    0.000000  0.000000   153.000000
DEBUG:    0.000000  0.000000   216.000000
DEBUG:    0.000000  0.000000   280.000000
DEBUG:    0.000000  0.000000   345.000000
DEBUG:    0.000000  0.000000   51.000000
DEBUG:    0.000000  0.000000   117.000000
DEBUG:    0.000000  0.000000   183.000000
DEBUG:    0.000000  0.000000   249.000000
DEBUG:    0.000000  0.000000   315.000000
DEBUG:    0.000000  0.000000   21.000000
DEBUG:    0.000000  0.000000   87.000000
DEBUG:    0.000000  0.000000   153.000000
DEBUG:    0.000000  0.000000   219.000000
DEBUG:    0.000000  0.000000   285.000000
INFO:     Cleaning up...
