DEBUG:    Initializing...
DEBUG:    Initializing Main_Info...
DEBUG:    Found querty option.
DEBUG:    Getting video modes...
DEBUG:    Creating window with resolution of 1366x768...
DEBUG:    Loading images...
DEBUG:    Initializing Status_Menu...
DEBUG:    Starting window render loop...
DEBUG:    Starting window event loop...
INFO:     Initialization Finished
DEBUG:    Set FPS to 30
WARNING:  Render update is behind -70221 microseconds! Current FPS: 10
WARNING:  Render update is behind -11839 microseconds! Current FPS: 22
WARNING:  Render update is behind -14244 microseconds! Current FPS: 21
WARNING:  Render update is behind -13703 microseconds! Current FPS: 21
WARNING:  Render update is behind -15170 microseconds! Current FPS: 21
WARNING:  Render update is behind -6178 microseconds! Current FPS: 25
WARNING:  Render update is behind -2459 microseconds! Current FPS: 28
WARNING:  Render update is behind -7950 microseconds! Current FPS: 24
WARNING:  Render update is behind -1315 microseconds! Current FPS: 29
WARNING:  Render update is behind -16036 microseconds! Current FPS: 20
WARNING:  Render update is behind -8 microseconds! Current FPS: 30
INFO:     Cleaning up...
