DEBUG:    Initializing...
DEBUG:    Initializing Main_Info...
DEBUG:    Found querty option.
DEBUG:    Getting video modes...
DEBUG:    Creating window with resolution of 1366x768...
DEBUG:    Loading images...
DEBUG:    Initializing Status_Menu...
DEBUG:    Starting window render loop...
DEBUG:    Starting window event loop...
INFO:     Initialization Finished
DEBUG:    Set FPS to 30
WARNING:  Render update is behind -31270 microseconds! Current FPS: 15
WARNING:  Render update is behind -7835 microseconds! Current FPS: 24
WARNING:  Render update is behind -382 microseconds! Current FPS: 30
WARNING:  Render update is behind -7545 microseconds! Current FPS: 24
WARNING:  Render update is behind -13176 microseconds! Current FPS: 21
WARNING:  Render update is behind -12932 microseconds! Current FPS: 22
WARNING:  Render update is behind -15493 microseconds! Current FPS: 20
WARNING:  Render update is behind -912 microseconds! Current FPS: 29
INFO:     Cleaning up...
