DEBUG:    Initializing...
DEBUG:    Initializing Main_Info...
DEBUG:    Found querty option.
DEBUG:    Getting video modes...
DEBUG:    Creating window with resolution of 1366x768...
DEBUG:    Loading images...
DEBUG:    Initializing Status_Menu...
DEBUG:    Starting window render loop...
DEBUG:    Starting window event loop...
INFO:     Initialization Finished
DEBUG:    Set FPS to 30
DEBUG:    0.000000  0.000000   0.000000
DEBUG:    0.000000   0.000000
WARNING:  Render update is behind -28695 microseconds! Current FPS: 16
DEBUG:    0.000000  0.000000   0.000000
DEBUG:    0.000000   1.000000
WARNING:  Render update is behind -26259 microseconds! Current FPS: 17
DEBUG:    0.000000  0.000000   0.000000
DEBUG:    0.000000   1.000000
WARNING:  Render update is behind -23229 microseconds! Current FPS: 18
DEBUG:    0.000000  0.000000   0.000000
DEBUG:    0.000000   1.000000
DEBUG:    0.000000  0.000000   0.000000
DEBUG:    0.000000   1.000000
WARNING:  Render update is behind -7423 microseconds! Current FPS: 25
DEBUG:    0.000000  0.000000   0.000000
DEBUG:    0.000000   1.000000
DEBUG:    0.000000  0.000000   0.000000
DEBUG:    0.000000   1.000000
DEBUG:    0.000000  0.000000   0.000000
DEBUG:    0.000000   1.000000
DEBUG:    0.000000  0.000000   0.000000
DEBUG:    0.000000   1.000000
WARNING:  Render update is behind -33599 microseconds! Current FPS: 15
DEBUG:    0.000000  0.000000   0.000000
DEBUG:    0.000000   1.000000
WARNING:  Render update is behind -9452 microseconds! Current FPS: 23
DEBUG:    0.000000  0.000000   0.000000
DEBUG:    0.000000   1.000000
DEBUG:    0.000000  0.000000   0.000000
DEBUG:    0.000000   1.000000
WARNING:  Render update is behind -2889 microseconds! Current FPS: 28
DEBUG:    0.000000  0.000000   0.000000
DEBUG:    0.000000   1.000000
WARNING:  Render update is behind -450 microseconds! Current FPS: 30
DEBUG:    0.000000  0.000000   0.000000
DEBUG:    0.000000   1.000000
DEBUG:    0.000000  0.000000   0.000000
DEBUG:    0.000000   1.000000
DEBUG:    0.000000  0.000000   0.000000
DEBUG:    0.000000   1.000000
DEBUG:    0.000000  0.000000   0.000000
DEBUG:    0.000000   1.000000
DEBUG:    0.000000  0.000000   0.000000
DEBUG:    0.000000   1.000000
DEBUG:    0.000000  0.000000   0.000000
DEBUG:    0.000000   1.000000
DEBUG:    0.000000  0.000000   0.000000
DEBUG:    0.000000   1.000000
DEBUG:    0.000000  0.000000   0.000000
DEBUG:    0.000000   1.000000
WARNING:  Render update is behind -3755 microseconds! Current FPS: 27
DEBUG:    0.000000  0.000000   0.000000
DEBUG:    0.000000   1.000000
DEBUG:    0.000000  0.000000   0.000000
DEBUG:    0.000000   1.000000
WARNING:  Render update is behind -130 microseconds! Current FPS: 30
DEBUG:    0.000000  0.000000   0.000000
DEBUG:    0.000000   1.000000
DEBUG:    0.000000  0.000000   0.000000
DEBUG:    0.000000   1.000000
DEBUG:    0.000000  0.000000   0.000000
DEBUG:    0.000000   1.000000
DEBUG:    0.000000  0.000000   0.000000
DEBUG:    0.000000   1.000000
DEBUG:    0.000000  0.000000   0.000000
DEBUG:    0.000000   1.000000
DEBUG:    0.000000  0.000000   0.000000
DEBUG:    0.000000   1.000000
DEBUG:    0.000000  0.000000   0.000000
DEBUG:    0.000000   1.000000
DEBUG:    0.000000  0.000000   0.000000
DEBUG:    0.000000   1.000000
DEBUG:    0.000000  0.000000   0.000000
DEBUG:    0.000000   1.000000
DEBUG:    0.000000  0.000000   0.000000
DEBUG:    0.000000   1.000000
DEBUG:    0.000000  0.000000   0.000000
DEBUG:    0.000000   1.000000
DEBUG:    0.000000  0.000000   0.000000
DEBUG:    0.000000   1.000000
DEBUG:    0.000000  0.000000   0.000000
DEBUG:    0.000000   1.000000
WARNING:  Render update is behind -6219 microseconds! Current FPS: 25
DEBUG:    0.000000  0.000000   0.000000
DEBUG:    0.000000   1.000000
WARNING:  Render update is behind -2677 microseconds! Current FPS: 28
DEBUG:    0.000000  0.000000   0.000000
DEBUG:    0.000000   1.000000
WARNING:  Render update is behind -1236 microseconds! Current FPS: 29
DEBUG:    0.000000  0.000000   0.000000
DEBUG:    0.000000   1.000000
DEBUG:    0.000000  0.000000   0.000000
DEBUG:    0.000000   1.000000
DEBUG:    0.000000  0.000000   0.000000
DEBUG:    0.000000   1.000000
DEBUG:    0.000000  0.000000   0.000000
DEBUG:    0.000000   1.000000
INFO:     Cleaning up...
