DEBUG:    Initializing...
DEBUG:    Initializing Main_Info...
DEBUG:    Found querty option.
DEBUG:    Getting video modes...
DEBUG:    Creating window with resolution of 1366x768...
DEBUG:    Loading images...
DEBUG:    Initializing Status_Menu...
DEBUG:    Starting window render loop...
DEBUG:    Starting window event loop...
INFO:     Initialization Finished
DEBUG:    Set FPS to 30
WARNING:  Render update is behind -22131 microseconds! Current FPS: 18
WARNING:  Render update is behind -42061 microseconds! Current FPS: 13
WARNING:  Render update is behind -5315 microseconds! Current FPS: 26
WARNING:  Render update is behind -16452 microseconds! Current FPS: 20
WARNING:  Render update is behind -6952 microseconds! Current FPS: 25
WARNING:  Render update is behind -1486 microseconds! Current FPS: 29
WARNING:  Render update is behind -9655 microseconds! Current FPS: 23
WARNING:  Render update is behind -13021 microseconds! Current FPS: 22
WARNING:  Render update is behind -2614 microseconds! Current FPS: 28
WARNING:  Render update is behind -23364 microseconds! Current FPS: 18
WARNING:  Render update is behind -13074 microseconds! Current FPS: 22
WARNING:  Render update is behind -1614 microseconds! Current FPS: 29
WARNING:  Render update is behind -3193 microseconds! Current FPS: 27
WARNING:  Render update is behind -966 microseconds! Current FPS: 29
INFO:     Cleaning up...
