DEBUG:    Initializing...
DEBUG:    Initializing Main_Info...
DEBUG:    Found querty option.
DEBUG:    Getting video modes...
DEBUG:    Creating window with resolution of 1366x768...
DEBUG:    Loading images...
DEBUG:    Initializing Status_Menu...
DEBUG:    Starting window render loop...
DEBUG:    Starting window event loop...
INFO:     Initialization Finished
DEBUG:    Set FPS to 30
WARNING:  Render update is behind -97489 microseconds! Current FPS: 8
WARNING:  Render update is behind -38660 microseconds! Current FPS: 14
WARNING:  Render update is behind -16917 microseconds! Current FPS: 20
WARNING:  Render update is behind -3009 microseconds! Current FPS: 28
WARNING:  Render update is behind -1964 microseconds! Current FPS: 28
WARNING:  Render update is behind -485 microseconds! Current FPS: 30
WARNING:  Render update is behind -18542 microseconds! Current FPS: 19
WARNING:  Render update is behind -14760 microseconds! Current FPS: 21
WARNING:  Render update is behind -364 microseconds! Current FPS: 30
WARNING:  Render update is behind -783 microseconds! Current FPS: 29
WARNING:  Render update is behind -2012 microseconds! Current FPS: 28
INFO:     Cleaning up...
