DEBUG:    Initializing...
DEBUG:    Initializing Main_Info...
DEBUG:    Found querty option.
DEBUG:    Getting video modes...
DEBUG:    Creating window with resolution of 1366x768...
DEBUG:    Loading images...
DEBUG:    Initializing Status_Menu...
DEBUG:    Starting window render loop...
DEBUG:    Starting window event loop...
INFO:     Initialization Finished
DEBUG:    Set FPS to 30
WARNING:  Render update is behind -16494 microseconds! Current FPS: 20
WARNING:  Render update is behind -7865 microseconds! Current FPS: 24
WARNING:  Render update is behind -36128 microseconds! Current FPS: 14
WARNING:  Render update is behind -4636 microseconds! Current FPS: 26
WARNING:  Render update is behind -15539 microseconds! Current FPS: 20
WARNING:  Render update is behind -381 microseconds! Current FPS: 30
WARNING:  Render update is behind -3498 microseconds! Current FPS: 27
WARNING:  Render update is behind -10556 microseconds! Current FPS: 23
WARNING:  Render update is behind -840 microseconds! Current FPS: 29
WARNING:  Render update is behind -212 microseconds! Current FPS: 30
INFO:     Cleaning up...
