DEBUG:    Initializing...
DEBUG:    Initializing Main_Info...
DEBUG:    Found querty option.
DEBUG:    Getting video modes...
DEBUG:    Creating window with resolution of 1366x768...
DEBUG:    Loading images...
DEBUG:    Initializing Status_Menu...
DEBUG:    Starting window render loop...
DEBUG:    Starting window event loop...
INFO:     Initialization Finished
DEBUG:    Set FPS to 30
DEBUG:    980.000000
WARNING:  Render update is behind -63317 microseconds! Current FPS: 10
DEBUG:    970.000000
WARNING:  Render update is behind -14048 microseconds! Current FPS: 21
DEBUG:    960.000000
DEBUG:    950.000000
DEBUG:    940.000000
DEBUG:    930.000000
DEBUG:    920.000000
WARNING:  Render update is behind -14738 microseconds! Current FPS: 21
DEBUG:    910.000000
DEBUG:    900.000000
DEBUG:    890.000000
WARNING:  Render update is behind -1576 microseconds! Current FPS: 29
DEBUG:    880.000000
DEBUG:    870.000000
WARNING:  Render update is behind -1903 microseconds! Current FPS: 28
DEBUG:    860.000000
DEBUG:    850.000000
DEBUG:    840.000000
DEBUG:    830.000000
DEBUG:    820.000000
DEBUG:    810.000000
DEBUG:    800.000000
DEBUG:    790.000000
DEBUG:    780.000000
DEBUG:    770.000000
DEBUG:    760.000000
DEBUG:    750.000000
DEBUG:    740.000000
DEBUG:    730.000000
DEBUG:    720.000000
DEBUG:    710.000000
DEBUG:    700.000000
DEBUG:    690.000000
DEBUG:    680.000000
DEBUG:    670.000000
DEBUG:    660.000000
DEBUG:    650.000000
DEBUG:    640.000000
DEBUG:    630.000000
DEBUG:    620.000000
DEBUG:    610.000000
DEBUG:    600.000000
DEBUG:    590.000000
DEBUG:    580.000000
DEBUG:    570.000000
DEBUG:    560.000000
DEBUG:    550.000000
DEBUG:    540.000000
DEBUG:    530.000000
DEBUG:    520.000000
DEBUG:    510.000000
DEBUG:    500.000000
DEBUG:    490.000000
DEBUG:    480.000000
DEBUG:    470.000000
DEBUG:    460.000000
DEBUG:    450.000000
DEBUG:    440.000000
DEBUG:    430.000000
DEBUG:    420.000000
DEBUG:    410.000000
DEBUG:    400.000000
DEBUG:    390.000000
DEBUG:    380.000000
DEBUG:    370.000000
DEBUG:    360.000000
DEBUG:    350.000000
DEBUG:    340.000000
DEBUG:    330.000000
DEBUG:    320.000000
DEBUG:    310.000000
DEBUG:    300.000000
DEBUG:    290.000000
DEBUG:    280.000000
DEBUG:    270.000000
DEBUG:    260.000000
DEBUG:    250.000000
DEBUG:    240.000000
DEBUG:    230.000000
DEBUG:    220.000000
DEBUG:    210.000000
DEBUG:    200.000000
DEBUG:    190.000000
DEBUG:    180.000000
DEBUG:    170.000000
DEBUG:    160.000000
DEBUG:    150.000000
DEBUG:    140.000000
DEBUG:    130.000000
DEBUG:    120.000000
DEBUG:    110.000000
DEBUG:    100.000000
DEBUG:    90.000000
DEBUG:    80.000000
DEBUG:    70.000000
DEBUG:    60.000000
DEBUG:    50.000000
DEBUG:    40.000000
DEBUG:    30.000000
DEBUG:    20.000000
DEBUG:    10.000000
DEBUG:    0.000000
DEBUG:    -10.000000
DEBUG:    -10.000000
DEBUG:    -10.000000
DEBUG:    -10.000000
DEBUG:    -10.000000
DEBUG:    -10.000000
DEBUG:    -10.000000
DEBUG:    -10.000000
DEBUG:    -10.000000
DEBUG:    -10.000000
DEBUG:    -10.000000
DEBUG:    -10.000000
DEBUG:    -10.000000
DEBUG:    -10.000000
DEBUG:    -10.000000
DEBUG:    -10.000000
DEBUG:    -10.000000
DEBUG:    -10.000000
DEBUG:    -10.000000
DEBUG:    -10.000000
DEBUG:    -10.000000
DEBUG:    -10.000000
DEBUG:    -10.000000
DEBUG:    -10.000000
DEBUG:    -10.000000
DEBUG:    -10.000000
DEBUG:    -10.000000
DEBUG:    -10.000000
DEBUG:    -10.000000
DEBUG:    -10.000000
DEBUG:    -10.000000
DEBUG:    -10.000000
DEBUG:    -10.000000
DEBUG:    -10.000000
DEBUG:    -10.000000
DEBUG:    -10.000000
DEBUG:    -10.000000
DEBUG:    -10.000000
DEBUG:    -10.000000
DEBUG:    -10.000000
DEBUG:    -10.000000
DEBUG:    -10.000000
DEBUG:    -10.000000
DEBUG:    -10.000000
DEBUG:    -10.000000
DEBUG:    -10.000000
DEBUG:    -10.000000
DEBUG:    -10.000000
DEBUG:    -10.000000
DEBUG:    -10.000000
DEBUG:    -10.000000
DEBUG:    -10.000000
DEBUG:    -10.000000
DEBUG:    -10.000000
DEBUG:    -10.000000
DEBUG:    -10.000000
DEBUG:    0.000000
DEBUG:    10.000000
DEBUG:    20.000000
DEBUG:    10.000000
DEBUG:    0.000000
DEBUG:    0.000000
DEBUG:    0.000000
DEBUG:    0.000000
DEBUG:    0.000000
DEBUG:    0.000000
DEBUG:    0.000000
DEBUG:    0.000000
DEBUG:    0.000000
DEBUG:    0.000000
DEBUG:    0.000000
DEBUG:    0.000000
DEBUG:    0.000000
DEBUG:    0.000000
DEBUG:    0.000000
DEBUG:    0.000000
DEBUG:    0.000000
DEBUG:    0.000000
DEBUG:    0.000000
DEBUG:    0.000000
DEBUG:    0.000000
DEBUG:    0.000000
DEBUG:    0.000000
DEBUG:    0.000000
DEBUG:    0.000000
DEBUG:    0.000000
DEBUG:    0.000000
DEBUG:    0.000000
DEBUG:    0.000000
DEBUG:    0.000000
DEBUG:    0.000000
DEBUG:    0.000000
DEBUG:    0.000000
DEBUG:    0.000000
DEBUG:    0.000000
DEBUG:    0.000000
DEBUG:    0.000000
DEBUG:    0.000000
DEBUG:    0.000000
DEBUG:    0.000000
DEBUG:    0.000000
DEBUG:    0.000000
DEBUG:    0.000000
DEBUG:    0.000000
DEBUG:    0.000000
DEBUG:    0.000000
DEBUG:    -10.000000
DEBUG:    -10.000000
DEBUG:    -10.000000
DEBUG:    -10.000000
DEBUG:    -10.000000
DEBUG:    -10.000000
DEBUG:    -10.000000
DEBUG:    -10.000000
DEBUG:    -10.000000
DEBUG:    -10.000000
DEBUG:    -10.000000
DEBUG:    -10.000000
DEBUG:    -10.000000
WARNING:  Render update is behind -7883 microseconds! Current FPS: 24
DEBUG:    -10.000000
DEBUG:    -10.000000
DEBUG:    -10.000000
DEBUG:    -10.000000
DEBUG:    -10.000000
DEBUG:    -10.000000
DEBUG:    -10.000000
DEBUG:    -10.000000
DEBUG:    -10.000000
DEBUG:    -10.000000
DEBUG:    -10.000000
DEBUG:    -10.000000
DEBUG:    -10.000000
DEBUG:    -10.000000
DEBUG:    -10.000000
DEBUG:    -10.000000
DEBUG:    -10.000000
DEBUG:    -10.000000
DEBUG:    -10.000000
DEBUG:    -10.000000
DEBUG:    -10.000000
DEBUG:    -10.000000
DEBUG:    -10.000000
DEBUG:    -10.000000
DEBUG:    -10.000000
DEBUG:    -10.000000
DEBUG:    -10.000000
DEBUG:    -10.000000
DEBUG:    -10.000000
DEBUG:    -10.000000
DEBUG:    -10.000000
DEBUG:    -10.000000
DEBUG:    -10.000000
DEBUG:    -10.000000
DEBUG:    -10.000000
DEBUG:    -10.000000
DEBUG:    -10.000000
DEBUG:    -10.000000
DEBUG:    -10.000000
DEBUG:    -10.000000
DEBUG:    -10.000000
DEBUG:    -10.000000
DEBUG:    -10.000000
DEBUG:    -10.000000
DEBUG:    -10.000000
DEBUG:    -10.000000
DEBUG:    -10.000000
DEBUG:    -10.000000
DEBUG:    -10.000000
DEBUG:    -10.000000
DEBUG:    -10.000000
DEBUG:    -10.000000
DEBUG:    -10.000000
DEBUG:    -10.000000
DEBUG:    -10.000000
DEBUG:    -10.000000
DEBUG:    -10.000000
DEBUG:    -10.000000
DEBUG:    -10.000000
DEBUG:    -10.000000
DEBUG:    -10.000000
DEBUG:    -10.000000
DEBUG:    -10.000000
DEBUG:    -10.000000
DEBUG:    -10.000000
DEBUG:    -10.000000
DEBUG:    -10.000000
DEBUG:    -10.000000
DEBUG:    -10.000000
DEBUG:    -10.000000
DEBUG:    -10.000000
DEBUG:    -10.000000
DEBUG:    -10.000000
DEBUG:    -10.000000
DEBUG:    -10.000000
DEBUG:    -10.000000
DEBUG:    -10.000000
DEBUG:    -10.000000
DEBUG:    -10.000000
DEBUG:    -10.000000
DEBUG:    -10.000000
DEBUG:    -10.000000
DEBUG:    -10.000000
DEBUG:    -10.000000
DEBUG:    -10.000000
DEBUG:    -10.000000
DEBUG:    -10.000000
DEBUG:    -10.000000
DEBUG:    -10.000000
DEBUG:    -10.000000
WARNING:  Render update is behind -3340 microseconds! Current FPS: 27
DEBUG:    -10.000000
DEBUG:    -10.000000
WARNING:  Render update is behind -8713 microseconds! Current FPS: 24
DEBUG:    -10.000000
DEBUG:    -10.000000
DEBUG:    -10.000000
DEBUG:    -10.000000
DEBUG:    -10.000000
DEBUG:    -10.000000
DEBUG:    -10.000000
DEBUG:    -10.000000
DEBUG:    -10.000000
WARNING:  Render update is behind -10991 microseconds! Current FPS: 23
DEBUG:    -10.000000
WARNING:  Render update is behind -7771 microseconds! Current FPS: 24
DEBUG:    -10.000000
DEBUG:    -10.000000
DEBUG:    -10.000000
DEBUG:    -10.000000
WARNING:  Render update is behind -3357 microseconds! Current FPS: 27
DEBUG:    -10.000000
DEBUG:    -10.000000
DEBUG:    -10.000000
DEBUG:    -10.000000
DEBUG:    -10.000000
WARNING:  Render update is behind -449 microseconds! Current FPS: 30
DEBUG:    -10.000000
WARNING:  Render update is behind -13032 microseconds! Current FPS: 22
DEBUG:    -10.000000
DEBUG:    -10.000000
DEBUG:    -10.000000
WARNING:  Render update is behind -3019 microseconds! Current FPS: 28
DEBUG:    -10.000000
DEBUG:    -10.000000
DEBUG:    -10.000000
DEBUG:    -10.000000
DEBUG:    -10.000000
DEBUG:    -10.000000
WARNING:  Render update is behind -1789 microseconds! Current FPS: 28
DEBUG:    -10.000000
DEBUG:    -10.000000
DEBUG:    -10.000000
DEBUG:    -10.000000
DEBUG:    -10.000000
DEBUG:    -10.000000
DEBUG:    -10.000000
DEBUG:    -10.000000
DEBUG:    -10.000000
DEBUG:    -10.000000
DEBUG:    -10.000000
DEBUG:    -10.000000
DEBUG:    -10.000000
DEBUG:    -10.000000
DEBUG:    -10.000000
DEBUG:    -10.000000
DEBUG:    -10.000000
DEBUG:    -10.000000
DEBUG:    -10.000000
DEBUG:    -10.000000
DEBUG:    -10.000000
DEBUG:    -10.000000
DEBUG:    -10.000000
DEBUG:    -10.000000
DEBUG:    -10.000000
DEBUG:    -10.000000
DEBUG:    -10.000000
WARNING:  Render update is behind -3481 microseconds! Current FPS: 27
DEBUG:    -10.000000
DEBUG:    -10.000000
DEBUG:    -10.000000
DEBUG:    -10.000000
DEBUG:    -10.000000
DEBUG:    -10.000000
DEBUG:    -10.000000
DEBUG:    -10.000000
DEBUG:    -10.000000
DEBUG:    -10.000000
DEBUG:    -10.000000
DEBUG:    -10.000000
DEBUG:    -10.000000
DEBUG:    -10.000000
DEBUG:    -10.000000
DEBUG:    -10.000000
WARNING:  Render update is behind -10118 microseconds! Current FPS: 23
DEBUG:    -10.000000
DEBUG:    -10.000000
WARNING:  Render update is behind -2770 microseconds! Current FPS: 28
DEBUG:    -10.000000
DEBUG:    -10.000000
DEBUG:    -10.000000
DEBUG:    -10.000000
DEBUG:    -10.000000
DEBUG:    -10.000000
DEBUG:    -10.000000
DEBUG:    -10.000000
WARNING:  Render update is behind -577 microseconds! Current FPS: 29
DEBUG:    -10.000000
DEBUG:    -10.000000
DEBUG:    -10.000000
DEBUG:    -10.000000
DEBUG:    -10.000000
DEBUG:    -10.000000
DEBUG:    -10.000000
WARNING:  Render update is behind -871 microseconds! Current FPS: 29
DEBUG:    -10.000000
DEBUG:    -10.000000
DEBUG:    -10.000000
DEBUG:    -10.000000
DEBUG:    -10.000000
DEBUG:    -10.000000
DEBUG:    -10.000000
DEBUG:    -10.000000
DEBUG:    -10.000000
DEBUG:    -10.000000
DEBUG:    -10.000000
DEBUG:    -10.000000
DEBUG:    -10.000000
DEBUG:    -10.000000
DEBUG:    -10.000000
DEBUG:    -10.000000
DEBUG:    -10.000000
DEBUG:    -10.000000
DEBUG:    -10.000000
DEBUG:    -10.000000
DEBUG:    -10.000000
DEBUG:    -10.000000
DEBUG:    -10.000000
DEBUG:    -10.000000
DEBUG:    -10.000000
DEBUG:    -10.000000
DEBUG:    -10.000000
DEBUG:    -10.000000
DEBUG:    -10.000000
DEBUG:    -10.000000
DEBUG:    -10.000000
DEBUG:    -10.000000
DEBUG:    -10.000000
DEBUG:    -10.000000
DEBUG:    -10.000000
DEBUG:    -10.000000
DEBUG:    -10.000000
DEBUG:    -10.000000
DEBUG:    -10.000000
DEBUG:    -10.000000
DEBUG:    -10.000000
DEBUG:    -10.000000
DEBUG:    -10.000000
DEBUG:    -10.000000
DEBUG:    -10.000000
DEBUG:    -10.000000
DEBUG:    -10.000000
DEBUG:    -10.000000
DEBUG:    -10.000000
DEBUG:    -10.000000
DEBUG:    -10.000000
DEBUG:    -10.000000
DEBUG:    -10.000000
DEBUG:    -10.000000
DEBUG:    -10.000000
DEBUG:    -10.000000
DEBUG:    -10.000000
DEBUG:    -10.000000
DEBUG:    -10.000000
DEBUG:    -10.000000
DEBUG:    -10.000000
DEBUG:    -10.000000
DEBUG:    -10.000000
DEBUG:    -10.000000
DEBUG:    -10.000000
DEBUG:    -10.000000
DEBUG:    -10.000000
DEBUG:    -10.000000
DEBUG:    -10.000000
DEBUG:    -10.000000
WARNING:  Render update is behind -2958 microseconds! Current FPS: 28
DEBUG:    -10.000000
DEBUG:    -10.000000
DEBUG:    -10.000000
DEBUG:    -10.000000
DEBUG:    -10.000000
DEBUG:    -10.000000
DEBUG:    -10.000000
DEBUG:    -10.000000
DEBUG:    -10.000000
DEBUG:    -10.000000
DEBUG:    -10.000000
DEBUG:    -10.000000
DEBUG:    -10.000000
DEBUG:    -10.000000
DEBUG:    -10.000000
DEBUG:    -10.000000
DEBUG:    -10.000000
DEBUG:    -10.000000
DEBUG:    -10.000000
DEBUG:    -10.000000
DEBUG:    -10.000000
DEBUG:    -10.000000
DEBUG:    -10.000000
DEBUG:    -10.000000
DEBUG:    -10.000000
DEBUG:    -10.000000
DEBUG:    -10.000000
DEBUG:    -10.000000
DEBUG:    -10.000000
DEBUG:    -10.000000
DEBUG:    -10.000000
DEBUG:    -10.000000
DEBUG:    -10.000000
DEBUG:    -10.000000
DEBUG:    -10.000000
DEBUG:    -10.000000
DEBUG:    -10.000000
DEBUG:    -10.000000
DEBUG:    -10.000000
DEBUG:    -10.000000
DEBUG:    -10.000000
DEBUG:    -10.000000
DEBUG:    -10.000000
DEBUG:    -10.000000
DEBUG:    -10.000000
WARNING:  Render update is behind -8700 microseconds! Current FPS: 24
DEBUG:    -10.000000
DEBUG:    -10.000000
DEBUG:    -10.000000
DEBUG:    -10.000000
DEBUG:    -10.000000
DEBUG:    0.000000
WARNING:  Render update is behind -5242 microseconds! Current FPS: 26
DEBUG:    10.000000
WARNING:  Render update is behind -18714 microseconds! Current FPS: 19
DEBUG:    20.000000
DEBUG:    30.000000
DEBUG:    40.000000
DEBUG:    50.000000
DEBUG:    60.000000
WARNING:  Render update is behind -10495 microseconds! Current FPS: 23
DEBUG:    70.000000
DEBUG:    80.000000
DEBUG:    90.000000
DEBUG:    100.000000
DEBUG:    110.000000
DEBUG:    120.000000
DEBUG:    130.000000
DEBUG:    140.000000
WARNING:  Render update is behind -9867 microseconds! Current FPS: 23
DEBUG:    150.000000
DEBUG:    160.000000
DEBUG:    170.000000
DEBUG:    180.000000
DEBUG:    190.000000
DEBUG:    200.000000
DEBUG:    210.000000
DEBUG:    220.000000
DEBUG:    230.000000
DEBUG:    240.000000
DEBUG:    250.000000
DEBUG:    260.000000
DEBUG:    270.000000
DEBUG:    280.000000
DEBUG:    290.000000
DEBUG:    300.000000
DEBUG:    310.000000
DEBUG:    320.000000
DEBUG:    310.000000
DEBUG:    300.000000
DEBUG:    290.000000
DEBUG:    280.000000
DEBUG:    270.000000
DEBUG:    260.000000
DEBUG:    250.000000
DEBUG:    240.000000
DEBUG:    230.000000
DEBUG:    220.000000
DEBUG:    210.000000
DEBUG:    200.000000
DEBUG:    190.000000
DEBUG:    180.000000
DEBUG:    170.000000
DEBUG:    160.000000
DEBUG:    150.000000
DEBUG:    140.000000
DEBUG:    130.000000
DEBUG:    120.000000
DEBUG:    110.000000
DEBUG:    100.000000
DEBUG:    90.000000
DEBUG:    80.000000
DEBUG:    70.000000
DEBUG:    60.000000
DEBUG:    50.000000
DEBUG:    40.000000
DEBUG:    30.000000
DEBUG:    20.000000
DEBUG:    10.000000
DEBUG:    0.000000
DEBUG:    0.000000
DEBUG:    0.000000
DEBUG:    0.000000
DEBUG:    0.000000
DEBUG:    0.000000
DEBUG:    0.000000
DEBUG:    0.000000
DEBUG:    0.000000
DEBUG:    0.000000
DEBUG:    0.000000
DEBUG:    0.000000
DEBUG:    0.000000
DEBUG:    0.000000
DEBUG:    0.000000
DEBUG:    0.000000
DEBUG:    0.000000
DEBUG:    0.000000
DEBUG:    0.000000
DEBUG:    0.000000
DEBUG:    0.000000
DEBUG:    0.000000
DEBUG:    0.000000
DEBUG:    0.000000
DEBUG:    0.000000
DEBUG:    0.000000
DEBUG:    0.000000
DEBUG:    -10.000000
DEBUG:    -10.000000
DEBUG:    -10.000000
DEBUG:    -10.000000
DEBUG:    -10.000000
DEBUG:    -10.000000
DEBUG:    -10.000000
DEBUG:    -10.000000
DEBUG:    -10.000000
DEBUG:    -10.000000
DEBUG:    -10.000000
DEBUG:    -10.000000
DEBUG:    -10.000000
DEBUG:    -10.000000
DEBUG:    -10.000000
DEBUG:    -10.000000
DEBUG:    -10.000000
DEBUG:    -10.000000
DEBUG:    -10.000000
DEBUG:    -10.000000
DEBUG:    -10.000000
DEBUG:    -10.000000
DEBUG:    -10.000000
DEBUG:    -10.000000
DEBUG:    -10.000000
WARNING:  Render update is behind -5546 microseconds! Current FPS: 26
DEBUG:    -10.000000
DEBUG:    -10.000000
DEBUG:    -10.000000
DEBUG:    -10.000000
WARNING:  Render update is behind -373 microseconds! Current FPS: 30
DEBUG:    -10.000000
DEBUG:    -10.000000
DEBUG:    -10.000000
DEBUG:    -10.000000
DEBUG:    -10.000000
DEBUG:    -10.000000
DEBUG:    -10.000000
DEBUG:    -10.000000
DEBUG:    -10.000000
DEBUG:    -10.000000
DEBUG:    -10.000000
DEBUG:    -10.000000
DEBUG:    -10.000000
DEBUG:    -10.000000
DEBUG:    -10.000000
DEBUG:    -10.000000
DEBUG:    -10.000000
DEBUG:    -10.000000
DEBUG:    -10.000000
DEBUG:    -10.000000
DEBUG:    -10.000000
DEBUG:    -10.000000
DEBUG:    -10.000000
DEBUG:    -10.000000
DEBUG:    -10.000000
DEBUG:    -10.000000
DEBUG:    -10.000000
DEBUG:    -10.000000
DEBUG:    -10.000000
DEBUG:    -10.000000
DEBUG:    -10.000000
DEBUG:    -10.000000
DEBUG:    -10.000000
DEBUG:    -10.000000
DEBUG:    -10.000000
DEBUG:    -10.000000
DEBUG:    -10.000000
DEBUG:    -10.000000
DEBUG:    