DEBUG:    Initializing...
DEBUG:    Initializing Main_Info...
DEBUG:    Found querty option.
DEBUG:    Getting video modes...
DEBUG:    Creating window with resolution of 1366x768...
DEBUG:    Loading images...
DEBUG:    Initializing Status_Menu...
DEBUG:    Starting window render loop...
INFO:     Initialization Finished
DEBUG:    0.000000
DEBUG:    0.000000
DEBUG:    0.000000
DEBUG:    0.000000
DEBUG:    0.000000
DEBUG:    0.000000
DEBUG:    0.000000
DEBUG:    0.000000
DEBUG:    0.000000
DEBUG:    0.000000
DEBUG:    0.000000
DEBUG:    0.000000
DEBUG:    0.000000
DEBUG:    0.000000
DEBUG:    0.000000
DEBUG:    0.000000
DEBUG:    0.000000
DEBUG:    0.000000
DEBUG:    0.000000
DEBUG:    0.000000
DEBUG:    0.000000
DEBUG:    0.000000
DEBUG:    0.000000
DEBUG:    0.000000
DEBUG:    0.000000
DEBUG:    0.000000
DEBUG:    0.000000
DEBUG:    0.000000
DEBUG:    0.000000
DEBUG:    0.000000
DEBUG:    0.000000
DEBUG:    0.000000
DEBUG:    0.000000
DEBUG:    0.000000
DEBUG:    0.000000
DEBUG:    0.000000
DEBUG:    0.000000
DEBUG:    0.000000
DEBUG:    0.000000
DEBUG:    0.000000
DEBUG:    0.000000
DEBUG:    0.000000
DEBUG:    0.000000
DEBUG:    0.000000
DEBUG:    0.000000
DEBUG:    0.000000
DEBUG:    0.000000
DEBUG:    0.000000
DEBUG:    0.000000
DEBUG:    0.000000
DEBUG:    0.000000
DEBUG:    0.000000
DEBUG:    0.000000
DEBUG:    0.000000
DEBUG:    0.000000
DEBUG:    0.000000
DEBUG:    0.000000
DEBUG:    0.000000
DEBUG:    0.000000
DEBUG:    0.000000
DEBUG:    0.000000
DEBUG:    0.000000
DEBUG:    0.000000
DEBUG:    0.000000
DEBUG:    0.000000
DEBUG:    0.000000
DEBUG:    0.000000
DEBUG:    0.000000
DEBUG:    0.000000
DEBUG:    0.000000
DEBUG:    0.000000
DEBUG:    0.000000
DEBUG:    0.000000
DEBUG:    0.000000
DEBUG:    0.000000
DEBUG:    0.000000
DEBUG:    0.000000
DEBUG:    0.000000
DEBUG:    0.000000
DEBUG:    0.000000
DEBUG:    0.000000
DEBUG:    0.000000
DEBUG:    0.000000
DEBUG:    0.000000
DEBUG:    0.000000
DEBUG:    0.000000
DEBUG:    0.000000
DEBUG:    0.000000
DEBUG:    0.000000
DEBUG:    0.000000
DEBUG:    0.000000
DEBUG:    0.000000
DEBUG:    0.000000
DEBUG:    0.000000
DEBUG:    0.000000
DEBUG:    0.000000
DEBUG:    0.000000
DEBUG:    0.000000
DEBUG:    0.000000
DEBUG:    0.000000
DEBUG:    FPS: 33
DEBUG:    0.000000
DEBUG:    0.000000
DEBUG:    0.000000
DEBUG:    0.000000
DEBUG:    0.000000
DEBUG:    0.000000
DEBUG:    0.000000
DEBUG:    0.000000
DEBUG:    0.000000
DEBUG:    0.000000
DEBUG:    0.000000
DEBUG:    0.000000
DEBUG:    0.000000
DEBUG:    0.000000
DEBUG:    0.000000
DEBUG:    0.000000
DEBUG:    0.000000
DEBUG:    0.000000
DEBUG:    0.000000
DEBUG:    0.000000
DEBUG:    0.000000
DEBUG:    0.000000
DEBUG:    0.000000
DEBUG:    0.000000
DEBUG:    0.000000
DEBUG:    0.000000
DEBUG:    0.000000
DEBUG:    0.000000
DEBUG:    0.000000
DEBUG:    0.000000
DEBUG:    0.000000
DEBUG:    0.000000
DEBUG:    0.000000
DEBUG:    0.000000
DEBUG:    0.000000
DEBUG:    0.000000
DEBUG:    0.000000
DEBUG:    0.000000
DEBUG:    0.000000
DEBUG:    0.000000
DEBUG:    0.000000
DEBUG:    0.000000
DEBUG:    0.000000
DEBUG:    0.000000
DEBUG:    a
DEBUG:    0.000000
DEBUG:    a
DEBUG:    0.000000
DEBUG:    a
DEBUG:    0.000000
DEBUG:    a
DEBUG:    0.000000
DEBUG:    a
DEBUG:    0.000000
DEBUG:    a
DEBUG:    0.000000
DEBUG:    a
DEBUG:    0.000000
DEBUG:    a
DEBUG:    0.000000
DEBUG:    a
DEBUG:    0.000000
DEBUG:    a
DEBUG:    0.000000
DEBUG:    a
DEBUG:    0.000000
DEBUG:    a
DEBUG:    0.000000
DEBUG:    a
DEBUG:    0.000000
DEBUG:    a
DEBUG:    0.000000
DEBUG:    a
DEBUG:    0.000000
DEBUG:    a
DEBUG:    0.000000
DEBUG:    a
DEBUG:    0.000000
DEBUG:    a
DEBUG:    0.000000
DEBUG:    a
DEBUG:    0.000000
DEBUG:    a
DEBUG:    0.000000
DEBUG:    a
DEBUG:    0.000000
DEBUG:    a
DEBUG:    0.000000
DEBUG:    a
DEBUG:    0.000000
DEBUG:    a
DEBUG:    0.000000
DEBUG:    a
DEBUG:    0.000000
DEBUG:    a
DEBUG:    0.000000
DEBUG:    a
DEBUG:    0.000000
DEBUG:    a
DEBUG:    0.000000
DEBUG:    a
DEBUG:    0.000000
DEBUG:    a
DEBUG:    0.000000
DEBUG:    a
DEBUG:    0.000000
DEBUG:    a
DEBUG:    0.000000
DEBUG:    a
DEBUG:    0.000000
DEBUG:    a
DEBUG:    0.000000
DEBUG:    a
DEBUG:    0.000000
DEBUG:    a
DEBUG:    0.000000
DEBUG:    a
DEBUG:    0.000000
DEBUG:    a
DEBUG:    0.000000
DEBUG:    a
DEBUG:    0.000000
DEBUG:    a
DEBUG:    0.000000
DEBUG:    a
DEBUG:    0.000000
DEBUG:    a
DEBUG:    0.000000
DEBUG:    a
DEBUG:    0.000000
DEBUG:    a
DEBUG:    0.000000
DEBUG:    a
DEBUG:    0.000000
DEBUG:    a
DEBUG:    0.000000
DEBUG:    a
DEBUG:    0.000000
DEBUG:    a
DEBUG:    0.000000
DEBUG:    a
DEBUG:    0.000000
DEBUG:    a
DEBUG:    0.000000
DEBUG:    a
DEBUG:    0.000000
DEBUG:    a
DEBUG:    0.000000
DEBUG:    a
DEBUG:    0.000000
DEBUG:    a
DEBUG:    0.000000
DEBUG:    a
DEBUG:    0.000000
DEBUG:    a
DEBUG:    0.000000
DEBUG:    a
DEBUG:    FPS: 34
DEBUG:    0.000000
DEBUG:    a
DEBUG:    0.000000
DEBUG:    a
DEBUG:    0.000000
DEBUG:    a
DEBUG:    0.000000
DEBUG:    a
DEBUG:    0.000000
DEBUG:    a
DEBUG:    0.000000
DEBUG:    a
DEBUG:    0.000000
DEBUG:    a
DEBUG:    0.000000
DEBUG:    a
DEBUG:    0.000000
DEBUG:    a
DEBUG:    0.000000
DEBUG:    a
DEBUG:    0.000000
DEBUG:    a
DEBUG:    0.000000
DEBUG:    a
DEBUG:    0.000000
DEBUG:    a
DEBUG:    0.000000
DEBUG:    a
DEBUG:    0.000000
DEBUG:    a
DEBUG:    0.000000
DEBUG:    a
DEBUG:    0.000000
DEBUG:    a
DEBUG:    0.000000
DEBUG:    a
DEBUG:    0.000000
DEBUG:    a
DEBUG:    0.000000
DEBUG:    a
DEBUG:    0.000000
DEBUG:    a
DEBUG:    0.000000
DEBUG:    a
DEBUG:    0.000000
DEBUG:    a
DEBUG:    0.000000
DEBUG:    a
DEBUG:    0.000000
DEBUG:    a
DEBUG:    0.000000
DEBUG:    a
DEBUG:    0.000000
DEBUG:    a
DEBUG:    0.000000
DEBUG:    a
DEBUG:    0.000000
DEBUG:    a
DEBUG:    0.000000
DEBUG:    a
DEBUG:    0.000000
DEBUG:    a
DEBUG:    0.000000
DEBUG:    a
DEBUG:    0.000000
DEBUG:    a
DEBUG:    0.000000
DEBUG:    a
DEBUG:    0.000000
DEBUG:    a
DEBUG:    0.000000
DEBUG:    a
DEBUG:    0.000000
DEBUG:    a
DEBUG:    0.000000
DEBUG:    a
DEBUG:    0.000000
DEBUG:    a
DEBUG:    0.000000
DEBUG:    a
DEBUG:    0.000000
DEBUG:    a
DEBUG:    0.000000
DEBUG:    a
DEBUG:    0.000000
DEBUG:    a
DEBUG:    0.000000
DEBUG:    a
DEBUG:    0.000000
DEBUG:    a
DEBUG:    0.000000
DEBUG:    a
DEBUG:    0.000000
DEBUG:    a
DEBUG:    0.000000
DEBUG:    a
DEBUG:    0.000000
DEBUG:    a
DEBUG:    0.000000
DEBUG:    a
DEBUG:    0.000000
DEBUG:    a
DEBUG:    0.000000
DEBUG:    a
DEBUG:    0.000000
DEBUG:    a
DEBUG:    0.000000
DEBUG:    a
DEBUG:    0.000000
DEBUG:    a
DEBUG:    0.000000
DEBUG:    a
DEBUG:    0.000000
DEBUG:    a
DEBUG:    0.000000
DEBUG:    a
DEBUG:    0.000000
DEBUG:    a
DEBUG:    0.000000
DEBUG:    a
DEBUG:    0.000000
DEBUG:    a
DEBUG:    0.000000
DEBUG:    a
DEBUG:    0.000000
DEBUG:    a
DEBUG:    0.000000
DEBUG:    a
DEBUG:    0.000000
DEBUG:    a
DEBUG:    0.000000
DEBUG:    a
DEBUG:    0.000000
DEBUG:    a
DEBUG:    0.000000
DEBUG:    a
DEBUG:    0.000000
DEBUG:    a
DEBUG:    0.000000
DEBUG:    a
DEBUG:    0.000000
DEBUG:    a
DEBUG:    0.000000
DEBUG:    a
DEBUG:    0.000000
DEBUG:    a
DEBUG:    0.000000
DEBUG:    a
DEBUG:    0.000000
DEBUG:    a
DEBUG:    0.000000
DEBUG:    a
DEBUG:    0.000000
DEBUG:    a
DEBUG:    0.000000
DEBUG:    a
DEBUG:    0.000000
DEBUG:    a
DEBUG:    0.000000
DEBUG:    a
DEBUG:    0.000000
DEBUG:    a
DEBUG:    0.000000
DEBUG:    a
DEBUG:    0.000000
DEBUG:    a
DEBUG:    0.000000
DEBUG:    a
DEBUG:    0.000000
DEBUG:    a
DEBUG:    0.000000
DEBUG:    a
DEBUG:    0.000000
DEBUG:    a
DEBUG:    0.000000
DEBUG:    a
DEBUG:    0.000000
DEBUG:    a
DEBUG:    0.000000
DEBUG:    a
DEBUG:    0.000000
DEBUG:    a
DEBUG:    0.000000
DEBUG:    a
DEBUG:    0.000000
DEBUG:    a
DEBUG:    0.000000
DEBUG:    a
DEBUG:    0.000000
DEBUG:    a
DEBUG:    0.000000
DEBUG:    a
DEBUG:    0.000000
DEBUG:    a
DEBUG:    0.000000
DEBUG:    a
DEBUG:    0.000000
DEBUG:    a
DEBUG:    0.000000
DEBUG:    a
DEBUG:    FPS: 34
DEBUG:    0.000000
DEBUG:    a
DEBUG:    0.000000
DEBUG:    a
DEBUG:    0.000000
DEBUG:    a
DEBUG:    0.000000
DEBUG:    a
DEBUG:    0.000000
DEBUG:    a
DEBUG:    0.000000
DEBUG:    a
DEBUG:    0.000000
DEBUG:    a
DEBUG:    0.000000
DEBUG:    a
DEBUG:    0.000000
DEBUG:    a
DEBUG:    0.000000
DEBUG:    a
DEBUG:    0.000000
DEBUG:    a
DEBUG:    0.000000
DEBUG:    a
DEBUG:    0.000000
DEBUG:    a
DEBUG:    0.000000
DEBUG:    a
DEBUG:    0.000000
DEBUG:    a
DEBUG:    0.000000
DEBUG:    a
DEBUG:    0.000000
DEBUG:    a
DEBUG:    0.000000
DEBUG:    a
DEBUG:    0.000000
DEBUG:    a
DEBUG:    0.000000
DEBUG:    a
DEBUG:    0.000000
DEBUG:    a
DEBUG:    0.000000
DEBUG:    a
DEBUG:    0.000000
DEBUG:    a
DEBUG:    0.000000
DEBUG:    a
DEBUG:    0.000000
DEBUG:    a
DEBUG:    0.000000
DEBUG:    a
DEBUG:    0.000000
DEBUG:    a
DEBUG:    0.000000
DEBUG:    a
DEBUG:    0.000000
DEBUG:    a
DEBUG:    0.000000
DEBUG:    a
DEBUG:    0.000000
DEBUG:    a
DEBUG:    0.000000
DEBUG:    a
DEBUG:    0.000000
DEBUG:    a
DEBUG:    0.000000
DEBUG:    a
DEBUG:    0.000000
DEBUG:    a
DEBUG:    0.000000
DEBUG:    a
DEBUG:    0.000000
DEBUG:    a
DEBUG:    0.000000
DEBUG:    a
DEBUG:    0.000000
DEBUG:    a
DEBUG:    0.000000
DEBUG:    a
DEBUG:    0.000000
DEBUG:    a
DEBUG:    0.000000
DEBUG:    a
DEBUG:    0.000000
DEBUG:    a
DEBUG:    0.000000
DEBUG:    a
DEBUG:    0.000000
DEBUG:    a
DEBUG:    0.000000
DEBUG:    0.000000
DEBUG:    0.000000
DEBUG:    0.000000
DEBUG:    0.000000
DEBUG:    0.000000
DEBUG:    0.000000
DEBUG:    0.000000
DEBUG:    0.000000
DEBUG:    0.000000
DEBUG:    0.000000
DEBUG:    0.000000
DEBUG:    0.000000
DEBUG:    0.000000
DEBUG:    a
DEBUG:    0.000000
DEBUG:    a
DEBUG:    0.000000
DEBUG:    a
DEBUG:    0.000000
DEBUG:    a
DEBUG:    0.000000
DEBUG:    a
DEBUG:    0.000000
DEBUG:    a
DEBUG:    0.000000
DEBUG:    a
DEBUG:    0.000000
DEBUG:    a
DEBUG:    0.000000
DEBUG:    a
DEBUG:    0.000000
DEBUG:    a
DEBUG:    0.000000
DEBUG:    a
DEBUG:    0.000000
DEBUG:    a
DEBUG:    0.000000
DEBUG:    a
DEBUG:    0.000000
DEBUG:    a
DEBUG:    0.000000
DEBUG:    a
DEBUG:    0.000000
DEBUG:    a
DEBUG:    0.000000
DEBUG:    a
DEBUG:    0.000000
DEBUG:    a
DEBUG:    0.000000
DEBUG:    a
DEBUG:    0.000000
DEBUG:    a
DEBUG:    0.000000
DEBUG:    a
INFO:     Cleaning up...
