DEBUG:    Initializing...
DEBUG:    Getting video modes...
DEBUG:    Creating window with resolution of 1366x768...
DEBUG:    Loading images...
DEBUG:    Initializing Status_Menu...
DEBUG:    Starting window render loop...
DEBUG:    Starting window event loop...
INFO:     Initialization Finished
DEBUG:    Set FPS to 2
DEBUG:    2079.000000
DEBUG:    2109.000000
DEBUG:    2139.000000
DEBUG:    2169.000000
DEBUG:    2199.000000
DEBUG:    2229.000000
DEBUG:    2259.000000
DEBUG:    2289.000000
DEBUG:    2319.000000
DEBUG:    2349.000000
INFO:     Cleaning up...
