DEBUG:    Initializing...
DEBUG:    Getting video modes...
DEBUG:    Creating window with resolution of 1366x768...
DEBUG:    Loading images...
DEBUG:    Initializing Status_Menu...
DEBUG:    Starting window render loop...
DEBUG:    Starting window event loop...
INFO:     Initialization Finished
DEBUG:    FPS: 19
WARNING:  Render update is behind -19720 microseconds!
DEBUG:    FPS: 39
DEBUG:    FPS: 132
DEBUG:    FPS: 72
DEBUG:    FPS: 41
DEBUG:    FPS: 52
DEBUG:    FPS: 54
DEBUG:    FPS: 1709
DEBUG:    FPS: 52
DEBUG:    FPS: 53
DEBUG:    FPS: 52
DEBUG:    FPS: 974
DEBUG:    FPS: 52
DEBUG:    FPS: 52
DEBUG:    FPS: 50
DEBUG:    FPS: 49
DEBUG:    FPS: 49
DEBUG:    FPS: 51
DEBUG:    FPS: 49
DEBUG:    FPS: 51
DEBUG:    FPS: 50
DEBUG:    FPS: 50
DEBUG:    FPS: 50
DEBUG:    FPS: 48
DEBUG:    FPS: 49
DEBUG:    FPS: 48
DEBUG:    FPS: 47
DEBUG:    FPS: 48
DEBUG:    FPS: 48
DEBUG:    FPS: 47
DEBUG:    FPS: 1148
DEBUG:    FPS: 37
DEBUG:    FPS: 102
DEBUG:    FPS: 48
DEBUG:    FPS: 1000
DEBUG:    FPS: 48
DEBUG:    FPS: 47
DEBUG:    FPS: 47
DEBUG:    FPS: 47
DEBUG:    FPS: 1300
DEBUG:    FPS: 1396
DEBUG:    FPS: 120
DEBUG:    FPS: 523
DEBUG:    FPS: 130
DEBUG:    FPS: 930
DEBUG:    FPS: 82
DEBUG:    FPS: 382
DEBUG:    FPS: 250
DEBUG:    FPS: 1474
DEBUG:    FPS: 1834
DEBUG:    FPS: 1751
DEBUG:    FPS: 111
DEBUG:    FPS: 543
DEBUG:    FPS: 1941
DEBUG:    FPS: 743
DEBUG:    FPS: 1345
DEBUG:    FPS: 1605
DEBUG:    FPS: 1968
DEBUG:    FPS: 1724
DEBUG:    FPS: 823
DEBUG:    FPS: 2118
DEBUG:    FPS: 62
DEBUG:    FPS: 62
DEBUG:    FPS: 60
DEBUG:    FPS: 62
DEBUG:    FPS: 58
DEBUG:    FPS: 60
DEBUG:    FPS: 60
DEBUG:    FPS: 59
DEBUG:    FPS: 60
DEBUG:    FPS: 57
DEBUG:    FPS: 59
DEBUG:    FPS: 57
DEBUG:    FPS: 58
DEBUG:    FPS: 50
DEBUG:    FPS: 54
DEBUG:    FPS: 55
DEBUG:    FPS: 57
DEBUG:    FPS: 52
DEBUG:    FPS: 58
DEBUG:    FPS: 55
DEBUG:    FPS: 56
DEBUG:    FPS: 55
DEBUG:    FPS: 55
DEBUG:    FPS: 54
DEBUG:    FPS: 51
DEBUG:    FPS: 55
DEBUG:    FPS: 50
DEBUG:    FPS: 54
DEBUG:    FPS: 50
DEBUG:    FPS: 1396
DEBUG:    FPS: 475
DEBUG:    FPS: 487
DEBUG:    FPS: 124
DEBUG:    FPS: 1154
DEBUG:    FPS: 99
DEBUG:    FPS: 444
DEBUG:    FPS: 420
DEBUG:    FPS: 354
DEBUG:    FPS: 363
DEBUG:    FPS: 345
DEBUG:    FPS: 312
DEBUG:    FPS: 349
DEBUG:    FPS: 324
DEBUG:    FPS: 284
DEBUG:    FPS: 198
DEBUG:    FPS: 288
DEBUG:    FPS: 314
DEBUG:    FPS: 323
DEBUG:    FPS: 283
DEBUG:    FPS: 263
DEBUG:    FPS: 243
DEBUG:    FPS: 263
DEBUG:    FPS: 248
DEBUG:    FPS: 245
DEBUG:    FPS: 246
DEBUG:    FPS: 209
DEBUG:    FPS: 241
DEBUG:    FPS: 235
DEBUG:    FPS: 212
DEBUG:    FPS: 198
DEBUG:    FPS: 194
DEBUG:    FPS: 208
DEBUG:    FPS: 123
DEBUG:    FPS: 203
DEBUG:    FPS: 197
DEBUG:    FPS: 202
DEBUG:    FPS: 149
DEBUG:    FPS: 206
DEBUG:    FPS: 184
DEBUG:    FPS: 175
DEBUG:    FPS: 1808
DEBUG:    FPS: 177
DEBUG:    FPS: 176
DEBUG:    FPS: 137
DEBUG:    FPS: 156
DEBUG:    FPS: 134
DEBUG:    FPS: 174
DEBUG:    FPS: 161
DEBUG:    FPS: 157
DEBUG:    FPS: 155
DEBUG:    FPS: 154
DEBUG:    FPS: 154
DEBUG:    FPS: 155
DEBUG:    FPS: 154
DEBUG:    FPS: 115
DEBUG:    FPS: 133
DEBUG:    FPS: 139
DEBUG:    FPS: 137
DEBUG:    FPS: 173
DEBUG:    FPS: 229
DEBUG:    FPS: 155
DEBUG:    FPS: 250
DEBUG:    FPS: 224
DEBUG:    FPS: 249
DEBUG:    FPS: 171
DEBUG:    FPS: 226
DEBUG:    FPS: 206
DEBUG:    FPS: 205
DEBUG:    FPS: 206
DEBUG:    FPS: 976
DEBUG:    FPS: 791
DEBUG:    FPS: 1531
DEBUG:    FPS: 1739
DEBUG:    FPS: 1303
DEBUG:    FPS: 1440
DEBUG:    FPS: 467
DEBUG:    FPS: 2105
DEBUG:    FPS: 742
DEBUG:    FPS: 427
DEBUG:    FPS: 1383
DEBUG:    FPS: 1196
DEBUG:    FPS: 2336
DEBUG:    FPS: 809
DEBUG:    FPS: 2314
DEBUG:    FPS: 643
DEBUG:    FPS: 1282
DEBUG:    FPS: 652
DEBUG:    FPS: 1162
DEBUG:    FPS: 309
DEBUG:    FPS: 1540
DEBUG:    FPS: 1841
DEBUG:    FPS: 1808
DEBUG:    FPS: 2358
DEBUG:    FPS: 696
DEBUG:    FPS: 1623
DEBUG:    FPS: 1234
DEBUG:    FPS: 1351
DEBUG:    FPS: 889
DEBUG:    FPS: 1215
DEBUG:    FPS: 523
DEBUG:    FPS: 1912
DEBUG:    FPS: 871
DEBUG:    FPS: 523
DEBUG:    FPS: 452
DEBUG:    FPS: 920
DEBUG:    FPS: 886
DEBUG:    FPS: 1256
DEBUG:    FPS: 1245
DEBUG:    FPS: 671
DEBUG:    FPS: 573
DEBUG:    FPS: 1912
DEBUG:    FPS: 506
DEBUG:    FPS: 1984
DEBUG:    FPS: 320
DEBUG:    FPS: 476
DEBUG:    FPS: 1980
DEBUG:    FPS: 2155
DEBUG:    FPS: 1230
DEBUG:    FPS: 586
DEBUG:    FPS: 881
DEBUG:    FPS: 260
DEBUG:    FPS: 1329
DEBUG:    FPS: 1204
DEBUG:    FPS: 687
DEBUG:    FPS: 2257
DEBUG:    FPS: 2083
DEBUG:    FPS: 1072
DEBUG:    FPS: 746
DEBUG:    FPS: 433
DEBUG:    FPS: 927
DEBUG:    FPS: 1567
DEBUG:    FPS: 504
DEBUG:    FPS: 1818
DEBUG:    FPS: 1207
DEBUG:    FPS: 704
DEBUG:    FPS: 1628
DEBUG:    FPS: 1658
DEBUG:    FPS: 1256
DEBUG:    FPS: 1855
DEBUG:    FPS: 1449
DEBUG:    FPS: 690
DEBUG:    FPS: 1538
DEBUG:    FPS: 1152
DEBUG:    FPS: 921
DEBUG:    FPS: 623
DEBUG:    FPS: 1295
DEBUG:    FPS: 1404
DEBUG:    FPS: 2192
DEBUG:    FPS: 896
DEBUG:    FPS: 633
DEBUG:    FPS: 1416
DEBUG:    FPS: 673
DEBUG:    FPS: 1067
DEBUG:    FPS: 813
DEBUG:    FPS: 337
DEBUG:    FPS: 405
DEBUG:    FPS: 853
DEBUG:    FPS: 447
DEBUG:    FPS: 755
DEBUG:    FPS: 537
DEBUG:    FPS: 610
DEBUG:    FPS: 624
DEBUG:    FPS: 543
DEBUG:    FPS: 426
DEBUG:    FPS: 474
DEBUG:    FPS: 502
DEBUG:    FPS: 486
DEBUG:    FPS: 461
DEBUG:    FPS: 481
DEBUG:    FPS: 270
DEBUG:    FPS: 480
DEBUG:    FPS: 400
DEBUG:    FPS: 371
DEBUG:    FPS: 369
DEBUG:    FPS: 311
DEBUG:    FPS: 355
DEBUG:    FPS: 337
DEBUG:    FPS: 351
DEBUG:    FPS: 232
DEBUG:    FPS: 232
DEBUG:    FPS: 248
DEBUG:    FPS: 344
DEBUG:    FPS: 315
DEBUG:    FPS: 338
DEBUG:    FPS: 308
DEBUG:    FPS: 312
DEBUG:    FPS: 310
DEBUG:    FPS: 302
DEBUG:    FPS: 306
DEBUG:    FPS: 213
DEBUG:    FPS: 273
DEBUG:    FPS: 163
DEBUG:    FPS: 214
DEBUG:    FPS: 214
DEBUG:    FPS: 219
DEBUG:    FPS: 242
DEBUG:    FPS: 240
DEBUG:    FPS: 233
DEBUG:    FPS: 245
DEBUG:    FPS: 232
DEBUG:    FPS: 168
DEBUG:    FPS: 239
DEBUG:    FPS: 203
DEBUG:    FPS: 233
DEBUG:    FPS: 195
DEBUG:    FPS: 209
DEBUG:    FPS: 212
DEBUG:    FPS: 193
DEBUG:    FPS: 193
DEBUG:    FPS: 156
DEBUG:    FPS: 152
DEBUG:    FPS: 152
DEBUG:    FPS: 206
DEBUG:    FPS: 183
DEBUG:    FPS: 179
DEBUG:    FPS: 180
DEBUG:    FPS: 178
DEBUG:    FPS: 175
DEBUG:    FPS: 178
DEBUG:    FPS: 174
DEBUG:    FPS: 129
DEBUG:    FPS: 165
DEBUG:    FPS: 144
DEBUG:    FPS: 1042
DEBUG:    FPS: 155
DEBUG:    FPS: 151
DEBUG:    FPS: 152
DEBUG:    FPS: 151
DEBUG:    FPS: 149
DEBUG:    FPS: 151
DEBUG:    FPS: 122
DEBUG:    FPS: 153
DEBUG:    FPS: 148
DEBUG:    FPS: 120
DEBUG:    FPS: 126
DEBUG:    FPS: 136
DEBUG:    FPS: 134
DEBUG:    FPS: 558
DEBUG:    FPS: 1369
DEBUG:    FPS: 1187
DEBUG:    FPS: 478
DEBUG:    FPS: 1342
DEBUG:    FPS: 1023
DEBUG:    FPS: 822
DEBUG:    FPS: 766
DEBUG:    FPS: 813
DEBUG:    FPS: 806
DEBUG:    FPS: 702
DEBUG:    FPS: 421
DEBUG:    FPS: 1919
DEBUG:    FPS: 2207
DEBUG:    FPS: 1686
DEBUG:    FPS: 2178
DEBUG:    FPS: 2114
DEBUG:    FPS: 771
DEBUG:    FPS: 1240
DEBUG:    FPS: 1257
DEBUG:    FPS: 2044
DEBUG:    FPS: 2044
DEBUG:    FPS: 641
DEBUG:    FPS: 2159
DEBUG:    FPS: 425
DEBUG:    FPS: 2283
DEBUG:    FPS: 933
DEBUG:    FPS: 519
DEBUG:    FPS: 431
DEBUG:    FPS: 607
DEBUG:    FPS: 1018
DEBUG:    FPS: 2212
DEBUG:    FPS: 1322
DEBUG:    FPS: 811
DEBUG:    FPS: 1358
DEBUG:    FPS: 1109
DEBUG:    FPS: 252
DEBUG:    FPS: 2016
DEBUG:    FPS: 112
DEBUG:    FPS: 1288
DEBUG:    FPS: 1280
DEBUG:    FPS: 927
DEBUG:    FPS: 1328
DEBUG:    FPS: 807
DEBUG:    FPS: 2242
DEBUG:    FPS: 527
DEBUG:    FPS: 1730
DEBUG:    FPS: 346
DEBUG:    FPS: 1210
DEBUG:    FPS: 1960
DEBUG:    FPS: 1172
DEBUG:    FPS: 743
DEBUG:    FPS: 1183
DEBUG:    FPS: 565
DEBUG:    FPS: 2257
DEBUG:    FPS: 1121
DEBUG:    FPS: 521
DEBUG:    FPS: 2123
DEBUG:    FPS: 1270
DEBUG:    FPS: 2100
DEBUG:    FPS: 827
DEBUG:    FPS: 54
DEBUG:    FPS: 57
DEBUG:    FPS: 56
DEBUG:    FPS: 53
DEBUG:    FPS: 54
DEBUG:    FPS: 55
DEBUG:    FPS: 55
DEBUG:    FPS: 55
DEBUG:    FPS: 55
DEBUG:    FPS: 50
DEBUG:    FPS: 1838
DEBUG:    FPS: 53
DEBUG:    FPS: 54
DEBUG:    FPS: 50
DEBUG:    FPS: 51
DEBUG:    FPS: 51
DEBUG:    FPS: 41
DEBUG:    FPS: 135
DEBUG:    FPS: 194
DEBUG:    FPS: 357
DEBUG:    FPS: 400
DEBUG:    FPS: 365
DEBUG:    