DEBUG:    Initializing...
DEBUG:    Initializing Main_Info...
DEBUG:    Found querty option.
DEBUG:    Getting video modes...
DEBUG:    Creating window with resolution of 1366x768...
DEBUG:    Loading images...
DEBUG:    Initializing Status_Menu...
DEBUG:    Starting window render loop...
DEBUG:    Starting window event loop...
INFO:     Initialization Finished
DEBUG:    Set FPS to 30
DEBUG:    0.000000
WARNING:  Render update is behind -98507 microseconds! Current FPS: 8
DEBUG:    90.000000
WARNING:  Render update is behind -30471 microseconds! Current FPS: 16
DEBUG:    180.000000
WARNING:  Render update is behind -10251 microseconds! Current FPS: 23
DEBUG:    270.000000
WARNING:  Render update is behind -11634 microseconds! Current FPS: 22
DEBUG:    0.000000
DEBUG:    90.000000
DEBUG:    180.000000
DEBUG:    270.000000
WARNING:  Render update is behind -4467 microseconds! Current FPS: 26
DEBUG:    0.000000
WARNING:  Render update is behind -6883 microseconds! Current FPS: 25
DEBUG:    90.000000
DEBUG:    180.000000
DEBUG:    270.000000
DEBUG:    0.000000
DEBUG:    90.000000
DEBUG:    180.000000
DEBUG:    270.000000
DEBUG:    0.000000
DEBUG:    90.000000
DEBUG:    180.000000
DEBUG:    270.000000
DEBUG:    0.000000
DEBUG:    90.000000
DEBUG:    180.000000
DEBUG:    270.000000
DEBUG:    0.000000
DEBUG:    90.000000
DEBUG:    180.000000
DEBUG:    270.000000
DEBUG:    0.000000
WARNING:  Render update is behind -9349 microseconds! Current FPS: 23
DEBUG:    90.000000
DEBUG:    180.000000
DEBUG:    270.000000
DEBUG:    0.000000
DEBUG:    90.000000
DEBUG:    180.000000
DEBUG:    270.000000
DEBUG:    0.000000
DEBUG:    90.000000
DEBUG:    180.000000
DEBUG:    270.000000
DEBUG:    0.000000
DEBUG:    90.000000
DEBUG:    180.000000
DEBUG:    270.000000
DEBUG:    0.000000
DEBUG:    90.000000
DEBUG:    180.000000
DEBUG:    270.000000
DEBUG:    0.000000
DEBUG:    90.000000
DEBUG:    180.000000
DEBUG:    270.000000
DEBUG:    0.000000
DEBUG:    90.000000
DEBUG:    180.000000
WARNING:  Render update is behind -726 microseconds! Current FPS: 29
DEBUG:    270.000000
DEBUG:    0.000000
WARNING:  Render update is behind -8116 microseconds! Current FPS: 24
DEBUG:    90.000000
DEBUG:    180.000000
DEBUG:    270.000000
DEBUG:    0.000000
DEBUG:    90.000000
DEBUG:    180.000000
DEBUG:    270.000000
DEBUG:    0.000000
DEBUG:    90.000000
DEBUG:    180.000000
DEBUG:    270.000000
DEBUG:    0.000000
DEBUG:    90.000000
DEBUG:    180.000000
DEBUG:    270.000000
DEBUG:    0.000000
DEBUG:    90.000000
DEBUG:    180.000000
DEBUG:    270.000000
DEBUG:    0.000000
DEBUG:    90.000000
DEBUG:    180.000000
DEBUG:    270.000000
DEBUG:    0.000000
DEBUG:    90.000000
DEBUG:    180.000000
DEBUG:    270.000000
DEBUG:    0.000000
DEBUG:    90.000000
DEBUG:    180.000000
DEBUG:    270.000000
DEBUG:    0.000000
DEBUG:    90.000000
DEBUG:    90.000000
DEBUG:    27.500000
DEBUG:    283.333313
DEBUG:    153.125000
DEBUG:    308.449066
WARNING:  Render update is behind -1150 microseconds! Current FPS: 29
DEBUG:    107.744995
DEBUG:    215.374237
DEBUG:    344.134155
DEBUG:    73.991486
DEBUG:    134.337082
DEBUG:    172.512161
DEBUG:    194.230621
DEBUG:    263.917603
DEBUG:    314.980286
DEBUG:    351.691040
DEBUG:    17.415405
DEBUG:    34.795795
DEBUG:    45.898964
DEBUG:    52.334526
DEBUG:    55.349930
DEBUG:    55.906464
DEBUG:    54.739983
DEBUG:    52.409374
DEBUG:    49.335079
DEBUG:    45.829731
DEBUG:    42.122417
DEBUG:    38.377823
DEBUG:    34.711361
DEBUG:    31.201004
DEBUG:    27.896561
DEBUG:    24.826904
DEBUG:    22.005562
DEBUG:    19.435032
DEBUG:    17.110079
DEBUG:    15.020248
DEBUG:    13.151748
DEBUG:    11.488852
DEBUG:    10.014928
DEBUG:    8.713178
DEBUG:    7.567152
DEBUG:    6.561101
DEBUG:    5.680202
DEBUG:    4.910684
DEBUG:    4.239888
DEBUG:    3.656283
DEBUG:    3.149438
WARNING:  Render update is behind -24744 microseconds! Current FPS: 17
DEBUG:    2.709978
DEBUG:    2.329520
DEBUG:    2.000605
DEBUG:    1.716619
DEBUG:    1.305056
DEBUG:    0.979596
DEBUG:    0.454136
DEBUG:    359.728668
DEBUG:    358.803223
DEBUG:    357.677765
DEBUG:    356.352295
DEBUG:    354.826843
DEBUG:    353.301392
DEBUG:    351.775940
DEBUG:    350.250488
DEBUG:    348.725037
DEBUG:    347.199585
DEBUG:    345.674133
DEBUG:    344.148682
DEBUG:    344.148682
DEBUG:    349.148682
DEBUG:    359.148682
DEBUG:    14.148682
DEBUG:    34.148682
DEBUG:    59.148682
DEBUG:    89.148682
DEBUG:    124.148682
DEBUG:    164.148682
DEBUG:    209.148682
DEBUG:    259.148682
DEBUG:    314.148682
DEBUG:    14.148682
DEBUG:    79.148682
DEBUG:    149.148682
DEBUG:    224.148682
DEBUG:    304.148682
DEBUG:    29.148682
DEBUG:    119.148682
DEBUG:    214.148682
DEBUG:    314.148682
DEBUG:    59.148682
DEBUG:    169.148682
DEBUG:    284.148682
DEBUG:    44.148682
DEBUG:    169.148682
DEBUG:    299.148682
DEBUG:    74.148682
DEBUG:    214.148682
DEBUG:    359.148682
DEBUG:    149.148682
DEBUG:    304.148682
DEBUG:    104.148682
DEBUG:    269.148682
DEBUG:    79.148682
DEBUG:    254.148682
DEBUG:    74.148682
DEBUG:    259.148682
DEBUG:    89.148682
DEBUG:    284.148682
DEBUG:    124.148682
DEBUG:    329.148682
DEBUG:    179.148682
DEBUG:    34.148682
DEBUG:    254.148682
DEBUG:    119.148682
DEBUG:    349.148682
DEBUG:    224.148682
DEBUG:    104.148682
DEBUG:    349.148682
DEBUG:    239.148682
DEBUG:    134.148682
DEBUG:    34.148682
DEBUG:    299.148682
DEBUG:    209.148682
DEBUG:    124.148682
DEBUG:    44.148682
DEBUG:    329.148682
DEBUG:    259.148682
DEBUG:    194.148682
DEBUG:    134.148682
DEBUG:    79.148682
DEBUG:    29.148682
DEBUG:    344.148682
DEBUG:    304.148682
DEBUG:    269.148682
DEBUG:    239.148682
DEBUG:    214.148682
DEBUG:    194.148682
DEBUG:    179.148682
WARNING:  Render update is behind -3326 microseconds! Current FPS: 27
DEBUG:    169.148682
DEBUG:    164.148682
DEBUG:    164.148682
WARNING:  Render update is behind -3344 microseconds! Current FPS: 27
DEBUG:    169.148682
DEBUG:    179.148682
DEBUG:    194.148682
DEBUG:    214.148682
DEBUG:    239.148682
DEBUG:    269.148682
DEBUG:    304.148682
DEBUG:    344.148682
DEBUG:    29.148682
DEBUG:    79.148682
DEBUG:    134.148682
DEBUG:    194.148682
DEBUG:    259.148682
DEBUG:    329.148682
DEBUG:    44.148682
DEBUG:    124.148682
DEBUG:    209.148682
INFO:     Cleaning up...
