DEBUG:    Initializing...
DEBUG:    Initializing Main_Info...
DEBUG:    Found querty option.
DEBUG:    Getting video modes...
DEBUG:    Creating window with resolution of 1366x768...
DEBUG:    Loading images...
DEBUG:    Initializing Status_Menu...
DEBUG:    Starting window render loop...
DEBUG:    Starting window event loop...
INFO:     Initialization Finished
DEBUG:    Set FPS to 30
DEBUG:    0
WARNING:  Render update is behind -21037 microseconds! Current FPS: 18
DEBUG:    0
DEBUG:    0
DEBUG:    0
WARNING:  Render update is behind -46131 microseconds! Current FPS: 13
DEBUG:    0
DEBUG:    0
WARNING:  Render update is behind -2256 microseconds! Current FPS: 28
DEBUG:    0
DEBUG:    0
DEBUG:    0
DEBUG:    0
DEBUG:    0
DEBUG:    0
DEBUG:    0
DEBUG:    0
DEBUG:    0
DEBUG:    0
DEBUG:    0
DEBUG:    0
DEBUG:    0
DEBUG:    -1
DEBUG:    -1
DEBUG:    -2
DEBUG:    -2
DEBUG:    -3
DEBUG:    -3
DEBUG:    -3
DEBUG:    -3
DEBUG:    -3
DEBUG:    -3
DEBUG:    -3
DEBUG:    -3
DEBUG:    -3
DEBUG:    -3
DEBUG:    -3
DEBUG:    -3
DEBUG:    -2
DEBUG:    -2
DEBUG:    -1
DEBUG:    -1
DEBUG:    0
DEBUG:    0
DEBUG:    0
DEBUG:    1
DEBUG:    1
DEBUG:    2
DEBUG:    2
DEBUG:    3
DEBUG:    3
DEBUG:    4
DEBUG:    4
DEBUG:    5
DEBUG:    5
DEBUG:    6
DEBUG:    6
DEBUG:    7
DEBUG:    7
DEBUG:    8
DEBUG:    8
DEBUG:    9
DEBUG:    9
DEBUG:    10
DEBUG:    10
DEBUG:    11
DEBUG:    11
DEBUG:    12
DEBUG:    12
DEBUG:    13
DEBUG:    13
DEBUG:    14
DEBUG:    14
DEBUG:    15
DEBUG:    15
DEBUG:    16
DEBUG:    16
DEBUG:    17
DEBUG:    17
DEBUG:    18
DEBUG:    18
DEBUG:    19
DEBUG:    19
DEBUG:    20
DEBUG:    20
DEBUG:    21
DEBUG:    21
DEBUG:    22
DEBUG:    22
DEBUG:    23
DEBUG:    23
DEBUG:    24
DEBUG:    24
DEBUG:    25
DEBUG:    25
DEBUG:    26
DEBUG:    26
DEBUG:    27
DEBUG:    27
DEBUG:    28
DEBUG:    28
DEBUG:    29
DEBUG:    29
DEBUG:    30
DEBUG:    30
DEBUG:    31
DEBUG:    31
DEBUG:    32
DEBUG:    32
DEBUG:    33
WARNING:  Render update is behind -695 microseconds! Current FPS: 29
DEBUG:    33
DEBUG:    34
DEBUG:    34
DEBUG:    35
DEBUG:    35
DEBUG:    36
DEBUG:    36
DEBUG:    37
DEBUG:    37
DEBUG:    38
DEBUG:    38
DEBUG:    39
WARNING:  Render update is behind -406 microseconds! Current FPS: 30
DEBUG:    39
DEBUG:    40
DEBUG:    40
DEBUG:    41
DEBUG:    41
DEBUG:    42
DEBUG:    42
DEBUG:    43
DEBUG:    43
DEBUG:    44
DEBUG:    44
DEBUG:    45
DEBUG:    45
DEBUG:    46
WARNING:  Render update is behind -8457 microseconds! Current FPS: 24
DEBUG:    46
DEBUG:    47
DEBUG:    47
DEBUG:    48
DEBUG:    48
DEBUG:    49
DEBUG:    49
DEBUG:    50
DEBUG:    50
DEBUG:    51
DEBUG:    51
DEBUG:    52
DEBUG:    52
DEBUG:    53
DEBUG:    53
DEBUG:    54
DEBUG:    54
DEBUG:    55
DEBUG:    55
DEBUG:    56
DEBUG:    56
DEBUG:    57
DEBUG:    57
DEBUG:    58
DEBUG:    58
DEBUG:    59
DEBUG:    59
DEBUG:    60
DEBUG:    60
DEBUG:    61
DEBUG:    61
DEBUG:    62
DEBUG:    62
DEBUG:    63
DEBUG:    63
DEBUG:    64
DEBUG:    64
DEBUG:    65
DEBUG:    65
DEBUG:    66
DEBUG:    66
DEBUG:    67
DEBUG:    67
DEBUG:    68
DEBUG:    68
DEBUG:    69
DEBUG:    69
DEBUG:    70
DEBUG:    70
DEBUG:    71
DEBUG:    71
DEBUG:    72
DEBUG:    72
DEBUG:    73
DEBUG:    73
DEBUG:    74
DEBUG:    74
DEBUG:    75
DEBUG:    75
DEBUG:    76
DEBUG:    76
DEBUG:    77
DEBUG:    77
DEBUG:    78
DEBUG:    78
DEBUG:    79
DEBUG:    79
DEBUG:    80
DEBUG:    80
DEBUG:    81
DEBUG:    81
DEBUG:    82
DEBUG:    82
DEBUG:    83
DEBUG:    83
DEBUG:    84
DEBUG:    84
DEBUG:    85
DEBUG:    85
DEBUG:    86
DEBUG:    86
DEBUG:    87
DEBUG:    87
DEBUG:    88
DEBUG:    88
DEBUG:    89
DEBUG:    89
DEBUG:    90
DEBUG:    90
DEBUG:    91
DEBUG:    91
DEBUG:    92
DEBUG:    92
DEBUG:    93
DEBUG:    93
DEBUG:    94
DEBUG:    94
DEBUG:    95
DEBUG:    95
DEBUG:    96
DEBUG:    96
DEBUG:    97
DEBUG:    97
DEBUG:    98
DEBUG:    98
DEBUG:    99
DEBUG:    99
DEBUG:    100
DEBUG:    100
DEBUG:    101
DEBUG:    101
DEBUG:    102
DEBUG:    102
DEBUG:    103
DEBUG:    103
DEBUG:    104
DEBUG:    104
DEBUG:    105
DEBUG:    105
DEBUG:    106
DEBUG:    106
DEBUG:    107
DEBUG:    107
DEBUG:    108
DEBUG:    108
DEBUG:    109
DEBUG:    109
DEBUG:    110
DEBUG:    110
DEBUG:    111
DEBUG:    111
DEBUG:    112
DEBUG:    112
DEBUG:    113
DEBUG:    113
DEBUG:    114
DEBUG:    114
WARNING:  Render update is behind -1156 microseconds! Current FPS: 29
DEBUG:    115
DEBUG:    115
DEBUG:    116
WARNING:  Render update is behind -2961 microseconds! Current FPS: 28
DEBUG:    116
DEBUG:    117
DEBUG:    117
DEBUG:    118
DEBUG:    118
DEBUG:    119
DEBUG:    119
DEBUG:    120
DEBUG:    120
DEBUG:    121
WARNING:  Render update is behind -5553 microseconds! Current FPS: 26
DEBUG:    121
DEBUG:    122
DEBUG:    122
DEBUG:    123
DEBUG:    123
DEBUG:    124
DEBUG:    124
DEBUG:    125
DEBUG:    125
DEBUG:    126
DEBUG:    126
DEBUG:    127
DEBUG:    127
DEBUG:    128
DEBUG:    128
DEBUG:    129
DEBUG:    129
DEBUG:    130
DEBUG:    130
DEBUG:    131
DEBUG:    131
DEBUG:    132
DEBUG:    132
DEBUG:    133
DEBUG:    133
DEBUG:    134
DEBUG:    134
DEBUG:    135
DEBUG:    135
DEBUG:    136
DEBUG:    136
DEBUG:    137
DEBUG:    137
DEBUG:    138
DEBUG:    138
DEBUG:    139
DEBUG:    139
DEBUG:    140
DEBUG:    140
DEBUG:    141
DEBUG:    141
DEBUG:    142
DEBUG:    142
DEBUG:    143
DEBUG:    143
DEBUG:    144
DEBUG:    144
DEBUG:    145
DEBUG:    145
DEBUG:    146
DEBUG:    146
DEBUG:    147
DEBUG:    147
DEBUG:    148
DEBUG:    148
DEBUG:    149
DEBUG:    149
DEBUG:    150
DEBUG:    150
DEBUG:    151
DEBUG:    151
DEBUG:    152
DEBUG:    152
DEBUG:    153
DEBUG:    153
DEBUG:    154
DEBUG:    154
DEBUG:    155
DEBUG:    155
DEBUG:    156
DEBUG:    156
DEBUG:    157
DEBUG:    157
DEBUG:    158
DEBUG:    158
DEBUG:    159
DEBUG:    159
DEBUG:    160
DEBUG:    160
DEBUG:    161
DEBUG:    161
DEBUG:    162
DEBUG:    162
DEBUG:    163
DEBUG:    163
DEBUG:    164
DEBUG:    164
DEBUG:    165
DEBUG:    165
DEBUG:    166
DEBUG:    166
DEBUG:    167
DEBUG:    167
DEBUG:    168
DEBUG:    168
DEBUG:    169
DEBUG:    169
DEBUG:    170
DEBUG:    170
DEBUG:    171
DEBUG:    171
DEBUG:    172
DEBUG:    172
DEBUG:    173
DEBUG:    173
DEBUG:    174
DEBUG:    174
DEBUG:    175
DEBUG:    175
DEBUG:    176
DEBUG:    176
DEBUG:    177
DEBUG:    177
DEBUG:    178
DEBUG:    178
DEBUG:    179
DEBUG:    179
DEBUG:    180
DEBUG:    180
DEBUG:    181
DEBUG:    181
DEBUG:    182
DEBUG:    182
DEBUG:    183
DEBUG:    183
DEBUG:    184
DEBUG:    184
DEBUG:    185
DEBUG:    185
DEBUG:    186
DEBUG:    186
DEBUG:    187
DEBUG:    187
DEBUG:    187
DEBUG:    187
DEBUG:    187
DEBUG:    187
DEBUG:    187
DEBUG:    187
INFO:     Cleaning up...
