DEBUG:    Initializing...
DEBUG:    Initializing Main_Info...
DEBUG:    Found querty option.
DEBUG:    Getting video modes...
DEBUG:    Creating window with resolution of 1366x768...
DEBUG:    Loading images...
DEBUG:    Initializing Status_Menu...
DEBUG:    Starting window render loop...
DEBUG:    Starting window event loop...
INFO:     Initialization Finished
DEBUG:    Set FPS to 30
WARNING:  Render update is behind -32179 microseconds! Current FPS: 15
WARNING:  Render update is behind -2688 microseconds! Current FPS: 28
WARNING:  Render update is behind -10869 microseconds! Current FPS: 23
WARNING:  Render update is behind -10012 microseconds! Current FPS: 23
WARNING:  Render update is behind -5007 microseconds! Current FPS: 26
WARNING:  Render update is behind -5061 microseconds! Current FPS: 26
WARNING:  Render update is behind -113 microseconds! Current FPS: 30
WARNING:  Render update is behind -242 microseconds! Current FPS: 30
WARNING:  Render update is behind -649 microseconds! Current FPS: 29
WARNING:  Render update is behind -1089 microseconds! Current FPS: 29
WARNING:  Render update is behind -10917 microseconds! Current FPS: 23
WARNING:  Render update is behind -9655 microseconds! Current FPS: 23
WARNING:  Render update is behind -7310 microseconds! Current FPS: 25
WARNING:  Render update is behind -690 microseconds! Current FPS: 29
INFO:     Cleaning up...
