DEBUG:    Initializing...
DEBUG:    Initializing Main_Info...
DEBUG:    Found querty option.
DEBUG:    Getting video modes...
DEBUG:    Creating window with resolution of 1366x768...
DEBUG:    Loading images...
DEBUG:    Initializing Status_Menu...
DEBUG:    Starting window render loop...
INFO:     Initialization Finished
DEBUG:    0.000000
DEBUG:    0.000000
DEBUG:    0.000000
DEBUG:    0.000000
DEBUG:    0.000000
DEBUG:    0.000000
DEBUG:    0.000000
DEBUG:    0.000000
DEBUG:    0.000000
DEBUG:    0.000000
DEBUG:    0.000000
DEBUG:    0.000000
DEBUG:    0.000000
DEBUG:    0.000000
DEBUG:    0.000000
DEBUG:    0.000000
DEBUG:    0.000000
DEBUG:    0.000000
DEBUG:    0.000000
DEBUG:    0.000000
DEBUG:    0.000000
DEBUG:    0.000000
DEBUG:    0.000000
DEBUG:    0.000000
DEBUG:    0.000000
DEBUG:    0.000000
DEBUG:    0.000000
DEBUG:    0.000000
DEBUG:    0.000000
DEBUG:    0.000000
DEBUG:    0.000000
DEBUG:    0.000000
DEBUG:    0.000000
DEBUG:    0.000000
DEBUG:    0.000000
DEBUG:    0.000000
DEBUG:    0.000000
DEBUG:    0.000000
DEBUG:    0.000000
DEBUG:    0.000000
DEBUG:    0.000000
DEBUG:    0.000000
DEBUG:    0.000000
DEBUG:    0.000000
DEBUG:    0.000000
DEBUG:    0.000000
DEBUG:    0.000000
DEBUG:    0.000000
DEBUG:    0.000000
DEBUG:    0.000000
DEBUG:    0.000000
DEBUG:    0.000000
DEBUG:    0.000000
DEBUG:    0.000000
DEBUG:    0.000000
DEBUG:    0.000000
DEBUG:    0.000000
DEBUG:    0.000000
DEBUG:    0.000000
DEBUG:    0.000000
DEBUG:    0.000000
DEBUG:    0.000000
DEBUG:    0.000000
DEBUG:    0.000000
DEBUG:    0.000000
DEBUG:    0.000000
DEBUG:    0.000000
DEBUG:    0.000000
DEBUG:    0.000000
DEBUG:    0.000000
DEBUG:    0.000000
DEBUG:    0.000000
DEBUG:    0.000000
DEBUG:    0.000000
DEBUG:    0.000000
DEBUG:    0.000000
DEBUG:    0.000000
DEBUG:    0.000000
DEBUG:    0.000000
DEBUG:    0.000000
DEBUG:    0.000000
DEBUG:    0.000000
DEBUG:    0.000000
DEBUG:    0.000000
DEBUG:    0.000000
DEBUG:    0.000000
DEBUG:    0.000000
DEBUG:    0.000000
DEBUG:    0.000000
DEBUG:    0.000000
DEBUG:    0.000000
DEBUG:    0.000000
DEBUG:    0.000000
DEBUG:    0.000000
DEBUG:    0.000000
DEBUG:    0.000000
DEBUG:    0.000000
DEBUG:    0.000000
DEBUG:    0.000000
DEBUG:    0.000000
DEBUG:    FPS: 35
DEBUG:    0.000000
DEBUG:    0.000000
DEBUG:    0.000000
DEBUG:    0.000000
DEBUG:    0.000000
DEBUG:    0.000000
DEBUG:    0.000000
DEBUG:    0.000000
DEBUG:    0.000000
DEBUG:    0.000000
DEBUG:    0.000000
DEBUG:    0.000000
DEBUG:    0.000000
DEBUG:    0.000000
DEBUG:    0.000000
DEBUG:    0.000000
DEBUG:    0.000000
DEBUG:    0.000000
DEBUG:    a
DEBUG:    0.000000
DEBUG:    a
DEBUG:    0.000000
DEBUG:    a
DEBUG:    0.000000
DEBUG:    a
DEBUG:    0.000000
DEBUG:    0.000000
DEBUG:    0.000000
DEBUG:    0.000000
DEBUG:    0.000000
DEBUG:    0.000000
DEBUG:    0.000000
DEBUG:    0.000000
DEBUG:    0.000000
DEBUG:    0.000000
DEBUG:    0.000000
DEBUG:    0.000000
DEBUG:    0.000000
DEBUG:    0.000000
DEBUG:    0.000000
DEBUG:    0.000000
DEBUG:    0.000000
DEBUG:    0.000000
DEBUG:    a
DEBUG:    0.000000
DEBUG:    a
DEBUG:    0.000000
DEBUG:    a
DEBUG:    0.000000
DEBUG:    a
DEBUG:    0.000000
DEBUG:    a
DEBUG:    0.000000
DEBUG:    a
DEBUG:    0.000000
DEBUG:    a
DEBUG:    0.000000
DEBUG:    0.000000
DEBUG:    0.000000
DEBUG:    0.000000
DEBUG:    0.000000
DEBUG:    0.000000
DEBUG:    a
DEBUG:    0.000000
DEBUG:    a
DEBUG:    0.000000
DEBUG:    a
DEBUG:    0.000000
DEBUG:    a
DEBUG:    0.000000
DEBUG:    0.000000
DEBUG:    0.000000
DEBUG:    0.000000
DEBUG:    a
DEBUG:    0.000000
DEBUG:    a
DEBUG:    0.000000
DEBUG:    a
DEBUG:    0.000000
DEBUG:    a
DEBUG:    0.000000
DEBUG:    a
DEBUG:    0.000000
DEBUG:    a
DEBUG:    0.000000
DEBUG:    0.000000
DEBUG:    0.000000
DEBUG:    0.000000
DEBUG:    0.000000
DEBUG:    a
DEBUG:    0.000000
DEBUG:    a
DEBUG:    0.000000
DEBUG:    a
DEBUG:    0.000000
DEBUG:    a
DEBUG:    0.000000
DEBUG:    0.000000
DEBUG:    0.000000
DEBUG:    0.000000
DEBUG:    0.000000
DEBUG:    0.000000
DEBUG:    a
DEBUG:    0.000000
DEBUG:    a
DEBUG:    0.000000
DEBUG:    a
DEBUG:    0.000000
DEBUG:    a
DEBUG:    0.000000
DEBUG:    0.000000
DEBUG:    0.000000
DEBUG:    0.000000
DEBUG:    0.000000
DEBUG:    0.000000
DEBUG:    a
DEBUG:    0.000000
DEBUG:    a
DEBUG:    0.000000
DEBUG:    a
DEBUG:    0.000000
DEBUG:    a
DEBUG:    0.000000
DEBUG:    a
DEBUG:    0.000000
DEBUG:    0.000000
DEBUG:    0.000000
DEBUG:    a
DEBUG:    0.000000
DEBUG:    a
DEBUG:    0.000000
DEBUG:    a
DEBUG:    0.000000
DEBUG:    a
DEBUG:    0.000000
DEBUG:    a
DEBUG:    0.000000
DEBUG:    a
DEBUG:    0.000000
DEBUG:    0.000000
DEBUG:    FPS: 34
DEBUG:    0.000000
DEBUG:    0.000000
DEBUG:    0.000000
DEBUG:    0.000000
DEBUG:    0.000000
DEBUG:    0.000000
DEBUG:    0.000000
DEBUG:    0.000000
DEBUG:    0.000000
DEBUG:    0.000000
DEBUG:    0.000000
DEBUG:    0.000000
DEBUG:    0.000000
DEBUG:    0.000000
DEBUG:    0.000000
DEBUG:    0.000000
DEBUG:    0.000000
DEBUG:    0.000000
DEBUG:    0.000000
DEBUG:    0.000000
DEBUG:    0.000000
DEBUG:    0.000000
DEBUG:    0.000000
DEBUG:    0.000000
DEBUG:    0.000000
DEBUG:    0.000000
DEBUG:    0.000000
DEBUG:    0.000000
DEBUG:    0.000000
DEBUG:    0.000000
DEBUG:    0.000000
DEBUG:    0.000000
DEBUG:    0.000000
DEBUG:    0.000000
DEBUG:    0.000000
DEBUG:    0.000000
DEBUG:    0.000000
DEBUG:    0.000000
DEBUG:    0.000000
DEBUG:    0.000000
DEBUG:    0.000000
DEBUG:    0.000000
DEBUG:    0.000000
DEBUG:    0.000000
DEBUG:    a
DEBUG:    0.000000
DEBUG:    a
DEBUG:    0.000000
DEBUG:    a
DEBUG:    0.000000
DEBUG:    a
DEBUG:    0.000000
DEBUG:    a
DEBUG:    0.000000
DEBUG:    a
DEBUG:    0.000000
DEBUG:    a
DEBUG:    0.000000
DEBUG:    a
DEBUG:    0.000000
DEBUG:    a
DEBUG:    0.000000
DEBUG:    a
DEBUG:    0.000000
DEBUG:    a
DEBUG:    0.000000
DEBUG:    a
DEBUG:    0.000000
DEBUG:    a
DEBUG:    0.000000
DEBUG:    a
DEBUG:    0.000000
DEBUG:    a
DEBUG:    0.000000
DEBUG:    a
DEBUG:    0.000000
DEBUG:    a
DEBUG:    0.000000
DEBUG:    a
DEBUG:    0.000000
DEBUG:    a
DEBUG:    0.000000
DEBUG:    a
DEBUG:    0.000000
DEBUG:    a
DEBUG:    0.000000
DEBUG:    a
DEBUG:    0.000000
DEBUG:    a
DEBUG:    0.000000
DEBUG:    a
DEBUG:    0.000000
DEBUG:    a
DEBUG:    0.000000
DEBUG:    a
DEBUG:    0.000000
DEBUG:    a
DEBUG:    0.000000
DEBUG:    a
DEBUG:    0.000000
DEBUG:    a
DEBUG:    0.000000
DEBUG:    a
DEBUG:    0.000000
DEBUG:    a
DEBUG:    0.000000
DEBUG:    a
DEBUG:    0.000000
DEBUG:    a
DEBUG:    0.000000
DEBUG:    a
DEBUG:    0.000000
DEBUG:    a
DEBUG:    0.000000
DEBUG:    a
DEBUG:    0.000000
DEBUG:    a
DEBUG:    0.000000
DEBUG:    a
DEBUG:    0.000000
DEBUG:    a
DEBUG:    0.000000
DEBUG:    a
DEBUG:    0.000000
DEBUG:    a
DEBUG:    0.000000
DEBUG:    a
DEBUG:    0.000000
DEBUG:    a
DEBUG:    0.000000
DEBUG:    a
DEBUG:    0.000000
DEBUG:    a
DEBUG:    0.000000
DEBUG:    a
DEBUG:    0.000000
DEBUG:    a
DEBUG:    0.000000
DEBUG:    a
DEBUG:    0.000000
DEBUG:    a
DEBUG:    0.000000
DEBUG:    a
DEBUG:    0.000000
DEBUG:    a
DEBUG:    0.000000
DEBUG:    a
DEBUG:    0.000000
DEBUG:    a
DEBUG:    0.000000
DEBUG:    a
DEBUG:    0.000000
DEBUG:    a
DEBUG:    0.000000
DEBUG:    a
DEBUG:    0.000000
DEBUG:    a
DEBUG:    FPS: 36
DEBUG:    0.000000
DEBUG:    a
DEBUG:    0.000000
DEBUG:    a
DEBUG:    0.000000
DEBUG:    a
DEBUG:    0.000000
DEBUG:    a
DEBUG:    0.000000
DEBUG:    a
DEBUG:    0.000000
DEBUG:    a
DEBUG:    0.000000
DEBUG:    a
DEBUG:    0.000000
DEBUG:    a
DEBUG:    0.000000
DEBUG:    a
DEBUG:    0.000000
DEBUG:    a
DEBUG:    0.000000
DEBUG:    a
DEBUG:    0.000000
DEBUG:    a
DEBUG:    0.000000
DEBUG:    a
DEBUG:    0.000000
DEBUG:    a
DEBUG:    0.000000
DEBUG:    a
DEBUG:    0.000000
DEBUG:    a
DEBUG:    0.000000
DEBUG:    a
DEBUG:    0.000000
DEBUG:    a
DEBUG:    0.000000
DEBUG:    a
DEBUG:    0.000000
DEBUG:    a
DEBUG:    0.000000
DEBUG:    a
DEBUG:    0.000000
DEBUG:    a
DEBUG:    0.000000
DEBUG:    a
DEBUG:    0.000000
DEBUG:    a
DEBUG:    0.000000
DEBUG:    a
DEBUG:    0.000000
DEBUG:    a
DEBUG:    0.000000
DEBUG:    a
DEBUG:    0.000000
DEBUG:    a
DEBUG:    0.000000
DEBUG:    a
DEBUG:    0.000000
DEBUG:    a
DEBUG:    0.000000
DEBUG:    a
DEBUG:    0.000000
DEBUG:    a
DEBUG:    0.000000
DEBUG:    a
DEBUG:    0.000000
DEBUG:    a
DEBUG:    0.000000
DEBUG:    a
DEBUG:    0.000000
DEBUG:    a
DEBUG:    0.000000
DEBUG:    a
DEBUG:    0.000000
DEBUG:    a
DEBUG:    0.000000
DEBUG:    a
DEBUG:    0.000000
DEBUG:    a
DEBUG:    0.000000
DEBUG:    a
DEBUG:    0.000000
DEBUG:    a
DEBUG:    0.000000
DEBUG:    a
DEBUG:    0.000000
DEBUG:    a
DEBUG:    0.000000
DEBUG:    a
DEBUG:    0.000000
DEBUG:    a
DEBUG:    0.000000
DEBUG:    a
DEBUG:    0.000000
DEBUG:    a
DEBUG:    0.000000
DEBUG:    a
DEBUG:    0.000000
DEBUG:    a
DEBUG:    0.000000
DEBUG:    a
DEBUG:    0.000000
DEBUG:    a
DEBUG:    0.000000
DEBUG:    a
DEBUG:    0.000000
DEBUG:    a
DEBUG:    0.000000
DEBUG:    a
DEBUG:    0.000000
DEBUG:    a
DEBUG:    0.000000
DEBUG:    a
DEBUG:    0.000000
DEBUG:    a
DEBUG:    0.000000
DEBUG:    a
DEBUG:    0.000000
DEBUG:    a
DEBUG:    0.000000
DEBUG:    a
DEBUG:    0.000000
DEBUG:    a
DEBUG:    0.000000
DEBUG:    a
DEBUG:    0.000000
DEBUG:    a
DEBUG:    0.000000
DEBUG:    a
DEBUG:    0.000000
DEBUG:    a
DEBUG:    0.000000
DEBUG:    a
DEBUG:    0.000000
DEBUG:    a
DEBUG:    0.000000
DEBUG:    a
DEBUG:    0.000000
DEBUG:    a
DEBUG:    0.000000
DEBUG:    a
DEBUG:    0.000000
DEBUG:    a
DEBUG:    0.000000
DEBUG:    a
DEBUG:    0.000000
DEBUG:    a
DEBUG:    0.000000
DEBUG:    a
DEBUG:    0.000000
DEBUG:    a
DEBUG:    0.000000
DEBUG:    a
DEBUG:    0.000000
DEBUG:    a
DEBUG:    0.000000
DEBUG:    a
DEBUG:    0.000000
DEBUG:    a
DEBUG:    0.000000
DEBUG:    a
DEBUG:    0.000000
DEBUG:    a
DEBUG:    0.000000
DEBUG:    a
DEBUG:    0.000000
DEBUG:    a
DEBUG:    0.000000
DEBUG:    a
DEBUG:    0.000000
DEBUG:    a
DEBUG:    0.000000
DEBUG:    a
DEBUG:    0.000000
DEBUG:    a
DEBUG:    0.000000
DEBUG:    a
DEBUG:    0.000000
DEBUG:    a
DEBUG:    0.000000
DEBUG:    a
DEBUG:    0.000000
DEBUG:    a
DEBUG:    0.000000
DEBUG:    a
DEBUG:    0.000000
DEBUG:    a
DEBUG:    0.000000
DEBUG:    a
DEBUG:    0.000000
DEBUG:    a
DEBUG:    0.000000
DEBUG:    a
DEBUG:    0.000000
DEBUG:    a
DEBUG:    0.000000
DEBUG:    a
DEBUG:    0.000000
DEBUG:    a
DEBUG:    FPS: 35
DEBUG:    0.000000
DEBUG:    a
DEBUG:    0.000000
DEBUG:    a
DEBUG:    0.000000
DEBUG:    a
DEBUG:    0.000000
DEBUG:    a
DEBUG:    0.000000
DEBUG:    a
DEBUG:    0.000000
DEBUG:    a
DEBUG:    0.000000
DEBUG:    a
DEBUG:    0.000000
DEBUG:    a
DEBUG:    0.000000
DEBUG:    a
DEBUG:    0.000000
DEBUG:    a
DEBUG:    0.000000
DEBUG:    a
DEBUG:    0.000000
DEBUG:    a
DEBUG:    0.000000
DEBUG:    a
DEBUG:    0.000000
DEBUG:    a
DEBUG:    0.000000
DEBUG:    a
DEBUG:    0.000000
DEBUG:    a
DEBUG:    0.000000
DEBUG:    a
DEBUG:    0.000000
DEBUG:    a
DEBUG:    0.000000
DEBUG:    a
DEBUG:    0.000000
DEBUG:    a
DEBUG:    0.000000
DEBUG:    a
DEBUG:    0.000000
DEBUG:    a
DEBUG:    0.000000
DEBUG:    a
DEBUG:    0.000000
DEBUG:    a
DEBUG:    0.000000
DEBUG:    a
DEBUG:    0.000000
DEBUG:    a
DEBUG:    0.000000
DEBUG:    a
DEBUG:    0.000000
DEBUG:    a
DEBUG:    0.000000
DEBUG:    a
DEBUG:    0.000000
DEBUG:    a
DEBUG:    0.000000
DEBUG:    a
DEBUG:    0.000000
DEBUG:    a
DEBUG:    0.000000
DEBUG:    a
DEBUG:    0.000000
DEBUG:    a
DEBUG:    0.000000
DEBUG:    a
DEBUG:    0.000000
DEBUG:    a
DEBUG:    0.000000
DEBUG:    a
DEBUG:    0.000000
DEBUG:    a
DEBUG:    0.000000
DEBUG:    a
DEBUG:    0.000000
DEBUG:    a
DEBUG:    0.000000
DEBUG:    a
DEBUG:    0.000000
DEBUG:    a
DEBUG:    0.000000
DEBUG:    a
DEBUG:    0.000000
DEBUG:    a
DEBUG:    0.000000
DEBUG:    a
DEBUG:    0.000000
DEBUG:    a
DEBUG:    0.000000
DEBUG:    a
DEBUG:    0.000000
DEBUG:    a
DEBUG:    0.000000
DEBUG:    a
DEBUG:    0.000000
DEBUG:    a
DEBUG:    0.000000
DEBUG:    a
DEBUG:    0.000000
DEBUG:    a
DEBUG:    0.000000
DEBUG:    a
DEBUG:    0.000000
DEBUG:    a
DEBUG:    0.000000
DEBUG:    a
DEBUG:    0.000000
DEBUG:    a
DEBUG:    0.000000
DEBUG:    a
DEBUG:    0.000000
DEBUG:    a
DEBUG:    0.000000
DEBUG:    a
DEBUG:    0.000000
DEBUG:    a
DEBUG:    0.000000
DEBUG:    a
DEBUG:    0.000000
DEBUG:    a
DEBUG:    0.000000
DEBUG:    a
DEBUG:    0.000000
DEBUG:    a
DEBUG:    0.000000
DEBUG:    a
DEBUG:    0.000000
DEBUG:    a
DEBUG:    0.000000
DEBUG:    a
DEBUG:    0.000000
DEBUG:    a
DEBUG:    0.000000
DEBUG:    a
DEBUG:    0.000000
DEBUG:    a
DEBUG:    0.000000
DEBUG:    a
DEBUG:    0.000000
DEBUG:    a
DEBUG:    0.000000
DEBUG:    a
DEBUG:    0.000000
DEBUG:    a
DEBUG:    0.000000
DEBUG:    a
DEBUG:    0.000000
DEBUG:    a
DEBUG:    0.000000
DEBUG:    a
DEBUG:    0.000000
DEBUG:    a
DEBUG:    0.000000
DEBUG:    a
DEBUG:    0.000000
DEBUG:    a
DEBUG:    0.000000
DEBUG:    a
DEBUG:    0.000000
DEBUG:    a
DEBUG:    0.000000
DEBUG:    a
DEBUG:    0.000000
DEBUG:    a
DEBUG:    0.000000
DEBUG:    a
DEBUG:    0.000000
DEBUG:    a
DEBUG:    0.000000
DEBUG:    a
DEBUG:    0.000000
DEBUG:    a
DEBUG:    0.000000
DEBUG:    a
DEBUG:    0.000000
DEBUG:    a
DEBUG:    0.000000
DEBUG:    a
DEBUG:    0.000000
DEBUG:    a
DEBUG:    0.000000
DEBUG:    a
DEBUG:    0.000000
DEBUG:    a
DEBUG:    2.000000
DEBUG:    a
DEBUG:    4.000000
DEBUG:    a
DEBUG:    6.000000
DEBUG:    a
DEBUG:    8.000000
DEBUG:    a
DEBUG:    10.000000
DEBUG:    a
DEBUG:    11.000000
DEBUG:    a
DEBUG:    FPS: 35
DEBUG:    12.000000
DEBUG:    a
DEBUG:    13.000000
DEBUG:    a
DEBUG:    14.000000
DEBUG:    a
DEBUG:    15.000000
DEBUG:    a
DEBUG:    16.000000
DEBUG:    a
DEBUG:    17.000000
DEBUG:    a
DEBUG:    18.000000
DEBUG:    a
DEBUG:    19.000000
DEBUG:    a
DEBUG:    20.000000
DEBUG:    a
DEBUG:    21.000000
DEBUG:    a
DEBUG:    22.000000
DEBUG:    a
DEBUG:    23.000000
DEBUG:    a
DEBUG:    24.000000
DEBUG:    a
DEBUG:    25.000000
DEBUG:    a
DEBUG:    26.000000
DEBUG:    a
DEBUG:    27.000000
DEBUG:    a
DEBUG:    28.000000
DEBUG:    a
DEBUG:    29.000000
DEBUG:    a
DEBUG:    30.000000
DEBUG:    a
DEBUG:    31.000000
DEBUG:    a
DEBUG:    32.000000
DEBUG:    a
DEBUG:    33.000000
DEBUG:    a
DEBUG:    34.000000
DEBUG:    a
DEBUG:    35.000000
DEBUG:    a
DEBUG:    36.000000
DEBUG:    a
DEBUG:    37.000000
DEBUG:    a
DEBUG:    38.000000
DEBUG:    a
DEBUG:    39.000000
DEBUG:    a
DEBUG:    40.000000
DEBUG:    a
DEBUG:    41.000000
DEBUG:    a
DEBUG:    42.000000
DEBUG:    a
DEBUG:    43.000000
DEBUG:    a
DEBUG:    44.000000
DEBUG:    a
DEBUG:    45.000000
DEBUG:    a
DEBUG:    46.000000
DEBUG:    a
DEBUG:    47.000000
DEBUG:    a
DEBUG:    48.000000
DEBUG:    a
DEBUG:    49.000000
DEBUG:    a
DEBUG:    50.000000
DEBUG:    a
DEBUG:    51.000000
DEBUG:    a
DEBUG:    52.000000
DEBUG:    a
DEBUG:    53.000000
DEBUG:    a
DEBUG:    54.000000
DEBUG:    a
DEBUG:    55.000000
DEBUG:    a
DEBUG:    56.000000
DEBUG:    a
DEBUG:    57.000000
DEBUG:    a
DEBUG:    58.000000
DEBUG:    a
DEBUG:    59.000000
DEBUG:    a
DEBUG:    60.000000
DEBUG:    a
DEBUG:    61.000000
DEBUG:    a
DEBUG:    62.000000
DEBUG:    a
DEBUG:    63.000000
DEBUG:    a
DEBUG:    64.000000
DEBUG:    a
DEBUG:    65.000000
DEBUG:    a
DEBUG:    66.000000
DEBUG:    a
DEBUG:    67.000000
DEBUG:    a
DEBUG:    68.000000
DEBUG:    a
DEBUG:    69.000000
DEBUG:    a
DEBUG:    70.000000
DEBUG:    a
DEBUG:    71.000000
DEBUG:    a
DEBUG:    72.000000
DEBUG:    a
DEBUG:    73.000000
DEBUG:    a
DEBUG:    74.000000
DEBUG:    a
DEBUG:    75.000000
DEBUG:    a
DEBUG:    76.000000
DEBUG:    a
DEBUG:    77.000000
DEBUG:    a
DEBUG:    78.000000
DEBUG:    a
DEBUG:    79.000000
DEBUG:    a
DEBUG:    80.000000
DEBUG:    a
DEBUG:    81.000000
DEBUG:    a
DEBUG:    82.000000
DEBUG:    a
DEBUG:    83.000000
DEBUG:    a
DEBUG:    84.000000
DEBUG:    a
DEBUG:    85.000000
DEBUG:    a
DEBUG:    86.000000
DEBUG:    a
DEBUG:    87.000000
DEBUG:    a
DEBUG:    88.000000
DEBUG:    a
DEBUG:    89.000000
DEBUG:    a
DEBUG:    90.000000
DEBUG:    a
DEBUG:    91.000000
DEBUG:    a
DEBUG:    92.000000
DEBUG:    a
DEBUG:    93.000000
DEBUG:    a
DEBUG:    94.000000
DEBUG:    a
DEBUG:    95.000000
DEBUG:    a
DEBUG:    96.000000
DEBUG:    a
DEBUG:    97.000000
DEBUG:    a
DEBUG:    98.000000
DEBUG:    a
DEBUG:    99.000000
DEBUG:    a
DEBUG:    100.000000
DEBUG:    b
DEBUG:    100.000000
DEBUG:    b
DEBUG:    100.000000
DEBUG:    b
DEBUG:    100.000000
DEBUG:    b
DEBUG:    100.000000
DEBUG:    b
DEBUG:    100.000000
DEBUG:    b
DEBUG:    100.000000
DEBUG:    b
DEBUG:    100.000000
DEBUG:    b
DEBUG:    100.000000
DEBUG:    b
DEBUG:    100.000000
DEBUG:    b
DEBUG:    100.000000
DEBUG:    b
DEBUG:    100.000000
DEBUG:    b
DEBUG:    FPS: 35
DEBUG:    100.000000
DEBUG:    b
DEBUG:    100.000000
DEBUG:    b
DEBUG:    100.000000
DEBUG:    b
DEBUG:    100.000000
DEBUG:    b
DEBUG:    100.000000
DEBUG:    b
DEBUG:    100.000000
DEBUG:    b
DEBUG:    100.000000
DEBUG:    b
DEBUG:    100.000000
DEBUG:    b
DEBUG:    100.000000
DEBUG:    b
DEBUG:    100.000000
DEBUG:    b
DEBUG:    100.000000
DEBUG:    b
DEBUG:    100.000000
DEBUG:    b
DEBUG:    100.000000
DEBUG:    b
DEBUG:    100.000000
DEBUG:    b
DEBUG:    100.000000
DEBUG:    b
DEBUG:    100.000000
DEBUG:    b
DEBUG:    100.000000
DEBUG:    b
DEBUG:    100.000000
DEBUG:    b
DEBUG:    100.000000
DEBUG:    b
DEBUG:    100.000000
DEBUG:    b
DEBUG:    100.000000
DEBUG:    b
DEBUG:    100.000000
DEBUG:    b
DEBUG:    100.000000
DEBUG:    b
DEBUG:    100.000000
DEBUG:    b
DEBUG:    100.000000
DEBUG:    b
DEBUG:    100.000000
DEBUG:    b
DEBUG:    100.000000
DEBUG:    b
DEBUG:    100.000000
DEBUG:    b
DEBUG:    100.000000
DEBUG:    b
DEBUG:    100.000000
DEBUG:    b
DEBUG:    100.000000
DEBUG:    b
DEBUG:    100.000000
DEBUG:    b
DEBUG:    100.000000
DEBUG:    b
DEBUG:    100.000000
DEBUG:    b
DEBUG:    100.000000
DEBUG:    b
DEBUG:    100.000000
DEBUG:    b
DEBUG:    100.000000
DEBUG:    b
DEBUG:    100.000000
DEBUG:    b
DEBUG:    100.000000
DEBUG:    b
DEBUG:    100.000000
DEBUG:    b
DEBUG:    100.000000
DEBUG:    b
DEBUG:    100.000000
DEBUG:    b
DEBUG:    100.000000
DEBUG:    b
DEBUG:    100.000000
DEBUG:    b
DEBUG:    100.000000
DEBUG:    b
DEBUG:    100.000000
DEBUG:    b
DEBUG:    100.000000
DEBUG:    b
DEBUG:    100.000000
DEBUG:    b
DEBUG:    100.000000
DEBUG:    b
DEBUG:    100.000000
DEBUG:    b
DEBUG:    100.000000
DEBUG:    b
DEBUG:    100.000000
DEBUG:    b
DEBUG:    100.000000
DEBUG:    b
DEBUG:    100.000000
DEBUG:    b
DEBUG:    100.000000
DEBUG:    b
DEBUG:    100.000000
DEBUG:    b
DEBUG:    100.000000
DEBUG:    b
DEBUG:    100.000000
DEBUG:    b
DEBUG:    100.000000
DEBUG:    b
DEBUG:    100.000000
DEBUG:    b
DEBUG:    100.000000
DEBUG:    b
DEBUG:    100.000000
DEBUG:    b
DEBUG:    100.000000
DEBUG:    b
DEBUG:    100.000000
DEBUG:    b
DEBUG:    100.000000
DEBUG:    b
DEBUG:    100.000000
DEBUG:    b
DEBUG:    100.000000
DEBUG:    b
DEBUG:    100.000000
DEBUG:    b
DEBUG:    100.000000
DEBUG:    b
DEBUG:    100.000000
DEBUG:    b
DEBUG:    100.000000
DEBUG:    b
DEBUG:    100.000000
DEBUG:    b
DEBUG:    100.000000
DEBUG:    b
DEBUG:    100.000000
DEBUG:    b
DEBUG:    100.000000
DEBUG:    b
DEBUG:    100.000000
DEBUG:    b
DEBUG:    100.000000
DEBUG:    b
DEBUG:    100.000000
DEBUG:    b
DEBUG:    100.000000
DEBUG:    b
DEBUG:    100.000000
DEBUG:    b
DEBUG:    100.000000
DEBUG:    b
DEBUG:    100.000000
DEBUG:    b
DEBUG:    100.000000
DEBUG:    b
DEBUG:    100.000000
DEBUG:    b
DEBUG:    100.000000
DEBUG:    b
DEBUG:    100.000000
DEBUG:    b
DEBUG:    100.000000
DEBUG:    b
DEBUG:    100.000000
DEBUG:    b
DEBUG:    100.000000
DEBUG:    b
DEBUG:    100.000000
DEBUG:    b
DEBUG:    100.000000
DEBUG:    b
DEBUG:    100.000000
DEBUG:    b
DEBUG:    100.000000
DEBUG:    b
DEBUG:    100.000000
DEBUG:    b
DEBUG:    100.000000
DEBUG:    b
DEBUG:    100.000000
DEBUG:    b
DEBUG:    100.000000
DEBUG:    b
DEBUG:    100.000000
DEBUG:    b
DEBUG:    100.000000
DEBUG:    b
DEBUG:    100.000000
DEBUG:    b
DEBUG:    FPS: 36
DEBUG:    100.000000
DEBUG:    b
DEBUG:    100.000000
DEBUG:    b
DEBUG:    100.000000
DEBUG:    b
DEBUG:    100.000000
DEBUG:    b
DEBUG:    100.000000
DEBUG:    b
DEBUG:    100.000000
DEBUG:    b
DEBUG:    100.000000
DEBUG:    b
DEBUG:    100.000000
DEBUG:    b
DEBUG:    100.000000
DEBUG:    b
DEBUG:    100.000000
DEBUG:    b
DEBUG:    100.000000
DEBUG:    b
DEBUG:    100.000000
DEBUG:    b
DEBUG:    100.000000
DEBUG:    b
DEBUG:    100.000000
DEBUG:    b
DEBUG:    100.000000
DEBUG:    b
DEBUG:    100.000000
DEBUG:    b
DEBUG:    100.000000
DEBUG:    b
DEBUG:    100.000000
DEBUG:    b
DEBUG:    100.000000
DEBUG:    b
DEBUG:    100.000000
DEBUG:    b
DEBUG:    100.000000
DEBUG:    b
DEBUG:    100.000000
DEBUG:    b
DEBUG:    100.000000
DEBUG:    b
DEBUG:    100.000000
DEBUG:    b
DEBUG:    100.000000
DEBUG:    b
DEBUG:    100.000000
DEBUG:    b
DEBUG:    100.000000
DEBUG:    b
DEBUG:    100.000000
DEBUG:    b
DEBUG:    100.000000
DEBUG:    b
DEBUG:    100.000000
DEBUG:    b
DEBUG:    100.000000
DEBUG:    b
DEBUG:    100.000000
DEBUG:    b
DEBUG:    100.000000
DEBUG:    b
DEBUG:    100.000000
DEBUG:    b
DEBUG:    100.000000
DEBUG:    b
DEBUG:    100.000000
DEBUG:    b
DEBUG:    100.000000
DEBUG:    b
DEBUG:    100.000000
DEBUG:    b
DEBUG:    100.000000
DEBUG:    b
DEBUG:    100.000000
DEBUG:    b
DEBUG:    100.000000
DEBUG:    b
DEBUG:    100.000000
DEBUG:    b
DEBUG:    100.000000
DEBUG:    b
DEBUG:    100.000000
DEBUG:    b
DEBUG:    100.000000
DEBUG:    b
DEBUG:    100.000000
DEBUG:    b
DEBUG:    100.000000
DEBUG:    b
DEBUG:    100.000000
DEBUG:    b
DEBUG:    100.000000
DEBUG:    b
DEBUG:    100.000000
DEBUG:    b
DEBUG:    100.000000
DEBUG:    b
DEBUG:    100.000000
DEBUG:    b
DEBUG:    100.000000
DEBUG:    b
DEBUG:    100.000000
DEBUG:    b
DEBUG:    100.000000
DEBUG:    b
DEBUG:    100.000000
DEBUG:    b
DEBUG:    100.000000
DEBUG:    b
DEBUG:    100.000000
DEBUG:    b
DEBUG:    100.000000
DEBUG:    b
DEBUG:    100.000000
DEBUG:    b
DEBUG:    100.000000
DEBUG:    b
DEBUG:    100.000000
DEBUG:    b
DEBUG:    100.000000
DEBUG:    b
DEBUG:    100.000000
DEBUG:    b
DEBUG:    100.000000
DEBUG:    b
DEBUG:    100.000000
DEBUG:    b
DEBUG:    100.000000
DEBUG:    b
DEBUG:    100.000000
DEBUG:    b
DEBUG:    100.000000
DEBUG:    b
DEBUG:    100.000000
DEBUG:    b
DEBUG:    100.000000
DEBUG:    b
DEBUG:    100.000000
DEBUG:    b
DEBUG:    100.000000
DEBUG:    b
DEBUG:    100.000000
DEBUG:    b
DEBUG:    100.000000
DEBUG:    b
DEBUG:    100.000000
DEBUG:    b
DEBUG:    100.000000
DEBUG:    b
DEBUG:    100.000000
DEBUG:    b
DEBUG:    100.000000
DEBUG:    b
DEBUG:    100.000000
DEBUG:    b
DEBUG:    100.000000
DEBUG:    b
DEBUG:    100.000000
DEBUG:    b
DEBUG:    100.000000
DEBUG:    b
DEBUG:    100.000000
DEBUG:    b
DEBUG:    100.000000
DEBUG:    b
DEBUG:    102.000000
DEBUG:    b
DEBUG:    104.000000
DEBUG:    b
DEBUG:    106.000000
DEBUG:    b
DEBUG:    108.000000
DEBUG:    b
DEBUG:    109.000000
DEBUG:    b
DEBUG:    110.000000
DEBUG:    b
DEBUG:    111.000000
DEBUG:    b
DEBUG:    112.000000
DEBUG:    b
DEBUG:    113.000000
DEBUG:    b
DEBUG:    114.000000
DEBUG:    b
DEBUG:    115.000000
DEBUG:    b
DEBUG:    116.000000
DEBUG:    b
DEBUG:    117.000000
DEBUG:    b
DEBUG:    118.000000
DEBUG:    b
DEBUG:    119.000000
DEBUG:    b
DEBUG:    FPS: 36
DEBUG:    120.000000
DEBUG:    b
DEBUG:    121.000000
DEBUG:    b
DEBUG:    122.000000
DEBUG:    b
DEBUG:    123.000000
DEBUG:    b
DEBUG:    124.000000
DEBUG:    b
DEBUG:    125.000000
DEBUG:    b
DEBUG:    126.000000
DEBUG:    b
DEBUG:    127.000000
DEBUG:    b
DEBUG:    128.000000
DEBUG:    b
DEBUG:    129.000000
DEBUG:    b
DEBUG:    130.000000
DEBUG:    b
DEBUG:    131.000000
DEBUG:    b
DEBUG:    132.000000
DEBUG:    b
DEBUG:    133.000000
DEBUG:    b
DEBUG:    134.000000
DEBUG:    b
DEBUG:    135.000000
DEBUG:    b
DEBUG:    136.000000
DEBUG:    b
DEBUG:    137.000000
DEBUG:    b
DEBUG:    138.000000
DEBUG:    b
DEBUG:    139.000000
DEBUG:    b
DEBUG:    140.000000
DEBUG:    b
DEBUG:    141.000000
DEBUG:    b
DEBUG:    142.000000
DEBUG:    b
DEBUG:    143.000000
DEBUG:    b
DEBUG:    144.000000
DEBUG:    b
DEBUG:    145.000000
DEBUG:    b
DEBUG:    146.000000
DEBUG:    b
DEBUG:    147.000000
DEBUG:    b
DEBUG:    148.000000
DEBUG:    b
DEBUG:    149.000000
DEBUG:    b
DEBUG:    150.000000
DEBUG:    b
DEBUG:    151.000000
DEBUG:    b
DEBUG:    152.000000
DEBUG:    b
DEBUG:    153.000000
DEBUG:    b
DEBUG:    154.000000
DEBUG:    b
DEBUG:    155.000000
DEBUG:    b
DEBUG:    156.000000
DEBUG:    b
DEBUG:    157.000000
DEBUG:    b
DEBUG:    158.000000
DEBUG:    b
DEBUG:    159.000000
DEBUG:    b
DEBUG:    160.000000
DEBUG:    b
DEBUG:    161.000000
DEBUG:    b
DEBUG:    162.000000
DEBUG:    b
DEBUG:    163.000000
DEBUG:    b
DEBUG:    164.000000
DEBUG:    b
DEBUG:    165.000000
DEBUG:    b
DEBUG:    166.000000
DEBUG:    b
DEBUG:    167.000000
DEBUG:    b
DEBUG:    168.000000
DEBUG:    b
DEBUG:    169.000000
DEBUG:    b
DEBUG:    170.000000
DEBUG:    b
DEBUG:    171.000000
DEBUG:    b
DEBUG:    172.000000
DEBUG:    b
DEBUG:    173.000000
DEBUG:    b
DEBUG:    174.000000
DEBUG:    b
DEBUG:    175.000000
DEBUG:    b
DEBUG:    176.000000
DEBUG:    b
DEBUG:    177.000000
DEBUG:    b
DEBUG:    178.000000
DEBUG:    b
DEBUG:    179.000000
DEBUG:    b
DEBUG:    180.000000
DEBUG:    b
DEBUG:    181.000000
DEBUG:    b
DEBUG:    182.000000
DEBUG:    b
DEBUG:    183.000000
DEBUG:    b
DEBUG:    184.000000
DEBUG:    b
DEBUG:    185.000000
DEBUG:    b
DEBUG:    186.000000
DEBUG:    b
DEBUG:    187.000000
DEBUG:    b
DEBUG:    188.000000
DEBUG:    b
DEBUG:    189.000000
DEBUG:    b
DEBUG:    190.000000
DEBUG:    b
DEBUG:    191.000000
DEBUG:    b
DEBUG:    192.000000
DEBUG:    b
DEBUG:    193.000000
DEBUG:    b
DEBUG:    194.000000
DEBUG:    b
DEBUG:    195.000000
DEBUG:    b
DEBUG:    196.000000
DEBUG:    b
DEBUG:    197.000000
DEBUG:    b
DEBUG:    198.000000
DEBUG:    b
DEBUG:    199.000000
DEBUG:    b
DEBUG:    200.000000
DEBUG:    c
DEBUG:    200.000000
DEBUG:    c
DEBUG:    200.000000
DEBUG:    c
DEBUG:    200.000000
DEBUG:    c
DEBUG:    200.000000
DEBUG:    c
DEBUG:    200.000000
DEBUG:    c
DEBUG:    200.000000
DEBUG:    c
DEBUG:    200.000000
DEBUG:    c
DEBUG:    200.000000
DEBUG:    c
DEBUG:    200.000000
DEBUG:    c
DEBUG:    200.000000
DEBUG:    c
DEBUG:    200.000000
DEBUG:    c
DEBUG:    200.000000
DEBUG:    c
DEBUG:    200.000000
DEBUG:    c
DEBUG:    200.000000
DEBUG:    c
DEBUG:    200.000000
DEBUG:    c
DEBUG:    200.000000
DEBUG:    c
DEBUG:    200.000000
DEBUG:    c
DEBUG:    200.000000
DEBUG:    c
DEBUG:    200.000000
DEBUG:    c
DEBUG:    FPS: 37
DEBUG:    200.000000
DEBUG:    c
DEBUG:    200.000000
DEBUG:    c
DEBUG:    200.000000
DEBUG:    c
DEBUG:    200.000000
DEBUG:    c
DEBUG:    200.000000
DEBUG:    c
DEBUG:    200.000000
DEBUG:    c
DEBUG:    200.000000
DEBUG:    c
DEBUG:    200.000000
DEBUG:    c
DEBUG:    200.000000
DEBUG:    c
DEBUG:    200.000000
DEBUG:    c
DEBUG:    200.000000
DEBUG:    c
DEBUG:    200.000000
DEBUG:    c
DEBUG:    200.000000
DEBUG:    c
DEBUG:    200.000000
DEBUG:    c
DEBUG:    200.000000
DEBUG:    c
DEBUG:    200.000000
DEBUG:    c
DEBUG:    200.000000
DEBUG:    c
DEBUG:    200.000000
DEBUG:    c
DEBUG:    200.000000
DEBUG:    c
DEBUG:    200.000000
DEBUG:    c
DEBUG:    200.000000
DEBUG:    c
DEBUG:    200.000000
DEBUG:    c
DEBUG:    200.000000
DEBUG:    c
DEBUG:    200.000000
DEBUG:    c
DEBUG:    200.000000
DEBUG:    c
DEBUG:    200.000000
DEBUG:    c
DEBUG:    200.000000
DEBUG:    c
DEBUG:    200.000000
DEBUG:    c
DEBUG:    200.000000
DEBUG:    c
DEBUG:    200.000000
DEBUG:    c
DEBUG:    200.000000
DEBUG:    c
DEBUG:    200.000000
DEBUG:    c
DEBUG:    200.000000
DEBUG:    c
DEBUG:    200.000000
DEBUG:    c
DEBUG:    200.000000
DEBUG:    c
DEBUG:    200.000000
DEBUG:    c
DEBUG:    200.000000
DEBUG:    c
DEBUG:    200.000000
DEBUG:    c
DEBUG:    202.000000
DEBUG:    c
DEBUG:    204.000000
DEBUG:    c
DEBUG:    206.000000
DEBUG:    206.000000
DEBUG:    206.000000
DEBUG:    206.000000
DEBUG:    206.000000
DEBUG:    206.000000
DEBUG:    206.000000
DEBUG:    206.000000
DEBUG:    206.000000
DEBUG:    206.000000
DEBUG:    206.000000
DEBUG:    206.000000
DEBUG:    206.000000
DEBUG:    206.000000
DEBUG:    206.000000
DEBUG:    206.000000
DEBUG:    206.000000
DEBUG:    206.000000
DEBUG:    206.000000
DEBUG:    206.000000
DEBUG:    206.000000
DEBUG:    206.000000
DEBUG:    206.000000
DEBUG:    206.000000
DEBUG:    206.000000
DEBUG:    206.000000
DEBUG:    206.000000
DEBUG:    206.000000
DEBUG:    206.000000
DEBUG:    206.000000
DEBUG:    206.000000
DEBUG:    206.000000
DEBUG:    206.000000
DEBUG:    c
DEBUG:    207.000000
DEBUG:    c
DEBUG:    208.000000
DEBUG:    c
DEBUG:    209.000000
DEBUG:    c
DEBUG:    210.000000
DEBUG:    c
DEBUG:    211.000000
DEBUG:    c
DEBUG:    212.000000
DEBUG:    c
DEBUG:    213.000000
DEBUG:    c
DEBUG:    214.000000
DEBUG:    c
DEBUG:    215.000000
DEBUG:    c
DEBUG:    216.000000
DEBUG:    c
DEBUG:    217.000000
DEBUG:    c
DEBUG:    218.000000
DEBUG:    c
DEBUG:    219.000000
DEBUG:    c
DEBUG:    220.000000
DEBUG:    c
DEBUG:    221.000000
DEBUG:    c
DEBUG:    222.000000
DEBUG:    c
DEBUG:    223.000000
DEBUG:    c
DEBUG:    224.000000
DEBUG:    c
DEBUG:    225.000000
DEBUG:    c
DEBUG:    226.000000
DEBUG:    c
DEBUG:    227.000000
DEBUG:    c
DEBUG:    228.000000
DEBUG:    c
DEBUG:    229.000000
DEBUG:    c
DEBUG:    230.000000
DEBUG:    c
DEBUG:    231.000000
DEBUG:    c
DEBUG:    232.000000
DEBUG:    c
DEBUG:    233.000000
DEBUG:    c
DEBUG:    FPS: 35
DEBUG:    234.000000
DEBUG:    c
DEBUG:    235.000000
DEBUG:    c
DEBUG:    236.000000
DEBUG:    c
DEBUG:    237.000000
DEBUG:    c
DEBUG:    238.000000
DEBUG:    c
DEBUG:    239.000000
DEBUG:    c
DEBUG:    240.000000
DEBUG:    c
DEBUG:    241.000000
DEBUG:    c
DEBUG:    242.000000
DEBUG:    c
DEBUG:    243.000000
DEBUG:    c
DEBUG:    244.000000
DEBUG:    c
DEBUG:    245.000000
DEBUG:    c
DEBUG:    246.000000
DEBUG:    c
DEBUG:    247.000000
DEBUG:    c
DEBUG:    248.000000
DEBUG:    c
DEBUG:    249.000000
DEBUG:    c
DEBUG:    250.000000
DEBUG:    c
DEBUG:    251.000000
DEBUG:    c
DEBUG:    252.000000
DEBUG:    c
DEBUG:    253.000000
DEBUG:    c
DEBUG:    254.000000
DEBUG:    c
DEBUG:    255.000000
DEBUG:    c
DEBUG:    256.000000
DEBUG:    c
DEBUG:    257.000000
DEBUG:    c
DEBUG:    258.000000
DEBUG:    c
DEBUG:    259.000000
DEBUG:    c
DEBUG:    260.000000
DEBUG:    c
DEBUG:    261.000000
DEBUG:    c
DEBUG:    262.000000
DEBUG:    c
DEBUG:    263.000000
DEBUG:    c
DEBUG:    264.000000
DEBUG:    c
DEBUG:    265.000000
DEBUG:    c
DEBUG:    266.000000
DEBUG:    c
DEBUG:    267.000000
DEBUG:    c
DEBUG:    268.000000
DEBUG:    c
DEBUG:    269.000000
DEBUG:    c
DEBUG:    270.000000
DEBUG:    c
DEBUG:    271.000000
DEBUG:    c
DEBUG:    272.000000
DEBUG:    c
DEBUG:    273.000000
DEBUG:    c
DEBUG:    274.000000
DEBUG:    c
DEBUG:    275.000000
DEBUG:    c
DEBUG:    276.000000
DEBUG:    c
