DEBUG:    Initializing...
DEBUG:    Initializing Main_Info...
DEBUG:    Found querty option.
DEBUG:    Getting video modes...
DEBUG:    Creating window with resolution of 1366x768...
DEBUG:    Loading images...
DEBUG:    Initializing Status_Menu...
DEBUG:    Starting window render loop...
DEBUG:    Starting window event loop...
INFO:     Initialization Finished
DEBUG:    Set FPS to 30
DEBUG:    0.000000  0.000000   0.000000
DEBUG:    0.000000   0.000000
WARNING:  Render update is behind -32994 microseconds! Current FPS: 15
DEBUG:    0.000000  0.000000   0.000000
DEBUG:    0.000000   0.000000
DEBUG:    0.000000  0.000000   0.000000
DEBUG:    0.000000   0.000000
DEBUG:    0.000000  0.000000   0.000000
DEBUG:    0.000000   0.000000
DEBUG:    0.000000  0.000000   0.000000
DEBUG:    0.000000   0.000000
DEBUG:    0.000000  0.000000   0.000000
DEBUG:    0.000000   0.000000
DEBUG:    0.000000  0.000000   0.000000
DEBUG:    0.000000   0.000000
WARNING:  Render update is behind -2473 microseconds! Current FPS: 28
DEBUG:    0.000000  0.000000   0.000000
DEBUG:    0.000000   0.000000
DEBUG:    0.000000  0.000000   0.000000
DEBUG:    0.000000   0.000000
WARNING:  Render update is behind -5223 microseconds! Current FPS: 26
DEBUG:    0.000000  0.000000   0.000000
DEBUG:    0.000000   0.000000
WARNING:  Render update is behind -6515 microseconds! Current FPS: 25
DEBUG:    0.000000  0.000000   0.000000
DEBUG:    0.000000   0.000000
WARNING:  Render update is behind -13191 microseconds! Current FPS: 21
DEBUG:    0.000000  0.000000   0.000000
DEBUG:    0.000000   0.000000
WARNING:  Render update is behind -25613 microseconds! Current FPS: 17
DEBUG:    0.000000  0.000000   0.000000
DEBUG:    0.000000   0.000000
WARNING:  Render update is behind -2607 microseconds! Current FPS: 28
DEBUG:    0.000000  0.000000   0.000000
DEBUG:    0.000000   0.000000
WARNING:  Render update is behind -1515 microseconds! Current FPS: 29
DEBUG:    0.000000  0.000000   0.000000
DEBUG:    0.000000   0.000000
DEBUG:    0.000000  0.000000   0.000000
DEBUG:    0.000000   0.000000
DEBUG:    0.000000  0.000000   0.000000
DEBUG:    0.000000   0.000000
DEBUG:    0.000000  0.000000   0.000000
DEBUG:    0.000000   0.000000
DEBUG:    0.000000  0.000000   1.000000
DEBUG:    0.000000   0.000000
WARNING:  Render update is behind -10889 microseconds! Current FPS: 23
DEBUG:    0.000000  0.000000   3.000000
DEBUG:    0.000000   0.000000
DEBUG:    0.000000  0.000000   6.000000
DEBUG:    0.000000   0.000000
WARNING:  Render update is behind -3439 microseconds! Current FPS: 27
DEBUG:    0.000000  0.000000   10.000000
DEBUG:    0.000000   0.000000
DEBUG:    0.000000  -1.000000   15.000000
DEBUG:    0.000000   -0.965926
WARNING:  Render update is behind -278 microseconds! Current FPS: 30
DEBUG:    0.000000  -2.000000   20.000000
DEBUG:    0.000000   -1.879385
DEBUG:    0.000000  -3.000000   25.000000
DEBUG:    0.000000   -2.718923
DEBUG:    0.000000  -4.000000   30.000000
DEBUG:    0.000000   -3.464102
DEBUG:    0.000000  -5.000000   35.000000
DEBUG:    0.000000   -4.095760
DEBUG:    0.000000  -6.000000   40.000000
DEBUG:    0.000000   -4.596267
DEBUG:    0.000000  -7.000000   45.000000
DEBUG:    0.000000   -4.949748
DEBUG:    0.000000  -8.000000   50.000000
DEBUG:    0.000000   -5.142301
DEBUG:    0.000000  -9.000000   55.000000
DEBUG:    0.000000   -5.162188
DEBUG:    0.000000  -10.000000   60.000000
DEBUG:    0.000000   -5.000000
DEBUG:    0.000000  -11.000000   65.000000
DEBUG:    0.000000   -4.648801
DEBUG:    0.000000  -12.000000   70.000000
DEBUG:    0.000000   -4.104242
WARNING:  Render update is behind -3657 microseconds! Current FPS: 27
DEBUG:    0.000000  -13.000000   75.000000
DEBUG:    0.000000   -3.364648
DEBUG:    0.000000  -14.000000   80.000000
DEBUG:    0.000000   -2.431074
DEBUG:    0.000000  -15.000000   85.000000
DEBUG:    0.000000   -1.307336
DEBUG:    0.000000  -16.000000   90.000000
DEBUG:    0.000000   -0.000000
DEBUG:    0.000000  -17.000000   95.000000
DEBUG:    -0.000000   1.481648
DEBUG:    0.000000  -18.000000   99.000000
DEBUG:    -0.000000   2.815820
DEBUG:    0.000000  -19.000000   102.000000
DEBUG:    -0.000000   3.950322
WARNING:  Render update is behind -5568 microseconds! Current FPS: 26
DEBUG:    0.000000  -20.000000   104.000000
DEBUG:    -0.000000   4.838438
DEBUG:    0.000000  -21.000000   105.000000
DEBUG:    -0.000000   5.435200
DEBUG:    0.000000  -22.000000   105.000000
DEBUG:    -0.000000   5.694019
DEBUG:    0.000000  -23.000000   104.000000
DEBUG:    -0.000000   5.564204
DEBUG:    0.000000  -24.000000   102.000000
DEBUG:    -0.000000   4.989881
DEBUG:    0.000000  -25.000000   99.000000
DEBUG:    -0.000000   3.910862
DEBUG:    0.000000  -26.000000   96.000000
DEBUG:    -0.000000   2.717740
DEBUG:    0.000000  -27.000000   93.000000
DEBUG:    -0.000000   1.413071
DEBUG:    0.000000  -28.000000   90.000000
DEBUG:    0.000000   -0.000000
DEBUG:    0.000000  -29.000000   87.000000
DEBUG:    0.000000   -1.517743
DEBUG:    0.000000  -30.000000   84.000000
DEBUG:    0.000000   -3.135854
DEBUG:    0.000000  -31.000000   81.000000
DEBUG:    0.000000   -4.849468
DEBUG:    0.000000  -32.000000   78.000000
DEBUG:    0.000000   -6.653174
DEBUG:    0.000000  -33.000000   75.000000
DEBUG:    0.000000   -8.541028
DEBUG:    0.000000  -34.000000   72.000000
DEBUG:    0.000000   -10.506577
WARNING:  Render update is behind -409 microseconds! Current FPS: 30
DEBUG:    0.000000  -35.000000   69.000000
DEBUG:    0.000000   -12.542878
DEBUG:    0.000000  -36.000000   66.000000
DEBUG:    0.000000   -14.642519
DEBUG:    0.000000  -37.000000   64.000000
DEBUG:    0.000000   -16.219732
DEBUG:    0.000000  -38.000000   63.000000
DEBUG:    0.000000   -17.251638
DEBUG:    0.000000  -39.000000   63.000000
DEBUG:    0.000000   -17.705629
DEBUG:    0.000000  -40.000000   63.000000
DEBUG:    0.000000   -18.159620
DEBUG:    0.000000  -41.000000   63.000000
DEBUG:    0.000000   -18.613611
DEBUG:    0.000000  -42.000000   63.000000
DEBUG:    0.000000   -19.067600
DEBUG:    0.000000  -43.000000   63.000000
DEBUG:    0.000000   -19.521591
DEBUG:    0.000000  -44.000000   63.000000
DEBUG:    0.000000   -19.975582
DEBUG:    0.000000  -45.000000   63.000000
DEBUG:    0.000000   -20.429573
DEBUG:    0.000000  -46.000000   63.000000
DEBUG:    0.000000   -20.883562
DEBUG:    0.000000  -47.000000   63.000000
DEBUG:    0.000000   -21.337553
DEBUG:    0.000000  -48.000000   63.000000
DEBUG:    0.000000   -21.791544
DEBUG:    0.000000  -49.000000   63.000000
DEBUG:    0.000000   -22.245535
WARNING:  Render update is behind -26556 microseconds! Current FPS: 17
DEBUG:    0.000000  -50.000000   63.000000
DEBUG:    0.000000   -22.699526
DEBUG:    0.000000  -51.000000   63.000000
DEBUG:    0.000000   -23.153515
DEBUG:    0.000000  -52.000000   63.000000
DEBUG:    0.000000   -23.607506
DEBUG:    0.000000  -53.000000   63.000000
DEBUG:    0.000000   -24.061497
DEBUG:    0.000000  -54.000000   63.000000
DEBUG:    0.000000   -24.515488
DEBUG:    0.000000  -55.000000   63.000000
DEBUG:    0.000000   -24.969477
DEBUG:    0.000000  -56.000000   63.000000
DEBUG:    0.000000   -25.423468
DEBUG:    0.000000  -57.000000   64.000000
DEBUG:    0.000000   -24.987156
DEBUG:    0.000000  -58.000000   66.000000
DEBUG:    0.000000   -23.590725
DEBUG:    0.000000  -59.000000   69.000000
DEBUG:    0.000000   -21.143709
DEBUG:    0.000000  -60.000000   72.000000
DEBUG:    0.000000   -18.541019
DEBUG:    0.000000  -61.000000   75.000000
DEBUG:    0.000000   -15.787962
DEBUG:    0.000000  -62.000000   78.000000
DEBUG:    0.000000   -12.890525
DEBUG:    0.000000  -63.000000   81.000000
DEBUG:    0.000000   -9.855371
DEBUG:    0.000000  -64.000000   84.000000
DEBUG:    0.000000   -6.689822
DEBUG:    0.000000  -65.000000   87.000000
DEBUG:    0.000000   -3.401837
DEBUG:    0.000000  -66.000000   90.000000
DEBUG:    0.000000   -0.000000
DEBUG:    0.000000  -67.000000   93.000000
DEBUG:    -0.000000   3.506509
DEBUG:    0.000000  -68.000000   96.000000
DEBUG:    -0.000000   7.107935
DEBUG:    0.000000  -69.000000   99.000000
DEBUG:    -0.000000   10.793978
DEBUG:    0.000000  -70.000000   102.000000
DEBUG:    -0.000000   14.553819
DEBUG:    0.000000  -71.000000   104.000000
DEBUG:    -0.000000   17.176455
DEBUG:    0.000000  -72.000000   105.000000
DEBUG:    -0.000000   18.634972
DEBUG:    0.000000  -73.000000   105.000000
DEBUG:    -0.000000   18.893791
DEBUG:    0.000000  -74.000000   104.000000
DEBUG:    -0.000000   17.902220
DEBUG:    0.000000  -75.000000   102.000000
DEBUG:    -0.000000   15.593377
DEBUG:    0.000000  -76.000000   100.000000
DEBUG:    -0.000000   13.197262
DEBUG:    0.000000  -77.000000   98.000000
DEBUG:    -0.000000   10.716329
DEBUG:    0.000000  -78.000000   96.000000
DEBUG:    -0.000000   8.153220
DEBUG:    0.000000  -79.000000   94.000000
DEBUG:    -0.000000   5.510761
DEBUG:    0.000000  -80.000000   92.000000
DEBUG:    -0.000000   2.791960
DEBUG:    0.000000  -81.000000   90.000000
DEBUG:    0.000000   -0.000000
WARNING:  Render update is behind -3332 microseconds! Current FPS: 27
DEBUG:    0.000000  -82.000000   88.000000
DEBUG:    0.000000   -2.861759
DEBUG:    0.000000  -83.000000   86.000000
DEBUG:    0.000000   -5.789787
DEBUG:    0.000000  -84.000000   84.000000
DEBUG:    0.000000   -8.780391
DEBUG:    0.000000  -85.000000   82.000000
DEBUG:    0.000000   -11.829714
DEBUG:    0.000000  -86.000000   80.000000
DEBUG:    0.000000   -14.933743
DEBUG:    0.000000  -87.000000   78.000000
DEBUG:    0.000000   -18.088318
DEBUG:    0.000000  -88.000000   76.000000
DEBUG:    0.000000   -21.289127
DEBUG:    0.000000  -89.000000   74.000000
DEBUG:    0.000000   -24.531725
DEBUG:    0.000000  -90.000000   72.000000
DEBUG:    0.000000   -27.811529
DEBUG:    0.000000  -91.000000   70.000000
DEBUG:    0.000000   -31.123833
DEBUG:    0.000000  -92.000000   69.000000
DEBUG:    0.000000   -32.969852
DEBUG:    0.000000  -93.000000   69.000000
DEBUG:    0.000000   -33.328220
DEBUG:    0.000000  -94.000000   70.000000
DEBUG:    0.000000   -32.149895
DEBUG:    0.000000  -95.000000   71.000000
DEBUG:    0.000000   -30.928974
DEBUG:    0.000000  -96.000000   72.000000
DEBUG:    0.000000   -29.665632
DEBUG:    0.000000  -97.000000   73.000000
DEBUG:    0.000000   -28.360056
DEBUG:    0.000000  -98.000000   74.000000
DEBUG:    0.000000   -27.012461
DEBUG:    0.000000  -99.000000   75.000000
DEBUG:    0.000000   -25.623085
DEBUG:    0.000000  -100.000000   76.000000
DEBUG:    0.000000   -24.192190
DEBUG:    0.000000  -101.000000   77.000000
DEBUG:    0.000000   -22.720057
DEBUG:    0.000000  -102.000000   78.000000
DEBUG:    0.000000   -21.206993
DEBUG:    0.000000  -103.000000   79.000000
DEBUG:    0.000000   -19.653326
DEBUG:    0.000000  -104.000000   80.000000
DEBUG:    0.000000   -18.059410
DEBUG:    0.000000  -105.000000   81.000000
DEBUG:    0.000000   -16.425619
DEBUG:    0.000000  -106.000000   82.000000
DEBUG:    0.000000   -14.752349
DEBUG:    0.000000  -107.000000   83.000000
DEBUG:    0.000000   -13.040020
DEBUG:    0.000000  -108.000000   84.000000
DEBUG:    0.000000   -11.289074
DEBUG:    0.000000  -109.000000   85.000000
DEBUG:    0.000000   -9.499976
DEBUG:    0.000000  -110.000000   86.000000
DEBUG:    0.000000   -7.673212
DEBUG:    0.000000  -111.000000   87.000000
DEBUG:    0.000000   -5.809291
DEBUG:    0.000000  -112.000000   88.000000
DEBUG:    0.000000   -3.908744
DEBUG:    0.000000  -113.000000   89.000000
DEBUG:    0.000000   -1.972122
DEBUG:    0.000000  -114.000000   90.000000
DEBUG:    0.000000   -0.000000
DEBUG:    0.000000  -115.000000   91.000000
DEBUG:    -0.000000   2.007027
DEBUG:    0.000000  -116.000000   92.000000
DEBUG:    -0.000000   4.048342
DEBUG:    0.000000  -117.000000   93.000000
DEBUG:    -0.000000   6.123307
DEBUG:    0.000000  -118.000000   94.000000
DEBUG:    -0.000000   8.231264
DEBUG:    0.000000  -119.000000   95.000000
DEBUG:    -0.000000   10.371533
DEBUG:    0.000000  -120.000000   96.000000
DEBUG:    -0.000000   12.543416
DEBUG:    0.000000  -121.000000   97.000000
DEBUG:    -0.000000   14.746190
DEBUG:    0.000000  -122.000000   98.000000
DEBUG:    -0.000000   16.979118
DEBUG:    0.000000  -123.000000   99.000000
DEBUG:    -0.000000   19.241440
DEBUG:    0.000000  -124.000000   100.000000
DEBUG:    -0.000000   21.532373
DEBUG:    0.000000  -125.000000   101.000000
DEBUG:    -0.000000   23.851124
DEBUG:    0.000000  -126.000000   102.000000
DEBUG:    -0.000000   26.196873
DEBUG:    0.000000  -127.000000   103.000000
DEBUG:    -0.000000   28.568785
DEBUG:    0.000000  -128.000000   104.000000
DEBUG:    -0.000000   30.966003
DEBUG:    0.000000  -129.000000   105.000000
DEBUG:    -0.000000   33.387657
DEBUG:    0.000000  -130.000000   106.000000
DEBUG:    -0.000000   35.832855
DEBUG:    0.000000  -131.000000   107.000000
DEBUG:    -0.000000   38.300694
DEBUG:    0.000000  -132.000000   108.000000
DEBUG:    -0.000000   40.790245
DEBUG:    0.000000  -133.000000   109.000000
DEBUG:    -0.000000   43.300564
DEBUG:    0.000000  -134.000000   110.000000
DEBUG:    -0.000000   45.830700
DEBUG:    0.000000  -135.000000   111.000000
DEBUG:    -0.000000   48.379673
WARNING:  Render update is behind -7702 microseconds! Current FPS: 24
DEBUG:    0.000000  -136.000000   112.000000
DEBUG:    -0.000000   50.946495
WARNING:  Render update is behind -10697 microseconds! Current FPS: 23
DEBUG:    0.000000  -137.000000   113.000000
DEBUG:    -0.000000   53.530163
WARNING:  Render update is behind -18493 microseconds! Current FPS: 19
DEBUG:    0.000000  -138.000000   113.000000
DEBUG:    -0.000000   53.920895
DEBUG:    0.000000  -139.000000   112.000000
DEBUG:    -0.000000   52.070316
DEBUG:    0.000000  -140.000000   110.000000
DEBUG:    -0.000000   47.882820
DEBUG:    0.000000  -141.000000   108.000000
DEBUG:    -0.000000   43.571396
WARNING:  Render update is behind -2884 microseconds! Current FPS: 28
DEBUG:    0.000000  -142.000000   106.000000
DEBUG:    -0.000000   39.140503
WARNING:  Render update is behind -11546 microseconds! Current FPS: 22
DEBUG:    0.000000  -143.000000   104.000000
DEBUG:    -0.000000   34.594830
DEBUG:    0.000000  -144.000000   102.000000
DEBUG:    -0.000000   29.939283
DEBUG:    0.000000  -145.000000   100.000000
DEBUG:    -0.000000   25.178986
DEBUG:    0.000000  -146.000000   98.000000
DEBUG:    -0.000000   20.319273
WARNING:  Render update is behind -98 microseconds! Current FPS: 30
DEBUG:    0.000000  -147.000000   96.000000
DEBUG:    -0.000000   15.365685
DEBUG:    0.000000  -148.000000   94.000000
DEBUG:    -0.000000   10.323958
DEBUG:    0.000000  -149.000000   92.000000
DEBUG:    -0.000000   5.200025
DEBUG:    0.000000  -150.000000   90.000000
DEBUG:    0.000000   -0.000000
DEBUG:    0.000000  -151.000000   88.000000
DEBUG:    0.000000   -5.269824
DEBUG:    0.000000  -152.000000   86.000000
DEBUG:    0.000000   -10.602984
DEBUG:    0.000000  -152.000000   84.000000
DEBUG:    0.000000   -15.888327
DEBUG:    0.000000  -152.000000   82.000000
DEBUG:    0.000000   -21.154312
WARNING:  Render update is behind -1196 microseconds! Current FPS: 29
DEBUG:    0.000000  -152.000000   80.000000
DEBUG:    0.000000   -26.394524
DEBUG:    0.000000  -152.000000   78.000000
DEBUG:    0.000000   -31.602577
DEBUG:    0.000000  -152.000000   76.000000
DEBUG:    0.000000   -36.772129
DEBUG:    0.000000  -152.000000   74.000000
DEBUG:    0.000000   -41.896877
INFO:     Cleaning up...
