DEBUG:    Initializing...
DEBUG:    Getting video modes...
DEBUG:    Creating window with resolution of 1366x768...
DEBUG:    Loading images...
DEBUG:    Initializing Status_Menu...
DEBUG:    Starting window render loop...
DEBUG:    Starting window event loop...
INFO:     Initialization Finished
DEBUG:    Set FPS to 30
DEBUG:    1717.000000
WARNING:  Render update is behind -76930 microseconds! Current FPS: 9
DEBUG:    2751.000000
WARNING:  Render update is behind -15790 microseconds! Current FPS: 20
DEBUG:    2761.000000
WARNING:  Render update is behind -143 microseconds! Current FPS: 30
DEBUG:    2771.000000
WARNING:  Render update is behind -7496 microseconds! Current FPS: 24
DEBUG:    2781.000000
DEBUG:    2791.000000
DEBUG:    2801.000000
DEBUG:    2811.000000
DEBUG:    2821.000000
DEBUG:    2831.000000
DEBUG:    2841.000000
DEBUG:    2851.000000
DEBUG:    2861.000000
DEBUG:    2871.000000
DEBUG:    2881.000000
DEBUG:    2891.000000
DEBUG:    2901.000000
DEBUG:    2911.000000
DEBUG:    2921.000000
DEBUG:    2931.000000
DEBUG:    2941.000000
DEBUG:    2951.000000
DEBUG:    2961.000000
DEBUG:    2971.000000
DEBUG:    2981.000000
DEBUG:    2991.000000
DEBUG:    3001.000000
DEBUG:    3011.000000
DEBUG:    3021.000000
DEBUG:    3031.000000
INFO:     Cleaning up...
