DEBUG:    Initializing...
DEBUG:    Getting video modes...
DEBUG:    Creating window with resolution of 1366x768...
DEBUG:    Loading images...
DEBUG:    Initializing Status_Menu...
DEBUG:    Starting window render loop...
DEBUG:    Starting window event loop...
INFO:     Initialization Finished
DEBUG:    Set FPS to 30
DEBUG:    4294968320.000000  4294967296.000000
WARNING:  Render update is behind -26413 microseconds! Current FPS: 17
DEBUG:    4294969344.000000  4294968320.000000
WARNING:  Render update is behind -15730 microseconds! Current FPS: 20
DEBUG:    4294970368.000000  4294969344.000000
DEBUG:    4294971392.000000  4294970368.000000
DEBUG:    4294972416.000000  4294971392.000000
DEBUG:    4294973440.000000  4294972416.000000
DEBUG:    4294974464.000000  4294973440.000000
DEBUG:    4294975488.000000  4294974464.000000
WARNING:  Render update is behind -4561 microseconds! Current FPS: 26
DEBUG:    4294976512.000000  4294975488.000000
DEBUG:    4294977536.000000  4294976512.000000
DEBUG:    4294978560.000000  4294977536.000000
WARNING:  Render update is behind -11315 microseconds! Current FPS: 22
DEBUG:    4294979584.000000  4294978560.000000
DEBUG:    4294980608.000000  4294979584.000000
DEBUG:    4294981632.000000  4294980608.000000
DEBUG:    4294982656.000000  4294981632.000000
DEBUG:    4294983680.000000  4294982656.000000
DEBUG:    4294984704.000000  4294983680.000000
DEBUG:    4294985728.000000  4294984704.000000
DEBUG:    4294986752.000000  4294985728.000000
DEBUG:    4294987776.000000  4294986752.000000
DEBUG:    4294988800.000000  4294987776.000000
DEBUG:    4294989824.000000  4294988800.000000
DEBUG:    4294990848.000000  4294989824.000000
DEBUG:    4294991872.000000  4294990848.000000
DEBUG:    4294992896.000000  4294991872.000000
DEBUG:    4294993920.000000  4294992896.000000
DEBUG:    4294994944.000000  4294993920.000000
DEBUG:    4294995968.000000  4294994944.000000
DEBUG:    4294996992.000000  4294995968.000000
DEBUG:    4294998016.000000  4294996992.000000
DEBUG:    4294999040.000000  4294998016.000000
INFO:     Cleaning up...
