DEBUG:    Initializing...
DEBUG:    Initializing Main_Info...
DEBUG:    Found querty option.
DEBUG:    Getting video modes...
DEBUG:    Creating window with resolution of 1366x768...
DEBUG:    Loading images...
DEBUG:    Initializing Status_Menu...
DEBUG:    Starting window render loop...
DEBUG:    Starting window event loop...
INFO:     Initialization Finished
DEBUG:    Set FPS to 30
DEBUG:    0.000000
WARNING:  Render update is behind -22552 microseconds! Current FPS: 18
DEBUG:    90.000000
WARNING:  Render update is behind -14781 microseconds! Current FPS: 21
DEBUG:    180.000000
DEBUG:    270.000000
DEBUG:    0.000000
DEBUG:    90.000000
DEBUG:    180.000000
WARNING:  Render update is behind -3659 microseconds! Current FPS: 27
DEBUG:    270.000000
DEBUG:    0.000000
DEBUG:    90.000000
DEBUG:    180.000000
DEBUG:    270.000000
DEBUG:    0.000000
DEBUG:    90.000000
DEBUG:    180.000000
DEBUG:    270.000000
DEBUG:    0.000000
DEBUG:    90.000000
DEBUG:    180.000000
DEBUG:    270.000000
WARNING:  Render update is behind -2490 microseconds! Current FPS: 28
DEBUG:    0.000000
DEBUG:    90.000000
DEBUG:    180.000000
DEBUG:    270.000000
DEBUG:    0.000000
DEBUG:    90.000000
DEBUG:    180.000000
DEBUG:    270.000000
DEBUG:    0.000000
DEBUG:    90.000000
DEBUG:    180.000000
DEBUG:    270.000000
DEBUG:    0.000000
DEBUG:    90.000000
DEBUG:    180.000000
DEBUG:    270.000000
DEBUG:    0.000000
DEBUG:    90.000000
DEBUG:    180.000000
DEBUG:    270.000000
DEBUG:    0.000000
DEBUG:    90.000000
DEBUG:    180.000000
DEBUG:    270.000000
DEBUG:    0.000000
DEBUG:    90.000000
DEBUG:    180.000000
DEBUG:    270.000000
DEBUG:    0.000000
DEBUG:    90.000000
DEBUG:    180.000000
DEBUG:    270.000000
DEBUG:    0.000000
DEBUG:    90.000000
DEBUG:    180.000000
DEBUG:    270.000000
DEBUG:    0.000000
DEBUG:    90.000000
WARNING:  Render update is behind -6166 microseconds! Current FPS: 25
DEBUG:    180.000000
DEBUG:    270.000000
DEBUG:    0.000000
DEBUG:    90.000000
DEBUG:    180.000000
DEBUG:    270.000000
DEBUG:    0.000000
DEBUG:    90.000000
DEBUG:    180.000000
DEBUG:    270.000000
DEBUG:    0.000000
DEBUG:    90.000000
DEBUG:    180.000000
DEBUG:    270.000000
DEBUG:    0.000000
DEBUG:    90.000000
DEBUG:    180.000000
DEBUG:    270.000000
DEBUG:    0.000000
DEBUG:    90.000000
DEBUG:    180.000000
DEBUG:    270.000000
DEBUG:    0.000000
DEBUG:    90.000000
DEBUG:    180.000000
DEBUG:    270.000000
DEBUG:    0.000000
DEBUG:    90.000000
DEBUG:    180.000000
DEBUG:    270.000000
DEBUG:    0.000000
DEBUG:    90.000000
DEBUG:    90.000000
DEBUG:    27.666687
DEBUG:    283.777832
DEBUG:    153.916748
WARNING:  Render update is behind -2063 microseconds! Current FPS: 28
DEBUG:    309.626648
DEBUG:    109.324463
DEBUG:    217.355576
DEBUG:    346.506165
DEBUG:    76.735565
DEBUG:    137.430008
DEBUG:    211.113708
DEBUG:    284.997406
DEBUG:    359.081116
DEBUG:    73.364807
DEBUG:    147.848495
DEBUG:    222.532181
DEBUG:    297.415863
DEBUG:    12.499542
DEBUG:    87.783218
DEBUG:    163.266891
DEBUG:    238.950562
DEBUG:    314.834229
DEBUG:    30.917908
DEBUG:    107.201569
DEBUG:    183.685226
DEBUG:    260.368896
DEBUG:    337.252563
DEBUG:    54.336212
DEBUG:    131.619858
DEBUG:    209.103500
DEBUG:    286.787140
DEBUG:    4.670776
DEBUG:    82.754410
DEBUG:    161.038040
DEBUG:    239.521667
DEBUG:    318.205292
DEBUG:    37.088928
DEBUG:    116.172546
DEBUG:    195.456161
DEBUG:    274.939758
DEBUG:    354.623352
DEBUG:    74.506958
DEBUG:    154.590561
DEBUG:    234.874161
DEBUG:    315.357758
DEBUG:    36.041351
DEBUG:    116.924942
DEBUG:    198.008530
DEBUG:    279.292114
DEBUG:    0.775696
DEBUG:    82.459274
DEBUG:    164.342850
DEBUG:    246.426422
DEBUG:    328.709991
DEBUG:    51.193542
DEBUG:    133.877106
DEBUG:    216.760666
DEBUG:    299.844238
DEBUG:    23.127808
DEBUG:    106.611359
DEBUG:    190.294907
DEBUG:    274.178467
DEBUG:    358.262024
DEBUG:    82.545563
DEBUG:    167.029099
DEBUG:    251.712631
DEBUG:    336.596161
DEBUG:    61.679688
DEBUG:    146.963211
DEBUG:    232.246735
DEBUG:    317.530273
DEBUG:    35.678162
DEBUG:    88.956474
DEBUG:    123.484283
DEBUG:    144.031815
DEBUG:    154.300049
DEBUG:    157.144653
DEBUG:    154.754944
DEBUG:    148.796677
DEBUG:    140.525757
DEBUG:    130.878571
DEBUG:    120.543610
DEBUG:    110.018127
DEBUG:    99.652702
DEBUG:    89.686356
DEBUG:    80.274002
DEBUG:    71.507812
DEBUG:    63.433849
DEBUG:    56.064880
DEBUG:    49.390182
DEBUG:    43.383026
DEBUG:    38.006306
DEBUG:    33.216740
DEBUG:    28.967966
DEBUG:    25.212765
DEBUG:    21.904631
DEBUG:    18.998852
DEBUG:    16.453205
DEBUG:    14.228361
DEBUG:    12.288098
DEBUG:    10.599358
DEBUG:    9.132195
DEBUG:    7.859659
WARNING:  Render update is behind -8584 microseconds! Current FPS: 24
DEBUG:    6.757630
DEBUG:    5.804620
DEBUG:    4.981568
DEBUG:    4.271628
DEBUG:    3.659957
DEBUG:    3.133520
DEBUG:    2.680897
DEBUG:    2.292106
DEBUG:    1.958443
DEBUG:    1.672331
DEBUG:    1.427188
DEBUG:    1.460768
DEBUG:    1.494347
DEBUG:    1.527926
DEBUG:    1.527926
DEBUG:    6.527926
DEBUG:    16.527927
DEBUG:    31.527927
DEBUG:    51.527927
DEBUG:    76.527924
DEBUG:    106.527924
DEBUG:    141.527924
DEBUG:    181.527924
DEBUG:    226.527924
DEBUG:    276.527924
DEBUG:    331.527924
DEBUG:    31.527924
DEBUG:    96.527924
DEBUG:    166.527924
DEBUG:    241.527924
DEBUG:    321.527924
WARNING:  Render update is behind -2744 microseconds! Current FPS: 28
DEBUG:    41.527924
DEBUG:    121.527924
DEBUG:    201.527924
DEBUG:    281.527924
DEBUG:    1.527924
DEBUG:    81.527924
DEBUG:    134.606598
DEBUG:    167.727722
DEBUG:    186.069397
DEBUG:    253.638077
DEBUG:    303.515259
DEBUG:    339.721222
DEBUG:    5.427551
WARNING:  Render update is behind -17290 microseconds! Current FPS: 20
DEBUG:    23.128401
DEBUG:    34.778202
DEBUG:    41.902279
DEBUG:    45.685600
WARNING:  Render update is behind -3953 microseconds! Current FPS: 27
DEBUG:    47.043869
WARNING:  Render update is behind -4516 microseconds! Current FPS: 26
DEBUG:    46.680336
DEBUG:    45.131207
DEBUG:    42.801773
DEBUG:    39.995174
DEBUG:    36.935173
DEBUG:    33.784195
DEBUG:    30.657566
DEBUG:    27.634697
DEBUG:    24.767851
DEBUG:    22.088989
DEBUG:    19.615088
DEBUG:    17.352234
DEBUG:    15.465469
DEBUG:    16.670744
DEBUG:    18.076019
DEBUG:    19.681293
DEBUG:    21.486568
DEBUG:    23.491842
DEBUG:    25.697117
DEBUG:    28.102392
DEBUG:    30.707666
DEBUG:    33.512939
DEBUG:    36.518215
DEBUG:    39.723492
DEBUG:    43.128765
DEBUG:    46.734039
DEBUG:    50.539314
DEBUG:    54.544590
DEBUG:    58.749863
DEBUG:    63.155136
DEBUG:    67.760406
DEBUG:    72.565681
DEBUG:    77.570953
DEBUG:    82.776230
DEBUG:    88.181503
DEBUG:    93.786774
DEBUG:    99.592049
DEBUG:    105.597321
DEBUG:    111.802597
DEBUG:    118.207870
DEBUG:    124.813141
DEBUG:    131.418411
DEBUG:    138.023682
DEBUG:    144.628952
DEBUG:    144.628952
DEBUG:    149.628952
DEBUG:    159.628952
DEBUG:    174.628952
DEBUG:    194.628952
DEBUG:    219.628952
DEBUG:    249.628952
DEBUG:    284.628967
DEBUG:    324.628967
DEBUG:    9.628967
DEBUG:    59.628967
DEBUG:    114.628967
DEBUG:    174.628967
DEBUG:    239.628967
DEBUG:    309.628967
DEBUG:    24.628967
DEBUG:    104.628967
DEBUG:    189.628967
DEBUG:    274.628967
DEBUG:    359.628967
DEBUG:    84.628967
DEBUG:    169.628967
DEBUG:    254.628967
DEBUG:    339.628967
DEBUG:    64.628967
DEBUG:    124.690811
DEBUG:    162.936798
DEBUG:    184.970490
DEBUG:    255.133591
DEBUG:    306.770935
DEBUG:    344.108795
DEBUG:    10.479248
DEBUG:    28.500988
DEBUG:    40.224392
DEBUG:    47.248299
DEBUG:    50.813560
DEBUG:    51.877949
DEBUG:    51.176052
DEBUG:    49.267067
DEBUG:    46.572853
WARNING:  Render update is behind -12866 microseconds! Current FPS: 22
DEBUG:    43.408180
DEBUG:    40.004711
DEBUG:    36.529945
DEBUG:    33.268860
DEBUG:    36.296101
DEBUG:    39.523338
DEBUG:    42.950577
DEBUG:    46.577816
DEBUG:    50.405056
DEBUG:    54.432297
DEBUG:    58.659538
DEBUG:    63.086777
DEBUG:    67.714020
DEBUG:    72.541260
DEBUG:    77.568497
DEBUG:    82.795738
DEBUG:    88.222977
DEBUG:    93.850212
DEBUG:    99.677452
DEBUG:    105.704689
DEBUG:    111.931931
DEBUG:    118.359169
DEBUG:    124.986404
DEBUG:    131.813644
DEBUG:    138.840881
DEBUG:    146.068115
DEBUG:    153.495346
DEBUG:    160.922577
DEBUG:    168.149811
WARNING:  Render update is behind -46 microseconds! Current FPS: 30
DEBUG:    175.177048
WARNING:  Render update is behind -10142 microseconds! Current FPS: 23
DEBUG:    182.004288
DEBUG:    188.631531
DEBUG:    195.058762
DEBUG:    201.285995
DEBUG:    207.313232
DEBUG:    213.140472
DEBUG:    218.767715
DEBUG:    224.194946
DEBUG:    229.422180
DEBUG:    234.449417
DEBUG:    239.276657
DEBUG:    243.903900
DEBUG:    248.331146
DEBUG:    252.558380
DEBUG:    256.585632
DEBUG:    260.412872
DEBUG:    264.040100
DEBUG:    267.467346
DEBUG:    270.694580
DEBUG:    273.721832
DEBUG:    276.549072
DEBUG:    279.176300
DEBUG:    281.603546
DEBUG:    284.030792
DEBUG:    286.458038
DEBUG:    288.885284
DEBUG:    291.312531
DEBUG:    293.739777
DEBUG:    293.739777
DEBUG:    298.739777
DEBUG:    308.739777
DEBUG:    323.739777
DEBUG:    343.739777
DEBUG:    8.739777
DEBUG:    38.739777
DEBUG:    73.739777
DEBUG:    113.739777
DEBUG:    158.739777
DEBUG:    208.739777
DEBUG:    263.739777
DEBUG:    323.739777
DEBUG:    28.739777
DEBUG:    98.739777
DEBUG:    173.739777
DEBUG:    253.739777
DEBUG:    338.739777
DEBUG:    68.739777
DEBUG:    163.739777
DEBUG:    263.739777
DEBUG:    8.739777
DEBUG:    118.739777
DEBUG:    233.739777
DEBUG:    353.739777
DEBUG:    118.739777
DEBUG:    248.739777
DEBUG:    23.739777
DEBUG:    163.739777
DEBUG:    308.739777
DEBUG:    98.739777
DEBUG:    253.739777
DEBUG:    48.739777
DEBUG:    203.739777
DEBUG:    358.739777
DEBUG:    153.739746
DEBUG:    308.739746
DEBUG:    103.739746
DEBUG:    258.739746
DEBUG:    53.739746
DEBUG:    208.739746
DEBUG:    3.739746
DEBUG:    158.739746
DEBUG:    313.739746
DEBUG:    108.739746
DEBUG:    263.739746
DEBUG:    58.739746
DEBUG:    213.739746
DEBUG:    8.739746
DEBUG:    163.739746
DEBUG:    318.739746
DEBUG:    113.739746
WARNING:  Render update is behind -3490 microseconds! Current FPS: 27
DEBUG:    268.739746
DEBUG:    53.116455
DEBUG:    151.902603
DEBUG:    216.284576
DEBUG:    314.986389
DEBUG:    24.779663
DEBUG:    72.558914
DEBUG:    103.723419
DEBUG:    122.484230
DEBUG:    132.110229
DEBUG:    135.125229
DEBUG:    133.465500
DEBUG:    128.605530
DEBUG:    121.658173
DEBUG:    113.454231
DEBUG:    104.605545
DEBUG:    95.554909
DEBUG:    86.615440
DEBUG:    78.001495
DEBUG:    69.852875
DEBUG:    62.253757
DEBUG:    55.247322
DEBUG:    48.847095
DEBUG:    43.045628
WARNING:  Render update is behind -5540 microseconds! Current FPS: 26
DEBUG:    37.821121
DEBUG:    33.142403
DEBUG:    28.972672
DEBUG:    25.272228
DEBUG:    22.000469
DEBUG:    19.117290
DEBUG:    16.584047
DEBUG:    14.364182
DEBUG:    12.423605
DEBUG:    10.897549
DEBUG:    11.642093
DEBUG:    12.586637
DEBUG:    13.731180
DEBUG:    15.075724
WARNING:  Render update is behind -23830 microseconds! Current FPS: 17
DEBUG:    16.620268
DEBUG:    18.364811
DEBUG:    20.309355
DEBUG:    22.453899
DEBUG:    24.798443
DEBUG:    27.342987
DEBUG:    30.087532
DEBUG:    33.032078
DEBUG:    36.176620
DEBUG:    39.521164
DEBUG:    43.065708
DEBUG:    46.810253
DEBUG:    50.754799
DEBUG:    54.899345
DEBUG:    59.243889
DEBUG:    63.588432
DEBUG:    67.932976
DEBUG:    72.277519
DEBUG:    76.622063
DEBUG:    80.966606
DEBUG:    85.311150
DEBUG:    89.655693
DEBUG:    94.000237
DEBUG:    94.000237
DEBUG:    99.000237
DEBUG:    109.000237
DEBUG:    124.000237
DEBUG:    144.000244
DEBUG:    169.000244
DEBUG:    199.000244
DEBUG:    234.000244
DEBUG:    274.000244
DEBUG:    319.000244
DEBUG:    9.000244
DEBUG:    64.000244
DEBUG:    124.000244
DEBUG:    189.000244
DEBUG:    259.000244
DEBUG:    334.000244
DEBUG:    54.000244
DEBUG:    139.000244
DEBUG:    229.000244
DEBUG:    319.000244
DEBUG:    49.000244
DEBUG:    139.000244
DEBUG:    229.000244
DEBUG:    319.000244
DEBUG:    49.000244
DEBUG:    139.000244
DEBUG:    229.000244
DEBUG:    325.833557
DEBUG:    34.027954
DEBUG:    80.439957
DEBUG:    110.436073
DEBUG:    128.199036
DEBUG:    136.973343
DEBUG:    139.261810
DEBUG:    137.149292
DEBUG:    132.039246
DEBUG:    124.989510
DEBUG:    140.146317
DEBUG:    155.503113
WARNING:  Render update is behind -1256 microseconds! Current FPS: 29
DEBUG:    171.059906
WARNING:  Render update is behind -386 microseconds! Current FPS: 30
DEBUG:    186.816711
DEBUG:    202.773514
DEBUG:    218.930313
DEBUG:    235.287109
DEBUG:    251.843918
DEBUG:    268.600708
DEBUG:    285.557526
DEBUG:    302.714325
DEBUG:    320.071136
DEBUG:    337.627930
DEBUG:    355.384735
DEBUG:    13.341553
DEBUG:    31.498362
DEBUG:    49.655170
DEBUG:    67.811981
DEBUG:    85.968788
DEBUG:    104.125595
DEBUG:    122.282402
DEBUG:    140.239212
DEBUG:    157.996017
DEBUG:    175.552826
DEBUG:    192.909637
DEBUG:    210.066437
DEBUG:    227.023239
DEBUG:    243.780045
DEBUG:    260.336853
DEBUG:    276.693665
DEBUG:    292.850464
DEBUG:    308.807251
DEBUG:    324.564056
DEBUG:    340.120850
DEBUG:    355.477661
DEBUG:    10.634460
DEBUG:    25.591263
DEBUG:    40.348064
DEBUG:    54.904869
DEBUG:    69.261673
DEBUG:    83.418472
DEBUG:    97.375275
DEBUG:    111.132080
DEBUG:    124.688881
DEBUG:    138.045685
DEBUG:    151.202484
DEBUG:    164.159286
DEBUG:    176.916092
DEBUG:    189.472900
DEBUG:    201.829712
DEBUG:    213.986511
DEBUG:    225.943314
DEBUG:    237.700119
DEBUG:    249.256927
DEBUG:    260.613739
DEBUG:    271.770538
DEBUG:    282.727356
DEBUG:    293.484161
DEBUG:    304.040955
DEBUG:    314.397766
WARNING:  Render update is behind -12332 microseconds! Current FPS: 22
DEBUG:    324.554565
WARNING:  Render update is behind -5857 microseconds! Current FPS: 26
DEBUG:    334.511383
WARNING:  Render update is behind -3813 microseconds! Current FPS: 27
DEBUG:    344.268188
DEBUG:    353.824982
DEBUG:    3.181793
DEBUG:    12.338601
DEBUG:    21.295410
DEBUG:    30.052219
DEBUG:    38.609028
DEBUG:    46.965836
DEBUG:    55.122643
DEBUG:    63.079453
DEBUG:    70.836258
DEBUG:    78.393066
DEBUG:    85.749878
DEBUG:    92.906685
DEBUG:    99.863495
DEBUG:    106.620308
DEBUG:    113.177116
DEBUG:    119.533928
DEBUG:    125.690735
DEBUG:    131.647552
DEBUG:    137.404358
DEBUG:    142.961166
DEBUG:    148.317978
DEBUG:    153.474792
DEBUG:    158.431610
DEBUG:    163.188416
DEBUG:    167.745224
DEBUG:    172.102036
DEBUG:    176.258850
DEBUG:    180.215668
DEBUG:    183.972473
DEBUG:    187.529282
DEBUG:    190.886093
DEBUG:    194.042908
DEBUG:    196.999725
DEBUG:    199.756531
DEBUG:    202.313339
DEBUG:    204.670151
DEBUG:    206.826965
DEBUG:    208.783783
DEBUG:    210.540588
DEBUG:    212.097397
DEBUG:    213.454208
DEBUG:    214.611023
DEBUG:    215.567841
WARNING:  Render update is behind -693 microseconds! Current FPS: 29
DEBUG:    216.324646
DEBUG:    216.881454
DEBUG:    217.238266
DEBUG:    217.395081
DEBUG:    217.351898
DEBUG:    217.108704
DEBUG:    216.665512
DEBUG:    216.022324
DEBUG:    215.179138
DEBUG:    214.135956
DEBUG:    212.892761
DEBUG:    211.449570
WARNING:  Render update is behind -1705 microseconds! Current FPS: 29
DEBUG:    209.806381
DEBUG:    207.963196
DEBUG:    205.920013
DEBUG:    203.676819
DEBUG:    201.233627
DEBUG:    198.790436
DEBUG:    196.347244
DEBUG:    193.904053
DEBUG:    191.460861
DEBUG:    189.017670
DEBUG:    186.574478
DEBUG:    184.131287
DEBUG:    181.688095
DEBUG:    179.244904
DEBUG:    176.801712
DEBUG:    174.358521
DEBUG:    171.915329
WARNING:  Render update is behind -4739 microseconds! Current FPS: 26
DEBUG:    169.472137
WARNING:  Render update is behind -8924 microseconds! Current FPS: 24
DEBUG:    167.028946
WARNING:  Render update is behind -2712 microseconds! Current FPS: 28
DEBUG:    164.585754
DEBUG:    162.142563
DEBUG:    159.699371
DEBUG:    157.256180
DEBUG:    154.812988
DEBUG:    152.369797
DEBUG:    149.926605
DEBUG:    147.483414
DEBUG:    145.040222
DEBUG:    142.597031
DEBUG:    140.153839
DEBUG:    137.710648
DEBUG:    135.267456
DEBUG:    132.824265
DEBUG:    130.381073
DEBUG:    128.137878
DEBUG:    126.094688
DEBUG:    124.251503
DEBUG:    122.608315
DEBUG:    121.165123
DEBUG:    119.921936
DEBUG:    118.878746
DEBUG:    118.035561
DEBUG:    117.392372
DEBUG:    116.949181
DEBUG:    116.705994
DEBUG:    116.462807
DEBUG:    116.219620
DEBUG:    115.976433
DEBUG:    115.733246
DEBUG:    115.490059
DEBUG:    115.246872
DEBUG:    115.003685
DEBUG:    114.760498
DEBUG:    114.517311
DEBUG:    114.274124
DEBUG:    114.030937
DEBUG:    113.787750
DEBUG:    113.544563
DEBUG:    113.301376
DEBUG:    113.058189
DEBUG:    113.058189
DEBUG:    118.058189
DEBUG:    128.058197
DEBUG:    143.058197
DEBUG:    163.058197
DEBUG:    188.058197
DEBUG:    218.058197
DEBUG:    253.058197
DEBUG:    293.058197
DEBUG:    338.058197
DEBUG:    28.058197
DEBUG:    83.058197
WARNING:  Render update is behind -3715 microseconds! Current FPS: 27
DEBUG:    143.058197
DEBUG:    208.058197
DEBUG:    278.058197
DEBUG:    353.058197
DEBUG:    73.058197
DEBUG:    158.058197
DEBUG:    248.058197
DEBUG:    343.058197
DEBUG:    83.058197
DEBUG:    188.058197
DEBUG:    298.058197
DEBUG:    53.058197
DEBUG:    173.058197
DEBUG:    298.058197
DEBUG:    68.058197
DEBUG:    203.058197
DEBUG:    343.058197
DEBUG:    128.058197
DEBUG:    278.058197
DEBUG:    73.058197
DEBUG:    228.058197
DEBUG:    23.058197
DEBUG:    178.058197
DEBUG:    333.058197
DEBUG:    128.058197
DEBUG:    283.058197
DEBUG:    78.058197
DEBUG:    233.058197
DEBUG:    28.058197
DEBUG:    183.058197
DEBUG:    338.058197
DEBUG:    133.058197
DEBUG:    288.058197
DEBUG:    83.058197
DEBUG:    238.058197
DEBUG:    33.058197
DEBUG:    188.058197
DEBUG:    343.058197
DEBUG:    138.058197
DEBUG:    293.058197
DEBUG:    88.058197
DEBUG:    202.548492
DEBUG:    336.429291
DEBUG:    70.056824
DEBUG:    133.129929
DEBUG:    173.232635
WARNING:  Render update is behind -9160 microseconds! Current FPS: 24
DEBUG:    196.269730
DEBUG:    266.815765
DEBUG:    318.394531
WARNING:  Render update is behind -3550 microseconds! Current FPS: 27
DEBUG:    355.368805
DEBUG:    21.174042
DEBUG:    38.339508
DEBUG:    58.833977
DEBUG:    79.128448
DEBUG:    99.222916
DEBUG:    119.117386
DEBUG:    138.811859
DEBUG:    158.306320
DEBUG:    177.600784
DEBUG:    196.695251
DEBUG:    215.589722
DEBUG:    234.284180
DEBUG:    252.778641
DEBUG:    271.073090
DEBUG:    289.167542
DEBUG:    307.062012
DEBUG:    324.756470
DEBUG:    342.250916
DEBUG:    359.545380
DEBUG:    16.639832
DEBUG:    33.534286
DEBUG:    50.228745
DEBUG:    66.723198
DEBUG:    83.017654
DEBUG:    99.112106
DEBUG:    115.006561
DEBUG:    130.701019
DEBUG:    146.195480
DEBUG:    161.489929
DEBUG:    176.584381
DEBUG:    191.478836
DEBUG:    206.173294
DEBUG:    220.667755
DEBUG:    234.962204
DEBUG:    249.056656
DEBUG:    262.951111
DEBUG:    276.645569
DEBUG:    290.140015
DEBUG:    303.434479
DEBUG:    316.728943
DEBUG:    330.023407
DEBUG:    343.317871
DEBUG:    356.612335
DEBUG:    356.612335
DEBUG:    1.612335
DEBUG:    11.612335
DEBUG:    26.612335
DEBUG:    46.612335
DEBUG:    71.612335
DEBUG:    101.612335
DEBUG:    136.612335
DEBUG:    176.612335
DEBUG:    221.612335
DEBUG:    271.612335
DEBUG:    326.612335
DEBUG:    26.612335
DEBUG:    91.612335
DEBUG:    161.612335
DEBUG:    236.612335
DEBUG:    316.612335
DEBUG:    41.612335
DEBUG:    131.612335
DEBUG:    226.612335
DEBUG:    326.612335
DEBUG:    71.612335
DEBUG:    181.612335
DEBUG:    296.612335
DEBUG:    56.612335
DEBUG:    181.612335
DEBUG:    311.612335
DEBUG:    86.612335
DEBUG:    226.612335
DEBUG:    11.612335
DEBUG:    161.612335
DEBUG:    316.612335
DEBUG:    116.612335
DEBUG:    281.612335
DEBUG:    91.612335
DEBUG:    266.612335
DEBUG:    86.612335
DEBUG:    271.612335
DEBUG:    101.612335
DEBUG:    296.612335
DEBUG:    136.612335
DEBUG:    341.612335
DEBUG:    191.612305
DEBUG:    46.612305
DEBUG:    266.612305
DEBUG:    131.612305
DEBUG:    1.612305
DEBUG:    236.612305
DEBUG:    111.612305
DEBUG:    346.612305
DEBUG:    221.612305
DEBUG:    96.612305
DEBUG:    331.612305
DEBUG:    206.612305
DEBUG:    81.612305
DEBUG:    316.612305
DEBUG:    191.612305
DEBUG:    66.612305
DEBUG:    301.612305
DEBUG:    176.612305
DEBUG:    51.612305
DEBUG:    286.612305
DEBUG:    161.612305
DEBUG:    36.612305
DEBUG:    271.612305
DEBUG:    146.612305
DEBUG:    21.612305
DEBUG:    256.612305
DEBUG:    131.612305
DEBUG:    6.612305
DEBUG:    241.612305
DEBUG:    116.612305
DEBUG:    351.612305
DEBUG:    226.612305
DEBUG:    101.612305
DEBUG:    336.612305
DEBUG:    211.612305
DEBUG:    86.612305
DEBUG:    321.612305
DEBUG:    196.612305
DEBUG:    71.612305
DEBUG:    306.612305
DEBUG:    181.612305
DEBUG:    56.612305
DEBUG:    291.612305
DEBUG:    138.843567
DEBUG:    278.897400
DEBUG:    68.409851
DEBUG:    170.337677
DEBUG:    236.389282
DEBUG:    335.692078
DEBUG:    45.327576
DEBUG:    92.426468
DEBUG:    122.566628
DEBUG:    140.092667
DEBUG:    148.372070
DEBUG:    150.000214
DEBUG:    146.964188
WARNING:  Render update is behind -1560 microseconds! Current FPS: 29
DEBUG:    140.773499
DEBUG:    132.564026
DEBUG:    123.180679
DEBUG:    113.242775
WARNING:  Render update is behind -3339 microseconds! Current FPS: 27
DEBUG:    103.195824
DEBUG:    93.352226
WARNING:  Render update is behind -4964 microseconds! Current FPS: 26
DEBUG:    83.923271
DEBUG:    75.044182
DEBUG:    66.793594
DEBUG:    59.208637
WARNING:  Render update is behind -132 microseconds! Current FPS: 30
DEBUG:    52.296623
DEBUG:    46.043930
DEBUG:    40.422783
DEBUG:    35.396355
DEBUG:    30.922546
DEBUG:    26.956776
DEBUG:    23.453968
DEBUG:    20.369965
DEBUG:    17.662462
DEBUG:    15.291629
DEBUG:    13.220449
DEBUG:    11.414896
DEBUG:    9.843959
DEBUG:    8.479587
DEBUG:    7.296562
DEBUG:    6.272335
DEBUG:    5.386835
DEBUG:    4.622270
DEBUG:    3.796258
DEBUG:    3.540626
DEBUG:    3.084993
DEBUG:    2.629360
DEBUG:    2.173728
DEBUG:    1.718095
DEBUG:    1.262462
DEBUG:    0.806829
DEBUG:    0.351197
DEBUG:    359.895569
DEBUG:    359.439941
DEBUG:    358.984314
DEBUG:    358.528687
DEBUG:    357.873047
DEBUG:    357.017426
DEBUG:    355.961792
DEBUG:    354.706146
DEBUG:    353.250519
DEBUG:    351.594879
DEBUG:    349.739258
DEBUG:    347.683624
DEBUG:    345.427979
WARNING:  Render update is behind -9660 microseconds! Current FPS: 23
DEBUG:    342.972351
DEBUG:    340.316711
DEBUG:    337.461090
DEBUG:    334.605469
DEBUG:    331.749847
DEBUG:    328.894226
DEBUG:    326.038605
DEBUG:    323.382965
DEBUG:    320.927338
DEBUG:    318.671692
DEBUG:    316.616058
DEBUG:    314.760437
DEBUG:    313.104797
DEBUG:    311.449158
WARNING:  Render update is behind -7619 microseconds! Current FPS: 24
DEBUG:    309.793518
DEBUG:    308.137878
DEBUG:    306.482239
DEBUG:    304.826599
DEBUG:    304.826599
DEBUG:    309.826599
DEBUG:    319.826599
DEBUG:    334.826599
DEBUG:    354.826599
DEBUG:    19.826599
DEBUG:    49.826599
DEBUG:    84.826599
DEBUG:    124.826599
DEBUG:    169.826599
DEBUG:    219.826599
DEBUG:    274.826599
DEBUG:    334.826599
DEBUG:    39.826599
DEBUG:    104.826599
DEBUG:    169.826599
DEBUG:    234.826599
DEBUG:    309.855499
DEBUG:    3.351807
DEBUG:    40.408913
DEBUG:    65.020546
DEBUG:    80.305832
DEBUG:    88.689896
DEBUG:    92.048553
DEBUG:    91.824051
DEBUG:    89.117477
DEBUG:    84.762428
DEBUG:    79.383575
DEBUG:    73.443161
DEBUG:    67.277786
DEBUG:    61.127449
DEBUG:    55.158398
DEBUG:    49.481045
DEBUG:    44.163963
DEBUG:    39.244770
DEBUG:    34.738533
DEBUG:    30.644241
DEBUG:    26.949753
DEBUG:    23.635532
DEBUG:    20.677448
DEBUG:    18.048849
DEBUG:    15.722076
DEBUG:    13.669538
DEBUG:    11.864454
DEBUG:    10.281356
DEBUG:    8.896389
DEBUG:    7.687485
DEBUG:    6.634426
DEBUG:    5.718846
DEBUG:    4.924170
DEBUG:    4.235528
DEBUG:    3.639652
DEBUG:    3.124748
DEBUG:    2.680376
DEBUG:    2.297330
DEBUG:    1.967511
DEBUG:    1.683817
DEBUG:    1.440035
DEBUG:    1.230741
DEBUG:    1.051210
DEBUG:    0.897336
DEBUG:    0.765553
DEBUG:    0.783326
DEBUG:    0.801098
DEBUG:    0.818871
DEBUG:    0.836644
DEBUG:    0.854417
DEBUG:    0.872190
DEBUG:    0.889963
DEBUG:    0.907736
WARNING:  Render update is behind -2352 microseconds! Current FPS: 28
DEBUG:    0.925508
DEBUG:    0.943281
WARNING:  Render update is behind -549 microseconds! Current FPS: 30
DEBUG:    0.961054
DEBUG:    0.978827
DEBUG:    0.996600
DEBUG:    1.014373
DEBUG:    1.032146
DEBUG:    1.049919
DEBUG:    1.067691
DEBUG:    1.085464
DEBUG:    1.103237
DEBUG:    1.121010
DEBUG:    1.138783
DEBUG:    1.156556
DEBUG:    1.174329
DEBUG:    1.192102
WARNING:  Render update is behind -5562 microseconds! Current FPS: 26
DEBUG:    1.209875
WARNING:  Render update is behind -1658 microseconds! Current FPS: 29
DEBUG:    1.227648
DEBUG:    1.245421
DEBUG:    1.263193
DEBUG:    1.280966
DEBUG:    1.298739
DEBUG:    1.316512
DEBUG:    1.334285
DEBUG:    1.352058
DEBUG:    1.369831
DEBUG:    1.387604
DEBUG:    1.405377
DEBUG:    1.423150
DEBUG:    1.440923
DEBUG:    1.458696
DEBUG:    1.476468
DEBUG:    1.494241
WARNING:  Render update is behind -8099 microseconds! Current FPS: 24
DEBUG:    1.512014
WARNING:  Render update is behind -6626 microseconds! Current FPS: 25
DEBUG:    1.529787
DEBUG:    1.547560
DEBUG:    1.565333
DEBUG:    1.583106
DEBUG:    1.600879
DEBUG:    1.618652
DEBUG:    1.636425
DEBUG:    1.654198
DEBUG:    1.671970
DEBUG:    1.689743
DEBUG:    1.707516
DEBUG:    1.725289
DEBUG:    1.743062
DEBUG:    1.760835
DEBUG:    1.778608
DEBUG:    1.796381
DEBUG:    1.814154
DEBUG:    1.831927
DEBUG:    1.849700
DEBUG:    1.867473
DEBUG:    1.885245
DEBUG:    1.903018
DEBUG:    1.920791
DEBUG:    1.938564
DEBUG:    1.956337
DEBUG:    1.974110
DEBUG:    1.991883
DEBUG:    2.009656
DEBUG:    2.027429
DEBUG:    2.045202
DEBUG:    2.062974
DEBUG:    2.080747
DEBUG:    2.098520
DEBUG:    2.116293
DEBUG:    2.134066
DEBUG:    2.151839
DEBUG:    2.169612
DEBUG:    2.187385
DEBUG:    2.205158
WARNING:  Render update is behind -19848 microseconds! Current FPS: 19
DEBUG:    2.222931
DEBUG:    2.240704
DEBUG:    2.258476
DEBUG:    2.276249
DEBUG:    2.294022
DEBUG:    2.311795
DEBUG:    2.329568
DEBUG:    2.347341
DEBUG:    2.365114
DEBUG:    2.382887
DEBUG:    2.400660
DEBUG:    2.418433
DEBUG:    2.436206
DEBUG:    2.453979
DEBUG:    2.471751
DEBUG:    2.489524
DEBUG:    2.507297
DEBUG:    2.525070
DEBUG:    2.542843
DEBUG:    2.560616
DEBUG:    2.578389
DEBUG:    2.596162
DEBUG:    2.613935
DEBUG:    2.631708
DEBUG:    2.649481
DEBUG:    2.667253
DEBUG:    2.685026
DEBUG:    2.702799
DEBUG:    2.720572
DEBUG:    2.738345
DEBUG:    2.756118
DEBUG:    2.773891
DEBUG:    2.791664
DEBUG:    2.809437
DEBUG:    2.827210
DEBUG:    2.844983
DEBUG:    2.862756
DEBUG:    2.880528
DEBUG:    2.898301
DEBUG:    2.916074
DEBUG:    2.933847
DEBUG:    2.951620
DEBUG:    2.969393
DEBUG:    2.987166
DEBUG:    3.004939
DEBUG:    3.022712
DEBUG:    3.040485
DEBUG:    3.058258
DEBUG:    3.076030
DEBUG:    3.093803
DEBUG:    3.111576
DEBUG:    3.129349
DEBUG:    3.147122
DEBUG:    3.164895
DEBUG:    3.182668
DEBUG:    3.200441
DEBUG:    3.218214
DEBUG:    3.235987
DEBUG:    3.053760
DEBUG:    2.671532
DEBUG:    2.089305
DEBUG:    1.307078
DEBUG:    0.324851
DEBUG:    359.142639
DEBUG:    357.760406
DEBUG:    356.178192
DEBUG:    354.395966
DEBUG:    352.613739
DEBUG:    350.831512
DEBUG:    349.049286
DEBUG:    347.267059
DEBUG:    345.484833
DEBUG:    343.702606
DEBUG:    341.920380
DEBUG:    340.138153
DEBUG:    338.355927
DEBUG:    336.573700
DEBUG:    334.791473
DEBUG:    333.009247
DEBUG:    331.227020
DEBUG:    329.444794
DEBUG:    327.662567
DEBUG:    325.880341
DEBUG:    324.098114
DEBUG:    322.315887
DEBUG:    320.533661
DEBUG:    318.751434
DEBUG:    316.969208
DEBUG:    315.186981
DEBUG:    313.404755
DEBUG:    311.622528
DEBUG:    309.840302
DEBUG:    308.058075
DEBUG:    306.275848
DEBUG:    304.493622
DEBUG:    302.711395
DEBUG:    300.929169
DEBUG:    299.146942
DEBUG:    297.364716
DEBUG:    295.782501
DEBUG:    294.400269
DEBUG:    293.218048
DEBUG:    292.235809
DEBUG:    291.453583
DEBUG:    290.871368
DEBUG:    290.489136
DEBUG:    290.306915
DEBUG:    290.324677
DEBUG:    290.542450
DEBUG:    290.960236
DEBUG:    291.578003
DEBUG:    292.395782
DEBUG:    293.413544
DEBUG:    294.631317
DEBUG:    296.049103
DEBUG:    297.666870
DEBUG:    299.484650
DEBUG:    301.502411
DEBUG:    303.720184
DEBUG:    306.137970
DEBUG:    308.755737
DEBUG:    311.373505
DEBUG:    313.991272
DEBUG:    316.609039
DEBUG:    319.226807
DEBUG:    321.844574
DEBUG:    324.462341
DEBUG:    327.080109
DEBUG:    329.697876
DEBUG:    332.315643
DEBUG:    334.933411
DEBUG:    337.551178
DEBUG:    340.168945
DEBUG:    342.786713
DEBUG:    345.404480
DEBUG:    348.022247
DEBUG:    350.640015
DEBUG:    353.257782
WARNING:  Render update is behind -2152 microseconds! Current FPS: 28
DEBUG:    355.875549
DEBUG:    358.493317
DEBUG:    1.111084
DEBUG:    1.111084
DEBUG:    6.111084
DEBUG:    16.111084
DEBUG:    31.111084
DEBUG:    51.111084
DEBUG:    76.111084
DEBUG:    106.111084
DEBUG:    141.111084
DEBUG:    181.111084
DEBUG:    226.111084
DEBUG:    276.111084
WARNING:  Render update is behind -2633 microseconds! Current FPS: 28
DEBUG:    331.111084
DEBUG:    31.111084
DEBUG:    96.111084
DEBUG:    166.111084
DEBUG:    241.111084
DEBUG:    321.111084
DEBUG:    46.111084
DEBUG:    136.111084
DEBUG:    231.111084
DEBUG:    331.111084
DEBUG:    76.111084
DEBUG:    186.111084
WARNING:  Render update is behind -1198 microseconds! Current FPS: 29
DEBUG:    301.111084
DEBUG:    61.111084
DEBUG:    186.111084
DEBUG:    316.111084
DEBUG:    91.111084
DEBUG:    231.111084
DEBUG:    16.111084
DEBUG:    166.111084
DEBUG:    321.111084
DEBUG:    121.111084
DEBUG:    286.111084
DEBUG:    96.111084
DEBUG:    271.111084
DEBUG:    91.111084
DEBUG:    276.111084
DEBUG:    106.111084
DEBUG:    301.111084
DEBUG:    141.111084
DEBUG:    346.111084
DEBUG:    196.111084
DEBUG:    51.111084
DEBUG:    271.111084
DEBUG:    136.111084
DEBUG:    6.111084
DEBUG:    241.111084
DEBUG:    121.111084
DEBUG:    6.111084
DEBUG:    256.111084
DEBUG:    151.111084
DEBUG:    51.111084
DEBUG:    316.111084
DEBUG:    226.111084
DEBUG:    141.111084
DEBUG:    61.111084
DEBUG:    346.111084
DEBUG:    276.111084
DEBUG:    211.111084
DEBUG:    151.111084
DEBUG:    96.111084
DEBUG:    46.111084
DEBUG:    1.111084
DEBUG:    321.111084
DEBUG:    286.111084
DEBUG:    256.111084
DEBUG:    231.111084
DEBUG:    211.111084
DEBUG:    196.111084
DEBUG:    186.111084
DEBUG:    181.111084
DEBUG:    181.111084
DEBUG:    186.111084
DEBUG:    196.111084
DEBUG:    211.111084
DEBUG:    231.111084
DEBUG:    256.111084
DEBUG:    286.111084
DEBUG:    321.111084
DEBUG:    1.111084
DEBUG:    46.111084
DEBUG:    96.111084
DEBUG:    151.111084
DEBUG:    211.111084
DEBUG:    276.111084
DEBUG:    346.111084
DEBUG:    61.111084
DEBUG:    141.111084
DEBUG:    226.111084
INFO:     Cleaning up...
