DEBUG:    Initializing...
DEBUG:    Initializing Main_Info...
DEBUG:    Found querty option.
DEBUG:    Getting video modes...
DEBUG:    Creating window with resolution of 1366x768...
DEBUG:    Loading images...
DEBUG:    Initializing Status_Menu...
DEBUG:    Starting window render loop...
DEBUG:    Starting window event loop...
INFO:     Initialization Finished
DEBUG:    Set FPS to 30
WARNING:  Render update is behind -45944 microseconds! Current FPS: 13
WARNING:  Render update is behind -20548 microseconds! Current FPS: 19
WARNING:  Render update is behind -971 microseconds! Current FPS: 29
WARNING:  Render update is behind -710 microseconds! Current FPS: 29
WARNING:  Render update is behind -679 microseconds! Current FPS: 29
WARNING:  Render update is behind -16683 microseconds! Current FPS: 20
WARNING:  Render update is behind -2344 microseconds! Current FPS: 28
WARNING:  Render update is behind -3443 microseconds! Current FPS: 27
WARNING:  Render update is behind -12680 microseconds! Current FPS: 22
WARNING:  Render update is behind -1709 microseconds! Current FPS: 29
WARNING:  Render update is behind -6339 microseconds! Current FPS: 25
WARNING:  Render update is behind -8386 microseconds! Current FPS: 24
WARNING:  Render update is behind -3206 microseconds! Current FPS: 27
WARNING:  Render update is behind -5263 microseconds! Current FPS: 26
WARNING:  Render update is behind -6143 microseconds! Current FPS: 25
WARNING:  Render update is behind -8752 microseconds! Current FPS: 24
WARNING:  Render update is behind -7263 microseconds! Current FPS: 25
WARNING:  Render update is behind -17948 microseconds! Current FPS: 19
WARNING:  Render update is behind -8067 microseconds! Current FPS: 24
WARNING:  Render update is behind -6564 microseconds! Current FPS: 25
WARNING:  Render update is behind -465 microseconds! Current FPS: 30
INFO:     Cleaning up...
