DEBUG:    Initializing...
DEBUG:    Initializing Main_Info...
DEBUG:    Found querty option.
DEBUG:    Getting video modes...
DEBUG:    Creating window with resolution of 1366x768...
DEBUG:    Loading images...
DEBUG:    Initializing Status_Menu...
DEBUG:    Starting window render loop...
DEBUG:    Starting window event loop...
INFO:     Initialization Finished
DEBUG:    Set FPS to 30
DEBUG:    0.000000  0.000000   0.000000
DEBUG:    0.000000   0.000000
WARNING:  Render update is behind -33371 microseconds! Current FPS: 15
DEBUG:    0.000000  0.000000   0.000000
DEBUG:    0.000000   1.000000
WARNING:  Render update is behind -1774 microseconds! Current FPS: 28
DEBUG:    0.000000  0.000000   0.000000
DEBUG:    0.000000   1.000000
WARNING:  Render update is behind -18996 microseconds! Current FPS: 19
DEBUG:    0.000000  0.000000   0.000000
DEBUG:    0.000000   1.000000
WARNING:  Render update is behind -17096 microseconds! Current FPS: 20
DEBUG:    0.000000  0.000000   0.000000
DEBUG:    0.000000   1.000000
DEBUG:    0.000000  0.000000   0.000000
DEBUG:    0.000000   1.000000
DEBUG:    0.000000  0.000000   0.000000
DEBUG:    0.000000   1.000000
DEBUG:    0.000000  0.000000   0.000000
DEBUG:    0.000000   1.000000
DEBUG:    0.000000  0.000000   0.000000
DEBUG:    0.000000   1.000000
DEBUG:    0.000000  0.000000   0.000000
DEBUG:    0.000000   1.000000
DEBUG:    0.000000  0.000000   0.000000
DEBUG:    0.000000   1.000000
WARNING:  Render update is behind -15520 microseconds! Current FPS: 20
DEBUG:    0.000000  0.000000   0.000000
DEBUG:    0.000000   1.000000
DEBUG:    0.000000  0.000000   0.000000
DEBUG:    0.000000   1.000000
DEBUG:    0.000000  0.000000   0.000000
DEBUG:    0.000000   1.000000
DEBUG:    0.000000  0.000000   0.000000
DEBUG:    0.000000   1.000000
DEBUG:    0.000000  0.000000   0.000000
DEBUG:    0.000000   1.000000
DEBUG:    0.000000  0.000000   0.000000
DEBUG:    0.000000   1.000000
DEBUG:    0.000000  0.000000   0.000000
DEBUG:    0.000000   1.000000
DEBUG:    0.000000  0.000000   0.000000
DEBUG:    0.000000   1.000000
DEBUG:    0.000000  0.000000   0.000000
DEBUG:    0.000000   1.000000
DEBUG:    0.000000  0.000000   0.000000
DEBUG:    0.000000   1.000000
DEBUG:    0.000000  0.000000   0.000000
DEBUG:    0.000000   1.000000
DEBUG:    0.000000  0.000000   0.000000
DEBUG:    0.000000   1.000000
DEBUG:    0.000000  0.000000   0.000000
DEBUG:    0.000000   1.000000
DEBUG:    0.000000  0.000000   0.000000
DEBUG:    0.000000   1.000000
DEBUG:    0.000000  0.000000   0.000000
DEBUG:    0.000000   1.000000
DEBUG:    0.000000  0.000000   0.000000
DEBUG:    0.000000   1.000000
DEBUG:    0.000000  0.000000   0.000000
DEBUG:    0.000000   1.000000
DEBUG:    0.000000  0.000000   0.000000
DEBUG:    0.000000   1.000000
DEBUG:    0.000000  0.000000   0.000000
DEBUG:    0.000000   1.000000
DEBUG:    0.000000  0.000000   0.000000
DEBUG:    0.000000   1.000000
DEBUG:    0.000000  0.000000   0.000000
DEBUG:    0.000000   1.000000
DEBUG:    0.000000  0.000000   0.000000
DEBUG:    0.000000   1.000000
DEBUG:    0.000000  0.000000   0.000000
DEBUG:    0.000000   1.000000
DEBUG:    0.000000  0.000000   0.000000
DEBUG:    0.000000   1.000000
DEBUG:    0.000000  0.000000   0.000000
DEBUG:    0.000000   1.000000
DEBUG:    0.000000  0.000000   0.000000
DEBUG:    0.000000   1.000000
DEBUG:    0.000000  0.000000   0.000000
DEBUG:    0.000000   1.000000
DEBUG:    0.000000  0.000000   0.000000
DEBUG:    0.000000   1.000000
DEBUG:    0.000000  0.000000   0.000000
DEBUG:    0.000000   1.000000
DEBUG:    0.000000  0.000000   0.000000
DEBUG:    0.000000   1.000000
DEBUG:    0.000000  0.000000   0.000000
DEBUG:    0.000000   1.000000
DEBUG:    0.000000  0.000000   0.000000
DEBUG:    0.000000   1.000000
DEBUG:    0.000000  0.000000   0.000000
DEBUG:    0.000000   1.000000
DEBUG:    0.000000  0.000000   0.000000
DEBUG:    0.000000   1.000000
DEBUG:    0.000000  0.000000   0.000000
DEBUG:    0.000000   1.000000
DEBUG:    0.000000  0.000000   0.000000
DEBUG:    0.000000   1.000000
DEBUG:    0.000000  0.000000   0.000000
DEBUG:    0.000000   1.000000
DEBUG:    0.000000  0.000000   0.000000
DEBUG:    0.000000   1.000000
DEBUG:    0.000000  0.000000   0.000000
DEBUG:    0.000000   1.000000
DEBUG:    0.000000  0.000000   0.000000
DEBUG:    0.000000   1.000000
DEBUG:    0.000000  0.000000   0.000000
DEBUG:    0.000000   1.000000
DEBUG:    0.000000  0.000000   0.000000
DEBUG:    0.000000   1.000000
DEBUG:    0.000000  0.000000   0.000000
DEBUG:    0.000000   1.000000
DEBUG:    0.000000  0.000000   0.000000
DEBUG:    0.000000   1.000000
DEBUG:    0.000000  0.000000   0.000000
DEBUG:    0.000000   1.000000
DEBUG:    0.000000  0.000000   0.000000
DEBUG:    0.000000   1.000000
DEBUG:    0.000000  0.000000   0.000000
DEBUG:    0.000000   1.000000
DEBUG:    0.000000  0.000000   0.000000
DEBUG:    0.000000   1.000000
DEBUG:    0.000000  0.000000   0.000000
DEBUG:    0.000000   1.000000
DEBUG:    0.000000  0.000000   0.000000
DEBUG:    0.000000   1.000000
DEBUG:    0.000000  0.000000   0.000000
DEBUG:    0.000000   1.000000
DEBUG:    0.000000  0.000000   0.000000
DEBUG:    0.000000   1.000000
DEBUG:    0.000000  0.000000   0.000000
DEBUG:    0.000000   1.000000
DEBUG:    0.000000  0.000000   0.000000
DEBUG:    0.000000   1.000000
DEBUG:    0.000000  0.000000   0.000000
DEBUG:    0.000000   1.000000
DEBUG:    0.000000  0.000000   0.000000
DEBUG:    0.000000   1.000000
DEBUG:    0.000000  0.000000   0.000000
DEBUG:    0.000000   1.000000
DEBUG:    0.000000  0.000000   0.000000
DEBUG:    0.000000   1.000000
DEBUG:    0.000000  0.000000   0.000000
DEBUG:    0.000000   1.000000
DEBUG:    0.000000  0.000000   0.000000
DEBUG:    0.000000   1.000000
DEBUG:    0.000000  0.000000   0.000000
DEBUG:    0.000000   1.000000
DEBUG:    0.000000  0.000000   0.000000
DEBUG:    0.000000   1.000000
DEBUG:    0.000000  0.000000   0.000000
DEBUG:    0.000000   1.000000
DEBUG:    0.000000  0.000000   0.000000
DEBUG:    0.000000   1.000000
DEBUG:    0.000000  0.000000   0.000000
DEBUG:    0.000000   1.000000
DEBUG:    0.000000  0.000000   0.000000
DEBUG:    0.000000   1.000000
DEBUG:    0.000000  0.000000   0.000000
DEBUG:    0.000000   1.000000
DEBUG:    0.000000  0.000000   0.000000
DEBUG:    0.000000   1.000000
DEBUG:    0.000000  0.000000   0.000000
DEBUG:    0.000000   1.000000
DEBUG:    0.000000  0.000000   0.000000
DEBUG:    0.000000   1.000000
DEBUG:    0.000000  0.000000   0.000000
DEBUG:    0.000000   1.000000
DEBUG:    0.000000  0.000000   0.000000
DEBUG:    0.000000   1.000000
WARNING:  Render update is behind -6265 microseconds! Current FPS: 25
DEBUG:    0.000000  0.000000   0.000000
DEBUG:    0.000000   1.000000
DEBUG:    0.000000  0.000000   0.000000
DEBUG:    0.000000   1.000000
DEBUG:    0.000000  0.000000   0.000000
DEBUG:    0.000000   1.000000
DEBUG:    0.000000  0.000000   0.000000
DEBUG:    0.000000   1.000000
DEBUG:    0.000000  0.000000   0.000000
DEBUG:    0.000000   1.000000
DEBUG:    0.000000  0.000000   0.000000
DEBUG:    0.000000   1.000000
DEBUG:    0.000000  0.000000   0.000000
DEBUG:    0.000000   1.000000
DEBUG:    0.000000  0.000000   0.000000
DEBUG:    0.000000   1.000000
DEBUG:    0.000000  0.000000   0.000000
DEBUG:    0.000000   1.000000
DEBUG:    0.000000  0.000000   0.000000
DEBUG:    0.000000   1.000000
DEBUG:    0.000000  0.000000   0.000000
DEBUG:    0.000000   1.000000
DEBUG:    0.000000  0.000000   0.000000
DEBUG:    0.000000   1.000000
DEBUG:    0.000000  0.000000   0.000000
DEBUG:    0.000000   1.000000
DEBUG:    0.000000  0.000000   0.000000
DEBUG:    0.000000   1.000000
DEBUG:    0.000000  0.000000   0.000000
DEBUG:    0.000000   1.000000
DEBUG:    0.000000  0.000000   0.000000
DEBUG:    0.000000   1.000000
DEBUG:    0.000000  0.000000   0.000000
DEBUG:    0.000000   1.000000
DEBUG:    0.000000  0.000000   0.000000
DEBUG:    0.000000   1.000000
DEBUG:    0.000000  -1.000000   0.000000
DEBUG:    -0.000000   0.000000
WARNING:  Render update is behind -16244 microseconds! Current FPS: 20
DEBUG:    0.000000  -2.000000   0.000000
DEBUG:    -0.000000   -1.000000
DEBUG:    0.000000  -3.000000   0.000000
DEBUG:    -0.000000   -2.000000
DEBUG:    0.000000  -4.000000   0.000000
DEBUG:    -0.000000   -3.000000
DEBUG:    0.000000  -5.000000   0.000000
DEBUG:    -0.000000   -4.000000
DEBUG:    0.000000  -6.000000   0.000000
DEBUG:    -0.000000   -5.000000
DEBUG:    0.000000  -7.000000   0.000000
DEBUG:    -0.000000   -6.000000
DEBUG:    0.000000  -8.000000   0.000000
DEBUG:    -0.000000   -7.000000
DEBUG:    0.000000  -9.000000   0.000000
DEBUG:    -0.000000   -8.000000
DEBUG:    0.000000  -10.000000   0.000000
DEBUG:    -0.000000   -9.000000
DEBUG:    0.000000  -11.000000   0.000000
DEBUG:    -0.000000   -10.000000
DEBUG:    0.000000  -12.000000   0.000000
DEBUG:    -0.000000   -11.000000
DEBUG:    0.000000  -13.000000   0.000000
DEBUG:    -0.000000   -12.000000
DEBUG:    0.000000  -14.000000   0.000000
DEBUG:    -0.000000   -13.000000
DEBUG:    0.000000  -14.000000   0.000000
DEBUG:    -0.000000   -13.000000
DEBUG:    0.000000  -14.000000   0.000000
DEBUG:    -0.000000   -13.000000
DEBUG:    0.000000  -14.000000   0.000000
DEBUG:    -0.000000   -13.000000
DEBUG:    0.000000  -14.000000   0.000000
DEBUG:    -0.000000   -13.000000
DEBUG:    0.000000  -14.000000   0.000000
DEBUG:    -0.000000   -13.000000
DEBUG:    0.000000  -14.000000   0.000000
DEBUG:    -0.000000   -13.000000
DEBUG:    0.000000  -14.000000   0.000000
DEBUG:    -0.000000   -13.000000
DEBUG:    0.000000  -14.000000   0.000000
DEBUG:    -0.000000   -13.000000
DEBUG:    0.000000  -14.000000   0.000000
DEBUG:    -0.000000   -13.000000
DEBUG:    0.000000  -14.000000   0.000000
DEBUG:    -0.000000   -13.000000
DEBUG:    0.000000  -14.000000   0.000000
DEBUG:    -0.000000   -13.000000
DEBUG:    0.000000  -14.000000   0.000000
DEBUG:    -0.000000   -13.000000
DEBUG:    0.000000  -14.000000   359.000000
DEBUG:    -0.244334   -12.997868
DEBUG:    0.000000  -14.000000   357.000000
DEBUG:    -0.732703   -12.980813
DEBUG:    0.000000  -14.000000   354.000000
DEBUG:    -1.463398   -12.923306
DEBUG:    0.000000  -14.000000   350.000000
DEBUG:    -2.431074   -12.787309
DEBUG:    0.000000  -14.000000   345.000000
DEBUG:    -3.623467   -12.522962
DEBUG:    0.000000  -14.000000   340.000000
DEBUG:    -4.788282   -12.155697
DEBUG:    0.000000  -14.000000   335.000000
DEBUG:    -5.916656   -11.688309
DEBUG:    0.000000  -14.000000   330.000000
DEBUG:    -7.000000   -11.124355
DEBUG:    0.000000  -14.000000   325.000000
DEBUG:    -8.030070   -10.468128
DEBUG:    0.000000  -14.000000   320.000000
DEBUG:    -8.999026   -9.724622
DEBUG:    0.000000  -14.000000   315.000000
DEBUG:    -9.899495   -8.899495
DEBUG:    0.000000  -14.000000   310.000000
DEBUG:    -10.724622   -7.999026
DEBUG:    0.000000  -14.000000   305.000000
DEBUG:    -11.468128   -7.030070
DEBUG:    0.000000  -14.000000   300.000000
DEBUG:    -12.124355   -6.000000
DEBUG:    0.000000  -14.000000   296.000000
DEBUG:    -12.583117   -5.137196
DEBUG:    0.000000  -14.000000   293.000000
DEBUG:    -12.887068   -4.470236
DEBUG:    0.000000  -14.000000   291.000000
DEBUG:    -13.070126   -4.017151
DEBUG:    0.000000  -14.000000   290.000000
DEBUG:    -13.155697   -3.788282
WARNING:  Render update is behind -9891 microseconds! Current FPS: 23
DEBUG:    0.000000  -14.000000   289.000000
DEBUG:    -13.237260   -3.557954
WARNING:  Render update is behind -1854 microseconds! Current FPS: 28
DEBUG:    0.000000  -14.000000   288.000000
DEBUG:    -13.314792   -3.326238
WARNING:  Render update is behind -2440 microseconds! Current FPS: 28
DEBUG:    0.000000  -14.000000   287.000000
DEBUG:    -13.388267   -3.093204
DEBUG:    0.000000  -14.000000   286.000000
DEBUG:    -13.457664   -2.858923
DEBUG:    0.000000  -14.000000   285.000000
DEBUG:    -13.522962   -2.623467
DEBUG:    0.000000  -14.000000   284.000000
DEBUG:    -13.584140   -2.386907
DEBUG:    0.000000  -14.000000   283.000000
DEBUG:    -13.641181   -2.149315
DEBUG:    0.000000  -14.000000   282.000000
DEBUG:    -13.694066   -1.910764
DEBUG:    0.000000  -14.000000   281.000000
DEBUG:    -13.742781   -1.671326
DEBUG:    0.000000  -14.000000   280.000000
DEBUG:    -13.787309   -1.431074
DEBUG:    0.000000  -14.000000   279.000000
DEBUG:    -13.827637   -1.190083
DEBUG:    0.000000  -14.000000   278.000000
DEBUG:    -13.863753   -0.948423
DEBUG:    0.000000  -14.000000   277.000000
DEBUG:    -13.895646   -0.706171
DEBUG:    0.000000  -14.000000   276.000000
DEBUG:    -13.923306   -0.463398
DEBUG:    0.000000  -14.000000   275.000000
DEBUG:    -13.946726   -0.220180
DEBUG:    0.000000  -14.000000   274.000000
DEBUG:    -13.965897   0.023409
DEBUG:    0.000000  -14.000000   273.000000
DEBUG:    -13.980813   0.267297
DEBUG:    0.000000  -14.000000   272.000000
DEBUG:    -13.991471   0.511407
DEBUG:    0.000000  -14.000000   271.000000
DEBUG:    -13.997868   0.755666
DEBUG:    0.000000  -14.000000   270.000000
DEBUG:    -14.000000   1.000000
DEBUG:    0.000000  -14.000000   269.000000
DEBUG:    -13.997868   1.244334
DEBUG:    0.000000  -14.000000   268.000000
DEBUG:    -13.991471   1.488593
DEBUG:    0.000000  -14.000000   267.000000
DEBUG:    -13.980813   1.732703
DEBUG:    0.000000  -14.000000   266.000000
DEBUG:    -13.965897   1.976591
DEBUG:    0.000000  -14.000000   265.000000
DEBUG:    -13.946726   2.220181
DEBUG:    0.000000  -14.000000   264.000000
DEBUG:    -13.923306   2.463398
DEBUG:    0.000000  -14.000000   263.000000
DEBUG:    -13.895646   2.706171
DEBUG:    0.000000  -14.000000   262.000000
DEBUG:    -13.863753   2.948423
DEBUG:    0.000000  -14.000000   261.000000
DEBUG:    -13.827637   3.190083
DEBUG:    0.000000  -14.000000   261.000000
DEBUG:    -13.827637   3.190083
DEBUG:    0.000000  -14.000000   262.000000
DEBUG:    -13.863753   2.948423
DEBUG:    0.000000  -14.000000   264.000000
DEBUG:    -13.923306   2.463398
DEBUG:    0.000000  -14.000000   267.000000
DEBUG:    -13.980813   1.732703
DEBUG:    0.000000  -14.000000   270.000000
DEBUG:    -14.000000   1.000000
DEBUG:    0.000000  -14.000000   273.000000
DEBUG:    -13.980813   0.267297
DEBUG:    0.000000  -14.000000   276.000000
DEBUG:    -13.923306   -0.463398
DEBUG:    0.000000  -14.000000   279.000000
DEBUG:    -13.827637   -1.190083
DEBUG:    0.000000  -14.000000   282.000000
DEBUG:    -13.694066   -1.910764
DEBUG:    0.000000  -14.000000   285.000000
DEBUG:    -13.522962   -2.623467
DEBUG:    0.000000  -14.000000   288.000000
DEBUG:    -13.314792   -3.326238
DEBUG:    0.000000  -14.000000   291.000000
DEBUG:    -13.070126   -4.017151
DEBUG:    0.000000  -14.000000   294.000000
DEBUG:    -12.789637   -4.694313
DEBUG:    0.000000  -14.000000   297.000000
DEBUG:    -12.474092   -5.355867
DEBUG:    0.000000  -14.000000   300.000000
DEBUG:    -12.124355   -6.000000
DEBUG:    0.000000  -11.666667   302.500000
DEBUG:    -9.839567   -5.268496
DEBUG:    0.000000  -9.722222   304.583344
DEBUG:    -8.004319   -4.518376
DEBUG:    0.000000  -8.101852   306.319458
DEBUG:    -6.527883   -3.798621
DEBUG:    0.000000  -6.751544   307.766205
DEBUG:    -5.337206   -3.134921
DEBUG:    0.000000  -5.626287   308.971832
DEBUG:    -4.374186   -2.538587
DEBUG:    0.000000  -4.688572   309.976532
DEBUG:    -3.592889   -2.012285
DEBUG:    0.000000  -3.907143   310.813782
DEBUG:    -2.957074   -1.553719
DEBUG:    0.000000  -3.255953   311.511475
DEBUG:    -2.438132   -1.157948
DEBUG:    0.000000  -2.713294   312.092896
DEBUG:    -2.013424   -0.818815
DEBUG:    0.000000  -2.261078   312.577423
DEBUG:    -1.664976   -0.529814
DEBUG:    0.000000  -1.884232   312.981201
DEBUG:    -1.378462   -0.284591
DEBUG:    0.000000  -1.570193   313.317657
DEBUG:    -1.142412   -0.077219
DEBUG:    0.000000  -1.308494   313.598053
DEBUG:    -0.947606   0.097669
DEBUG:    0.000000  -1.090412   313.831726
DEBUG:    -0.786598   0.244843
DEBUG:    0.000000  -0.908677   314.026428
DEBUG:    -0.653356   0.368479
DEBUG:    0.000000  -0.757231   314.188690
DEBUG:    -0.542971   0.472192
DEBUG:    0.000000  -0.631025   314.323914
DEBUG:    -0.451436   0.559094
DEBUG:    0.000000  -0.525855   314.436584
DEBUG:    -0.375474   0.631839
DEBUG:    0.000000  -0.438212   314.530487
DEBUG:    -0.312392   0.692687
DEBUG:    0.000000  -0.365177   314.608734
DEBUG:    -0.259976   0.743550
WARNING:  Render update is behind -14534 microseconds! Current FPS: 21
DEBUG:    0.000000  -0.304314   314.673950
DEBUG:    -0.216404   0.786046
DEBUG:    0.000000  -0.253595   314.728302
DEBUG:    -0.180167   0.821534
DEBUG:    0.000000  -0.211329   314.773590
DEBUG:    -0.150022   0.851159
DEBUG:    0.000000  -0.176108   314.811340
DEBUG:    -0.124936   0.875884
DEBUG:    0.000000  -0.146756   314.842773
DEBUG:    -0.104057   0.896513
DEBUG:    0.000000  -0.122297   314.868988
DEBUG:    -0.086675   0.913721
DEBUG:    0.000000  -0.101914   314.890839
DEBUG:    -0.072201   0.928073
DEBUG:    0.000000  -0.084928   314.909027
DEBUG:    -0.060149   0.940042
DEBUG:    0.000000  -0.070774   314.924194
DEBUG:    -0.050111   0.950022
DEBUG:    0.000000  -0.058978   314.936829
DEBUG:    -0.041750   0.958342
DEBUG:    0.000000  -0.049148   314.947357
DEBUG:    -0.034785   0.965279
DEBUG:    0.000000  -0.040957   314.956146
DEBUG:    -0.028983   0.971061
DEBUG:    0.000000  -0.034131   314.963470
DEBUG:    -0.024150   0.975881
DEBUG:    0.000000  -0.028442   314.969574
DEBUG:    -0.020122   0.979899
DEBUG:    0.000000  -0.023702   314.974640
DEBUG:    -0.016767   0.983248
DEBUG:    0.000000  -0.019752   314.978882
DEBUG:    -0.013972   0.986039
DEBUG:    0.000000  -0.016460   314.982422
DEBUG:    -0.011642   0.988365
DEBUG:    0.000000  -0.013716   314.985352
DEBUG:    -0.009701   0.990304
DEBUG:    0.000000  -0.011430   314.987793
DEBUG:    -0.008084   0.991919
DEBUG:    0.000000  -0.009525   314.989838
DEBUG:    -0.006737   0.993266
DEBUG:    0.000000  -0.007938   314.991547
DEBUG:    -0.005614   0.994388
DEBUG:    0.000000  -0.006615   314.992950
DEBUG:    -0.004678   0.995323
DEBUG:    0.000000  -0.005512   314.994141
DEBUG:    -0.003898   0.996103
DEBUG:    0.000000  -0.004594   314.995117
DEBUG:    -0.003248   0.996752
DEBUG:    0.000000  -0.003828   314.995941
DEBUG:    -0.002707   0.997293
DEBUG:    0.000000  -0.003190   314.996613
DEBUG:    -0.002256   0.997744
DEBUG:    0.000000  -0.002658   314.997192
DEBUG:    -0.001880   0.998120
DEBUG:    0.000000  -0.002215   314.997681
DEBUG:    -0.001567   0.998434
DEBUG:    0.000000  -0.001846   314.998077
DEBUG:    -0.001305   0.998695
DEBUG:    0.000000  -0.001538   314.998413
DEBUG:    -0.001088   0.998912
DEBUG:    0.000000  -0.001282   314.998688
DEBUG:    -0.000907   0.999094
DEBUG:    0.000000  -0.001068   314.998932
DEBUG:    -0.000755   0.999245
DEBUG:    0.000000  -0.000890   314.999115
DEBUG:    -0.000630   0.999371
DEBUG:    0.000000  -0.000742   314.999268
DEBUG:    -0.000525   0.999475
DEBUG:    0.000000  -0.000618   314.999390
DEBUG:    -0.000437   0.999563
DEBUG:    0.000000  -0.000515   314.999512
DEBUG:    -0.000364   0.999636
DEBUG:    0.000000  -0.000429   314.999603
DEBUG:    -0.000304   0.999696
DEBUG:    0.000000  -0.000358   314.999695
DEBUG:    -0.000253   0.999747
DEBUG:    0.000000  -0.000298   314.999756
DEBUG:    -0.000211   0.999789
DEBUG:    0.000000  -0.000248   314.999817
DEBUG:    -0.000176   0.999824
DEBUG:    0.000000  -0.000207   314.999847
DEBUG:    -0.000146   0.999854
DEBUG:    0.000000  -0.000173   314.999878
DEBUG:    -0.000122   0.999878
DEBUG:    0.000000  -0.000144   314.999908
DEBUG:    -0.000102   0.999898
DEBUG:    0.000000  -0.000120   314.999939
DEBUG:    -0.000085   0.999915
DEBUG:    0.000000  -0.000100   314.999969
DEBUG:    -0.000071   0.999929
DEBUG:    0.000000  -0.000083   315.000000
DEBUG:    -0.000059   0.999941
DEBUG:    0.000000  -0.000083   315.000031
DEBUG:    -0.000059   0.999941
DEBUG:    0.000000  -0.000083   315.000061
DEBUG:    -0.000059   0.999941
DEBUG:    0.000000  -0.000083   315.000092
DEBUG:    -0.000059   0.999941
DEBUG:    0.000000  -0.000083   315.000122
DEBUG:    -0.000059   0.999941
DEBUG:    0.000000  -0.000083   315.000153
DEBUG:    -0.000059   0.999941
DEBUG:    0.000000  -0.000083   315.000183
DEBUG:    -0.000059   0.999941
DEBUG:    0.000000  -0.000083   315.000214
DEBUG:    -0.000059   0.999941
DEBUG:    0.000000  -0.000069   315.000214
DEBUG:    -0.000049   0.999951
DEBUG:    0.000000  -0.000058   315.000214
DEBUG:    -0.000041   0.999959
DEBUG:    0.000000  -0.000048   315.000214
DEBUG:    -0.000034   0.999966
DEBUG:    0.000000  -0.000040   315.000214
DEBUG:    -0.000028   0.999972
DEBUG:    0.000000  -0.000033   315.000214
DEBUG:    -0.000024   0.999976
WARNING:  Render update is behind -18762 microseconds! Current FPS: 19
DEBUG:    0.000000  -0.000028   315.000214
DEBUG:    -0.000020   0.999980
DEBUG:    0.000000  -0.000023   315.000214
DEBUG:    -0.000016   0.999984
WARNING:  Render update is behind -10224 microseconds! Current FPS: 23
DEBUG:    0.000000  -0.000019   315.000214
DEBUG:    -0.000014   0.999986
WARNING:  Render update is behind -12313 microseconds! Current FPS: 22
DEBUG:    0.000000  -0.000016   315.000214
DEBUG:    -0.000011   0.999989
DEBUG:    0.000000  -0.000013   315.000214
DEBUG:    -0.000010   0.999991
DEBUG:    0.000000  -0.000011   315.000214
DEBUG:    -0.000008   0.999992
WARNING:  Render update is behind -283 microseconds! Current FPS: 30
DEBUG:    0.000000  -0.000009   315.000214
DEBUG:    -0.000007   0.999993
DEBUG:    0.000000  -0.000008   315.000214
DEBUG:    -0.000005   0.999995
DEBUG:    0.000000  -0.000006   315.000214
DEBUG:    -0.000005   0.999995
WARNING:  Render update is behind -1478 microseconds! Current FPS: 29
DEBUG:    0.000000  -0.000005   315.000214
DEBUG:    -0.000004   0.999996
DEBUG:    0.000000  -0.000005   315.000214
DEBUG:    -0.000003   0.999997
DEBUG:    0.000000  -0.000004   315.000214
DEBUG:    -0.000003   0.999997
DEBUG:    0.000000  -0.000003   315.000214
DEBUG:    -0.000002   0.999998
DEBUG:    0.000000  -0.000003   315.000214
DEBUG:    -0.000002   0.999998
WARNING:  Render update is behind -5244 microseconds! Current FPS: 26
DEBUG:    0.000000  -0.000002   315.000214
DEBUG:    -0.000002   0.999998
WARNING:  Render update is behind -1138 microseconds! Current FPS: 29
DEBUG:    0.000000  -0.000002   315.000214
DEBUG:    -0.000001   0.999999
DEBUG:    0.000000  -0.000002   315.000214
DEBUG:    -0.000001   0.999999
DEBUG:    0.000000  -0.000001   315.000214
DEBUG:    -0.000001   0.999999
DEBUG:    0.000000  -0.000001   315.000214
DEBUG:    -0.000001   0.999999
DEBUG:    0.000000  -0.000001   315.000214
DEBUG:    -0.000001   0.999999
DEBUG:    0.000000  -0.000001   315.000214
DEBUG:    -0.000001   0.999999
DEBUG:    0.000000  -0.000001   315.000214
DEBUG:    -0.000000   1.000000
DEBUG:    0.000000  -0.000001   315.000214
DEBUG:    -0.000000   1.000000
DEBUG:    0.000000  -0.000000   315.000214
DEBUG:    -0.000000   1.000000
DEBUG:    0.000000  -0.000000   315.000214
DEBUG:    -0.000000   1.000000
DEBUG:    0.000000  -0.000000   315.000214
DEBUG:    -0.000000   1.000000
DEBUG:    0.000000  -0.000000   315.000214
DEBUG:    -0.000000   1.000000
DEBUG:    0.000000  -0.000000   315.000214
DEBUG:    -0.000000   1.000000
DEBUG:    0.000000  -0.000000   315.000214
DEBUG:    -0.000000   1.000000
DEBUG:    0.000000  -0.000000   315.000214
DEBUG:    -0.000000   1.000000
DEBUG:    0.000000  -0.000000   315.000214
DEBUG:    -0.000000   1.000000
DEBUG:    0.000000  -0.000000   315.000214
DEBUG:    -0.000000   1.000000
DEBUG:    0.000000  -0.000000   315.000214
DEBUG:    -0.000000   1.000000
DEBUG:    0.000000  -0.000000   315.000214
DEBUG:    -0.000000   1.000000
DEBUG:    0.000000  -0.000000   315.000214
DEBUG:    -0.000000   1.000000
DEBUG:    0.000000  -0.000000   315.000214
DEBUG:    -0.000000   1.000000
DEBUG:    0.000000  -0.000000   315.000214
DEBUG:    -0.000000   1.000000
DEBUG:    0.000000  -0.000000   315.000214
DEBUG:    -0.000000   1.000000
DEBUG:    0.000000  -0.000000   315.000214
DEBUG:    -0.000000   1.000000
DEBUG:    0.000000  -0.000000   315.000214
DEBUG:    -0.000000   1.000000
DEBUG:    0.000000  -0.000000   315.000214
DEBUG:    -0.000000   1.000000
DEBUG:    0.000000  -0.000000   315.000214
DEBUG:    -0.000000   1.000000
INFO:     Cleaning up...
