DEBUG:    Initializing...
DEBUG:    Initializing Main_Info...
DEBUG:    Found querty option.
DEBUG:    Getting video modes...
DEBUG:    Creating window with resolution of 1366x768...
DEBUG:    Loading images...
DEBUG:    Initializing Status_Menu...
DEBUG:    Starting window render loop...
INFO:     Initialization Finished
DEBUG:    FPS: 34
DEBUG:    10.000000
DEBUG:    0.000000
DEBUG:    that
DEBUG:    20.000000
DEBUG:    0.000000
DEBUG:    that
DEBUG:    30.000000
DEBUG:    0.000000
DEBUG:    that
DEBUG:    40.000000
DEBUG:    0.000000
DEBUG:    that
DEBUG:    50.000000
DEBUG:    0.000000
DEBUG:    that
DEBUG:    60.000000
DEBUG:    0.000000
DEBUG:    that
DEBUG:    70.000000
DEBUG:    0.000000
DEBUG:    that
DEBUG:    80.000000
DEBUG:    0.000000
DEBUG:    that
DEBUG:    90.000000
DEBUG:    0.000000
DEBUG:    that
DEBUG:    100.000000
DEBUG:    0.000000
DEBUG:    that
DEBUG:    110.000000
DEBUG:    0.000000
DEBUG:    that
DEBUG:    120.000000
DEBUG:    0.000000
DEBUG:    that
DEBUG:    130.000000
DEBUG:    0.000000
DEBUG:    that
DEBUG:    140.000000
DEBUG:    0.000000
DEBUG:    that
DEBUG:    150.000000
DEBUG:    0.000000
DEBUG:    that
DEBUG:    160.000000
DEBUG:    0.000000
DEBUG:    that
DEBUG:    170.000000
DEBUG:    0.000000
DEBUG:    that
DEBUG:    180.000000
DEBUG:    0.000000
DEBUG:    that
DEBUG:    190.000000
DEBUG:    0.000000
DEBUG:    that
DEBUG:    200.000000
DEBUG:    0.000000
DEBUG:    that
DEBUG:    210.000000
DEBUG:    0.000000
DEBUG:    that
DEBUG:    220.000000
DEBUG:    0.000000
DEBUG:    that
DEBUG:    230.000000
DEBUG:    0.000000
DEBUG:    that
DEBUG:    240.000000
DEBUG:    0.000000
DEBUG:    that
DEBUG:    250.000000
DEBUG:    0.000000
DEBUG:    that
DEBUG:    255.000000
DEBUG:    0.000000
DEBUG:    that
DEBUG:    255.000000
DEBUG:    0.000000
DEBUG:    that
DEBUG:    255.000000
DEBUG:    0.000000
DEBUG:    that
DEBUG:    255.000000
DEBUG:    0.000000
DEBUG:    that
DEBUG:    255.000000
DEBUG:    0.000000
DEBUG:    that
DEBUG:    255.000000
DEBUG:    0.000000
DEBUG:    that
DEBUG:    255.000000
DEBUG:    0.000000
DEBUG:    that
DEBUG:    255.000000
DEBUG:    0.000000
DEBUG:    that
DEBUG:    255.000000
DEBUG:    0.000000
DEBUG:    that
DEBUG:    255.000000
DEBUG:    0.000000
DEBUG:    that
DEBUG:    255.000000
DEBUG:    0.000000
DEBUG:    that
DEBUG:    255.000000
DEBUG:    0.000000
DEBUG:    that
DEBUG:    255.000000
DEBUG:    0.000000
DEBUG:    that
DEBUG:    255.000000
DEBUG:    0.000000
DEBUG:    that
DEBUG:    255.000000
DEBUG:    0.000000
DEBUG:    that
DEBUG:    255.000000
DEBUG:    0.000000
DEBUG:    that
DEBUG:    255.000000
DEBUG:    0.000000
DEBUG:    that
DEBUG:    255.000000
DEBUG:    0.000000
DEBUG:    that
DEBUG:    255.000000
DEBUG:    0.000000
DEBUG:    that
DEBUG:    255.000000
DEBUG:    0.000000
DEBUG:    that
DEBUG:    255.000000
DEBUG:    0.000000
DEBUG:    that
DEBUG:    255.000000
DEBUG:    0.000000
DEBUG:    that
DEBUG:    255.000000
DEBUG:    0.000000
DEBUG:    that
DEBUG:    255.000000
DEBUG:    0.000000
DEBUG:    that
DEBUG:    255.000000
DEBUG:    0.000000
DEBUG:    that
DEBUG:    255.000000
DEBUG:    0.000000
DEBUG:    that
DEBUG:    255.000000
DEBUG:    0.000000
DEBUG:    that
DEBUG:    255.000000
DEBUG:    0.000000
DEBUG:    that
DEBUG:    255.000000
DEBUG:    0.000000
DEBUG:    that
DEBUG:    255.000000
DEBUG:    0.000000
DEBUG:    that
DEBUG:    255.000000
DEBUG:    0.000000
DEBUG:    that
DEBUG:    255.000000
DEBUG:    0.000000
DEBUG:    that
DEBUG:    255.000000
DEBUG:    0.000000
DEBUG:    that
DEBUG:    255.000000
DEBUG:    0.000000
DEBUG:    that
DEBUG:    255.000000
DEBUG:    0.000000
DEBUG:    that
DEBUG:    255.000000
DEBUG:    0.000000
DEBUG:    that
DEBUG:    255.000000
DEBUG:    0.000000
DEBUG:    that
DEBUG:    255.000000
DEBUG:    0.000000
DEBUG:    that
DEBUG:    255.000000
DEBUG:    0.000000
DEBUG:    that
DEBUG:    255.000000
DEBUG:    0.000000
DEBUG:    that
DEBUG:    255.000000
DEBUG:    0.000000
DEBUG:    that
DEBUG:    255.000000
DEBUG:    0.000000
DEBUG:    that
DEBUG:    255.000000
DEBUG:    0.000000
DEBUG:    that
DEBUG:    255.000000
DEBUG:    0.000000
DEBUG:    that
DEBUG:    255.000000
DEBUG:    0.000000
DEBUG:    that
DEBUG:    255.000000
DEBUG:    0.000000
DEBUG:    that
DEBUG:    255.000000
DEBUG:    0.000000
DEBUG:    that
DEBUG:    255.000000
DEBUG:    0.000000
DEBUG:    that
DEBUG:    255.000000
DEBUG:    0.000000
DEBUG:    that
DEBUG:    255.000000
DEBUG:    0.000000
DEBUG:    that
DEBUG:    255.000000
DEBUG:    0.000000
DEBUG:    that
DEBUG:    255.000000
DEBUG:    0.000000
DEBUG:    that
DEBUG:    255.000000
DEBUG:    0.000000
DEBUG:    that
DEBUG:    255.000000
DEBUG:    0.000000
DEBUG:    that
DEBUG:    255.000000
DEBUG:    0.000000
DEBUG:    that
DEBUG:    255.000000
DEBUG:    0.000000
DEBUG:    that
DEBUG:    255.000000
DEBUG:    0.000000
DEBUG:    that
DEBUG:    255.000000
DEBUG:    0.000000
DEBUG:    that
DEBUG:    255.000000
DEBUG:    0.000000
DEBUG:    that
DEBUG:    255.000000
DEBUG:    0.000000
DEBUG:    that
DEBUG:    255.000000
DEBUG:    0.000000
DEBUG:    that
DEBUG:    255.000000
DEBUG:    0.000000
DEBUG:    that
DEBUG:    255.000000
DEBUG:    0.000000
DEBUG:    that
DEBUG:    255.000000
DEBUG:    0.000000
DEBUG:    that
DEBUG:    255.000000
DEBUG:    0.000000
DEBUG:    that
DEBUG:    255.000000
DEBUG:    0.000000
DEBUG:    that
DEBUG:    255.000000
DEBUG:    0.000000
DEBUG:    that
DEBUG:    255.000000
DEBUG:    0.000000
DEBUG:    that
DEBUG:    255.000000
DEBUG:    0.000000
DEBUG:    that
DEBUG:    255.000000
DEBUG:    0.000000
DEBUG:    that
DEBUG:    FPS: 32
DEBUG:    255.000000
DEBUG:    0.000000
DEBUG:    that
DEBUG:    255.000000
DEBUG:    0.000000
DEBUG:    that
DEBUG:    255.000000
DEBUG:    0.000000
DEBUG:    that
DEBUG:    255.000000
DEBUG:    0.000000
DEBUG:    that
DEBUG:    255.000000
DEBUG:    0.000000
DEBUG:    that
DEBUG:    255.000000
DEBUG:    0.000000
DEBUG:    that
DEBUG:    255.000000
DEBUG:    0.000000
DEBUG:    that
DEBUG:    255.000000
DEBUG:    0.000000
DEBUG:    that
DEBUG:    255.000000
DEBUG:    0.000000
DEBUG:    that
DEBUG:    255.000000
DEBUG:    0.000000
DEBUG:    that
DEBUG:    255.000000
DEBUG:    0.000000
DEBUG:    that
DEBUG:    255.000000
DEBUG:    0.000000
DEBUG:    that
DEBUG:    255.000000
DEBUG:    0.000000
DEBUG:    that
DEBUG:    255.000000
DEBUG:    0.000000
DEBUG:    that
DEBUG:    255.000000
DEBUG:    0.000000
DEBUG:    that
DEBUG:    255.000000
DEBUG:    0.000000
DEBUG:    that
DEBUG:    255.000000
DEBUG:    0.000000
DEBUG:    that
DEBUG:    255.000000
DEBUG:    0.000000
DEBUG:    that
DEBUG:    255.000000
DEBUG:    0.000000
DEBUG:    that
DEBUG:    255.000000
DEBUG:    0.000000
DEBUG:    that
DEBUG:    255.000000
DEBUG:    0.000000
DEBUG:    that
DEBUG:    255.000000
DEBUG:    0.000000
DEBUG:    that
DEBUG:    255.000000
DEBUG:    0.000000
DEBUG:    that
DEBUG:    255.000000
DEBUG:    0.000000
DEBUG:    that
DEBUG:    255.000000
DEBUG:    0.000000
DEBUG:    that
DEBUG:    255.000000
DEBUG:    0.000000
DEBUG:    that
DEBUG:    255.000000
DEBUG:    0.000000
DEBUG:    that
DEBUG:    255.000000
DEBUG:    0.000000
DEBUG:    that
DEBUG:    255.000000
DEBUG:    0.000000
DEBUG:    that
DEBUG:    255.000000
DEBUG:    0.000000
DEBUG:    that
DEBUG:    255.000000
DEBUG:    0.000000
DEBUG:    that
DEBUG:    255.000000
DEBUG:    0.000000
DEBUG:    that
DEBUG:    255.000000
DEBUG:    0.000000
DEBUG:    that
DEBUG:    255.000000
DEBUG:    0.000000
DEBUG:    that
DEBUG:    255.000000
DEBUG:    0.000000
DEBUG:    that
DEBUG:    255.000000
DEBUG:    0.000000
DEBUG:    that
DEBUG:    255.000000
DEBUG:    0.000000
DEBUG:    that
DEBUG:    255.000000
DEBUG:    0.000000
DEBUG:    that
DEBUG:    255.000000
DEBUG:    0.000000
DEBUG:    that
DEBUG:    255.000000
DEBUG:    0.000000
DEBUG:    that
DEBUG:    255.000000
DEBUG:    0.000000
DEBUG:    that
DEBUG:    255.000000
DEBUG:    0.000000
DEBUG:    that
DEBUG:    255.000000
DEBUG:    0.000000
DEBUG:    that
DEBUG:    255.000000
DEBUG:    0.000000
DEBUG:    that
DEBUG:    255.000000
DEBUG:    0.000000
DEBUG:    that
DEBUG:    255.000000
DEBUG:    0.000000
DEBUG:    that
DEBUG:    255.000000
DEBUG:    0.000000
DEBUG:    that
DEBUG:    255.000000
DEBUG:    0.000000
DEBUG:    that
DEBUG:    255.000000
DEBUG:    0.000000
DEBUG:    that
DEBUG:    255.000000
DEBUG:    0.000000
DEBUG:    that
DEBUG:    255.000000
DEBUG:    0.000000
DEBUG:    that
DEBUG:    255.000000
DEBUG:    0.000000
DEBUG:    that
DEBUG:    255.000000
DEBUG:    0.000000
DEBUG:    that
DEBUG:    255.000000
DEBUG:    0.000000
DEBUG:    that
DEBUG:    255.000000
DEBUG:    0.000000
DEBUG:    that
DEBUG:    255.000000
DEBUG:    0.000000
DEBUG:    that
DEBUG:    255.000000
DEBUG:    0.000000
DEBUG:    that
DEBUG:    255.000000
DEBUG:    0.000000
DEBUG:    that
DEBUG:    255.000000
DEBUG:    0.000000
DEBUG:    that
DEBUG:    255.000000
DEBUG:    0.000000
DEBUG:    that
DEBUG:    255.000000
DEBUG:    0.000000
DEBUG:    that
DEBUG:    255.000000
DEBUG:    0.000000
DEBUG:    that
DEBUG:    255.000000
DEBUG:    0.000000
DEBUG:    that
DEBUG:    255.000000
DEBUG:    0.000000
DEBUG:    that
DEBUG:    255.000000
DEBUG:    0.000000
DEBUG:    that
DEBUG:    255.000000
DEBUG:    0.000000
DEBUG:    that
DEBUG:    255.000000
DEBUG:    0.000000
DEBUG:    that
DEBUG:    255.000000
DEBUG:    0.000000
DEBUG:    that
DEBUG:    255.000000
DEBUG:    0.000000
DEBUG:    that
DEBUG:    255.000000
DEBUG:    0.000000
DEBUG:    that
DEBUG:    255.000000
DEBUG:    0.000000
DEBUG:    that
DEBUG:    255.000000
DEBUG:    0.000000
DEBUG:    that
DEBUG:    255.000000
DEBUG:    0.000000
DEBUG:    that
DEBUG:    255.000000
DEBUG:    0.000000
DEBUG:    that
DEBUG:    255.000000
DEBUG:    0.000000
DEBUG:    that
DEBUG:    255.000000
DEBUG:    0.000000
DEBUG:    that
DEBUG:    255.000000
DEBUG:    0.000000
DEBUG:    that
DEBUG:    255.000000
DEBUG:    0.000000
DEBUG:    that
DEBUG:    255.000000
DEBUG:    0.000000
DEBUG:    that
DEBUG:    255.000000
DEBUG:    0.000000
DEBUG:    that
DEBUG:    255.000000
DEBUG:    0.000000
DEBUG:    that
DEBUG:    255.000000
DEBUG:    0.000000
DEBUG:    that
DEBUG:    255.000000
DEBUG:    0.000000
DEBUG:    that
DEBUG:    255.000000
DEBUG:    0.000000
DEBUG:    that
DEBUG:    255.000000
DEBUG:    0.000000
DEBUG:    that
DEBUG:    255.000000
DEBUG:    0.000000
DEBUG:    that
DEBUG:    255.000000
DEBUG:    0.000000
DEBUG:    that
DEBUG:    255.000000
DEBUG:    0.000000
DEBUG:    that
DEBUG:    255.000000
DEBUG:    0.000000
DEBUG:    that
DEBUG:    255.000000
DEBUG:    0.000000
DEBUG:    that
DEBUG:    255.000000
DEBUG:    0.000000
DEBUG:    that
DEBUG:    255.000000
DEBUG:    0.000000
DEBUG:    that
DEBUG:    255.000000
DEBUG:    0.000000
DEBUG:    that
DEBUG:    255.000000
DEBUG:    0.000000
DEBUG:    that
DEBUG:    255.000000
DEBUG:    0.000000
DEBUG:    that
DEBUG:    255.000000
DEBUG:    0.000000
DEBUG:    that
DEBUG:    255.000000
DEBUG:    0.000000
DEBUG:    that
DEBUG:    255.000000
DEBUG:    0.000000
DEBUG:    that
DEBUG:    255.000000
DEBUG:    0.000000
DEBUG:    that
DEBUG:    255.000000
DEBUG:    0.000000
DEBUG:    that
DEBUG:    FPS: 32
DEBUG:    255.000000
DEBUG:    0.000000
DEBUG:    that
DEBUG:    255.000000
DEBUG:    0.000000
DEBUG:    that
DEBUG:    255.000000
DEBUG:    0.000000
DEBUG:    that
DEBUG:    255.000000
DEBUG:    0.000000
DEBUG:    that
DEBUG:    255.000000
DEBUG:    0.000000
DEBUG:    that
DEBUG:    255.000000
DEBUG:    0.000000
DEBUG:    that
DEBUG:    255.000000
DEBUG:    0.000000
DEBUG:    that
DEBUG:    255.000000
DEBUG:    0.000000
DEBUG:    that
DEBUG:    255.000000
DEBUG:    0.000000
DEBUG:    that
DEBUG:    255.000000
DEBUG:    0.000000
DEBUG:    that
DEBUG:    255.000000
DEBUG:    0.000000
DEBUG:    that
DEBUG:    255.000000
DEBUG:    0.000000
DEBUG:    that
DEBUG:    255.000000
DEBUG:    0.000000
DEBUG:    that
DEBUG:    255.000000
DEBUG:    0.000000
DEBUG:    that
DEBUG:    255.000000
DEBUG:    0.000000
DEBUG:    that
DEBUG:    255.000000
DEBUG:    0.000000
DEBUG:    that
DEBUG:    255.000000
DEBUG:    0.000000
DEBUG:    that
DEBUG:    255.000000
DEBUG:    0.000000
DEBUG:    that
DEBUG:    255.000000
DEBUG:    0.000000
DEBUG:    that
DEBUG:    255.000000
DEBUG:    0.000000
DEBUG:    that
DEBUG:    255.000000
DEBUG:    0.000000
DEBUG:    that
DEBUG:    255.000000
DEBUG:    0.000000
DEBUG:    that
DEBUG:    255.000000
DEBUG:    0.000000
DEBUG:    that
DEBUG:    255.000000
DEBUG:    0.000000
DEBUG:    that
DEBUG:    255.000000
DEBUG:    0.000000
DEBUG:    that
DEBUG:    255.000000
DEBUG:    0.000000
DEBUG:    that
DEBUG:    255.000000
DEBUG:    0.000000
DEBUG:    that
DEBUG:    255.000000
DEBUG:    0.000000
DEBUG:    that
DEBUG:    255.000000
DEBUG:    0.000000
DEBUG:    that
DEBUG:    255.000000
DEBUG:    0.000000
DEBUG:    that
DEBUG:    255.000000
DEBUG:    0.000000
DEBUG:    that
DEBUG:    255.000000
DEBUG:    0.000000
DEBUG:    that
DEBUG:    255.000000
DEBUG:    0.000000
DEBUG:    that
DEBUG:    255.000000
DEBUG:    0.000000
DEBUG:    that
DEBUG:    255.000000
DEBUG:    0.000000
DEBUG:    that
DEBUG:    255.000000
DEBUG:    0.000000
DEBUG:    that
DEBUG:    255.000000
DEBUG:    0.000000
DEBUG:    that
DEBUG:    255.000000
DEBUG:    0.000000
DEBUG:    that
DEBUG:    255.000000
DEBUG:    0.000000
DEBUG:    that
DEBUG:    255.000000
DEBUG:    0.000000
DEBUG:    that
DEBUG:    255.000000
DEBUG:    0.000000
DEBUG:    that
DEBUG:    255.000000
DEBUG:    0.000000
DEBUG:    that
DEBUG:    255.000000
DEBUG:    0.000000
DEBUG:    that
DEBUG:    255.000000
DEBUG:    0.000000
DEBUG:    that
DEBUG:    255.000000
DEBUG:    0.000000
DEBUG:    that
DEBUG:    255.000000
DEBUG:    0.000000
DEBUG:    that
DEBUG:    255.000000
DEBUG:    0.000000
DEBUG:    that
DEBUG:    255.000000
DEBUG:    0.000000
DEBUG:    that
DEBUG:    255.000000
DEBUG:    0.000000
DEBUG:    that
DEBUG:    255.000000
DEBUG:    0.000000
DEBUG:    that
DEBUG:    255.000000
DEBUG:    0.000000
DEBUG:    that
DEBUG:    255.000000
DEBUG:    0.000000
DEBUG:    that
DEBUG:    255.000000
DEBUG:    0.000000
DEBUG:    that
DEBUG:    255.000000
DEBUG:    0.000000
DEBUG:    that
DEBUG:    255.000000
DEBUG:    0.000000
DEBUG:    that
DEBUG:    255.000000
DEBUG:    0.000000
DEBUG:    that
DEBUG:    255.000000
DEBUG:    0.000000
DEBUG:    that
DEBUG:    255.000000
DEBUG:    0.000000
DEBUG:    that
DEBUG:    255.000000
DEBUG:    0.000000
DEBUG:    that
DEBUG:    255.000000
DEBUG:    0.000000
DEBUG:    that
DEBUG:    255.000000
DEBUG:    0.000000
DEBUG:    that
DEBUG:    255.000000
DEBUG:    0.000000
DEBUG:    that
DEBUG:    255.000000
DEBUG:    0.000000
DEBUG:    that
DEBUG:    255.000000
DEBUG:    1.000000
DEBUG:    that
DEBUG:    255.000000
DEBUG:    2.000000
DEBUG:    that
DEBUG:    255.000000
DEBUG:    3.000000
DEBUG:    that
DEBUG:    255.000000
DEBUG:    4.000000
DEBUG:    that
DEBUG:    255.000000
DEBUG:    5.000000
DEBUG:    that
DEBUG:    255.000000
DEBUG:    6.000000
DEBUG:    that
DEBUG:    255.000000
DEBUG:    7.000000
DEBUG:    that
DEBUG:    255.000000
DEBUG:    8.000000
DEBUG:    that
DEBUG:    255.000000
DEBUG:    9.000000
DEBUG:    that
DEBUG:    255.000000
DEBUG:    10.000000
DEBUG:    that
DEBUG:    255.000000
DEBUG:    11.000000
DEBUG:    that
DEBUG:    255.000000
DEBUG:    12.000000
DEBUG:    that
DEBUG:    255.000000
DEBUG:    13.000000
DEBUG:    that
DEBUG:    255.000000
DEBUG:    14.000000
DEBUG:    that
DEBUG:    255.000000
DEBUG:    15.000000
DEBUG:    that
DEBUG:    255.000000
DEBUG:    16.000000
DEBUG:    that
DEBUG:    255.000000
DEBUG:    17.000000
DEBUG:    that
DEBUG:    255.000000
DEBUG:    18.000000
DEBUG:    that
DEBUG:    255.000000
DEBUG:    19.000000
DEBUG:    that
DEBUG:    255.000000
DEBUG:    20.000000
DEBUG:    that
DEBUG:    255.000000
DEBUG:    21.000000
DEBUG:    that
DEBUG:    255.000000
DEBUG:    22.000000
DEBUG:    that
DEBUG:    255.000000
DEBUG:    23.000000
DEBUG:    that
DEBUG:    255.000000
DEBUG:    24.000000
DEBUG:    that
DEBUG:    255.000000
DEBUG:    25.000000
DEBUG:    that
DEBUG:    255.000000
DEBUG:    26.000000
DEBUG:    that
DEBUG:    255.000000
DEBUG:    27.000000
DEBUG:    that
DEBUG:    255.000000
DEBUG:    28.000000
DEBUG:    that
DEBUG:    255.000000
DEBUG:    29.000000
DEBUG:    that
DEBUG:    255.000000
DEBUG:    30.000000
DEBUG:    that
DEBUG:    255.000000
DEBUG:    31.000000
DEBUG:    that
DEBUG:    255.000000
DEBUG:    32.000000
DEBUG:    that
DEBUG:    255.000000
DEBUG:    33.000000
DEBUG:    that
DEBUG:    255.000000
DEBUG:    34.000000
DEBUG:    that
DEBUG:    255.000000
DEBUG:    35.000000
DEBUG:    that
DEBUG:    255.000000
DEBUG:    36.000000
DEBUG:    that
DEBUG:    255.000000
DEBUG:    37.000000
DEBUG:    that
DEBUG:    FPS: 30
DEBUG:    255.000000
DEBUG:    38.000000
DEBUG:    that
DEBUG:    255.000000
DEBUG:    39.000000
DEBUG:    that
DEBUG:    255.000000
DEBUG:    40.000000
DEBUG:    that
DEBUG:    255.000000
DEBUG:    41.000000
DEBUG:    that
DEBUG:    255.000000
DEBUG:    42.000000
DEBUG:    that
DEBUG:    255.000000
DEBUG:    43.000000
DEBUG:    that
DEBUG:    255.000000
DEBUG:    44.000000
DEBUG:    that
DEBUG:    255.000000
DEBUG:    45.000000
DEBUG:    that
DEBUG:    255.000000
DEBUG:    46.000000
DEBUG:    that
DEBUG:    255.000000
DEBUG:    47.000000
DEBUG:    that
DEBUG:    255.000000
DEBUG:    48.000000
DEBUG:    that
DEBUG:    255.000000
DEBUG:    49.000000
DEBUG:    that
DEBUG:    255.000000
DEBUG:    50.000000
DEBUG:    that
DEBUG:    255.000000
DEBUG:    51.000000
DEBUG:    that
DEBUG:    255.000000
DEBUG:    52.000000
DEBUG:    that
DEBUG:    255.000000
DEBUG:    53.000000
DEBUG:    that
DEBUG:    255.000000
DEBUG:    54.000000
DEBUG:    that
DEBUG:    255.000000
DEBUG:    55.000000
DEBUG:    that
DEBUG:    255.000000
DEBUG:    56.000000
DEBUG:    that
DEBUG:    255.000000
DEBUG:    57.000000
DEBUG:    that
DEBUG:    255.000000
DEBUG:    58.000000
DEBUG:    that
DEBUG:    255.000000
DEBUG:    59.000000
DEBUG:    that
DEBUG:    255.000000
DEBUG:    60.000000
DEBUG:    that
DEBUG:    255.000000
DEBUG:    61.000000
DEBUG:    that
DEBUG:    255.000000
DEBUG:    62.000000
DEBUG:    that
DEBUG:    255.000000
DEBUG:    63.000000
DEBUG:    that
DEBUG:    255.000000
DEBUG:    64.000000
DEBUG:    that
DEBUG:    255.000000
DEBUG:    65.000000
DEBUG:    that
DEBUG:    255.000000
DEBUG:    66.000000
DEBUG:    that
DEBUG:    255.000000
DEBUG:    67.000000
DEBUG:    that
DEBUG:    255.000000
DEBUG:    68.000000
DEBUG:    that
DEBUG:    255.000000
DEBUG:    69.000000
DEBUG:    that
DEBUG:    255.000000
DEBUG:    70.000000
DEBUG:    that
DEBUG:    255.000000
DEBUG:    71.000000
DEBUG:    that
DEBUG:    255.000000
DEBUG:    72.000000
DEBUG:    that
DEBUG:    255.000000
DEBUG:    73.000000
DEBUG:    that
DEBUG:    255.000000
DEBUG:    74.000000
DEBUG:    that
DEBUG:    255.000000
DEBUG:    75.000000
DEBUG:    that
DEBUG:    255.000000
DEBUG:    76.000000
DEBUG:    that
DEBUG:    255.000000
DEBUG:    77.000000
DEBUG:    that
DEBUG:    255.000000
DEBUG:    78.000000
DEBUG:    that
DEBUG:    255.000000
DEBUG:    79.000000
DEBUG:    that
DEBUG:    255.000000
DEBUG:    80.000000
DEBUG:    that
DEBUG:    255.000000
DEBUG:    81.000000
DEBUG:    that
DEBUG:    255.000000
DEBUG:    82.000000
DEBUG:    that
DEBUG:    255.000000
DEBUG:    83.000000
DEBUG:    that
DEBUG:    255.000000
DEBUG:    84.000000
DEBUG:    that
DEBUG:    255.000000
DEBUG:    85.000000
DEBUG:    that
DEBUG:    255.000000
DEBUG:    86.000000
DEBUG:    that
DEBUG:    255.000000
DEBUG:    87.000000
DEBUG:    that
DEBUG:    255.000000
DEBUG:    88.000000
DEBUG:    that
DEBUG:    255.000000
DEBUG:    89.000000
DEBUG:    that
DEBUG:    255.000000
DEBUG:    90.000000
DEBUG:    that
DEBUG:    255.000000
DEBUG:    91.000000
DEBUG:    that
DEBUG:    255.000000
DEBUG:    92.000000
DEBUG:    that
DEBUG:    255.000000
DEBUG:    93.000000
DEBUG:    that
DEBUG:    255.000000
DEBUG:    94.000000
DEBUG:    that
DEBUG:    255.000000
DEBUG:    95.000000
DEBUG:    that
DEBUG:    255.000000
DEBUG:    96.000000
DEBUG:    that
DEBUG:    255.000000
DEBUG:    97.000000
DEBUG:    that
DEBUG:    255.000000
DEBUG:    98.000000
DEBUG:    that
DEBUG:    255.000000
DEBUG:    99.000000
DEBUG:    that
DEBUG:    255.000000
DEBUG:    100.000000
DEBUG:    that
DEBUG:    255.000000
DEBUG:    101.000000
DEBUG:    that
DEBUG:    255.000000
DEBUG:    102.000000
DEBUG:    that
DEBUG:    255.000000
DEBUG:    103.000000
DEBUG:    that
DEBUG:    255.000000
DEBUG:    104.000000
DEBUG:    that
DEBUG:    255.000000
DEBUG:    105.000000
DEBUG:    that
DEBUG:    255.000000
DEBUG:    106.000000
DEBUG:    that
DEBUG:    255.000000
DEBUG:    107.000000
DEBUG:    that
DEBUG:    255.000000
DEBUG:    108.000000
DEBUG:    that
DEBUG:    255.000000
DEBUG:    109.000000
DEBUG:    that
DEBUG:    255.000000
DEBUG:    110.000000
DEBUG:    that
DEBUG:    255.000000
DEBUG:    111.000000
DEBUG:    that
DEBUG:    255.000000
DEBUG:    112.000000
DEBUG:    that
DEBUG:    255.000000
DEBUG:    113.000000
DEBUG:    that
DEBUG:    255.000000
DEBUG:    114.000000
DEBUG:    that
DEBUG:    255.000000
DEBUG:    115.000000
DEBUG:    that
DEBUG:    255.000000
DEBUG:    116.000000
DEBUG:    that
DEBUG:    255.000000
DEBUG:    117.000000
DEBUG:    that
DEBUG:    255.000000
DEBUG:    118.000000
DEBUG:    that
DEBUG:    255.000000
DEBUG:    119.000000
DEBUG:    that
DEBUG:    255.000000
DEBUG:    120.000000
DEBUG:    that
DEBUG:    255.000000
DEBUG:    121.000000
DEBUG:    that
DEBUG:    255.000000
DEBUG:    122.000000
DEBUG:    that
DEBUG:    255.000000
DEBUG:    123.000000
DEBUG:    that
DEBUG:    255.000000
DEBUG:    124.000000
DEBUG:    that
DEBUG:    255.000000
DEBUG:    125.000000
DEBUG:    that
DEBUG:    255.000000
DEBUG:    126.000000
DEBUG:    that
DEBUG:    255.000000
DEBUG:    127.000000
DEBUG:    that
DEBUG:    255.000000
DEBUG:    128.000000
DEBUG:    that
DEBUG:    255.000000
DEBUG:    129.000000
DEBUG:    that
DEBUG:    255.000000
DEBUG:    130.000000
DEBUG:    that
DEBUG:    255.000000
DEBUG:    131.000000
DEBUG:    that
DEBUG:    255.000000
DEBUG:    132.000000
DEBUG:    that
DEBUG:    255.000000
DEBUG:    133.000000
DEBUG:    that
DEBUG:    255.000000
DEBUG:    134.000000
DEBUG:    that
DEBUG:    255.000000
DEBUG:    135.000000
DEBUG:    that
DEBUG:    255.000000
DEBUG:    136.000000
DEBUG:    that
DEBUG:    255.000000
DEBUG:    137.000000
DEBUG:    that
DEBUG:    FPS: 34
DEBUG:    255.000000
DEBUG:    138.000000
DEBUG:    that
DEBUG:    255.000000
DEBUG:    139.000000
DEBUG:    that
DEBUG:    255.000000
DEBUG:    140.000000
DEBUG:    that
DEBUG:    255.000000
DEBUG:    141.000000
DEBUG:    that
DEBUG:    255.000000
DEBUG:    142.000000
DEBUG:    that
DEBUG:    255.000000
DEBUG:    143.000000
DEBUG:    that
DEBUG:    255.000000
DEBUG:    144.000000
DEBUG:    that
DEBUG:    255.000000
DEBUG:    145.000000
DEBUG:    that
DEBUG:    255.000000
DEBUG:    146.000000
DEBUG:    that
DEBUG:    255.000000
DEBUG:    147.000000
DEBUG:    that
DEBUG:    255.000000
DEBUG:    148.000000
DEBUG:    that
DEBUG:    255.000000
DEBUG:    149.000000
DEBUG:    that
DEBUG:    255.000000
DEBUG:    150.000000
DEBUG:    that
DEBUG:    255.000000
DEBUG:    151.000000
DEBUG:    that
DEBUG:    255.000000
DEBUG:    152.000000
DEBUG:    that
DEBUG:    255.000000
DEBUG:    153.000000
DEBUG:    that
DEBUG:    255.000000
DEBUG:    154.000000
DEBUG:    that
DEBUG:    255.000000
DEBUG:    155.000000
DEBUG:    that
DEBUG:    255.000000
DEBUG:    156.000000
DEBUG:    that
DEBUG:    255.000000
DEBUG:    157.000000
DEBUG:    that
DEBUG:    255.000000
DEBUG:    158.000000
DEBUG:    that
DEBUG:    255.000000
DEBUG:    159.000000
DEBUG:    that
DEBUG:    255.000000
DEBUG:    160.000000
DEBUG:    that
DEBUG:    255.000000
DEBUG:    161.000000
DEBUG:    that
DEBUG:    255.000000
DEBUG:    162.000000
DEBUG:    that
DEBUG:    255.000000
DEBUG:    163.000000
DEBUG:    that
DEBUG:    255.000000
DEBUG:    164.000000
DEBUG:    that
DEBUG:    255.000000
DEBUG:    165.000000
DEBUG:    that
DEBUG:    255.000000
DEBUG:    166.000000
DEBUG:    that
DEBUG:    255.000000
DEBUG:    167.000000
DEBUG:    that
DEBUG:    255.000000
DEBUG:    168.000000
DEBUG:    that
DEBUG:    255.000000
DEBUG:    169.000000
DEBUG:    that
DEBUG:    255.000000
DEBUG:    170.000000
DEBUG:    that
DEBUG:    255.000000
DEBUG:    171.000000
DEBUG:    that
DEBUG:    255.000000
DEBUG:    172.000000
DEBUG:    that
DEBUG:    255.000000
DEBUG:    173.000000
DEBUG:    that
DEBUG:    255.000000
DEBUG:    174.000000
DEBUG:    that
DEBUG:    255.000000
DEBUG:    175.000000
DEBUG:    that
DEBUG:    255.000000
DEBUG:    176.000000
DEBUG:    that
DEBUG:    255.000000
DEBUG:    177.000000
DEBUG:    that
DEBUG:    255.000000
DEBUG:    178.000000
DEBUG:    that
DEBUG:    255.000000
DEBUG:    179.000000
DEBUG:    that
DEBUG:    255.000000
DEBUG:    180.000000
DEBUG:    that
DEBUG:    255.000000
DEBUG:    181.000000
DEBUG:    that
DEBUG:    255.000000
DEBUG:    182.000000
DEBUG:    that
DEBUG:    255.000000
DEBUG:    183.000000
DEBUG:    that
DEBUG:    255.000000
DEBUG:    183.000000
DEBUG:    that
DEBUG:    255.000000
DEBUG:    183.000000
DEBUG:    that
DEBUG:    255.000000
DEBUG:    183.000000
DEBUG:    that
DEBUG:    255.000000
DEBUG:    183.000000
DEBUG:    that
DEBUG:    255.000000
DEBUG:    183.000000
DEBUG:    that
DEBUG:    255.000000
DEBUG:    183.000000
DEBUG:    that
DEBUG:    255.000000
DEBUG:    182.000000
DEBUG:    that
DEBUG:    255.000000
DEBUG:    181.000000
DEBUG:    that
DEBUG:    255.000000
DEBUG:    180.000000
DEBUG:    that
DEBUG:    255.000000
DEBUG:    179.000000
DEBUG:    that
DEBUG:    255.000000
DEBUG:    178.000000
DEBUG:    that
DEBUG:    255.000000
DEBUG:    177.000000
DEBUG:    that
DEBUG:    255.000000
DEBUG:    176.000000
DEBUG:    that
DEBUG:    255.000000
DEBUG:    175.000000
DEBUG:    that
DEBUG:    255.000000
DEBUG:    174.000000
DEBUG:    that
DEBUG:    255.000000
DEBUG:    173.000000
DEBUG:    that
DEBUG:    255.000000
DEBUG:    172.000000
DEBUG:    that
DEBUG:    255.000000
DEBUG:    171.000000
DEBUG:    that
DEBUG:    255.000000
DEBUG:    170.000000
DEBUG:    that
DEBUG:    255.000000
DEBUG:    169.000000
DEBUG:    that
DEBUG:    255.000000
DEBUG:    168.000000
DEBUG:    that
DEBUG:    255.000000
DEBUG:    167.000000
DEBUG:    that
DEBUG:    255.000000
DEBUG:    166.000000
DEBUG:    that
DEBUG:    255.000000
DEBUG:    165.000000
DEBUG:    that
DEBUG:    255.000000
DEBUG:    165.000000
DEBUG:    that
DEBUG:    255.000000
DEBUG:    165.000000
DEBUG:    that
DEBUG:    255.000000
DEBUG:    165.000000
DEBUG:    that
DEBUG:    255.000000
DEBUG:    165.000000
DEBUG:    that
DEBUG:    255.000000
DEBUG:    165.000000
DEBUG:    that
DEBUG:    255.000000
DEBUG:    165.000000
DEBUG:    that
DEBUG:    255.000000
DEBUG:    165.000000
DEBUG:    that
DEBUG:    255.000000
DEBUG:    165.000000
DEBUG:    that
DEBUG:    255.000000
DEBUG:    165.000000
DEBUG:    that
DEBUG:    255.000000
DEBUG:    165.000000
DEBUG:    that
DEBUG:    255.000000
DEBUG:    165.000000
DEBUG:    that
DEBUG:    255.000000
DEBUG:    165.000000
DEBUG:    that
DEBUG:    255.000000
DEBUG:    165.000000
DEBUG:    that
DEBUG:    255.000000
DEBUG:    165.000000
DEBUG:    that
DEBUG:    255.000000
DEBUG:    166.000000
DEBUG:    that
DEBUG:    255.000000
DEBUG:    167.000000
DEBUG:    that
DEBUG:    255.000000
DEBUG:    168.000000
DEBUG:    that
DEBUG:    255.000000
DEBUG:    169.000000
DEBUG:    that
DEBUG:    255.000000
DEBUG:    170.000000
DEBUG:    that
DEBUG:    255.000000
DEBUG:    171.000000
DEBUG:    that
DEBUG:    255.000000
DEBUG:    172.000000
DEBUG:    that
DEBUG:    255.000000
DEBUG:    173.000000
DEBUG:    that
DEBUG:    255.000000
DEBUG:    174.000000
DEBUG:    that
DEBUG:    255.000000
DEBUG:    175.000000
DEBUG:    that
DEBUG:    255.000000
DEBUG:    176.000000
DEBUG:    that
DEBUG:    255.000000
DEBUG:    177.000000
DEBUG:    that
DEBUG:    255.000000
DEBUG:    177.000000
DEBUG:    that
DEBUG:    255.000000
DEBUG:    177.000000
DEBUG:    that
DEBUG:    255.000000
DEBUG:    177.000000
DEBUG:    that
DEBUG:    255.000000
DEBUG:    177.000000
DEBUG:    that
DEBUG:    FPS: 34
DEBUG:    255.000000
DEBUG:    177.000000
DEBUG:    that
DEBUG:    255.000000
DEBUG:    177.000000
DEBUG:    that
DEBUG:    255.000000
DEBUG:    177.000000
DEBUG:    that
DEBUG:    255.000000
DEBUG:    177.000000
DEBUG:    that
DEBUG:    255.000000
DEBUG:    177.000000
DEBUG:    that
DEBUG:    255.000000
DEBUG:    177.000000
DEBUG:    that
DEBUG:    255.000000
DEBUG:    177.000000
DEBUG:    that
DEBUG:    255.000000
DEBUG:    177.000000
DEBUG:    that
DEBUG:    255.000000
DEBUG:    177.000000
DEBUG:    that
DEBUG:    255.000000
DEBUG:    177.000000
DEBUG:    that
DEBUG:    255.000000
DEBUG:    177.000000
DEBUG:    that
DEBUG:    255.000000
DEBUG:    177.000000
DEBUG:    that
DEBUG:    255.000000
DEBUG:    177.000000
DEBUG:    that
DEBUG:    255.000000
DEBUG:    177.000000
DEBUG:    that
DEBUG:    255.000000
DEBUG:    177.000000
DEBUG:    that
DEBUG:    255.000000
DEBUG:    177.000000
DEBUG:    that
DEBUG:    255.000000
DEBUG:    177.000000
DEBUG:    that
DEBUG:    255.000000
DEBUG:    177.000000
DEBUG:    that
DEBUG:    255.000000
DEBUG:    177.000000
DEBUG:    that
DEBUG:    255.000000
DEBUG:    177.000000
DEBUG:    that
DEBUG:    255.000000
DEBUG:    177.000000
DEBUG:    that
DEBUG:    255.000000
DEBUG:    177.000000
DEBUG:    that
DEBUG:    255.000000
DEBUG:    177.000000
DEBUG:    that
DEBUG:    255.000000
DEBUG:    177.000000
DEBUG:    that
DEBUG:    255.000000
DEBUG:    177.000000
DEBUG:    that
DEBUG:    255.000000
DEBUG:    177.000000
DEBUG:    that
DEBUG:    255.000000
DEBUG:    177.000000
DEBUG:    that
DEBUG:    255.000000
DEBUG:    177.000000
DEBUG:    that
DEBUG:    255.000000
DEBUG:    177.000000
DEBUG:    that
DEBUG:    255.000000
DEBUG:    177.000000
DEBUG:    that
DEBUG:    255.000000
DEBUG:    177.000000
DEBUG:    that
DEBUG:    255.000000
DEBUG:    177.000000
DEBUG:    that
DEBUG:    255.000000
DEBUG:    177.000000
DEBUG:    that
DEBUG:    255.000000
DEBUG:    177.000000
DEBUG:    that
DEBUG:    255.000000
DEBUG:    177.000000
DEBUG:    that
DEBUG:    255.000000
DEBUG:    177.000000
DEBUG:    that
DEBUG:    255.000000
DEBUG:    177.000000
DEBUG:    that
DEBUG:    255.000000
DEBUG:    177.000000
DEBUG:    that
DEBUG:    255.000000
DEBUG:    177.000000
DEBUG:    that
DEBUG:    255.000000
DEBUG:    177.000000
DEBUG:    that
DEBUG:    255.000000
DEBUG:    177.000000
DEBUG:    that
DEBUG:    255.000000
DEBUG:    177.000000
DEBUG:    that
DEBUG:    255.000000
DEBUG:    177.000000
DEBUG:    that
DEBUG:    255.000000
DEBUG:    177.000000
DEBUG:    that
DEBUG:    255.000000
DEBUG:    177.000000
DEBUG:    that
DEBUG:    255.000000
DEBUG:    177.000000
DEBUG:    that
DEBUG:    255.000000
DEBUG:    177.000000
DEBUG:    that
DEBUG:    255.000000
DEBUG:    177.000000
DEBUG:    that
DEBUG:    255.000000
DEBUG:    177.000000
DEBUG:    that
DEBUG:    255.000000
DEBUG:    177.000000
DEBUG:    that
DEBUG:    255.000000
DEBUG:    177.000000
DEBUG:    that
DEBUG:    255.000000
DEBUG:    177.000000
DEBUG:    that
DEBUG:    255.000000
DEBUG:    177.000000
DEBUG:    that
DEBUG:    255.000000
DEBUG:    177.000000
DEBUG:    that
DEBUG:    255.000000
DEBUG:    177.000000
DEBUG:    that
DEBUG:    255.000000
DEBUG:    177.000000
DEBUG:    that
DEBUG:    255.000000
DEBUG:    177.000000
DEBUG:    that
DEBUG:    255.000000
DEBUG:    177.000000
DEBUG:    that
DEBUG:    255.000000
DEBUG:    177.000000
DEBUG:    that
DEBUG:    255.000000
DEBUG:    177.000000
DEBUG:    that
DEBUG:    255.000000
DEBUG:    177.000000
DEBUG:    that
DEBUG:    255.000000
DEBUG:    177.000000
DEBUG:    that
DEBUG:    255.000000
DEBUG:    177.000000
DEBUG:    that
DEBUG:    255.000000
DEBUG:    177.000000
DEBUG:    that
DEBUG:    255.000000
DEBUG:    177.000000
DEBUG:    that
DEBUG:    255.000000
DEBUG:    177.000000
DEBUG:    that
DEBUG:    255.000000
DEBUG:    177.000000
DEBUG:    that
DEBUG:    255.000000
DEBUG:    177.000000
DEBUG:    that
DEBUG:    255.000000
DEBUG:    177.000000
DEBUG:    that
DEBUG:    255.000000
DEBUG:    177.000000
DEBUG:    that
DEBUG:    255.000000
DEBUG:    177.000000
DEBUG:    that
DEBUG:    255.000000
DEBUG:    177.000000
DEBUG:    that
DEBUG:    255.000000
DEBUG:    177.000000
DEBUG:    that
DEBUG:    255.000000
DEBUG:    177.000000
DEBUG:    that
DEBUG:    255.000000
DEBUG:    177.000000
DEBUG:    that
DEBUG:    255.000000
DEBUG:    177.000000
DEBUG:    that
DEBUG:    255.000000
DEBUG:    177.000000
DEBUG:    that
DEBUG:    255.000000
DEBUG:    177.000000
DEBUG:    that
DEBUG:    255.000000
DEBUG:    177.000000
DEBUG:    that
DEBUG:    255.000000
DEBUG:    177.000000
DEBUG:    that
DEBUG:    255.000000
DEBUG:    177.000000
DEBUG:    that
DEBUG:    255.000000
DEBUG:    177.000000
DEBUG:    that
DEBUG:    255.000000
DEBUG:    177.000000
DEBUG:    that
DEBUG:    255.000000
DEBUG:    177.000000
DEBUG:    that
DEBUG:    255.000000
DEBUG:    177.000000
DEBUG:    that
DEBUG:    255.000000
DEBUG:    177.000000
DEBUG:    that
DEBUG:    255.000000
DEBUG:    177.000000
DEBUG:    that
DEBUG:    255.000000
DEBUG:    177.000000
DEBUG:    that
DEBUG:    255.000000
DEBUG:    177.000000
DEBUG:    that
DEBUG:    255.000000
DEBUG:    177.000000
DEBUG:    that
DEBUG:    255.000000
DEBUG:    177.000000
DEBUG:    that
DEBUG:    255.000000
DEBUG:    177.000000
DEBUG:    that
DEBUG:    255.000000
DEBUG:    177.000000
DEBUG:    that
DEBUG:    255.000000
DEBUG:    177.000000
DEBUG:    that
DEBUG:    255.000000
DEBUG:    177.000000
DEBUG:    that
DEBUG:    255.000000
DEBUG:    177.000000
DEBUG:    that
DEBUG:    255.000000
DEBUG:    177.000000
DEBUG:    that
DEBUG:    255.000000
DEBUG:    177.000000
DEBUG:    that
DEBUG:    255.000000
DEBUG:    177.000000
DEBUG:    that
DEBUG:    255.000000
DEBUG:    177.000000
DEBUG:    that
DEBUG:    FPS: 34
DEBUG:    255.000000
DEBUG:    177.000000
DEBUG:    that
DEBUG:    255.000000
DEBUG:    177.000000
DEBUG:    that
DEBUG:    255.000000
DEBUG:    177.000000
DEBUG:    that
DEBUG:    255.000000
DEBUG:    177.000000
DEBUG:    that
DEBUG:    255.000000
DEBUG:    177.000000
DEBUG:    that
DEBUG:    255.000000
DEBUG:    177.000000
DEBUG:    that
DEBUG:    255.000000
DEBUG:    177.000000
DEBUG:    that
DEBUG:    255.000000
DEBUG:    177.000000
DEBUG:    that
DEBUG:    255.000000
DEBUG:    177.000000
DEBUG:    that
DEBUG:    255.000000
DEBUG:    177.000000
DEBUG:    that
DEBUG:    255.000000
DEBUG:    177.000000
DEBUG:    that
DEBUG:    255.000000
DEBUG:    177.000000
DEBUG:    that
DEBUG:    255.000000
DEBUG:    177.000000
DEBUG:    that
DEBUG:    255.000000
DEBUG:    177.000000
DEBUG:    that
DEBUG:    255.000000
DEBUG:    177.000000
DEBUG:    that
DEBUG:    255.000000
DEBUG:    177.000000
DEBUG:    that
DEBUG:    255.000000
DEBUG:    177.000000
DEBUG:    that
DEBUG:    255.000000
DEBUG:    177.000000
DEBUG:    that
DEBUG:    255.000000
DEBUG:    177.000000
DEBUG:    that
DEBUG:    255.000000
DEBUG:    177.000000
DEBUG:    that
DEBUG:    255.000000
DEBUG:    177.000000
DEBUG:    that
DEBUG:    255.000000
DEBUG:    177.000000
DEBUG:    that
DEBUG:    255.000000
DEBUG:    177.000000
DEBUG:    that
DEBUG:    255.000000
DEBUG:    177.000000
DEBUG:    that
DEBUG:    255.000000
DEBUG:    177.000000
DEBUG:    that
DEBUG:    255.000000
DEBUG:    177.000000
DEBUG:    that
DEBUG:    255.000000
DEBUG:    177.000000
DEBUG:    that
DEBUG:    255.000000
DEBUG:    177.000000
DEBUG:    that
DEBUG:    255.000000
DEBUG:    177.000000
DEBUG:    that
DEBUG:    255.000000
DEBUG:    177.000000
DEBUG:    that
DEBUG:    255.000000
DEBUG:    177.000000
DEBUG:    that
DEBUG:    255.000000
DEBUG:    177.000000
DEBUG:    that
DEBUG:    255.000000
DEBUG:    177.000000
DEBUG:    that
DEBUG:    255.000000
DEBUG:    177.000000
DEBUG:    that
DEBUG:    255.000000
DEBUG:    177.000000
DEBUG:    that
DEBUG:    255.000000
DEBUG:    177.000000
DEBUG:    that
DEBUG:    255.000000
DEBUG:    177.000000
DEBUG:    that
DEBUG:    255.000000
DEBUG:    177.000000
DEBUG:    that
DEBUG:    255.000000
DEBUG:    177.000000
DEBUG:    that
DEBUG:    255.000000
DEBUG:    177.000000
DEBUG:    that
DEBUG:    255.000000
DEBUG:    177.000000
DEBUG:    that
DEBUG:    255.000000
DEBUG:    177.000000
DEBUG:    that
DEBUG:    255.000000
DEBUG:    177.000000
DEBUG:    that
DEBUG:    255.000000
DEBUG:    177.000000
DEBUG:    that
DEBUG:    255.000000
DEBUG:    177.000000
DEBUG:    that
DEBUG:    255.000000
DEBUG:    177.000000
DEBUG:    that
DEBUG:    255.000000
DEBUG:    177.000000
DEBUG:    that
DEBUG:    255.000000
DEBUG:    177.000000
DEBUG:    that
DEBUG:    255.000000
DEBUG:    177.000000
DEBUG:    that
DEBUG:    255.000000
DEBUG:    177.000000
DEBUG:    that
DEBUG:    255.000000
DEBUG:    177.000000
DEBUG:    that
DEBUG:    255.000000
DEBUG:    177.000000
DEBUG:    that
DEBUG:    255.000000
DEBUG:    177.000000
DEBUG:    that
DEBUG:    255.000000
DEBUG:    177.000000
DEBUG:    that
DEBUG:    255.000000
DEBUG:    177.000000
DEBUG:    that
DEBUG:    255.000000
DEBUG:    177.000000
DEBUG:    that
DEBUG:    255.000000
DEBUG:    177.000000
DEBUG:    that
DEBUG:    255.000000
DEBUG:    177.000000
DEBUG:    that
DEBUG:    255.000000
DEBUG:    177.000000
DEBUG:    that
DEBUG:    255.000000
DEBUG:    177.000000
DEBUG:    that
DEBUG:    255.000000
DEBUG:    177.000000
DEBUG:    that
DEBUG:    255.000000
DEBUG:    177.000000
DEBUG:    that
DEBUG:    255.000000
DEBUG:    177.000000
DEBUG:    that
DEBUG:    255.000000
DEBUG:    177.000000
DEBUG:    that
DEBUG:    255.000000
DEBUG:    177.000000
DEBUG:    that
DEBUG:    255.000000
DEBUG:    177.000000
DEBUG:    that
DEBUG:    255.000000
DEBUG:    177.000000
DEBUG:    that
DEBUG:    255.000000
DEBUG:    177.000000
DEBUG:    that
DEBUG:    255.000000
DEBUG:    177.000000
DEBUG:    that
DEBUG:    255.000000
DEBUG:    177.000000
DEBUG:    that
DEBUG:    255.000000
DEBUG:    177.000000
DEBUG:    that
DEBUG:    255.000000
DEBUG:    177.000000
DEBUG:    that
DEBUG:    255.000000
DEBUG:    177.000000
DEBUG:    that
DEBUG:    255.000000
DEBUG:    177.000000
DEBUG:    that
DEBUG:    255.000000
DEBUG:    177.000000
DEBUG:    that
DEBUG:    255.000000
DEBUG:    177.000000
DEBUG:    that
DEBUG:    255.000000
DEBUG:    177.000000
DEBUG:    that
DEBUG:    255.000000
DEBUG:    177.000000
DEBUG:    that
DEBUG:    255.000000
DEBUG:    177.000000
DEBUG:    that
DEBUG:    255.000000
DEBUG:    177.000000
DEBUG:    that
DEBUG:    255.000000
DEBUG:    177.000000
DEBUG:    that
DEBUG:    255.000000
DEBUG:    177.000000
DEBUG:    that
DEBUG:    255.000000
DEBUG:    177.000000
DEBUG:    that
DEBUG:    255.000000
DEBUG:    177.000000
DEBUG:    that
DEBUG:    255.000000
DEBUG:    177.000000
DEBUG:    that
DEBUG:    255.000000
DEBUG:    177.000000
DEBUG:    that
DEBUG:    255.000000
DEBUG:    177.000000
DEBUG:    that
DEBUG:    255.000000
DEBUG:    177.000000
DEBUG:    that
DEBUG:    255.000000
DEBUG:    177.000000
DEBUG:    that
DEBUG:    255.000000
DEBUG:    177.000000
DEBUG:    that
DEBUG:    255.000000
DEBUG:    177.000000
DEBUG:    that
DEBUG:    255.000000
DEBUG:    177.000000
DEBUG:    that
DEBUG:    255.000000
DEBUG:    177.000000
DEBUG:    that
DEBUG:    255.000000
DEBUG:    177.000000
DEBUG:    that
DEBUG:    255.000000
DEBUG:    177.000000
DEBUG:    that
DEBUG:    255.000000
DEBUG:    177.000000
DEBUG:    that
DEBUG:    255.000000
DEBUG:    177.000000
DEBUG:    that
DEBUG:    255.000000
DEBUG:    177.000000
DEBUG:    that
DEBUG:    255.000000
DEBUG:    177.000000
DEBUG:    that
DEBUG:    255.000000
DEBUG:    177.000000
DEBUG:    that
DEBUG:    FPS: 34
DEBUG:    255.000000
DEBUG:    177.000000
DEBUG:    that
DEBUG:    255.000000
DEBUG:    177.000000
DEBUG:    that
DEBUG:    255.000000
DEBUG:    177.000000
DEBUG:    that
DEBUG:    255.000000
DEBUG:    177.000000
DEBUG:    that
DEBUG:    255.000000
DEBUG:    177.000000
DEBUG:    that
DEBUG:    255.000000
DEBUG:    177.000000
DEBUG:    that
DEBUG:    255.000000
DEBUG:    177.000000
DEBUG:    that
DEBUG:    255.000000
DEBUG:    177.000000
DEBUG:    that
DEBUG:    255.000000
DEBUG:    177.000000
DEBUG:    that
DEBUG:    255.000000
DEBUG:    177.000000
DEBUG:    that
DEBUG:    255.000000
DEBUG:    177.000000
DEBUG:    that
DEBUG:    255.000000
DEBUG:    177.000000
DEBUG:    that
DEBUG:    255.000000
DEBUG:    177.000000
DEBUG:    that
DEBUG:    255.000000
DEBUG:    177.000000
DEBUG:    that
DEBUG:    255.000000
DEBUG:    177.000000
DEBUG:    that
DEBUG:    255.000000
DEBUG:    177.000000
DEBUG:    that
DEBUG:    255.000000
DEBUG:    177.000000
DEBUG:    that
DEBUG:    255.000000
DEBUG:    177.000000
DEBUG:    that
DEBUG:    255.000000
DEBUG:    177.000000
DEBUG:    that
DEBUG:    255.000000
DEBUG:    177.000000
DEBUG:    that
DEBUG:    255.000000
DEBUG:    177.000000
DEBUG:    that
DEBUG:    255.000000
DEBUG:    177.000000
DEBUG:    that
DEBUG:    255.000000
DEBUG:    177.000000
DEBUG:    that
DEBUG:    255.000000
DEBUG:    177.000000
DEBUG:    that
DEBUG:    255.000000
DEBUG:    177.000000
DEBUG:    that
DEBUG:    255.000000
DEBUG:    177.000000
DEBUG:    that
DEBUG:    255.000000
DEBUG:    177.000000
DEBUG:    that
DEBUG:    255.000000
DEBUG:    177.000000
DEBUG:    that
DEBUG:    255.000000
DEBUG:    177.000000
DEBUG:    that
DEBUG:    255.000000
DEBUG:    177.000000
DEBUG:    that
DEBUG:    255.000000
DEBUG:    177.000000
DEBUG:    that
DEBUG:    255.000000
DEBUG:    177.000000
DEBUG:    that
DEBUG:    255.000000
DEBUG:    177.000000
DEBUG:    that
DEBUG:    255.000000
DEBUG:    177.000000
DEBUG:    that
DEBUG:    255.000000
DEBUG:    177.000000
DEBUG:    that
DEBUG:    255.000000
DEBUG:    177.000000
DEBUG:    that
DEBUG:    255.000000
DEBUG:    177.000000
DEBUG:    that
DEBUG:    255.000000
DEBUG:    177.000000
DEBUG:    that
DEBUG:    255.000000
DEBUG:    177.000000
DEBUG:    that
DEBUG:    255.000000
DEBUG:    177.000000
DEBUG:    that
DEBUG:    255.000000
DEBUG:    177.000000
DEBUG:    that
DEBUG:    255.000000
DEBUG:    177.000000
DEBUG:    that
DEBUG:    255.000000
DEBUG:    177.000000
DEBUG:    that
DEBUG:    255.000000
DEBUG:    177.000000
DEBUG:    that
DEBUG:    255.000000
DEBUG:    177.000000
DEBUG:    that
DEBUG:    255.000000
DEBUG:    177.000000
DEBUG:    that
DEBUG:    255.000000
DEBUG:    177.000000
DEBUG:    that
DEBUG:    255.000000
DEBUG:    177.000000
DEBUG:    that
DEBUG:    255.000000
DEBUG:    177.000000
DEBUG:    that
DEBUG:    255.000000
DEBUG:    177.000000
DEBUG:    that
DEBUG:    255.000000
DEBUG:    177.000000
DEBUG:    that
DEBUG:    255.000000
DEBUG:    177.000000
DEBUG:    that
DEBUG:    255.000000
DEBUG:    177.000000
DEBUG:    that
DEBUG:    255.000000
DEBUG:    177.000000
DEBUG:    that
DEBUG:    255.000000
DEBUG:    177.000000
DEBUG:    that
DEBUG:    255.000000
DEBUG:    177.000000
DEBUG:    that
DEBUG:    255.000000
DEBUG:    177.000000
DEBUG:    that
DEBUG:    255.000000
DEBUG:    177.000000
DEBUG:    that
DEBUG:    255.000000
DEBUG:    177.000000
DEBUG:    that
DEBUG:    255.000000
DEBUG:    177.000000
DEBUG:    that
DEBUG:    255.000000
DEBUG:    177.000000
DEBUG:    that
DEBUG:    255.000000
DEBUG:    177.000000
DEBUG:    that
DEBUG:    255.000000
DEBUG:    177.000000
DEBUG:    that
DEBUG:    255.000000
DEBUG:    177.000000
DEBUG:    that
DEBUG:    255.000000
DEBUG:    177.000000
DEBUG:    that
DEBUG:    255.000000
DEBUG:    177.000000
DEBUG:    that
DEBUG:    255.000000
DEBUG:    177.000000
DEBUG:    that
DEBUG:    245.000000
DEBUG:    177.000000
DEBUG:    that
DEBUG:    235.000000
DEBUG:    177.000000
DEBUG:    that
DEBUG:    225.000000
DEBUG:    177.000000
DEBUG:    that
DEBUG:    215.000000
DEBUG:    177.000000
DEBUG:    that
DEBUG:    205.000000
DEBUG:    177.000000
DEBUG:    that
DEBUG:    195.000000
DEBUG:    177.000000
DEBUG:    that
DEBUG:    185.000000
DEBUG:    177.000000
DEBUG:    that
DEBUG:    175.000000
DEBUG:    177.000000
DEBUG:    that
DEBUG:    165.000000
DEBUG:    177.000000
DEBUG:    that
DEBUG:    155.000000
DEBUG:    177.000000
DEBUG:    that
DEBUG:    145.000000
DEBUG:    177.000000
DEBUG:    that
DEBUG:    135.000000
DEBUG:    177.000000
DEBUG:    that
DEBUG:    125.000000
DEBUG:    177.000000
DEBUG:    that
DEBUG:    115.000000
DEBUG:    177.000000
DEBUG:    that
DEBUG:    105.000000
DEBUG:    177.000000
DEBUG:    that
DEBUG:    95.000000
DEBUG:    177.000000
DEBUG:    that
DEBUG:    85.000000
DEBUG:    177.000000
DEBUG:    that
DEBUG:    75.000000
DEBUG:    177.000000
DEBUG:    that
DEBUG:    65.000000
DEBUG:    177.000000
DEBUG:    that
DEBUG:    55.000000
DEBUG:    177.000000
DEBUG:    that
DEBUG:    45.000000
DEBUG:    177.000000
DEBUG:    that
DEBUG:    35.000000
DEBUG:    177.000000
DEBUG:    that
DEBUG:    25.000000
DEBUG:    177.000000
DEBUG:    that
DEBUG:    15.000000
DEBUG:    177.000000
DEBUG:    that
DEBUG:    5.000000
DEBUG:    177.000000
DEBUG:    that
DEBUG:    0.000000
DEBUG:    177.000000
DEBUG:    that
DEBUG:    0.000000
DEBUG:    177.000000
DEBUG:    that
DEBUG:    0.000000
DEBUG:    177.000000
DEBUG:    that
DEBUG:    0.000000
DEBUG:    177.000000
DEBUG:    that
DEBUG:    0.000000
DEBUG:    177.000000
DEBUG:    that
DEBUG:    0.000000
DEBUG:    177.000000
DEBUG:    that
DEBUG:    0.000000
DEBUG:    177.000000
DEBUG:    that
DEBUG:    0.000000
DEBUG:    177.000000
DEBUG:    that
DEBUG:    FPS: 35
DEBUG:    0.000000
DEBUG:    177.000000
DEBUG:    that
DEBUG:    0.000000
DEBUG:    177.000000
DEBUG:    that
DEBUG:    0.000000
DEBUG:    177.000000
DEBUG:    that
DEBUG:    0.000000
DEBUG:    177.000000
DEBUG:    that
DEBUG:    0.000000
DEBUG:    177.000000
DEBUG:    that
DEBUG:    0.000000
DEBUG:    177.000000
DEBUG:    that
DEBUG:    0.000000
DEBUG:    177.000000
DEBUG:    that
DEBUG:    0.000000
DEBUG:    177.000000
DEBUG:    that
DEBUG:    0.000000
DEBUG:    177.000000
DEBUG:    that
DEBUG:    0.000000
DEBUG:    177.000000
DEBUG:    that
DEBUG:    0.000000
DEBUG:    177.000000
DEBUG:    that
DEBUG:    0.000000
DEBUG:    177.000000
DEBUG:    that
DEBUG:    0.000000
DEBUG:    177.000000
DEBUG:    that
DEBUG:    0.000000
DEBUG:    177.000000
DEBUG:    that
DEBUG:    0.000000
DEBUG:    177.000000
DEBUG:    that
DEBUG:    0.000000
DEBUG:    177.000000
DEBUG:    that
DEBUG:    0.000000
DEBUG:    177.000000
DEBUG:    that
DEBUG:    0.000000
DEBUG:    177.000000
DEBUG:    that
DEBUG:    0.000000
DEBUG:    177.000000
DEBUG:    that
DEBUG:    0.000000
DEBUG:    177.000000
DEBUG:    that
DEBUG:    0.000000
DEBUG:    177.000000
DEBUG:    that
DEBUG:    0.000000
DEBUG:    177.000000
DEBUG:    that
DEBUG:    0.000000
DEBUG:    177.000000
DEBUG:    that
DEBUG:    0.000000
DEBUG:    177.000000
DEBUG:    that
DEBUG:    0.000000
DEBUG:    177.000000
DEBUG:    that
DEBUG:    0.000000
DEBUG:    177.000000
DEBUG:    that
DEBUG:    0.000000
DEBUG:    177.000000
DEBUG:    that
DEBUG:    0.000000
DEBUG:    177.000000
DEBUG:    that
DEBUG:    0.000000
DEBUG:    177.000000
DEBUG:    that
DEBUG:    0.000000
DEBUG:    177.000000
DEBUG:    that
DEBUG:    0.000000
DEBUG:    177.000000
DEBUG:    that
DEBUG:    0.000000
DEBUG:    177.000000
DEBUG:    that
DEBUG:    0.000000
DEBUG:    177.000000
DEBUG:    that
DEBUG:    0.000000
DEBUG:    177.000000
DEBUG:    that
DEBUG:    0.000000
DEBUG:    177.000000
DEBUG:    that
DEBUG:    10.000000
DEBUG:    177.000000
DEBUG:    that
DEBUG:    20.000000
DEBUG:    177.000000
DEBUG:    that
DEBUG:    30.000000
DEBUG:    177.000000
DEBUG:    that
DEBUG:    40.000000
DEBUG:    177.000000
DEBUG:    that
DEBUG:    50.000000
DEBUG:    177.000000
DEBUG:    that
DEBUG:    60.000000
DEBUG:    177.000000
DEBUG:    that
DEBUG:    70.000000
DEBUG:    177.000000
DEBUG:    that
DEBUG:    80.000000
DEBUG:    177.000000
DEBUG:    that
DEBUG:    90.000000
DEBUG:    177.000000
DEBUG:    that
DEBUG:    100.000000
DEBUG:    177.000000
DEBUG:    that
DEBUG:    110.000000
DEBUG:    177.000000
DEBUG:    that
DEBUG:    120.000000
DEBUG:    177.000000
DEBUG:    that
DEBUG:    130.000000
DEBUG:    177.000000
DEBUG:    that
DEBUG:    140.000000
DEBUG:    177.000000
DEBUG:    that
DEBUG:    150.000000
DEBUG:    177.000000
DEBUG:    that
DEBUG:    160.000000
DEBUG:    177.000000
DEBUG:    that
DEBUG:    170.000000
DEBUG:    177.000000
DEBUG:    that
DEBUG:    180.000000
DEBUG:    177.000000
DEBUG:    that
DEBUG:    190.000000
DEBUG:    177.000000
DEBUG:    that
DEBUG:    200.000000
DEBUG:    177.000000
DEBUG:    that
DEBUG:    210.000000
DEBUG:    177.000000
DEBUG:    that
DEBUG:    220.000000
DEBUG:    177.000000
DEBUG:    that
DEBUG:    230.000000
DEBUG:    177.000000
DEBUG:    that
DEBUG:    240.000000
DEBUG:    177.000000
DEBUG:    that
DEBUG:    250.000000
DEBUG:    177.000000
DEBUG:    that
DEBUG:    255.000000
DEBUG:    177.000000
DEBUG:    that
DEBUG:    255.000000
DEBUG:    177.000000
DEBUG:    that
DEBUG:    255.000000
DEBUG:    177.000000
DEBUG:    that
DEBUG:    255.000000
DEBUG:    177.000000
DEBUG:    that
DEBUG:    255.000000
DEBUG:    177.000000
DEBUG:    that
DEBUG:    255.000000
DEBUG:    177.000000
DEBUG:    that
DEBUG:    255.000000
DEBUG:    177.000000
DEBUG:    that
DEBUG:    255.000000
DEBUG:    177.000000
DEBUG:    that
DEBUG:    255.000000
DEBUG:    177.000000
DEBUG:    that
DEBUG:    255.000000
DEBUG:    177.000000
DEBUG:    that
DEBUG:    255.000000
DEBUG:    177.000000
DEBUG:    that
DEBUG:    255.000000
DEBUG:    177.000000
DEBUG:    that
DEBUG:    255.000000
DEBUG:    177.000000
DEBUG:    that
DEBUG:    255.000000
DEBUG:    177.000000
DEBUG:    that
DEBUG:    255.000000
DEBUG:    177.000000
DEBUG:    that
DEBUG:    255.000000
DEBUG:    177.000000
DEBUG:    that
DEBUG:    255.000000
DEBUG:    177.000000
DEBUG:    that
DEBUG:    255.000000
DEBUG:    177.000000
DEBUG:    that
DEBUG:    255.000000
DEBUG:    177.000000
DEBUG:    that
DEBUG:    255.000000
DEBUG:    177.000000
DEBUG:    that
DEBUG:    255.000000
DEBUG:    177.000000
DEBUG:    that
DEBUG:    255.000000
DEBUG:    177.000000
DEBUG:    that
DEBUG:    255.000000
DEBUG:    177.000000
DEBUG:    that
DEBUG:    255.000000
DEBUG:    177.000000
DEBUG:    that
DEBUG:    255.000000
DEBUG:    177.000000
DEBUG:    that
DEBUG:    255.000000
DEBUG:    177.000000
DEBUG:    that
DEBUG:    255.000000
DEBUG:    177.000000
DEBUG:    that
DEBUG:    255.000000
DEBUG:    177.000000
DEBUG:    that
DEBUG:    255.000000
DEBUG:    177.000000
DEBUG:    that
DEBUG:    255.000000
DEBUG:    177.000000
DEBUG:    that
DEBUG:    255.000000
DEBUG:    177.000000
DEBUG:    that
DEBUG:    255.000000
DEBUG:    177.000000
DEBUG:    that
DEBUG:    255.000000
DEBUG:    177.000000
DEBUG:    that
DEBUG:    255.000000
DEBUG:    177.000000
DEBUG:    that
DEBUG:    255.000000
DEBUG:    177.000000
DEBUG:    that
DEBUG:    255.000000
DEBUG:    177.000000
DEBUG:    that
DEBUG:    255.000000
DEBUG:    177.000000
DEBUG:    that
DEBUG:    255.000000
DEBUG:    177.000000
DEBUG:    that
DEBUG:    255.000000
DEBUG:    177.000000
DEBUG:    that
DEBUG:    FPS: 36
DEBUG:    255.000000
DEBUG:    177.000000
DEBUG:    that
DEBUG:    255.000000
DEBUG:    177.000000
DEBUG:    that
DEBUG:    255.000000
DEBUG:    177.000000
DEBUG:    that
DEBUG:    255.000000
DEBUG:    177.000000
DEBUG:    that
DEBUG:    255.000000
DEBUG:    177.000000
DEBUG:    that
DEBUG:    255.000000
DEBUG:    177.000000
DEBUG:    that
DEBUG:    255.000000
DEBUG:    177.000000
DEBUG:    that
DEBUG:    255.000000
DEBUG:    177.000000
DEBUG:    that
DEBUG:    255.000000
DEBUG:    177.000000
DEBUG:    that
DEBUG:    255.000000
DEBUG:    177.000000
DEBUG:    that
DEBUG:    255.000000
DEBUG:    177.000000
DEBUG:    that
DEBUG:    255.000000
DEBUG:    177.000000
DEBUG:    that
DEBUG:    255.000000
DEBUG:    177.000000
DEBUG:    that
DEBUG:    255.000000
DEBUG:    177.000000
DEBUG:    that
DEBUG:    255.000000
DEBUG:    177.000000
DEBUG:    that
DEBUG:    255.000000
DEBUG:    177.000000
DEBUG:    that
DEBUG:    255.000000
DEBUG:    177.000000
DEBUG:    that
DEBUG:    255.000000
DEBUG:    177.000000
DEBUG:    that
DEBUG:    255.000000
DEBUG:    177.000000
DEBUG:    that
DEBUG:    255.000000
DEBUG:    177.000000
DEBUG:    that
DEBUG:    255.000000
DEBUG:    177.000000
DEBUG:    that
DEBUG:    255.000000
DEBUG:    177.000000
DEBUG:    that
DEBUG:    255.000000
DEBUG:    177.000000
DEBUG:    that
DEBUG:    255.000000
DEBUG:    177.000000
DEBUG:    that
DEBUG:    255.000000
DEBUG:    177.000000
DEBUG:    that
DEBUG:    255.000000
DEBUG:    177.000000
DEBUG:    that
DEBUG:    255.000000
DEBUG:    177.000000
DEBUG:    that
DEBUG:    255.000000
DEBUG:    177.000000
DEBUG:    that
DEBUG:    255.000000
DEBUG:    177.000000
DEBUG:    that
DEBUG:    255.000000
DEBUG:    177.000000
DEBUG:    that
DEBUG:    255.000000
DEBUG:    177.000000
DEBUG:    that
DEBUG:    255.000000
DEBUG:    177.000000
DEBUG:    that
DEBUG:    255.000000
DEBUG:    177.000000
DEBUG:    that
DEBUG:    255.000000
DEBUG:    177.000000
DEBUG:    that
DEBUG:    255.000000
DEBUG:    177.000000
DEBUG:    that
DEBUG:    255.000000
DEBUG:    177.000000
DEBUG:    that
DEBUG:    255.000000
DEBUG:    177.000000
DEBUG:    that
DEBUG:    255.000000
DEBUG:    177.000000
DEBUG:    that
DEBUG:    255.000000
DEBUG:    177.000000
DEBUG:    that
DEBUG:    255.000000
DEBUG:    177.000000
DEBUG:    that
DEBUG:    255.000000
DEBUG:    177.000000
DEBUG:    that
DEBUG:    255.000000
DEBUG:    177.000000
DEBUG:    that
DEBUG:    255.000000
DEBUG:    177.000000
DEBUG:    that
DEBUG:    255.000000
DEBUG:    177.000000
DEBUG:    that
DEBUG:    255.000000
DEBUG:    177.000000
DEBUG:    that
DEBUG:    255.000000
DEBUG:    177.000000
DEBUG:    that
DEBUG:    255.000000
DEBUG:    177.000000
DEBUG:    that
DEBUG:    255.000000
DEBUG:    177.000000
DEBUG:    that
DEBUG:    255.000000
DEBUG:    177.000000
DEBUG:    that
DEBUG:    255.000000
DEBUG:    177.000000
DEBUG:    that
DEBUG:    255.000000
DEBUG:    177.000000
DEBUG:    that
DEBUG:    255.000000
DEBUG:    177.000000
DEBUG:    that
DEBUG:    255.000000
DEBUG:    177.000000
DEBUG:    that
DEBUG:    255.000000
DEBUG:    177.000000
DEBUG:    that
DEBUG:    255.000000
DEBUG:    177.000000
DEBUG:    that
DEBUG:    255.000000
DEBUG:    177.000000
DEBUG:    that
DEBUG:    255.000000
DEBUG:    177.000000
DEBUG:    that
DEBUG:    255.000000
DEBUG:    177.000000
DEBUG:    that
DEBUG:    255.000000
DEBUG:    177.000000
DEBUG:    that
DEBUG:    255.000000
DEBUG:    177.000000
DEBUG:    that
DEBUG:    255.000000
DEBUG:    177.000000
DEBUG:    that
DEBUG:    255.000000
DEBUG:    177.000000
DEBUG:    that
DEBUG:    255.000000
DEBUG:    177.000000
DEBUG:    that
DEBUG:    255.000000
DEBUG:    177.000000
DEBUG:    that
DEBUG:    255.000000
DEBUG:    177.000000
DEBUG:    that
DEBUG:    255.000000
DEBUG:    177.000000
DEBUG:    that
DEBUG:    255.000000
DEBUG:    177.000000
DEBUG:    that
DEBUG:    255.000000
DEBUG:    177.000000
DEBUG:    that
DEBUG:    255.000000
DEBUG:    177.000000
DEBUG:    that
DEBUG:    255.000000
DEBUG:    177.000000
DEBUG:    that
DEBUG:    255.000000
DEBUG:    177.000000
DEBUG:    that
DEBUG:    255.000000
DEBUG:    177.000000
DEBUG:    that
DEBUG:    255.000000
DEBUG:    177.000000
DEBUG:    that
DEBUG:    255.000000
DEBUG:    177.000000
DEBUG:    that
DEBUG:    255.000000
DEBUG:    177.000000
DEBUG:    that
DEBUG:    255.000000
DEBUG:    177.000000
DEBUG:    that
DEBUG:    255.000000
DEBUG:    177.000000
DEBUG:    that
DEBUG:    255.000000
DEBUG:    177.000000
DEBUG:    that
DEBUG:    255.000000
DEBUG:    177.000000
DEBUG:    that
DEBUG:    255.000000
DEBUG:    177.000000
DEBUG:    that
DEBUG:    255.000000
DEBUG:    177.000000
DEBUG:    that
DEBUG:    255.000000
DEBUG:    177.000000
DEBUG:    that
DEBUG:    255.000000
DEBUG:    177.000000
DEBUG:    that
DEBUG:    255.000000
DEBUG:    177.000000
DEBUG:    that
DEBUG:    255.000000
DEBUG:    177.000000
DEBUG:    that
DEBUG:    255.000000
DEBUG:    177.000000
DEBUG:    that
DEBUG:    255.000000
DEBUG:    177.000000
DEBUG:    that
DEBUG:    255.000000
DEBUG:    177.000000
DEBUG:    that
DEBUG:    255.000000
DEBUG:    177.000000
DEBUG:    that
DEBUG:    255.000000
DEBUG:    177.000000
DEBUG:    that
DEBUG:    255.000000
DEBUG:    177.000000
DEBUG:    that
DEBUG:    255.000000
DEBUG:    177.000000
DEBUG:    that
DEBUG:    255.000000
DEBUG:    177.000000
DEBUG:    that
DEBUG:    255.000000
DEBUG:    177.000000
DEBUG:    that
DEBUG:    255.000000
DEBUG:    177.000000
DEBUG:    that
DEBUG:    255.000000
DEBUG:    177.000000
DEBUG:    that
DEBUG:    255.000000
DEBUG:    177.000000
DEBUG:    that
DEBUG:    255.000000
DEBUG:    177.000000
DEBUG:    that
DEBUG:    255.000000
DEBUG:    177.000000
DEBUG:    that
DEBUG:    255.000000
DEBUG:    177.000000
DEBUG:    that
DEBUG:    FPS: 34
DEBUG:    255.000000
DEBUG:    177.000000
DEBUG:    that
DEBUG:    255.000000
DEBUG:    177.000000
DEBUG:    that
DEBUG:    255.000000
DEBUG:    177.000000
DEBUG:    that
DEBUG:    255.000000
DEBUG:    177.000000
DEBUG:    that
DEBUG:    255.000000
DEBUG:    177.000000
DEBUG:    that
DEBUG:    255.000000
DEBUG:    177.000000
DEBUG:    that
DEBUG:    255.000000
DEBUG:    177.000000
DEBUG:    that
DEBUG:    255.000000
DEBUG:    177.000000
DEBUG:    that
DEBUG:    255.000000
DEBUG:    177.000000
DEBUG:    that
DEBUG:    255.000000
DEBUG:    177.000000
DEBUG:    that
DEBUG:    255.000000
DEBUG:    177.000000
DEBUG:    that
DEBUG:    255.000000
DEBUG:    177.000000
DEBUG:    that
DEBUG:    255.000000
DEBUG:    177.000000
DEBUG:    that
DEBUG:    255.000000
DEBUG:    177.000000
DEBUG:    that
DEBUG:    255.000000
DEBUG:    177.000000
DEBUG:    that
DEBUG:    255.000000
DEBUG:    177.000000
DEBUG:    that
DEBUG:    255.000000
DEBUG:    177.000000
DEBUG:    that
DEBUG:    255.000000
DEBUG:    177.000000
DEBUG:    that
DEBUG:    255.000000
DEBUG:    177.000000
DEBUG:    that
DEBUG:    255.000000
DEBUG:    177.000000
DEBUG:    that
DEBUG:    255.000000
DEBUG:    177.000000
DEBUG:    that
DEBUG:    255.000000
DEBUG:    177.000000
DEBUG:    that
DEBUG:    255.000000
DEBUG:    177.000000
DEBUG:    that
DEBUG:    255.000000
DEBUG:    177.000000
DEBUG:    that
DEBUG:    255.000000
DEBUG:    111.000000
DEBUG:    that
DEBUG:    255.000000
DEBUG:    56.000000
DEBUG:    that
DEBUG:    255.000000
DEBUG:    10.000000
DEBUG:    that
DEBUG:    255.000000
DEBUG:    11.000000
DEBUG:    that
DEBUG:    255.000000
DEBUG:    12.000000
DEBUG:    that
DEBUG:    255.000000
DEBUG:    13.000000
DEBUG:    that
DEBUG:    255.000000
DEBUG:    14.000000
DEBUG:    that
DEBUG:    255.000000
DEBUG:    15.000000
DEBUG:    that
DEBUG:    255.000000
DEBUG:    16.000000
DEBUG:    that
DEBUG:    255.000000
DEBUG:    17.000000
DEBUG:    that
DEBUG:    255.000000
DEBUG:    18.000000
DEBUG:    that
DEBUG:    255.000000
DEBUG:    19.000000
DEBUG:    that
DEBUG:    255.000000
DEBUG:    20.000000
DEBUG:    that
DEBUG:    255.000000
DEBUG:    21.000000
DEBUG:    that
DEBUG:    255.000000
DEBUG:    22.000000
DEBUG:    that
DEBUG:    255.000000
DEBUG:    23.000000
DEBUG:    that
DEBUG:    255.000000
DEBUG:    24.000000
DEBUG:    that
DEBUG:    255.000000
DEBUG:    25.000000
DEBUG:    that
DEBUG:    255.000000
DEBUG:    26.000000
DEBUG:    that
DEBUG:    255.000000
DEBUG:    27.000000
DEBUG:    that
DEBUG:    255.000000
DEBUG:    28.000000
DEBUG:    that
DEBUG:    255.000000
DEBUG:    29.000000
DEBUG:    that
DEBUG:    255.000000
DEBUG:    30.000000
DEBUG:    that
DEBUG:    255.000000
DEBUG:    31.000000
DEBUG:    that
DEBUG:    255.000000
DEBUG:    32.000000
DEBUG:    that
DEBUG:    255.000000
DEBUG:    33.000000
DEBUG:    that
DEBUG:    255.000000
DEBUG:    34.000000
DEBUG:    that
DEBUG:    255.000000
DEBUG:    35.000000
DEBUG:    that
DEBUG:    255.000000
DEBUG:    36.000000
DEBUG:    that
DEBUG:    255.000000
DEBUG:    37.000000
DEBUG:    that
DEBUG:    255.000000
DEBUG:    38.000000
DEBUG:    that
DEBUG:    255.000000
DEBUG:    39.000000
DEBUG:    that
DEBUG:    255.000000
DEBUG:    40.000000
DEBUG:    that
DEBUG:    255.000000
DEBUG:    41.000000
DEBUG:    that
DEBUG:    255.000000
DEBUG:    42.000000
DEBUG:    that
DEBUG:    255.000000
DEBUG:    43.000000
DEBUG:    that
DEBUG:    255.000000
DEBUG:    44.000000
DEBUG:    that
DEBUG:    255.000000
DEBUG:    45.000000
DEBUG:    that
DEBUG:    255.000000
DEBUG:    46.000000
DEBUG:    that
DEBUG:    255.000000
DEBUG:    47.000000
DEBUG:    that
DEBUG:    255.000000
DEBUG:    48.000000
DEBUG:    that
DEBUG:    255.000000
DEBUG:    49.000000
DEBUG:    that
DEBUG:    255.000000
DEBUG:    50.000000
DEBUG:    that
DEBUG:    255.000000
DEBUG:    51.000000
DEBUG:    that
DEBUG:    255.000000
DEBUG:    52.000000
DEBUG:    that
DEBUG:    255.000000
DEBUG:    53.000000
DEBUG:    that
DEBUG:    255.000000
DEBUG:    54.000000
DEBUG:    that
DEBUG:    255.000000
DEBUG:    55.000000
DEBUG:    that
DEBUG:    255.000000
DEBUG:    56.000000
DEBUG:    that
DEBUG:    255.000000
DEBUG:    57.000000
DEBUG:    that
DEBUG:    255.000000
DEBUG:    58.000000
DEBUG:    that
DEBUG:    255.000000
DEBUG:    59.000000
DEBUG:    that
DEBUG:    255.000000
DEBUG:    60.000000
DEBUG:    that
DEBUG:    255.000000
DEBUG:    61.000000
DEBUG:    that
DEBUG:    255.000000
DEBUG:    62.000000
DEBUG:    that
DEBUG:    255.000000
DEBUG:    63.000000
DEBUG:    that
DEBUG:    255.000000
DEBUG:    64.000000
DEBUG:    that
DEBUG:    255.000000
DEBUG:    65.000000
DEBUG:    that
DEBUG:    255.000000
DEBUG:    66.000000
DEBUG:    that
DEBUG:    255.000000
DEBUG:    67.000000
DEBUG:    that
DEBUG:    255.000000
DEBUG:    68.000000
DEBUG:    that
DEBUG:    255.000000
DEBUG:    69.000000
DEBUG:    that
DEBUG:    255.000000
DEBUG:    70.000000
DEBUG:    that
DEBUG:    255.000000
DEBUG:    71.000000
DEBUG:    that
DEBUG:    255.000000
DEBUG:    72.000000
DEBUG:    that
DEBUG:    255.000000
DEBUG:    73.000000
DEBUG:    that
DEBUG:    255.000000
DEBUG:    74.000000
DEBUG:    that
DEBUG:    255.000000
DEBUG:    75.000000
DEBUG:    that
DEBUG:    255.000000
DEBUG:    76.000000
DEBUG:    that
DEBUG:    255.000000
DEBUG:    77.000000
DEBUG:    that
DEBUG:    255.000000
DEBUG:    78.000000
DEBUG:    that
DEBUG:    255.000000
DEBUG:    79.000000
DEBUG:    that
DEBUG:    255.000000
DEBUG:    80.000000
DEBUG:    that
DEBUG:    255.000000
DEBUG:    81.000000
DEBUG:    that
DEBUG:    255.000000
DEBUG:    82.000000
DEBUG:    that
DEBUG:    255.000000
DEBUG:    83.000000
DEBUG:    that
DEBUG:    FPS: 33
DEBUG:    255.000000
DEBUG:    84.000000
DEBUG:    that
DEBUG:    255.000000
DEBUG:    84.000000
DEBUG:    that
DEBUG:    255.000000
DEBUG:    84.000000
DEBUG:    that
DEBUG:    255.000000
DEBUG:    84.000000
DEBUG:    that
DEBUG:    255.000000
DEBUG:    84.000000
DEBUG:    that
DEBUG:    255.000000
DEBUG:    84.000000
DEBUG:    that
DEBUG:    255.000000
DEBUG:    84.000000
DEBUG:    that
DEBUG:    255.000000
DEBUG:    84.000000
DEBUG:    that
DEBUG:    255.000000
DEBUG:    84.000000
DEBUG:    that
DEBUG:    255.000000
DEBUG:    84.000000
DEBUG:    that
DEBUG:    255.000000
DEBUG:    84.000000
DEBUG:    that
DEBUG:    255.000000
DEBUG:    84.000000
DEBUG:    that
DEBUG:    255.000000
DEBUG:    84.000000
DEBUG:    that
DEBUG:    255.000000
DEBUG:    84.000000
DEBUG:    that
DEBUG:    255.000000
DEBUG:    84.000000
DEBUG:    that
DEBUG:    255.000000
DEBUG:    84.000000
DEBUG:    that
DEBUG:    255.000000
DEBUG:    84.000000
DEBUG:    that
DEBUG:    255.000000
DEBUG:    84.000000
DEBUG:    that
DEBUG:    255.000000
DEBUG:    84.000000
DEBUG:    that
DEBUG:    255.000000
DEBUG:    84.000000
DEBUG:    that
DEBUG:    255.000000
DEBUG:    84.000000
DEBUG:    that
DEBUG:    255.000000
DEBUG:    84.000000
DEBUG:    that
DEBUG:    255.000000
DEBUG:    84.000000
DEBUG:    that
DEBUG:    255.000000
DEBUG:    84.000000
DEBUG:    that
DEBUG:    255.000000
DEBUG:    84.000000
DEBUG:    that
DEBUG:    255.000000
DEBUG:    84.000000
DEBUG:    that
DEBUG:    255.000000
DEBUG:    84.000000
DEBUG:    that
DEBUG:    255.000000
DEBUG:    84.000000
DEBUG:    that
DEBUG:    255.000000
DEBUG:    84.000000
DEBUG:    that
DEBUG:    255.000000
DEBUG:    84.000000
DEBUG:    that
DEBUG:    255.000000
DEBUG:    84.000000
DEBUG:    that
DEBUG:    255.000000
DEBUG:    84.000000
DEBUG:    that
DEBUG:    255.000000
DEBUG:    84.000000
DEBUG:    that
DEBUG:    255.000000
DEBUG:    84.000000
DEBUG:    that
DEBUG:    255.000000
DEBUG:    84.000000
DEBUG:    that
DEBUG:    255.000000
DEBUG:    84.000000
DEBUG:    that
DEBUG:    255.000000
DEBUG:    84.000000
DEBUG:    that
DEBUG:    255.000000
DEBUG:    84.000000
DEBUG:    that
DEBUG:    255.000000
DEBUG:    84.000000
DEBUG:    that
DEBUG:    255.000000
DEBUG:    84.000000
DEBUG:    that
DEBUG:    255.000000
DEBUG:    84.000000
DEBUG:    that
DEBUG:    255.000000
DEBUG:    85.000000
DEBUG:    that
DEBUG:    255.000000
DEBUG:    86.000000
DEBUG:    that
DEBUG:    255.000000
DEBUG:    87.000000
DEBUG:    that
DEBUG:    255.000000
DEBUG:    88.000000
DEBUG:    that
DEBUG:    255.000000
DEBUG:    89.000000
DEBUG:    that
DEBUG:    255.000000
DEBUG:    90.000000
DEBUG:    that
DEBUG:    255.000000
DEBUG:    91.000000
DEBUG:    that
DEBUG:    255.000000
DEBUG:    92.000000
DEBUG:    that
DEBUG:    255.000000
DEBUG:    92.000000
DEBUG:    that
DEBUG:    255.000000
DEBUG:    92.000000
DEBUG:    that
DEBUG:    255.000000
DEBUG:    92.000000
DEBUG:    that
DEBUG:    255.000000
DEBUG:    92.000000
DEBUG:    that
DEBUG:    255.000000
DEBUG:    92.000000
DEBUG:    that
DEBUG:    255.000000
DEBUG:    92.000000
DEBUG:    that
DEBUG:    255.000000
DEBUG:    92.000000
DEBUG:    that
DEBUG:    255.000000
DEBUG:    92.000000
DEBUG:    that
DEBUG:    255.000000
DEBUG:    92.000000
DEBUG:    that
DEBUG:    255.000000
DEBUG:    92.000000
DEBUG:    that
DEBUG:    255.000000
DEBUG:    92.000000
DEBUG:    that
DEBUG:    255.000000
DEBUG:    92.000000
DEBUG:    that
DEBUG:    255.000000
DEBUG:    92.000000
DEBUG:    that
DEBUG:    255.000000
DEBUG:    92.000000
DEBUG:    that
DEBUG:    255.000000
DEBUG:    92.000000
DEBUG:    that
DEBUG:    255.000000
DEBUG:    92.000000
DEBUG:    that
DEBUG:    255.000000
DEBUG:    92.000000
DEBUG:    that
DEBUG:    255.000000
DEBUG:    92.000000
DEBUG:    that
DEBUG:    255.000000
DEBUG:    92.000000
DEBUG:    that
DEBUG:    