DEBUG:    Initializing...
DEBUG:    Initializing Main_Info...
DEBUG:    Found querty option.
DEBUG:    Getting video modes...
DEBUG:    Creating window with resolution of 1366x768...
DEBUG:    Loading images...
DEBUG:    Initializing Status_Menu...
DEBUG:    Starting window render loop...
DEBUG:    Starting window event loop...
INFO:     Initialization Finished
DEBUG:    Set FPS to 30
DEBUG:    360.000000
DEBUG:    360.000000
DEBUG:    360.000000
DEBUG:    360.000000
WARNING:  Render update is behind -26837 microseconds! Current FPS: 17
DEBUG:    360.000000
WARNING:  Render update is behind -49737 microseconds! Current FPS: 12
DEBUG:    360.000000
WARNING:  Render update is behind -18602 microseconds! Current FPS: 19
DEBUG:    360.000000
WARNING:  Render update is behind -6851 microseconds! Current FPS: 25
DEBUG:    360.000000
WARNING:  Render update is behind -6650 microseconds! Current FPS: 25
DEBUG:    360.000000
WARNING:  Render update is behind -5802 microseconds! Current FPS: 26
DEBUG:    360.000000
DEBUG:    360.000000
DEBUG:    360.000000
DEBUG:    360.000000
WARNING:  Render update is behind -2587 microseconds! Current FPS: 28
DEBUG:    360.000000
DEBUG:    360.000000
DEBUG:    360.000000
DEBUG:    360.000000
DEBUG:    360.000000
DEBUG:    360.000000
WARNING:  Render update is behind -6625 microseconds! Current FPS: 25
DEBUG:    360.000000
DEBUG:    360.000000
DEBUG:    360.000000
DEBUG:    360.000000
DEBUG:    360.000000
DEBUG:    359.305542
WARNING:  Render update is behind -1526 microseconds! Current FPS: 29
DEBUG:    358.148163
DEBUG:    356.701385
DEBUG:    355.093872
DEBUG:    353.419403
WARNING:  Render update is behind -6024 microseconds! Current FPS: 25
DEBUG:    351.744904
DEBUG:    350.116913
DEBUG:    348.566467
DEBUG:    347.112915
DEBUG:    345.767029
DEBUG:    344.533325
DEBUG:    343.411743
DEBUG:    342.399231
DEBUG:    341.490540
DEBUG:    340.679230
DEBUG:    339.958069
DEBUG:    339.319519
DEBUG:    338.756104
DEBUG:    338.260498
DEBUG:    337.825775
DEBUG:    337.445374
DEBUG:    337.113281
DEBUG:    336.823975
WARNING:  Render update is behind -15480 microseconds! Current FPS: 20
DEBUG:    336.572388
DEBUG:    336.354004
DEBUG:    336.164734
DEBUG:    336.000946
DEBUG:    335.859406
DEBUG:    336.431671
DEBUG:    337.483765
DEBUG:    338.839844
DEBUG:    340.369324
DEBUG:    341.976776
DEBUG:    343.593689
DEBUG:    345.172302
DEBUG:    346.680420
DEBUG:    348.097717
DEBUG:    349.412567
DEBUG:    350.619781
DEBUG:    351.718658
DEBUG:    352.711823
DEBUG:    353.603943
DEBUG:    354.401154
DEBUG:    355.110291
DEBUG:    355.738586
DEBUG:    356.293274
DEBUG:    356.781433
DEBUG:    357.209839
DEBUG:    357.584839
DEBUG:    357.912354
DEBUG:    358.197784
DEBUG:    358.446045
DEBUG:    359.356079
WARNING:  Render update is behind -2514 microseconds! Current FPS: 28
DEBUG:    1.008545
DEBUG:    3.694641
DEBUG:    7.503876
WARNING:  Render update is behind -8080 microseconds! Current FPS: 24
DEBUG:    12.563232
DEBUG:    19.041351
DEBUG:    27.154205
DEBUG:    37.172211
DEBUG:    49.429291
DEBUG:    64.333984
DEBUG:    82.383148
DEBUG:    104.178436
DEBUG:    130.446335
DEBUG:    162.062439
DEBUG:    200.080627
DEBUG:    230.672333
DEBUG:    256.203461
DEBUG:    277.511078
WARNING:  Render update is behind -1014 microseconds! Current FPS: 29
DEBUG:    295.293854
WARNING:  Render update is behind -660 microseconds! Current FPS: 29
DEBUG:    310.134827
DEBUG:    322.520660
DEBUG:    332.857483
DEBUG:    341.484222
DEBUG:    348.683777
DEBUG:    354.692261
DEBUG:    359.706696
DEBUG:    5.603790
DEBUG:    12.687714
DEBUG:    21.194519
DEBUG:    31.407837
DEBUG:    43.668091
DEBUG:    58.383942
DEBUG:    76.045929
DEBUG:    97.242767
DEBUG:    122.681030
DEBUG:    153.208664
DEBUG:    189.843262
DEBUG:    222.365250
DEBUG:    249.467590
DEBUG:    272.053467
DEBUG:    290.875488
WARNING:  Render update is behind -1360 microseconds! Current FPS: 29
DEBUG:    306.560913
DEBUG:    319.632446
DEBUG:    330.525665
DEBUG:    339.603546
DEBUG:    347.168671
DEBUG:    353.473083
DEBUG:    358.726898
WARNING:  Render update is behind -4424 microseconds! Current FPS: 26
DEBUG:    4.471497
DEBUG:    11.365143
DEBUG:    19.637634
DEBUG:    29.564697
DEBUG:    41.477234
DEBUG:    55.772339
DEBUG:    72.926544
DEBUG:    93.511627
DEBUG:    118.213776
DEBUG:    147.856384
DEBUG:    183.427536
DEBUG:    217.022873
DEBUG:    245.018997
DEBUG:    268.349121
DEBUG:    287.790894
DEBUG:    303.992371
DEBUG:    317.493622
DEBUG:    328.744659
DEBUG:    338.120514
DEBUG:    345.933746
DEBUG:    352.444763
DEBUG:    357.870636
DEBUG:    3.444763
DEBUG:    10.133728
DEBUG:    18.160461
DEBUG:    27.792542
DEBUG:    39.351044
DEBUG:    53.221252
DEBUG:    69.865509
DEBUG:    89.838623
DEBUG:    113.806351
DEBUG:    142.567627
DEBUG:    177.081146
DEBUG:    211.734283
DEBUG:    240.611908
DEBUG:    264.676575
DEBUG:    284.730469
DEBUG:    301.442078
DEBUG:    315.368408
DEBUG:    326.973663
DEBUG:    336.644714
DEBUG:    344.703918
DEBUG:    351.419952
WARNING:  Render update is behind -2957 microseconds! Current FPS: 28
DEBUG:    357.016602
DEBUG:    2.419922
DEBUG:    8.903900
WARNING:  Render update is behind -3118 microseconds! Current FPS: 27
DEBUG:    16.684692
DEBUG:    26.021637
DEBUG:    37.225952
DEBUG:    50.671143
DEBUG:    66.805359
WARNING:  Render update is behind -18147 microseconds! Current FPS: 19
DEBUG:    86.166443
DEBUG:    109.399734
DEBUG:    137.279678
DEBUG:    169.735626
DEBUG:    207.849426
DEBUG:    235.619125
DEBUG:    258.358643
DEBUG:    276.973358
DEBUG:    292.206543
DEBUG:    304.668304
WARNING:  Render update is behind -5144 microseconds! Current FPS: 26
DEBUG:    314.859283
DEBUG:    323.190247
DEBUG:    329.998169
DEBUG:    335.559265
DEBUG:    340.100037
DEBUG:    343.806122
DEBUG:    346.829620
DEBUG:    349.295135
DEBUG:    351.304626
DEBUG:    352.941681
DEBUG:    354.274567
WARNING:  Render update is behind -840 microseconds! Current FPS: 29
DEBUG:    355.359222
DEBUG:    356.241364
DEBUG:    356.958374
DEBUG:    357.540802
DEBUG:    358.013550
DEBUG:    358.397034
DEBUG:    358.707886
DEBUG:    358.959625
DEBUG:    359.163361
DEBUG:    0.032410
DEBUG:    1.902527
DEBUG:    4.836060
DEBUG:    8.930817
DEBUG:    14.323273
DEBUG:    21.193176
DEBUG:    29.769501
DEBUG:    40.338135
WARNING:  Render update is behind -5107 microseconds! Current FPS: 26
DEBUG:    53.251404
DEBUG:    67.939697
DEBUG:    84.892639
DEBUG:    104.675354
WARNING:  Render update is behind -586 microseconds! Current FPS: 29
DEBUG:    127.947235
DEBUG:    155.484024
WARNING:  Render update is behind -713 microseconds! Current FPS: 29
DEBUG:    188.203613
DEBUG:    217.775452
DEBUG:    242.262146
DEBUG:    262.537292
DEBUG:    279.324524
DEBUG:    293.223328
DEBUG:    304.730194
DEBUG:    314.256348
DEBUG:    322.142365
DEBUG:    328.670380
DEBUG:    334.073975
DEBUG:    338.546661
DEBUG:    342.248596
DEBUG:    345.312500
DEBUG:    347.848206
DEBUG:    349.946655
DEBUG:    351.683167
DEBUG:    353.120087
DEBUG:    354.309082
DEBUG:    355.292847
DEBUG:    356.801208
DEBUG:    358.631989
DEBUG:    0.915527
DEBUG:    4.229614
DEBUG:    8.684692
DEBUG:    14.429260
DEBUG:    20.654816
WARNING:  Render update is behind -872 microseconds! Current FPS: 29
DEBUG:    27.568848
DEBUG:    35.401825
DEBUG:    44.414856
DEBUG:    54.908386
DEBUG:    67.232239
DEBUG:    81.797119
DEBUG:    99.088593
DEBUG:    119.683014
DEBUG:    144.266876
DEBUG:    173.659622
DEBUG:    208.841034
DEBUG:    234.294312
DEBUG:    255.462021
DEBUG:    273.065674
DEBUG:    287.705261
DEBUG:    299.879822
WARNING:  Render update is behind -3551 microseconds! Current FPS: 27
DEBUG:    310.004395
DEBUG:    318.424103
DEBUG:    325.425995
WARNING:  Render update is behind -14106 microseconds! Current FPS: 21
DEBUG:    331.248840
DEBUG:    336.091095
DEBUG:    340.117920
DEBUG:    343.466614
DEBUG:    346.251343
DEBUG:    348.567108
DEBUG:    350.492859
DEBUG:    352.094269
DEBUG:    353.425964
DEBUG:    354.533356
WARNING:  Render update is behind -1667 microseconds! Current FPS: 29
DEBUG:    355.454224
DEBUG:    356.220001
DEBUG:    356.856781
DEBUG:    357.386322
DEBUG:    357.826630
DEBUG:    358.192780
DEBUG:    358.497253
DEBUG:    358.750458
DEBUG:    358.960968
DEBUG:    359.830475
DEBUG:    1.632202
DEBUG:    4.488312
DEBUG:    7.494019
DEBUG:    10.749542
DEBUG:    14.363373
DEBUG:    18.455994
DEBUG:    23.163788
DEBUG:    28.643738
DEBUG:    35.078461
DEBUG:    42.682465
DEBUG:    51.709229
DEBUG:    62.459625
DEBUG:    75.292023
DEBUG:    90.634125
DEBUG:    108.997375
DEBUG:    130.993866
DEBUG:    157.356827
DEBUG:    188.965012
DEBUG:    217.550018
WARNING:  Render update is behind -1296 microseconds! Current FPS: 29
DEBUG:    241.357666
DEBUG:    261.186371
DEBUG:    277.701141
DEBUG:    291.455811
DEBUG:    302.911652
DEBUG:    312.452881
DEBUG:    320.399506
DEBUG:    327.018005
DEBUG:    332.530334
DEBUG:    337.121399
DEBUG:    340.945160
DEBUG:    344.129852
DEBUG:    346.782288
DEBUG:    348.991394
DEBUG:    350.831299
DEBUG:    352.363708
DEBUG:    353.639984
DEBUG:    354.702972
DEBUG:    355.588287
DEBUG:    356.325623
DEBUG:    356.939758
DEBUG:    357.451233
DEBUG:    357.877228
DEBUG:    358.232025
DEBUG:    358.527496
DEBUG:    358.773621
DEBUG:    359.673035
DEBUG:    1.441650
DEBUG:    4.258331
DEBUG:    7.216949
WARNING:  Render update is behind -717 microseconds! Current FPS: 29
DEBUG:    10.416138
DEBUG:    13.962524
DEBUG:    17.974335
DEBUG:    22.585297
DEBUG:    27.949097
DEBUG:    34.244537
DEBUG:    41.681458
DEBUG:    50.507782
DEBUG:    61.017670
DEBUG:    73.561493
DEBUG:    88.557343
DEBUG:    106.505127
DEBUG:    128.003082
WARNING:  Render update is behind -794 microseconds! Current FPS: 29
DEBUG:    152.767807
DEBUG:    181.624786
DEBUG:    215.535919
DEBUG:    238.216385
DEBUG:    257.349579
WARNING:  Render update is behind -903 microseconds! Current FPS: 29
DEBUG:    273.487915
DEBUG:    287.098206
DEBUG:    298.574860
DEBUG:    308.251007
DEBUG:    316.408020
DEBUG:    323.283508
DEBUG:    329.078064
DEBUG:    333.960999
WARNING:  Render update is behind -9706 microseconds! Current FPS: 23
DEBUG:    338.075226
DEBUG:    341.541351
DEBUG:    344.461121
DEBUG:    346.920380
DEBUG:    348.991516
DEBUG:    350.735596
DEBUG:    352.204102
DEBUG:    353.440460
DEBUG:    354.481262
DEBUG:    355.357330
DEBUG:    356.094666
DEBUG:    356.715179
DEBUG:    357.237366
DEBUG:    357.676697
DEBUG:    358.046356
DEBUG:    358.357330
DEBUG:    358.618896
DEBUG:    358.838898
DEBUG:    359.023956
DEBUG:    359.874023
DEBUG:    1.673645
DEBUG:    3.529114
DEBUG:    5.502197
DEBUG:    7.658691
DEBUG:    10.070465
DEBUG:    12.817932
DEBUG:    15.992645
DEBUG:    19.700470
DEBUG:    24.064972
DEBUG:    29.231659
DEBUG:    35.372711
DEBUG:    42.692871
DEBUG:    51.436127
DEBUG:    60.893921
DEBUG:    71.381500
DEBUG:    83.248474
DEBUG:    97.890381
DEBUG:    115.795319
DEBUG:    137.560089
DEBUG:    163.910187
DEBUG:    195.723969
DEBUG:    222.542984
DEBUG:    244.985535
DEBUG:    263.765503
DEBUG:    279.480316
DEBUG:    292.630035
DEBUG:    303.633179
WARNING:  Render update is behind -731 microseconds! Current FPS: 29
DEBUG:    312.839996
DEBUG:    320.543610
DEBUG:    326.989380
DEBUG:    332.382538
DEBUG:    336.894958
DEBUG:    340.670380
DEBUG:    343.829132
DEBUG:    346.471924
DEBUG:    348.682953
DEBUG:    350.532745
DEBUG:    352.080322
DEBUG:    353.375000
DEBUG:    354.458130
DEBUG:    355.364227
DEBUG:    356.122253
DEBUG:    356.756348
DEBUG:    357.286804
DEBUG:    357.730560
DEBUG:    358.101746
DEBUG:    358.412262
DEBUG:    358.671967
DEBUG:    359.583679
DEBUG:    1.328857
DEBUG:    3.118317
DEBUG:    5.011749
DEBUG:    7.072235
DEBUG:    9.368439
DEBUG:    11.976929
DEBUG:    14.984650
DEBUG:    18.491852
DEBUG:    22.615479
DEBUG:    27.492920
DEBUG:    33.286804
DEBUG:    40.190247
DEBUG:    48.433380
DEBUG:    58.290955
DEBUG:    70.091553
DEBUG:    84.228546
DEBUG:    101.173157
DEBUG:    121.490189
DEBUG:    121.547424
DEBUG:    121.604660
DEBUG:    121.661896
DEBUG:    121.719131
DEBUG:    121.776367
INFO:     Cleaning up...
