DEBUG:    Initializing...
DEBUG:    Initializing Main_Info...
DEBUG:    Found querty option.
DEBUG:    Getting video modes...
DEBUG:    Creating window with resolution of 1366x768...
DEBUG:    Loading images...
DEBUG:    Initializing Status_Menu...
DEBUG:    Starting window render loop...
DEBUG:    Starting window event loop...
INFO:     Initialization Finished
DEBUG:    Set FPS to 30
WARNING:  Render update is behind -14602 microseconds! Current FPS: 21
WARNING:  Render update is behind -3770 microseconds! Current FPS: 27
WARNING:  Render update is behind -14457 microseconds! Current FPS: 21
WARNING:  Render update is behind -21908 microseconds! Current FPS: 18
WARNING:  Render update is behind -2923 microseconds! Current FPS: 28
WARNING:  Render update is behind -3713 microseconds! Current FPS: 27
WARNING:  Render update is behind -2171 microseconds! Current FPS: 28
WARNING:  Render update is behind -2107 microseconds! Current FPS: 28
INFO:     Cleaning up...
