DEBUG:    Initializing...
DEBUG:    Getting video modes...
DEBUG:    Creating window with resolution of 1366x768...
DEBUG:    Loading images...
DEBUG:    Initializing Status_Menu...
DEBUG:    Starting window render loop...
DEBUG:    Starting window event loop...
INFO:     Initialization Finished
DEBUG:    Set FPS to 30
DEBUG:    1737.000000
WARNING:  Render update is behind -10269 microseconds! Current FPS: 23
DEBUG:    2791.000000
WARNING:  Render update is behind -23400 microseconds! Current FPS: 18
DEBUG:    2821.000000
WARNING:  Render update is behind -16237 microseconds! Current FPS: 20
DEBUG:    2851.000000
WARNING:  Render update is behind -7143 microseconds! Current FPS: 25
DEBUG:    2881.000000
DEBUG:    2911.000000
DEBUG:    2941.000000
DEBUG:    2971.000000
DEBUG:    3001.000000
DEBUG:    3031.000000
DEBUG:    3061.000000
DEBUG:    3091.000000
DEBUG:    3121.000000
DEBUG:    3151.000000
DEBUG:    3181.000000
DEBUG:    3211.000000
DEBUG:    3241.000000
DEBUG:    3271.000000
DEBUG:    3301.000000
WARNING:  Render update is behind -3306 microseconds! Current FPS: 27
DEBUG:    3331.000000
DEBUG:    3361.000000
DEBUG:    3391.000000
DEBUG:    2397.000000
DEBUG:    2427.000000
DEBUG:    2457.000000
DEBUG:    2487.000000
DEBUG:    2517.000000
DEBUG:    2547.000000
DEBUG:    2577.000000
DEBUG:    2607.000000
DEBUG:    2637.000000
DEBUG:    2667.000000
DEBUG:    2697.000000
DEBUG:    2727.000000
DEBUG:    2757.000000
DEBUG:    2787.000000
DEBUG:    2817.000000
DEBUG:    2847.000000
DEBUG:    2877.000000
DEBUG:    2907.000000
DEBUG:    2937.000000
DEBUG:    2967.000000
DEBUG:    2997.000000
DEBUG:    3027.000000
DEBUG:    3057.000000
DEBUG:    3087.000000
DEBUG:    3117.000000
DEBUG:    3147.000000
DEBUG:    3177.000000
DEBUG:    3207.000000
DEBUG:    3237.000000
DEBUG:    3267.000000
DEBUG:    3297.000000
DEBUG:    3327.000000
DEBUG:    3357.000000
DEBUG:    3387.000000
DEBUG:    2393.000000
DEBUG:    2423.000000
DEBUG:    2453.000000
DEBUG:    2483.000000
DEBUG:    2513.000000
DEBUG:    2543.000000
DEBUG:    2573.000000
DEBUG:    2603.000000
DEBUG:    2633.000000
DEBUG:    2663.000000
DEBUG:    2693.000000
DEBUG:    2723.000000
DEBUG:    2753.000000
DEBUG:    2783.000000
DEBUG:    2813.000000
WARNING:  Render update is behind -3892 microseconds! Current FPS: 27
DEBUG:    2843.000000
DEBUG:    2873.000000
DEBUG:    2903.000000
DEBUG:    2933.000000
DEBUG:    2963.000000
DEBUG:    2993.000000
DEBUG:    3023.000000
DEBUG:    3053.000000
DEBUG:    3083.000000
DEBUG:    3113.000000
DEBUG:    3143.000000
DEBUG:    3173.000000
DEBUG:    3203.000000
DEBUG:    3233.000000
DEBUG:    3263.000000
DEBUG:    3293.000000
DEBUG:    3323.000000
DEBUG:    3353.000000
DEBUG:    3383.000000
DEBUG:    3413.000000
DEBUG:    2419.000000
DEBUG:    2449.000000
DEBUG:    2479.000000
DEBUG:    2509.000000
DEBUG:    2539.000000
DEBUG:    2569.000000
DEBUG:    2599.000000
DEBUG:    2629.000000
DEBUG:    2659.000000
DEBUG:    2689.000000
DEBUG:    2719.000000
DEBUG:    2749.000000
DEBUG:    2779.000000
DEBUG:    2809.000000
DEBUG:    2839.000000
DEBUG:    2869.000000
DEBUG:    2899.000000
DEBUG:    2929.000000
DEBUG:    2959.000000
DEBUG:    2989.000000
DEBUG:    3019.000000
DEBUG:    3049.000000
DEBUG:    3079.000000
DEBUG:    3109.000000
DEBUG:    3139.000000
DEBUG:    3169.000000
DEBUG:    3199.000000
DEBUG:    3229.000000
DEBUG:    3259.000000
DEBUG:    3289.000000
DEBUG:    3319.000000
DEBUG:    3349.000000
DEBUG:    3379.000000
DEBUG:    3409.000000
DEBUG:    2415.000000
DEBUG:    2445.000000
DEBUG:    2475.000000
DEBUG:    2505.000000
DEBUG:    2535.000000
DEBUG:    2565.000000
DEBUG:    2595.000000
DEBUG:    2625.000000
DEBUG:    2655.000000
DEBUG:    2685.000000
DEBUG:    2715.000000
DEBUG:    2745.000000
DEBUG:    2775.000000
DEBUG:    2805.000000
DEBUG:    2835.000000
DEBUG:    2865.000000
DEBUG:    2895.000000
DEBUG:    2925.000000
DEBUG:    2955.000000
DEBUG:    2985.000000
DEBUG:    3015.000000
DEBUG:    3045.000000
DEBUG:    3075.000000
DEBUG:    3105.000000
DEBUG:    3135.000000
DEBUG:    3165.000000
DEBUG:    3195.000000
DEBUG:    3225.000000
DEBUG:    3255.000000
DEBUG:    3285.000000
DEBUG:    3315.000000
DEBUG:    3345.000000
DEBUG:    3375.000000
DEBUG:    3405.000000
DEBUG:    2411.000000
DEBUG:    2441.000000
DEBUG:    2471.000000
DEBUG:    2501.000000
DEBUG:    2531.000000
DEBUG:    2561.000000
DEBUG:    2591.000000
DEBUG:    2621.000000
DEBUG:    2651.000000
DEBUG:    2681.000000
DEBUG:    2711.000000
DEBUG:    2741.000000
DEBUG:    2771.000000
DEBUG:    2801.000000
DEBUG:    2831.000000
DEBUG:    2861.000000
DEBUG:    2891.000000
DEBUG:    2921.000000
DEBUG:    2951.000000
DEBUG:    2981.000000
DEBUG:    3011.000000
DEBUG:    3041.000000
DEBUG:    3071.000000
DEBUG:    3101.000000
DEBUG:    3131.000000
DEBUG:    3161.000000
DEBUG:    3191.000000
DEBUG:    3221.000000
DEBUG:    3251.000000
DEBUG:    3281.000000
DEBUG:    3311.000000
DEBUG:    3341.000000
DEBUG:    3371.000000
DEBUG:    3401.000000
DEBUG:    2407.000000
DEBUG:    2437.000000
DEBUG:    2467.000000
DEBUG:    2497.000000
DEBUG:    2527.000000
DEBUG:    2557.000000
DEBUG:    2587.000000
DEBUG:    2617.000000
DEBUG:    2647.000000
DEBUG:    2677.000000
DEBUG:    2707.000000
DEBUG:    2737.000000
DEBUG:    2767.000000
DEBUG:    2797.000000
DEBUG:    2827.000000
DEBUG:    2857.000000
DEBUG:    2887.000000
DEBUG:    2917.000000
DEBUG:    2947.000000
DEBUG:    2977.000000
DEBUG:    3007.000000
DEBUG:    3037.000000
DEBUG:    3067.000000
DEBUG:    3097.000000
DEBUG:    3127.000000
DEBUG:    3157.000000
DEBUG:    3187.000000
DEBUG:    3217.000000
DEBUG:    3247.000000
DEBUG:    3277.000000
DEBUG:    3307.000000
DEBUG:    3337.000000
DEBUG:    3367.000000
DEBUG:    3397.000000
DEBUG:    2403.000000
DEBUG:    2433.000000
DEBUG:    2463.000000
DEBUG:    2493.000000
DEBUG:    2523.000000
DEBUG:    2553.000000
DEBUG:    2583.000000
DEBUG:    2613.000000
DEBUG:    2643.000000
DEBUG:    2673.000000
DEBUG:    2703.000000
DEBUG:    2733.000000
DEBUG:    2763.000000
DEBUG:    2793.000000
INFO:     Cleaning up...
